[0.015s] Invoking command in '/home/fizzer/ros2_ws/build/tutorial_interfaces': CMAKE_PREFIX_PATH=/opt/ros/foxy /usr/bin/cmake /home/fizzer/ros2_ws/src/tutorial_interfaces -DCMAKE_INSTALL_PREFIX=/home/fizzer/ros2_ws/install/tutorial_interfaces
[0.036s] -- Found ament_cmake: 0.9.8 (/opt/ros/foxy/share/ament_cmake/cmake)
[0.066s] -- Using PYTHON_EXECUTABLE: /usr/bin/python3
[0.299s] -- Found ament_lint_auto: 0.9.6 (/opt/ros/foxy/share/ament_lint_auto/cmake)
[0.388s] -- Added test 'copyright' to check source files copyright and LICENSE
[0.391s] -- Added test 'lint_cmake' to check CMake code style
[0.392s] -- Added test 'xmllint' to check XML markup files
[0.393s] -- Found rosidl_default_generators: 1.0.1 (/opt/ros/foxy/share/rosidl_default_generators/cmake)
[0.396s] -- Using all available rosidl_typesupport_c: rosidl_typesupport_fastrtps_c;rosidl_typesupport_introspection_c
[0.400s] -- Found rosidl_adapter: 1.2.1 (/opt/ros/foxy/share/rosidl_adapter/cmake)
[0.574s] -- Using all available rosidl_typesupport_cpp: rosidl_typesupport_fastrtps_cpp;rosidl_typesupport_introspection_cpp
[0.604s] CMake Error at /opt/ros/foxy/share/rosidl_cmake/cmake/rosidl_generate_interfaces.cmake:64 (message):
[0.604s]   rosidl_generate_interfaces() must be called before ament_package()
[0.604s] Call Stack (most recent call first):
[0.604s]   CMakeLists.txt:39 (rosidl_generate_interfaces)
[0.605s] 
[0.605s] 
[0.606s] -- Configuring incomplete, errors occurred!
[0.606s] See also "/home/fizzer/ros2_ws/build/tutorial_interfaces/CMakeFiles/CMakeOutput.log".
[0.613s] Invoked command in '/home/fizzer/ros2_ws/build/tutorial_interfaces' returned '1': CMAKE_PREFIX_PATH=/opt/ros/foxy /usr/bin/cmake /home/fizzer/ros2_ws/src/tutorial_interfaces -DCMAKE_INSTALL_PREFIX=/home/fizzer/ros2_ws/install/tutorial_interfaces
