[0.345s] Invoking command in '/home/fizzer/ros2_ws/src/keyDrive': PYTHONPATH=/home/fizzer/ros2_ws/install/keyDrive/lib/python3.8/site-packages:${PYTHONPATH} /usr/bin/python3 setup.py egg_info --egg-base ../../build/keyDrive build --build-base /home/fizzer/ros2_ws/build/keyDrive/build install --prefix /home/fizzer/ros2_ws/install/keyDrive --record /home/fizzer/ros2_ws/build/keyDrive/install.log --single-version-externally-managed
[0.650s] running egg_info
[0.650s] writing ../../build/keyDrive/keyDrive.egg-info/PKG-INFO
[0.651s] writing dependency_links to ../../build/keyDrive/keyDrive.egg-info/dependency_links.txt
[0.651s] writing entry points to ../../build/keyDrive/keyDrive.egg-info/entry_points.txt
[0.651s] writing requirements to ../../build/keyDrive/keyDrive.egg-info/requires.txt
[0.651s] writing top-level names to ../../build/keyDrive/keyDrive.egg-info/top_level.txt
[0.696s] reading manifest file '../../build/keyDrive/keyDrive.egg-info/SOURCES.txt'
[0.697s] writing manifest file '../../build/keyDrive/keyDrive.egg-info/SOURCES.txt'
[0.698s] running build
[0.698s] running build_py
[0.698s] copying keyDrive/Velocity_Subscribe_Drive.py -> /home/fizzer/ros2_ws/build/keyDrive/build/lib/keyDrive
[0.698s] running install
[0.699s] running install_lib
[0.700s] copying /home/fizzer/ros2_ws/build/keyDrive/build/lib/keyDrive/Velocity_Subscribe_Drive.py -> /home/fizzer/ros2_ws/install/keyDrive/lib/python3.8/site-packages/keyDrive
[0.701s] byte-compiling /home/fizzer/ros2_ws/install/keyDrive/lib/python3.8/site-packages/keyDrive/Velocity_Subscribe_Drive.py to Velocity_Subscribe_Drive.cpython-38.pyc
[0.704s] running install_data
[0.706s] running install_egg_info
[0.707s] removing '/home/fizzer/ros2_ws/install/keyDrive/lib/python3.8/site-packages/keyDrive-0.0.0-py3.8.egg-info' (and everything under it)
[0.707s] Copying ../../build/keyDrive/keyDrive.egg-info to /home/fizzer/ros2_ws/install/keyDrive/lib/python3.8/site-packages/keyDrive-0.0.0-py3.8.egg-info
[0.708s] running install_scripts
[0.732s] Installing node1 script to /home/fizzer/ros2_ws/install/keyDrive/lib/keyDrive
[0.732s] Installing node2 script to /home/fizzer/ros2_ws/install/keyDrive/lib/keyDrive
[0.732s] Installing node3 script to /home/fizzer/ros2_ws/install/keyDrive/lib/keyDrive
[0.732s] writing list of installed files to '/home/fizzer/ros2_ws/build/keyDrive/install.log'
[0.764s] Invoked command in '/home/fizzer/ros2_ws/src/keyDrive' returned '0': PYTHONPATH=/home/fizzer/ros2_ws/install/keyDrive/lib/python3.8/site-packages:${PYTHONPATH} /usr/bin/python3 setup.py egg_info --egg-base ../../build/keyDrive build --build-base /home/fizzer/ros2_ws/build/keyDrive/build install --prefix /home/fizzer/ros2_ws/install/keyDrive --record /home/fizzer/ros2_ws/build/keyDrive/install.log --single-version-externally-managed
