[0.593s] Invoking command in '/home/fizzer/ros2_ws/src/keyDrive': PYTHONPATH=/home/fizzer/ros2_ws/install/keyDrive/lib/python3.8/site-packages:${PYTHONPATH} /usr/bin/python3 setup.py egg_info --egg-base ../../build/keyDrive build --build-base /home/fizzer/ros2_ws/build/keyDrive/build install --prefix /home/fizzer/ros2_ws/install/keyDrive --record /home/fizzer/ros2_ws/build/keyDrive/install.log --single-version-externally-managed
[1.056s] running egg_info
[1.057s] writing ../../build/keyDrive/keyDrive.egg-info/PKG-INFO
[1.076s] writing dependency_links to ../../build/keyDrive/keyDrive.egg-info/dependency_links.txt
[1.076s] writing entry points to ../../build/keyDrive/keyDrive.egg-info/entry_points.txt
[1.076s] writing requirements to ../../build/keyDrive/keyDrive.egg-info/requires.txt
[1.076s] writing top-level names to ../../build/keyDrive/keyDrive.egg-info/top_level.txt
[1.250s] reading manifest file '../../build/keyDrive/keyDrive.egg-info/SOURCES.txt'
[1.263s] writing manifest file '../../build/keyDrive/keyDrive.egg-info/SOURCES.txt'
[1.264s] running build
[1.264s] running build_py
[1.286s] copying keyDrive/Velocity_Subscribe_Drive.py -> /home/fizzer/ros2_ws/build/keyDrive/build/lib/keyDrive
[1.287s] running install
[1.301s] running install_lib
[1.321s] copying /home/fizzer/ros2_ws/build/keyDrive/build/lib/keyDrive/Velocity_Subscribe_Drive.py -> /home/fizzer/ros2_ws/install/keyDrive/lib/python3.8/site-packages/keyDrive
[1.323s] byte-compiling /home/fizzer/ros2_ws/install/keyDrive/lib/python3.8/site-packages/keyDrive/Velocity_Subscribe_Drive.py to Velocity_Subscribe_Drive.cpython-38.pyc
[1.325s] running install_data
[1.332s] running install_egg_info
[1.335s] removing '/home/fizzer/ros2_ws/install/keyDrive/lib/python3.8/site-packages/keyDrive-0.0.0-py3.8.egg-info' (and everything under it)
[1.335s] Copying ../../build/keyDrive/keyDrive.egg-info to /home/fizzer/ros2_ws/install/keyDrive/lib/python3.8/site-packages/keyDrive-0.0.0-py3.8.egg-info
[1.356s] running install_scripts
[1.382s] Installing node1 script to /home/fizzer/ros2_ws/install/keyDrive/lib/keyDrive
[1.382s] Installing node2 script to /home/fizzer/ros2_ws/install/keyDrive/lib/keyDrive
[1.382s] writing list of installed files to '/home/fizzer/ros2_ws/build/keyDrive/install.log'
[1.414s] Invoked command in '/home/fizzer/ros2_ws/src/keyDrive' returned '0': PYTHONPATH=/home/fizzer/ros2_ws/install/keyDrive/lib/python3.8/site-packages:${PYTHONPATH} /usr/bin/python3 setup.py egg_info --egg-base ../../build/keyDrive build --build-base /home/fizzer/ros2_ws/build/keyDrive/build install --prefix /home/fizzer/ros2_ws/install/keyDrive --record /home/fizzer/ros2_ws/build/keyDrive/install.log --single-version-externally-managed
