[0.351s] Invoking command in '/home/fizzer/ros2_ws/src/keyDrive': PYTHONPATH=/home/fizzer/ros2_ws/install/keyDrive/lib/python3.8/site-packages:${PYTHONPATH} /usr/bin/python3 setup.py egg_info --egg-base ../../build/keyDrive build --build-base /home/fizzer/ros2_ws/build/keyDrive/build install --prefix /home/fizzer/ros2_ws/install/keyDrive --record /home/fizzer/ros2_ws/build/keyDrive/install.log --single-version-externally-managed
[0.642s] running egg_info
[0.643s] writing ../../build/keyDrive/keyDrive.egg-info/PKG-INFO
[0.643s] writing dependency_links to ../../build/keyDrive/keyDrive.egg-info/dependency_links.txt
[0.644s] writing entry points to ../../build/keyDrive/keyDrive.egg-info/entry_points.txt
[0.644s] writing requirements to ../../build/keyDrive/keyDrive.egg-info/requires.txt
[0.644s] writing top-level names to ../../build/keyDrive/keyDrive.egg-info/top_level.txt
[0.690s] reading manifest file '../../build/keyDrive/keyDrive.egg-info/SOURCES.txt'
[0.692s] writing manifest file '../../build/keyDrive/keyDrive.egg-info/SOURCES.txt'
[0.692s] running build
[0.692s] running build_py
[0.692s] copying keyDrive/Velocity_Subscribe_Drive.py -> /home/fizzer/ros2_ws/build/keyDrive/build/lib/keyDrive
[0.693s] running install
[0.694s] running install_lib
[0.696s] copying /home/fizzer/ros2_ws/build/keyDrive/build/lib/keyDrive/Velocity_Subscribe_Drive.py -> /home/fizzer/ros2_ws/install/keyDrive/lib/python3.8/site-packages/keyDrive
[0.697s] byte-compiling /home/fizzer/ros2_ws/install/keyDrive/lib/python3.8/site-packages/keyDrive/Velocity_Subscribe_Drive.py to Velocity_Subscribe_Drive.cpython-38.pyc
[0.699s] running install_data
[0.700s] running install_egg_info
[0.702s] removing '/home/fizzer/ros2_ws/install/keyDrive/lib/python3.8/site-packages/keyDrive-0.0.0-py3.8.egg-info' (and everything under it)
[0.702s] Copying ../../build/keyDrive/keyDrive.egg-info to /home/fizzer/ros2_ws/install/keyDrive/lib/python3.8/site-packages/keyDrive-0.0.0-py3.8.egg-info
[0.703s] running install_scripts
[0.726s] Installing node1 script to /home/fizzer/ros2_ws/install/keyDrive/lib/keyDrive
[0.726s] Installing node2 script to /home/fizzer/ros2_ws/install/keyDrive/lib/keyDrive
[0.727s] Installing node3 script to /home/fizzer/ros2_ws/install/keyDrive/lib/keyDrive
[0.727s] writing list of installed files to '/home/fizzer/ros2_ws/build/keyDrive/install.log'
[0.757s] Invoked command in '/home/fizzer/ros2_ws/src/keyDrive' returned '0': PYTHONPATH=/home/fizzer/ros2_ws/install/keyDrive/lib/python3.8/site-packages:${PYTHONPATH} /usr/bin/python3 setup.py egg_info --egg-base ../../build/keyDrive build --build-base /home/fizzer/ros2_ws/build/keyDrive/build install --prefix /home/fizzer/ros2_ws/install/keyDrive --record /home/fizzer/ros2_ws/build/keyDrive/install.log --single-version-externally-managed
