[0.016s] Invoking command in '/home/fizzer/ros2_ws/build/tutorial_interfaces': CMAKE_PREFIX_PATH=/opt/ros/foxy /usr/bin/cmake /home/fizzer/ros2_ws/src/tutorial_interfaces -DCMAKE_INSTALL_PREFIX=/home/fizzer/ros2_ws/install/tutorial_interfaces
[0.037s] -- Found ament_cmake: 0.9.8 (/opt/ros/foxy/share/ament_cmake/cmake)
[0.066s] -- Using PYTHON_EXECUTABLE: /usr/bin/python3
[0.303s] -- Found ament_lint_auto: 0.9.6 (/opt/ros/foxy/share/ament_lint_auto/cmake)
[0.389s] -- Added test 'copyright' to check source files copyright and LICENSE
[0.392s] -- Added test 'lint_cmake' to check CMake code style
[0.393s] -- Added test 'xmllint' to check XML markup files
[0.424s] -- Found geometry_msgs: 2.0.4 (/opt/ros/foxy/share/geometry_msgs/cmake)
[0.514s] -- Using all available rosidl_typesupport_c: rosidl_typesupport_fastrtps_c;rosidl_typesupport_introspection_c
[0.519s] -- Found rosidl_adapter: 1.2.1 (/opt/ros/foxy/share/rosidl_adapter/cmake)
[0.663s] -- Using all available rosidl_typesupport_cpp: rosidl_typesupport_fastrtps_cpp;rosidl_typesupport_introspection_cpp
[0.794s] -- Found rosidl_default_generators: 1.0.1 (/opt/ros/foxy/share/rosidl_default_generators/cmake)
[0.806s] CMake Error at /opt/ros/foxy/share/rosidl_cmake/cmake/rosidl_generate_interfaces.cmake:64 (message):
[0.806s]   rosidl_generate_interfaces() must be called before ament_package()
[0.806s] Call Stack (most recent call first):
[0.807s]   CMakeLists.txt:41 (rosidl_generate_interfaces)
[0.807s] 
[0.807s] 
[0.809s] -- Configuring incomplete, errors occurred!
[0.809s] See also "/home/fizzer/ros2_ws/build/tutorial_interfaces/CMakeFiles/CMakeOutput.log".
[0.817s] Invoked command in '/home/fizzer/ros2_ws/build/tutorial_interfaces' returned '1': CMAKE_PREFIX_PATH=/opt/ros/foxy /usr/bin/cmake /home/fizzer/ros2_ws/src/tutorial_interfaces -DCMAKE_INSTALL_PREFIX=/home/fizzer/ros2_ws/install/tutorial_interfaces
