[0.338s] Invoking command in '/home/fizzer/ros2_ws/src/keyDrive': PYTHONPATH=/home/fizzer/ros2_ws/install/keyDrive/lib/python3.8/site-packages:${PYTHONPATH} /usr/bin/python3 setup.py egg_info --egg-base ../../build/keyDrive build --build-base /home/fizzer/ros2_ws/build/keyDrive/build install --prefix /home/fizzer/ros2_ws/install/keyDrive --record /home/fizzer/ros2_ws/build/keyDrive/install.log --single-version-externally-managed
[0.616s] running egg_info
[0.616s] writing ../../build/keyDrive/keyDrive.egg-info/PKG-INFO
[0.617s] writing dependency_links to ../../build/keyDrive/keyDrive.egg-info/dependency_links.txt
[0.617s] writing entry points to ../../build/keyDrive/keyDrive.egg-info/entry_points.txt
[0.617s] writing requirements to ../../build/keyDrive/keyDrive.egg-info/requires.txt
[0.617s] writing top-level names to ../../build/keyDrive/keyDrive.egg-info/top_level.txt
[0.659s] reading manifest file '../../build/keyDrive/keyDrive.egg-info/SOURCES.txt'
[0.660s] writing manifest file '../../build/keyDrive/keyDrive.egg-info/SOURCES.txt'
[0.660s] running build
[0.660s] running build_py
[0.660s] copying keyDrive/Velocity_Subscribe_Drive.py -> /home/fizzer/ros2_ws/build/keyDrive/build/lib/keyDrive
[0.660s] running install
[0.661s] running install_lib
[0.663s] copying /home/fizzer/ros2_ws/build/keyDrive/build/lib/keyDrive/Velocity_Subscribe_Drive.py -> /home/fizzer/ros2_ws/install/keyDrive/lib/python3.8/site-packages/keyDrive
[0.663s] byte-compiling /home/fizzer/ros2_ws/install/keyDrive/lib/python3.8/site-packages/keyDrive/Velocity_Subscribe_Drive.py to Velocity_Subscribe_Drive.cpython-38.pyc
[0.665s] running install_data
[0.666s] running install_egg_info
[0.668s] removing '/home/fizzer/ros2_ws/install/keyDrive/lib/python3.8/site-packages/keyDrive-0.0.0-py3.8.egg-info' (and everything under it)
[0.669s] Copying ../../build/keyDrive/keyDrive.egg-info to /home/fizzer/ros2_ws/install/keyDrive/lib/python3.8/site-packages/keyDrive-0.0.0-py3.8.egg-info
[0.670s] running install_scripts
[0.693s] Installing node1 script to /home/fizzer/ros2_ws/install/keyDrive/lib/keyDrive
[0.694s] Installing node2 script to /home/fizzer/ros2_ws/install/keyDrive/lib/keyDrive
[0.694s] writing list of installed files to '/home/fizzer/ros2_ws/build/keyDrive/install.log'
[0.726s] Invoked command in '/home/fizzer/ros2_ws/src/keyDrive' returned '0': PYTHONPATH=/home/fizzer/ros2_ws/install/keyDrive/lib/python3.8/site-packages:${PYTHONPATH} /usr/bin/python3 setup.py egg_info --egg-base ../../build/keyDrive build --build-base /home/fizzer/ros2_ws/build/keyDrive/build install --prefix /home/fizzer/ros2_ws/install/keyDrive --record /home/fizzer/ros2_ws/build/keyDrive/install.log --single-version-externally-managed
