[1.244s] Invoking command in '/home/fizzer/ros2_ws/src/my_package': PYTHONPATH=/home/fizzer/ros2_ws/install/my_package/lib/python3.8/site-packages:${PYTHONPATH} /usr/bin/python3 setup.py egg_info --egg-base ../../build/my_package build --build-base /home/fizzer/ros2_ws/build/my_package/build install --prefix /home/fizzer/ros2_ws/install/my_package --record /home/fizzer/ros2_ws/build/my_package/install.log --single-version-externally-managed
[1.745s] running egg_info
[1.748s] writing ../../build/my_package/my_package.egg-info/PKG-INFO
[1.749s] writing dependency_links to ../../build/my_package/my_package.egg-info/dependency_links.txt
[1.750s] writing entry points to ../../build/my_package/my_package.egg-info/entry_points.txt
[1.750s] writing requirements to ../../build/my_package/my_package.egg-info/requires.txt
[1.751s] writing top-level names to ../../build/my_package/my_package.egg-info/top_level.txt
[1.842s] reading manifest file '../../build/my_package/my_package.egg-info/SOURCES.txt'
[1.845s] writing manifest file '../../build/my_package/my_package.egg-info/SOURCES.txt'
[1.845s] running build
[1.846s] running build_py
[1.848s] running install
[1.850s] running install_lib
[1.855s] running install_data
[1.857s] running install_egg_info
[1.861s] removing '/home/fizzer/ros2_ws/install/my_package/lib/python3.8/site-packages/my_package-0.0.0-py3.8.egg-info' (and everything under it)
[1.862s] Copying ../../build/my_package/my_package.egg-info to /home/fizzer/ros2_ws/install/my_package/lib/python3.8/site-packages/my_package-0.0.0-py3.8.egg-info
[1.865s] running install_scripts
[1.919s] Installing listen script to /home/fizzer/ros2_ws/install/my_package/lib/my_package
[1.919s] Installing listen2 script to /home/fizzer/ros2_ws/install/my_package/lib/my_package
[1.920s] Installing my_node script to /home/fizzer/ros2_ws/install/my_package/lib/my_package
[1.920s] Installing talk script to /home/fizzer/ros2_ws/install/my_package/lib/my_package
[1.920s] Installing talk2 script to /home/fizzer/ros2_ws/install/my_package/lib/my_package
[1.921s] writing list of installed files to '/home/fizzer/ros2_ws/build/my_package/install.log'
[1.981s] Invoked command in '/home/fizzer/ros2_ws/src/my_package' returned '0': PYTHONPATH=/home/fizzer/ros2_ws/install/my_package/lib/python3.8/site-packages:${PYTHONPATH} /usr/bin/python3 setup.py egg_info --egg-base ../../build/my_package build --build-base /home/fizzer/ros2_ws/build/my_package/build install --prefix /home/fizzer/ros2_ws/install/my_package --record /home/fizzer/ros2_ws/build/my_package/install.log --single-version-externally-managed
