[0.068s] Invoking command in '/home/fizzer/ros2_ws/build/vector': CMAKE_PREFIX_PATH=/opt/ros/foxy /usr/bin/cmake --build /home/fizzer/ros2_ws/build/vector -- -j4 -l4
[0.165s] [  2%] Built target vector__cpp
[0.173s] [ 12%] Built target vector__rosidl_generator_c
[0.218s] [ 23%] Built target vector__rosidl_typesupport_introspection_cpp
[0.219s] [ 33%] Built target vector__rosidl_typesupport_fastrtps_cpp
[0.224s] [ 43%] Built target vector__rosidl_typesupport_cpp
[0.240s] [ 53%] Built target vector__rosidl_typesupport_introspection_c
[0.260s] [ 64%] Built target vector__rosidl_typesupport_c
[0.265s] [ 74%] Built target vector__rosidl_typesupport_fastrtps_c
[0.297s] [ 74%] Built target vector
[0.341s] [ 76%] Built target vector__py
[0.378s] [ 84%] Built target vector__python
[0.426s] [100%] Built target vector__rosidl_typesupport_introspection_c__pyext
[0.426s] [100%] Built target vector__rosidl_typesupport_c__pyext
[0.427s] [100%] Built target vector__rosidl_typesupport_fastrtps_c__pyext
[0.442s] Invoked command in '/home/fizzer/ros2_ws/build/vector' returned '0': CMAKE_PREFIX_PATH=/opt/ros/foxy /usr/bin/cmake --build /home/fizzer/ros2_ws/build/vector -- -j4 -l4
[0.537s] Invoking command in '/home/fizzer/ros2_ws/build/vector': CMAKE_PREFIX_PATH=/opt/ros/foxy /usr/bin/cmake --install /home/fizzer/ros2_ws/build/vector
[0.547s] -- Install configuration: ""
[0.547s] -- Up-to-date: /home/fizzer/ros2_ws/install/vector/share/vector/environment/pythonpath.sh
[0.547s] -- Up-to-date: /home/fizzer/ros2_ws/install/vector/share/vector/environment/pythonpath.dsv
[0.547s] -- Up-to-date: /home/fizzer/ros2_ws/install/vector/lib/python3.8/site-packages/vector
[0.547s] -- Installing: /home/fizzer/ros2_ws/install/vector/lib/python3.8/site-packages/vector/__init__.py
[0.548s] -- Up-to-date: /home/fizzer/ros2_ws/install/vector/lib/python3.8/site-packages/vector/cube_find.py
[0.548s] -- Up-to-date: /home/fizzer/ros2_ws/install/vector/lib/python3.8/site-packages/vector/line_follow.py
[0.548s] -- Up-to-date: /home/fizzer/ros2_ws/install/vector/lib/python3.8/site-packages/vector/client_bombard.py
[0.548s] -- Installing: /home/fizzer/ros2_ws/install/vector/lib/python3.8/site-packages/vector/laser_mapping.py
[0.548s] -- Up-to-date: /home/fizzer/ros2_ws/install/vector/lib/python3.8/site-packages/vector/client_connect.py
[0.548s] -- Up-to-date: /home/fizzer/ros2_ws/install/vector/lib/python3.8/site-packages/vector/vector_interface.py
[0.548s] -- Up-to-date: /home/fizzer/ros2_ws/install/vector/lib/python3.8/site-packages/vector/client_test.py
[0.548s] -- Up-to-date: /home/fizzer/ros2_ws/install/vector/lib/python3.8/site-packages/vector/client_wheel_pub.py
[0.596s] Listing '/home/fizzer/ros2_ws/install/vector/lib/python3.8/site-packages/vector'...
[0.596s] Compiling '/home/fizzer/ros2_ws/install/vector/lib/python3.8/site-packages/vector/__init__.py'...
[0.596s] Compiling '/home/fizzer/ros2_ws/install/vector/lib/python3.8/site-packages/vector/laser_mapping.py'...
[0.596s] Listing '/home/fizzer/ros2_ws/install/vector/lib/python3.8/site-packages/vector/srv'...
[0.606s] -- Up-to-date: /home/fizzer/ros2_ws/install/vector/lib/vector/vector_interface.py
[0.607s] -- Up-to-date: /home/fizzer/ros2_ws/install/vector/lib/vector/client_test.py
[0.607s] -- Up-to-date: /home/fizzer/ros2_ws/install/vector/lib/vector/client_connect.py
[0.607s] -- Up-to-date: /home/fizzer/ros2_ws/install/vector/lib/vector/client_wheel_pub.py
[0.607s] -- Up-to-date: /home/fizzer/ros2_ws/install/vector/lib/vector/client_bombard.py
[0.608s] -- Up-to-date: /home/fizzer/ros2_ws/install/vector/lib/vector/line_follow.py
[0.608s] -- Up-to-date: /home/fizzer/ros2_ws/install/vector/lib/vector/cube_find.py
[0.608s] -- Installing: /home/fizzer/ros2_ws/install/vector/lib/vector/laser_mapping.py
[0.608s] -- Up-to-date: /home/fizzer/ros2_ws/install/vector/share/ament_index/resource_index/rosidl_interfaces/vector
[0.608s] -- Up-to-date: /home/fizzer/ros2_ws/install/vector/include/vector
[0.608s] -- Up-to-date: /home/fizzer/ros2_ws/install/vector/include/vector/srv
[0.609s] -- Up-to-date: /home/fizzer/ros2_ws/install/vector/include/vector/srv/detail
[0.609s] -- Up-to-date: /home/fizzer/ros2_ws/install/vector/include/vector/srv/detail/vector_speak__functions.h
[0.609s] -- Up-to-date: /home/fizzer/ros2_ws/install/vector/include/vector/srv/detail/vector_speak__type_support.h
[0.609s] -- Up-to-date: /home/fizzer/ros2_ws/install/vector/include/vector/srv/detail/vector_connect__functions.h
[0.610s] -- Up-to-date: /home/fizzer/ros2_ws/install/vector/include/vector/srv/detail/vector_connect__struct.h
[0.610s] -- Up-to-date: /home/fizzer/ros2_ws/install/vector/include/vector/srv/detail/vector_connect__functions.c
[0.610s] -- Up-to-date: /home/fizzer/ros2_ws/install/vector/include/vector/srv/detail/vector_speak__struct.h
[0.610s] -- Up-to-date: /home/fizzer/ros2_ws/install/vector/include/vector/srv/detail/vector_speak__functions.c
[0.610s] -- Up-to-date: /home/fizzer/ros2_ws/install/vector/include/vector/srv/detail/vector_connect__type_support.h
[0.610s] -- Up-to-date: /home/fizzer/ros2_ws/install/vector/include/vector/srv/vector_speak.h
[0.611s] -- Up-to-date: /home/fizzer/ros2_ws/install/vector/include/vector/srv/vector_connect.h
[0.611s] -- Up-to-date: /home/fizzer/ros2_ws/install/vector/include/vector/msg
[0.612s] -- Up-to-date: /home/fizzer/ros2_ws/install/vector/include/vector/msg/rosidl_generator_c__visibility_control.h
[0.612s] -- Up-to-date: /home/fizzer/ros2_ws/install/vector/share/vector/environment/library_path.sh
[0.612s] -- Up-to-date: /home/fizzer/ros2_ws/install/vector/share/vector/environment/library_path.dsv
[0.612s] -- Up-to-date: /home/fizzer/ros2_ws/install/vector/lib/libvector__rosidl_generator_c.so
[0.613s] -- Up-to-date: /home/fizzer/ros2_ws/install/vector/include/vector
[0.613s] -- Up-to-date: /home/fizzer/ros2_ws/install/vector/include/vector/srv
[0.613s] -- Up-to-date: /home/fizzer/ros2_ws/install/vector/include/vector/srv/detail
[0.613s] -- Up-to-date: /home/fizzer/ros2_ws/install/vector/include/vector/srv/detail/vector_speak__rosidl_typesupport_fastrtps_c.h
[0.613s] -- Up-to-date: /home/fizzer/ros2_ws/install/vector/include/vector/srv/detail/vector_connect__rosidl_typesupport_fastrtps_c.h
[0.614s] -- Up-to-date: /home/fizzer/ros2_ws/install/vector/include/vector/msg
[0.614s] -- Up-to-date: /home/fizzer/ros2_ws/install/vector/include/vector/msg/rosidl_typesupport_fastrtps_c__visibility_control.h
[0.614s] -- Up-to-date: /home/fizzer/ros2_ws/install/vector/lib/libvector__rosidl_typesupport_fastrtps_c.so
[0.614s] -- Up-to-date: /home/fizzer/ros2_ws/install/vector/include/vector
[0.615s] -- Up-to-date: /home/fizzer/ros2_ws/install/vector/include/vector/srv
[0.615s] -- Up-to-date: /home/fizzer/ros2_ws/install/vector/include/vector/srv/detail
[0.615s] -- Up-to-date: /home/fizzer/ros2_ws/install/vector/include/vector/srv/detail/dds_fastrtps
[0.615s] -- Up-to-date: /home/fizzer/ros2_ws/install/vector/include/vector/srv/detail/vector_connect__rosidl_typesupport_fastrtps_cpp.hpp
[0.616s] -- Up-to-date: /home/fizzer/ros2_ws/install/vector/include/vector/srv/detail/vector_speak__rosidl_typesupport_fastrtps_cpp.hpp
[0.616s] -- Up-to-date: /home/fizzer/ros2_ws/install/vector/include/vector/msg
[0.616s] -- Up-to-date: /home/fizzer/ros2_ws/install/vector/include/vector/msg/rosidl_typesupport_fastrtps_cpp__visibility_control.h
[0.616s] -- Up-to-date: /home/fizzer/ros2_ws/install/vector/lib/libvector__rosidl_typesupport_fastrtps_cpp.so
[0.616s] -- Up-to-date: /home/fizzer/ros2_ws/install/vector/include/vector
[0.617s] -- Up-to-date: /home/fizzer/ros2_ws/install/vector/include/vector/srv
[0.617s] -- Up-to-date: /home/fizzer/ros2_ws/install/vector/include/vector/srv/detail
[0.617s] -- Up-to-date: /home/fizzer/ros2_ws/install/vector/include/vector/srv/detail/vector_speak__type_support.c
[0.617s] -- Up-to-date: /home/fizzer/ros2_ws/install/vector/include/vector/srv/detail/vector_connect__type_support.c
[0.617s] -- Up-to-date: /home/fizzer/ros2_ws/install/vector/include/vector/srv/detail/vector_speak__rosidl_typesupport_introspection_c.h
[0.617s] -- Up-to-date: /home/fizzer/ros2_ws/install/vector/include/vector/srv/detail/vector_connect__rosidl_typesupport_introspection_c.h
[0.618s] -- Up-to-date: /home/fizzer/ros2_ws/install/vector/include/vector/msg
[0.618s] -- Up-to-date: /home/fizzer/ros2_ws/install/vector/include/vector/msg/rosidl_typesupport_introspection_c__visibility_control.h
[0.618s] -- Up-to-date: /home/fizzer/ros2_ws/install/vector/lib/libvector__rosidl_typesupport_introspection_c.so
[0.618s] -- Up-to-date: /home/fizzer/ros2_ws/install/vector/lib/libvector__rosidl_typesupport_c.so
[0.618s] -- Up-to-date: /home/fizzer/ros2_ws/install/vector/include/vector
[0.618s] -- Up-to-date: /home/fizzer/ros2_ws/install/vector/include/vector/srv
[0.619s] -- Up-to-date: /home/fizzer/ros2_ws/install/vector/include/vector/srv/detail
[0.619s] -- Up-to-date: /home/fizzer/ros2_ws/install/vector/include/vector/srv/detail/vector_connect__traits.hpp
[0.619s] -- Up-to-date: /home/fizzer/ros2_ws/install/vector/include/vector/srv/detail/vector_speak__traits.hpp
[0.619s] -- Up-to-date: /home/fizzer/ros2_ws/install/vector/include/vector/srv/detail/vector_connect__builder.hpp
[0.620s] -- Up-to-date: /home/fizzer/ros2_ws/install/vector/include/vector/srv/detail/vector_speak__builder.hpp
[0.621s] -- Up-to-date: /home/fizzer/ros2_ws/install/vector/include/vector/srv/detail/vector_speak__struct.hpp
[0.621s] -- Up-to-date: /home/fizzer/ros2_ws/install/vector/include/vector/srv/detail/vector_connect__struct.hpp
[0.622s] -- Up-to-date: /home/fizzer/ros2_ws/install/vector/include/vector/srv/vector_connect.hpp
[0.622s] -- Up-to-date: /home/fizzer/ros2_ws/install/vector/include/vector/srv/vector_speak.hpp
[0.622s] -- Up-to-date: /home/fizzer/ros2_ws/install/vector/include/vector
[0.623s] -- Up-to-date: /home/fizzer/ros2_ws/install/vector/include/vector/srv
[0.623s] -- Up-to-date: /home/fizzer/ros2_ws/install/vector/include/vector/srv/detail
[0.623s] -- Up-to-date: /home/fizzer/ros2_ws/install/vector/include/vector/srv/detail/vector_connect__rosidl_typesupport_introspection_cpp.hpp
[0.623s] -- Up-to-date: /home/fizzer/ros2_ws/install/vector/include/vector/srv/detail/vector_connect__type_support.cpp
[0.624s] -- Up-to-date: /home/fizzer/ros2_ws/install/vector/include/vector/srv/detail/vector_speak__rosidl_typesupport_introspection_cpp.hpp
[0.624s] -- Up-to-date: /home/fizzer/ros2_ws/install/vector/include/vector/srv/detail/vector_speak__type_support.cpp
[0.624s] -- Up-to-date: /home/fizzer/ros2_ws/install/vector/lib/libvector__rosidl_typesupport_introspection_cpp.so
[0.625s] -- Up-to-date: /home/fizzer/ros2_ws/install/vector/lib/libvector__rosidl_typesupport_cpp.so
[0.625s] -- Installing: /home/fizzer/ros2_ws/install/vector/lib/python3.8/site-packages/vector/__init__.py
[0.660s] Compiling '/home/fizzer/ros2_ws/install/vector/lib/python3.8/site-packages/vector/__init__.py'...
[0.667s] -- Up-to-date: /home/fizzer/ros2_ws/install/vector/lib/python3.8/site-packages/vector/srv
[0.667s] -- Up-to-date: /home/fizzer/ros2_ws/install/vector/lib/python3.8/site-packages/vector/srv/_vector_connect_s.c
[0.667s] -- Up-to-date: /home/fizzer/ros2_ws/install/vector/lib/python3.8/site-packages/vector/srv/_vector_connect.py
[0.667s] -- Up-to-date: /home/fizzer/ros2_ws/install/vector/lib/python3.8/site-packages/vector/srv/_vector_speak.py
[0.668s] -- Up-to-date: /home/fizzer/ros2_ws/install/vector/lib/python3.8/site-packages/vector/srv/__init__.py
[0.668s] -- Up-to-date: /home/fizzer/ros2_ws/install/vector/lib/python3.8/site-packages/vector/srv/_vector_speak_s.c
[0.668s] -- Up-to-date: /home/fizzer/ros2_ws/install/vector/lib/python3.8/site-packages/vector/vector_s__rosidl_typesupport_fastrtps_c.cpython-38-x86_64-linux-gnu.so
[0.669s] -- Up-to-date: /home/fizzer/ros2_ws/install/vector/lib/python3.8/site-packages/vector/vector_s__rosidl_typesupport_introspection_c.cpython-38-x86_64-linux-gnu.so
[0.670s] -- Up-to-date: /home/fizzer/ros2_ws/install/vector/lib/python3.8/site-packages/vector/vector_s__rosidl_typesupport_c.cpython-38-x86_64-linux-gnu.so
[0.670s] -- Up-to-date: /home/fizzer/ros2_ws/install/vector/lib/libvector__python.so
[0.671s] -- Up-to-date: /home/fizzer/ros2_ws/install/vector/share/vector/srv/VectorConnect.idl
[0.672s] -- Up-to-date: /home/fizzer/ros2_ws/install/vector/share/vector/srv/VectorSpeak.idl
[0.672s] -- Up-to-date: /home/fizzer/ros2_ws/install/vector/share/vector/srv/VectorConnect.srv
[0.673s] -- Up-to-date: /home/fizzer/ros2_ws/install/vector/share/vector/srv/VectorConnect_Request.msg
[0.673s] -- Up-to-date: /home/fizzer/ros2_ws/install/vector/share/vector/srv/VectorConnect_Response.msg
[0.673s] -- Up-to-date: /home/fizzer/ros2_ws/install/vector/share/vector/srv/VectorSpeak.srv
[0.674s] -- Up-to-date: /home/fizzer/ros2_ws/install/vector/share/vector/srv/VectorSpeak_Request.msg
[0.674s] -- Up-to-date: /home/fizzer/ros2_ws/install/vector/share/vector/srv/VectorSpeak_Response.msg
[0.675s] -- Up-to-date: /home/fizzer/ros2_ws/install/vector/share/ament_index/resource_index/package_run_dependencies/vector
[0.675s] -- Up-to-date: /home/fizzer/ros2_ws/install/vector/share/ament_index/resource_index/parent_prefix_path/vector
[0.675s] -- Up-to-date: /home/fizzer/ros2_ws/install/vector/share/vector/environment/ament_prefix_path.sh
[0.676s] -- Up-to-date: /home/fizzer/ros2_ws/install/vector/share/vector/environment/ament_prefix_path.dsv
[0.676s] -- Up-to-date: /home/fizzer/ros2_ws/install/vector/share/vector/environment/path.sh
[0.677s] -- Up-to-date: /home/fizzer/ros2_ws/install/vector/share/vector/environment/path.dsv
[0.677s] -- Up-to-date: /home/fizzer/ros2_ws/install/vector/share/vector/local_setup.bash
[0.677s] -- Up-to-date: /home/fizzer/ros2_ws/install/vector/share/vector/local_setup.sh
[0.677s] -- Up-to-date: /home/fizzer/ros2_ws/install/vector/share/vector/local_setup.zsh
[0.677s] -- Up-to-date: /home/fizzer/ros2_ws/install/vector/share/vector/local_setup.dsv
[0.678s] -- Installing: /home/fizzer/ros2_ws/install/vector/share/vector/package.dsv
[0.678s] -- Up-to-date: /home/fizzer/ros2_ws/install/vector/share/ament_index/resource_index/packages/vector
[0.678s] -- Up-to-date: /home/fizzer/ros2_ws/install/vector/share/vector/cmake/vector__rosidl_generator_cExport.cmake
[0.678s] -- Up-to-date: /home/fizzer/ros2_ws/install/vector/share/vector/cmake/vector__rosidl_generator_cExport-noconfig.cmake
[0.678s] -- Up-to-date: /home/fizzer/ros2_ws/install/vector/share/vector/cmake/vector__rosidl_typesupport_introspection_cExport.cmake
[0.679s] -- Up-to-date: /home/fizzer/ros2_ws/install/vector/share/vector/cmake/vector__rosidl_typesupport_introspection_cExport-noconfig.cmake
[0.679s] -- Up-to-date: /home/fizzer/ros2_ws/install/vector/share/vector/cmake/vector__rosidl_typesupport_cExport.cmake
[0.680s] -- Up-to-date: /home/fizzer/ros2_ws/install/vector/share/vector/cmake/vector__rosidl_typesupport_cExport-noconfig.cmake
[0.682s] -- Up-to-date: /home/fizzer/ros2_ws/install/vector/share/vector/cmake/vector__rosidl_generator_cppExport.cmake
[0.682s] -- Up-to-date: /home/fizzer/ros2_ws/install/vector/share/vector/cmake/vector__rosidl_typesupport_introspection_cppExport.cmake
[0.683s] -- Up-to-date: /home/fizzer/ros2_ws/install/vector/share/vector/cmake/vector__rosidl_typesupport_introspection_cppExport-noconfig.cmake
[0.683s] -- Up-to-date: /home/fizzer/ros2_ws/install/vector/share/vector/cmake/vector__rosidl_typesupport_cppExport.cmake
[0.683s] -- Up-to-date: /home/fizzer/ros2_ws/install/vector/share/vector/cmake/vector__rosidl_typesupport_cppExport-noconfig.cmake
[0.683s] -- Up-to-date: /home/fizzer/ros2_ws/install/vector/share/vector/cmake/rosidl_cmake-extras.cmake
[0.683s] -- Up-to-date: /home/fizzer/ros2_ws/install/vector/share/vector/cmake/ament_cmake_export_dependencies-extras.cmake
[0.683s] -- Up-to-date: /home/fizzer/ros2_ws/install/vector/share/vector/cmake/ament_cmake_export_libraries-extras.cmake
[0.684s] -- Up-to-date: /home/fizzer/ros2_ws/install/vector/share/vector/cmake/ament_cmake_export_targets-extras.cmake
[0.684s] -- Up-to-date: /home/fizzer/ros2_ws/install/vector/share/vector/cmake/ament_cmake_export_include_directories-extras.cmake
[0.684s] -- Up-to-date: /home/fizzer/ros2_ws/install/vector/share/vector/cmake/rosidl_cmake_export_typesupport_libraries-extras.cmake
[0.684s] -- Up-to-date: /home/fizzer/ros2_ws/install/vector/share/vector/cmake/rosidl_cmake_export_typesupport_targets-extras.cmake
[0.684s] -- Up-to-date: /home/fizzer/ros2_ws/install/vector/share/vector/cmake/vectorConfig.cmake
[0.685s] -- Up-to-date: /home/fizzer/ros2_ws/install/vector/share/vector/cmake/vectorConfig-version.cmake
[0.685s] -- Up-to-date: /home/fizzer/ros2_ws/install/vector/share/vector/package.xml
[0.685s] Invoked command in '/home/fizzer/ros2_ws/build/vector' returned '0': CMAKE_PREFIX_PATH=/opt/ros/foxy /usr/bin/cmake --install /home/fizzer/ros2_ws/build/vector
