[0.906s] Invoking command in '/home/fizzer/ros2_ws/src/my_package': PYTHONPATH=/home/fizzer/ros2_ws/install/my_package/lib/python3.8/site-packages:${PYTHONPATH} /usr/bin/python3 setup.py egg_info --egg-base ../../build/my_package build --build-base /home/fizzer/ros2_ws/build/my_package/build install --prefix /home/fizzer/ros2_ws/install/my_package --record /home/fizzer/ros2_ws/build/my_package/install.log --single-version-externally-managed
[1.403s] running egg_info
[1.404s] writing ../../build/my_package/my_package.egg-info/PKG-INFO
[1.404s] writing dependency_links to ../../build/my_package/my_package.egg-info/dependency_links.txt
[1.405s] writing entry points to ../../build/my_package/my_package.egg-info/entry_points.txt
[1.405s] writing requirements to ../../build/my_package/my_package.egg-info/requires.txt
[1.405s] writing top-level names to ../../build/my_package/my_package.egg-info/top_level.txt
[1.493s] reading manifest file '../../build/my_package/my_package.egg-info/SOURCES.txt'
[1.502s] writing manifest file '../../build/my_package/my_package.egg-info/SOURCES.txt'
[1.503s] running build
[1.503s] running build_py
[1.503s] running install
[1.503s] running install_lib
[1.504s] running install_data
[1.504s] running install_egg_info
[1.506s] removing '/home/fizzer/ros2_ws/install/my_package/lib/python3.8/site-packages/my_package-0.0.0-py3.8.egg-info' (and everything under it)
[1.507s] Copying ../../build/my_package/my_package.egg-info to /home/fizzer/ros2_ws/install/my_package/lib/python3.8/site-packages/my_package-0.0.0-py3.8.egg-info
[1.508s] running install_scripts
[1.537s] Installing cli script to /home/fizzer/ros2_ws/install/my_package/lib/my_package
[1.538s] Installing double_pub script to /home/fizzer/ros2_ws/install/my_package/lib/my_package
[1.538s] Installing listen script to /home/fizzer/ros2_ws/install/my_package/lib/my_package
[1.538s] Installing listen2 script to /home/fizzer/ros2_ws/install/my_package/lib/my_package
[1.538s] Installing my_node script to /home/fizzer/ros2_ws/install/my_package/lib/my_package
[1.539s] Installing serv script to /home/fizzer/ros2_ws/install/my_package/lib/my_package
[1.539s] Installing talk script to /home/fizzer/ros2_ws/install/my_package/lib/my_package
[1.539s] Installing talk2 script to /home/fizzer/ros2_ws/install/my_package/lib/my_package
[1.540s] writing list of installed files to '/home/fizzer/ros2_ws/build/my_package/install.log'
[1.602s] Invoked command in '/home/fizzer/ros2_ws/src/my_package' returned '0': PYTHONPATH=/home/fizzer/ros2_ws/install/my_package/lib/python3.8/site-packages:${PYTHONPATH} /usr/bin/python3 setup.py egg_info --egg-base ../../build/my_package build --build-base /home/fizzer/ros2_ws/build/my_package/build install --prefix /home/fizzer/ros2_ws/install/my_package --record /home/fizzer/ros2_ws/build/my_package/install.log --single-version-externally-managed
