[0.319s] Invoking command in '/home/fizzer/ros2_ws/src/my_package': PYTHONPATH=/home/fizzer/ros2_ws/install/my_package/lib/python3.8/site-packages:${PYTHONPATH} /usr/bin/python3 setup.py egg_info --egg-base ../../build/my_package build --build-base /home/fizzer/ros2_ws/build/my_package/build install --prefix /home/fizzer/ros2_ws/install/my_package --record /home/fizzer/ros2_ws/build/my_package/install.log --single-version-externally-managed
[0.664s] running egg_info
[0.664s] writing ../../build/my_package/my_package.egg-info/PKG-INFO
[0.665s] writing dependency_links to ../../build/my_package/my_package.egg-info/dependency_links.txt
[0.665s] writing entry points to ../../build/my_package/my_package.egg-info/entry_points.txt
[0.665s] writing requirements to ../../build/my_package/my_package.egg-info/requires.txt
[0.665s] writing top-level names to ../../build/my_package/my_package.egg-info/top_level.txt
[0.843s] reading manifest file '../../build/my_package/my_package.egg-info/SOURCES.txt'
[0.862s] writing manifest file '../../build/my_package/my_package.egg-info/SOURCES.txt'
[0.862s] running build
[0.862s] running build_py
[0.863s] copying my_package/serv.py -> /home/fizzer/ros2_ws/build/my_package/build/lib/my_package
[0.863s] copying my_package/client.py -> /home/fizzer/ros2_ws/build/my_package/build/lib/my_package
[0.863s] copying my_package/multi_pub.py -> /home/fizzer/ros2_ws/build/my_package/build/lib/my_package
[0.864s] running install
[0.865s] running install_lib
[0.866s] copying /home/fizzer/ros2_ws/build/my_package/build/lib/my_package/serv.py -> /home/fizzer/ros2_ws/install/my_package/lib/python3.8/site-packages/my_package
[0.866s] copying /home/fizzer/ros2_ws/build/my_package/build/lib/my_package/client.py -> /home/fizzer/ros2_ws/install/my_package/lib/python3.8/site-packages/my_package
[0.867s] copying /home/fizzer/ros2_ws/build/my_package/build/lib/my_package/multi_pub.py -> /home/fizzer/ros2_ws/install/my_package/lib/python3.8/site-packages/my_package
[0.867s] byte-compiling /home/fizzer/ros2_ws/install/my_package/lib/python3.8/site-packages/my_package/serv.py to serv.cpython-38.pyc
[0.869s] byte-compiling /home/fizzer/ros2_ws/install/my_package/lib/python3.8/site-packages/my_package/client.py to client.cpython-38.pyc
[0.870s] byte-compiling /home/fizzer/ros2_ws/install/my_package/lib/python3.8/site-packages/my_package/multi_pub.py to multi_pub.cpython-38.pyc
[0.870s] running install_data
[0.871s] running install_egg_info
[0.874s] removing '/home/fizzer/ros2_ws/install/my_package/lib/python3.8/site-packages/my_package-0.0.0-py3.8.egg-info' (and everything under it)
[0.874s] Copying ../../build/my_package/my_package.egg-info to /home/fizzer/ros2_ws/install/my_package/lib/python3.8/site-packages/my_package-0.0.0-py3.8.egg-info
[0.875s] running install_scripts
[0.898s] Installing listen script to /home/fizzer/ros2_ws/install/my_package/lib/my_package
[0.898s] Installing listen2 script to /home/fizzer/ros2_ws/install/my_package/lib/my_package
[0.898s] Installing my_node script to /home/fizzer/ros2_ws/install/my_package/lib/my_package
[0.899s] Installing talk script to /home/fizzer/ros2_ws/install/my_package/lib/my_package
[0.899s] Installing talk2 script to /home/fizzer/ros2_ws/install/my_package/lib/my_package
[0.899s] writing list of installed files to '/home/fizzer/ros2_ws/build/my_package/install.log'
[0.931s] Invoked command in '/home/fizzer/ros2_ws/src/my_package' returned '0': PYTHONPATH=/home/fizzer/ros2_ws/install/my_package/lib/python3.8/site-packages:${PYTHONPATH} /usr/bin/python3 setup.py egg_info --egg-base ../../build/my_package build --build-base /home/fizzer/ros2_ws/build/my_package/build install --prefix /home/fizzer/ros2_ws/install/my_package --record /home/fizzer/ros2_ws/build/my_package/install.log --single-version-externally-managed
