[0.379s] DEBUG:colcon:Command line arguments: ['/usr/bin/colcon', 'build', '--packages-select', 'keyDrive']
[0.380s] DEBUG:colcon:Parsed command line arguments: Namespace(ament_cmake_args=None, base_paths=['.'], build_base='build', catkin_cmake_args=None, catkin_skip_building_tests=False, cmake_args=None, cmake_clean_cache=False, cmake_clean_first=False, cmake_force_configure=False, cmake_target=None, cmake_target_skip_unavailable=False, continue_on_error=False, event_handlers=None, executor='parallel', ignore_user_meta=False, install_base='install', log_base=None, log_level=None, main=<bound method BuildVerb.main of <colcon_core.verb.build.BuildVerb object at 0x7f1afcd2cb80>>, merge_install=False, metas=['./colcon.meta'], packages_above=None, packages_above_and_dependencies=None, packages_above_depth=None, packages_end=None, packages_ignore=None, packages_ignore_regex=None, packages_select=['keyDrive'], packages_select_build_failed=False, packages_select_by_dep=None, packages_select_regex=None, packages_select_test_failures=False, packages_skip=None, packages_skip_build_finished=False, packages_skip_by_dep=None, packages_skip_regex=None, packages_skip_test_passed=False, packages_skip_up_to=None, packages_start=None, packages_up_to=None, packages_up_to_regex=None, parallel_workers=4, paths=None, symlink_install=False, test_result_base=None, verb_extension=<colcon_core.verb.build.BuildVerb object at 0x7f1afcd2cb80>, verb_name='build', verb_parser=<colcon_defaults.argument_parser.defaults.DefaultArgumentsDecorator object at 0x7f1afccb9130>)
[0.387s] Level 1:colcon.colcon_core.package_discovery:discover_packages(colcon_meta) check parameters
[0.387s] Level 1:colcon.colcon_core.package_discovery:discover_packages(recursive) check parameters
[0.387s] Level 1:colcon.colcon_core.package_discovery:discover_packages(ignore) check parameters
[0.387s] Level 1:colcon.colcon_core.package_discovery:discover_packages(path) check parameters
[0.387s] Level 1:colcon.colcon_core.package_discovery:discover_packages(colcon_meta) discover
[0.387s] Level 1:colcon.colcon_core.package_discovery:discover_packages(recursive) discover
[0.387s] INFO:colcon.colcon_core.package_discovery:Crawling recursively for packages in '/home/fizzer/ros2_ws'
[0.387s] Level 1:colcon.colcon_core.package_identification:_identify(.) by extensions ['ignore', 'ignore_ament_install']
[0.388s] Level 1:colcon.colcon_core.package_identification:_identify(.) by extension 'ignore'
[0.388s] Level 1:colcon.colcon_core.package_identification:_identify(.) by extension 'ignore_ament_install'
[0.388s] Level 1:colcon.colcon_core.package_identification:_identify(.) by extensions ['colcon_pkg']
[0.388s] Level 1:colcon.colcon_core.package_identification:_identify(.) by extension 'colcon_pkg'
[0.388s] Level 1:colcon.colcon_core.package_identification:_identify(.) by extensions ['colcon_meta']
[0.388s] Level 1:colcon.colcon_core.package_identification:_identify(.) by extension 'colcon_meta'
[0.388s] Level 1:colcon.colcon_core.package_identification:_identify(.) by extensions ['ros']
[0.388s] Level 1:colcon.colcon_core.package_identification:_identify(.) by extension 'ros'
[0.402s] Level 1:colcon.colcon_core.package_identification:_identify(.) by extensions ['cmake', 'python']
[0.402s] Level 1:colcon.colcon_core.package_identification:_identify(.) by extension 'cmake'
[0.402s] Level 1:colcon.colcon_core.package_identification:_identify(.) by extension 'python'
[0.402s] Level 1:colcon.colcon_core.package_identification:_identify(.) by extensions ['python_setup_py']
[0.402s] Level 1:colcon.colcon_core.package_identification:_identify(.) by extension 'python_setup_py'
[0.402s] Level 1:colcon.colcon_core.package_identification:_identify(build) by extensions ['ignore', 'ignore_ament_install']
[0.402s] Level 1:colcon.colcon_core.package_identification:_identify(build) by extension 'ignore'
[0.402s] Level 1:colcon.colcon_core.package_identification:_identify(build) ignored
[0.403s] Level 1:colcon.colcon_core.package_identification:_identify(install) by extensions ['ignore', 'ignore_ament_install']
[0.403s] Level 1:colcon.colcon_core.package_identification:_identify(install) by extension 'ignore'
[0.403s] Level 1:colcon.colcon_core.package_identification:_identify(install) ignored
[0.403s] Level 1:colcon.colcon_core.package_identification:_identify(log) by extensions ['ignore', 'ignore_ament_install']
[0.403s] Level 1:colcon.colcon_core.package_identification:_identify(log) by extension 'ignore'
[0.403s] Level 1:colcon.colcon_core.package_identification:_identify(log) ignored
[0.403s] Level 1:colcon.colcon_core.package_identification:_identify(src) by extensions ['ignore', 'ignore_ament_install']
[0.403s] Level 1:colcon.colcon_core.package_identification:_identify(src) by extension 'ignore'
[0.403s] Level 1:colcon.colcon_core.package_identification:_identify(src) by extension 'ignore_ament_install'
[0.403s] Level 1:colcon.colcon_core.package_identification:_identify(src) by extensions ['colcon_pkg']
[0.404s] Level 1:colcon.colcon_core.package_identification:_identify(src) by extension 'colcon_pkg'
[0.404s] Level 1:colcon.colcon_core.package_identification:_identify(src) by extensions ['colcon_meta']
[0.404s] Level 1:colcon.colcon_core.package_identification:_identify(src) by extension 'colcon_meta'
[0.404s] Level 1:colcon.colcon_core.package_identification:_identify(src) by extensions ['ros']
[0.404s] Level 1:colcon.colcon_core.package_identification:_identify(src) by extension 'ros'
[0.404s] Level 1:colcon.colcon_core.package_identification:_identify(src) by extensions ['cmake', 'python']
[0.404s] Level 1:colcon.colcon_core.package_identification:_identify(src) by extension 'cmake'
[0.404s] Level 1:colcon.colcon_core.package_identification:_identify(src) by extension 'python'
[0.404s] Level 1:colcon.colcon_core.package_identification:_identify(src) by extensions ['python_setup_py']
[0.404s] Level 1:colcon.colcon_core.package_identification:_identify(src) by extension 'python_setup_py'
[0.404s] Level 1:colcon.colcon_core.package_identification:_identify(src/keyDrive) by extensions ['ignore', 'ignore_ament_install']
[0.404s] Level 1:colcon.colcon_core.package_identification:_identify(src/keyDrive) by extension 'ignore'
[0.404s] Level 1:colcon.colcon_core.package_identification:_identify(src/keyDrive) by extension 'ignore_ament_install'
[0.404s] Level 1:colcon.colcon_core.package_identification:_identify(src/keyDrive) by extensions ['colcon_pkg']
[0.404s] Level 1:colcon.colcon_core.package_identification:_identify(src/keyDrive) by extension 'colcon_pkg'
[0.405s] Level 1:colcon.colcon_core.package_identification:_identify(src/keyDrive) by extensions ['colcon_meta']
[0.405s] Level 1:colcon.colcon_core.package_identification:_identify(src/keyDrive) by extension 'colcon_meta'
[0.405s] Level 1:colcon.colcon_core.package_identification:_identify(src/keyDrive) by extensions ['ros']
[0.405s] Level 1:colcon.colcon_core.package_identification:_identify(src/keyDrive) by extension 'ros'
[0.408s] DEBUG:colcon.colcon_core.package_identification:Package 'src/keyDrive' with type 'ros.ament_python' and name 'keyDrive'
[0.408s] Level 1:colcon.colcon_core.package_discovery:discover_packages(recursive) using defaults
[0.408s] Level 1:colcon.colcon_core.package_discovery:discover_packages(ignore) discover
[0.408s] Level 1:colcon.colcon_core.package_discovery:discover_packages(ignore) using defaults
[0.408s] Level 1:colcon.colcon_core.package_discovery:discover_packages(path) discover
[0.408s] Level 1:colcon.colcon_core.package_discovery:discover_packages(path) using defaults
[0.436s] Level 5:colcon.colcon_core.verb:set package 'keyDrive' build argument 'cmake_args' from command line to 'None'
[0.436s] Level 5:colcon.colcon_core.verb:set package 'keyDrive' build argument 'cmake_target' from command line to 'None'
[0.436s] Level 5:colcon.colcon_core.verb:set package 'keyDrive' build argument 'cmake_target_skip_unavailable' from command line to 'False'
[0.436s] Level 5:colcon.colcon_core.verb:set package 'keyDrive' build argument 'cmake_clean_cache' from command line to 'False'
[0.436s] Level 5:colcon.colcon_core.verb:set package 'keyDrive' build argument 'cmake_clean_first' from command line to 'False'
[0.437s] Level 5:colcon.colcon_core.verb:set package 'keyDrive' build argument 'cmake_force_configure' from command line to 'False'
[0.437s] Level 5:colcon.colcon_core.verb:set package 'keyDrive' build argument 'ament_cmake_args' from command line to 'None'
[0.437s] Level 5:colcon.colcon_core.verb:set package 'keyDrive' build argument 'catkin_cmake_args' from command line to 'None'
[0.437s] Level 5:colcon.colcon_core.verb:set package 'keyDrive' build argument 'catkin_skip_building_tests' from command line to 'False'
[0.437s] DEBUG:colcon.colcon_core.verb:Building package 'keyDrive' with the following arguments: {'ament_cmake_args': None, 'build_base': '/home/fizzer/ros2_ws/build/keyDrive', 'catkin_cmake_args': None, 'catkin_skip_building_tests': False, 'cmake_args': None, 'cmake_clean_cache': False, 'cmake_clean_first': False, 'cmake_force_configure': False, 'cmake_target': None, 'cmake_target_skip_unavailable': False, 'install_base': '/home/fizzer/ros2_ws/install/keyDrive', 'merge_install': False, 'path': '/home/fizzer/ros2_ws/src/keyDrive', 'symlink_install': False, 'test_result_base': None}
[0.437s] INFO:colcon.colcon_core.executor:Executing jobs using 'parallel' executor
[0.439s] DEBUG:colcon.colcon_parallel_executor.executor.parallel:run_until_complete
[0.440s] INFO:colcon.colcon_ros.task.ament_python.build:Building ROS package in '/home/fizzer/ros2_ws/src/keyDrive' with build type 'ament_python'
[0.440s] Level 1:colcon.colcon_core.shell:create_environment_hook('keyDrive', 'ament_prefix_path')
[0.445s] INFO:colcon.colcon_core.plugin_system:Skipping extension 'colcon_core.shell.bat': Not used on non-Windows systems
[0.445s] INFO:colcon.colcon_core.shell:Creating environment hook '/home/fizzer/ros2_ws/install/keyDrive/share/keyDrive/hook/ament_prefix_path.ps1'
[0.446s] INFO:colcon.colcon_core.shell:Creating environment descriptor '/home/fizzer/ros2_ws/install/keyDrive/share/keyDrive/hook/ament_prefix_path.dsv'
[0.447s] INFO:colcon.colcon_core.shell:Creating environment hook '/home/fizzer/ros2_ws/install/keyDrive/share/keyDrive/hook/ament_prefix_path.sh'
[0.448s] INFO:colcon.colcon_core.shell:Skip shell extension 'powershell' for command environment: Not usable outside of PowerShell
[0.448s] DEBUG:colcon.colcon_core.shell:Skip shell extension 'dsv' for command environment
[0.452s] DEBUG:colcon.colcon_core.shell:Ignoring prefix path '/opt/ros/foxy'
[0.748s] INFO:colcon.colcon_core.task.python.build:Building Python package in '/home/fizzer/ros2_ws/src/keyDrive'
[0.749s] INFO:colcon.colcon_core.shell:Skip shell extension 'powershell' for command environment: Not usable outside of PowerShell
[0.749s] DEBUG:colcon.colcon_core.shell:Skip shell extension 'dsv' for command environment
[0.751s] DEBUG:colcon.colcon_core.shell:Ignoring prefix path '/opt/ros/foxy'
[0.761s] DEBUG:colcon.colcon_core.event_handler.log_command:Invoking command in '/home/fizzer/ros2_ws/src/keyDrive': PYTHONPATH=/home/fizzer/ros2_ws/install/keyDrive/lib/python3.8/site-packages:${PYTHONPATH} /usr/bin/python3 setup.py egg_info --egg-base ../../build/keyDrive build --build-base /home/fizzer/ros2_ws/build/keyDrive/build install --prefix /home/fizzer/ros2_ws/install/keyDrive --record /home/fizzer/ros2_ws/build/keyDrive/install.log --single-version-externally-managed
[1.128s] DEBUG:colcon.colcon_core.event_handler.log_command:Invoked command in '/home/fizzer/ros2_ws/src/keyDrive' returned '0': PYTHONPATH=/home/fizzer/ros2_ws/install/keyDrive/lib/python3.8/site-packages:${PYTHONPATH} /usr/bin/python3 setup.py egg_info --egg-base ../../build/keyDrive build --build-base /home/fizzer/ros2_ws/build/keyDrive/build install --prefix /home/fizzer/ros2_ws/install/keyDrive --record /home/fizzer/ros2_ws/build/keyDrive/install.log --single-version-externally-managed
[1.132s] Level 1:colcon.colcon_core.environment:checking '/home/fizzer/ros2_ws/install/keyDrive' for CMake module files
[1.132s] Level 1:colcon.colcon_core.environment:checking '/home/fizzer/ros2_ws/install/keyDrive' for CMake config files
[1.133s] Level 1:colcon.colcon_core.environment:checking '/home/fizzer/ros2_ws/install/keyDrive/lib'
[1.134s] Level 1:colcon.colcon_core.environment:checking '/home/fizzer/ros2_ws/install/keyDrive/bin'
[1.134s] Level 1:colcon.colcon_core.environment:checking '/home/fizzer/ros2_ws/install/keyDrive/lib/pkgconfig/keyDrive.pc'
[1.134s] Level 1:colcon.colcon_core.environment:checking '/home/fizzer/ros2_ws/install/keyDrive/lib/python3.8/site-packages'
[1.134s] Level 1:colcon.colcon_core.shell:create_environment_hook('keyDrive', 'pythonpath')
[1.135s] INFO:colcon.colcon_core.shell:Creating environment hook '/home/fizzer/ros2_ws/install/keyDrive/share/keyDrive/hook/pythonpath.ps1'
[1.135s] INFO:colcon.colcon_core.shell:Creating environment descriptor '/home/fizzer/ros2_ws/install/keyDrive/share/keyDrive/hook/pythonpath.dsv'
[1.136s] INFO:colcon.colcon_core.shell:Creating environment hook '/home/fizzer/ros2_ws/install/keyDrive/share/keyDrive/hook/pythonpath.sh'
[1.136s] Level 1:colcon.colcon_core.environment:create_environment_scripts_only(keyDrive)
[1.137s] INFO:colcon.colcon_core.shell:Creating package script '/home/fizzer/ros2_ws/install/keyDrive/share/keyDrive/package.ps1'
[1.138s] INFO:colcon.colcon_core.shell:Creating package descriptor '/home/fizzer/ros2_ws/install/keyDrive/share/keyDrive/package.dsv'
[1.139s] INFO:colcon.colcon_core.shell:Creating package script '/home/fizzer/ros2_ws/install/keyDrive/share/keyDrive/package.sh'
[1.140s] INFO:colcon.colcon_core.shell:Creating package script '/home/fizzer/ros2_ws/install/keyDrive/share/keyDrive/package.bash'
[1.141s] INFO:colcon.colcon_core.shell:Creating package script '/home/fizzer/ros2_ws/install/keyDrive/share/keyDrive/package.zsh'
[1.142s] Level 1:colcon.colcon_core.environment:create_file_with_runtime_dependencies(/home/fizzer/ros2_ws/install/keyDrive/share/colcon-core/packages/keyDrive)
[1.142s] DEBUG:colcon.colcon_parallel_executor.executor.parallel:closing loop
[1.143s] DEBUG:colcon.colcon_parallel_executor.executor.parallel:loop closed
[1.143s] DEBUG:colcon.colcon_parallel_executor.executor.parallel:run_until_complete finished with '0'
[1.143s] DEBUG:colcon.colcon_core.event_reactor:joining thread
[1.150s] INFO:colcon.colcon_core.plugin_system:Skipping extension 'colcon_notification.desktop_notification.notify_send': Could not find 'notify-send'
[1.150s] INFO:colcon.colcon_core.plugin_system:Skipping extension 'colcon_notification.desktop_notification.terminal_notifier': Not used on non-Darwin systems
[1.151s] INFO:colcon.colcon_core.plugin_system:Skipping extension 'colcon_notification.desktop_notification.win32': Not used on non-Windows systems
[1.151s] INFO:colcon.colcon_notification.desktop_notification:Sending desktop notification using 'notify2'
[1.157s] DEBUG:colcon.colcon_core.event_reactor:joined thread
[1.159s] INFO:colcon.colcon_core.shell:Creating prefix script '/home/fizzer/ros2_ws/install/local_setup.ps1'
[1.161s] INFO:colcon.colcon_core.shell:Creating prefix util module '/home/fizzer/ros2_ws/install/_local_setup_util_ps1.py'
[1.163s] INFO:colcon.colcon_core.shell:Creating prefix chain script '/home/fizzer/ros2_ws/install/setup.ps1'
[1.172s] INFO:colcon.colcon_core.shell:Creating prefix script '/home/fizzer/ros2_ws/install/local_setup.sh'
[1.174s] INFO:colcon.colcon_core.shell:Creating prefix util module '/home/fizzer/ros2_ws/install/_local_setup_util_sh.py'
[1.176s] INFO:colcon.colcon_core.shell:Creating prefix chain script '/home/fizzer/ros2_ws/install/setup.sh'
[1.183s] INFO:colcon.colcon_core.shell:Creating prefix script '/home/fizzer/ros2_ws/install/local_setup.bash'
[1.184s] INFO:colcon.colcon_core.shell:Creating prefix chain script '/home/fizzer/ros2_ws/install/setup.bash'
[1.189s] INFO:colcon.colcon_core.shell:Creating prefix script '/home/fizzer/ros2_ws/install/local_setup.zsh'
[1.190s] INFO:colcon.colcon_core.shell:Creating prefix chain script '/home/fizzer/ros2_ws/install/setup.zsh'
