running egg_info
writing ../../build/pkg1/pkg1.egg-info/PKG-INFO
writing dependency_links to ../../build/pkg1/pkg1.egg-info/dependency_links.txt
writing entry points to ../../build/pkg1/pkg1.egg-info/entry_points.txt
writing requirements to ../../build/pkg1/pkg1.egg-info/requires.txt
writing top-level names to ../../build/pkg1/pkg1.egg-info/top_level.txt
reading manifest file '../../build/pkg1/pkg1.egg-info/SOURCES.txt'
writing manifest file '../../build/pkg1/pkg1.egg-info/SOURCES.txt'
running build
running build_py
running install
running install_lib
running install_data
running install_egg_info
removing '/home/fizzer/ros2_ws/install/pkg1/lib/python3.8/site-packages/pkg1-0.0.0-py3.8.egg-info' (and everything under it)
Copying ../../build/pkg1/pkg1.egg-info to /home/fizzer/ros2_ws/install/pkg1/lib/python3.8/site-packages/pkg1-0.0.0-py3.8.egg-info
running install_scripts
Installing listen script to /home/fizzer/ros2_ws/install/pkg1/lib/pkg1
Installing node1 script to /home/fizzer/ros2_ws/install/pkg1/lib/pkg1
Installing talk script to /home/fizzer/ros2_ws/install/pkg1/lib/pkg1
writing list of installed files to '/home/fizzer/ros2_ws/build/pkg1/install.log'
