[1.184s] Invoking command in '/home/fizzer/ros2_ws/src/my_package': PYTHONPATH=/home/fizzer/ros2_ws/install/my_package/lib/python3.8/site-packages:${PYTHONPATH} /usr/bin/python3 setup.py egg_info --egg-base ../../build/my_package build --build-base /home/fizzer/ros2_ws/build/my_package/build install --prefix /home/fizzer/ros2_ws/install/my_package --record /home/fizzer/ros2_ws/build/my_package/install.log --single-version-externally-managed
[1.679s] running egg_info
[1.680s] writing ../../build/my_package/my_package.egg-info/PKG-INFO
[1.681s] writing dependency_links to ../../build/my_package/my_package.egg-info/dependency_links.txt
[1.681s] writing entry points to ../../build/my_package/my_package.egg-info/entry_points.txt
[1.682s] writing requirements to ../../build/my_package/my_package.egg-info/requires.txt
[1.682s] writing top-level names to ../../build/my_package/my_package.egg-info/top_level.txt
[1.764s] reading manifest file '../../build/my_package/my_package.egg-info/SOURCES.txt'
[1.766s] writing manifest file '../../build/my_package/my_package.egg-info/SOURCES.txt'
[1.767s] running build
[1.767s] running build_py
[1.768s] running install
[1.770s] running install_lib
[1.773s] running install_data
[1.774s] running install_egg_info
[1.778s] removing '/home/fizzer/ros2_ws/install/my_package/lib/python3.8/site-packages/my_package-0.0.0-py3.8.egg-info' (and everything under it)
[1.779s] Copying ../../build/my_package/my_package.egg-info to /home/fizzer/ros2_ws/install/my_package/lib/python3.8/site-packages/my_package-0.0.0-py3.8.egg-info
[1.781s] running install_scripts
[1.835s] Installing my_node script to /home/fizzer/ros2_ws/install/my_package/lib/my_package
[1.836s] writing list of installed files to '/home/fizzer/ros2_ws/build/my_package/install.log'
[1.894s] Invoked command in '/home/fizzer/ros2_ws/src/my_package' returned '0': PYTHONPATH=/home/fizzer/ros2_ws/install/my_package/lib/python3.8/site-packages:${PYTHONPATH} /usr/bin/python3 setup.py egg_info --egg-base ../../build/my_package build --build-base /home/fizzer/ros2_ws/build/my_package/build install --prefix /home/fizzer/ros2_ws/install/my_package --record /home/fizzer/ros2_ws/build/my_package/install.log --single-version-externally-managed
