[0.019s] Invoking command in '/home/fizzer/ros2_ws/build/vector': CMAKE_PREFIX_PATH=${CMAKE_PREFIX_PATH}:/home/fizzer/ros2_ws/install/test_pkg:/home/fizzer/ros2_ws/install/my_package:/home/fizzer/ros2_ws/install/keyDrive:/home/fizzer/ros2_ws/install/cameraTests:/opt/ros/foxy /usr/bin/cmake --build /home/fizzer/ros2_ws/build/vector -- -j4 -l4
[0.289s] -- Found ament_cmake: 0.9.8 (/opt/ros/foxy/share/ament_cmake/cmake)
[0.411s] -- Found PythonInterp: /usr/bin/python3 (found suitable version "3.8.5", minimum required is "3") 
[0.411s] -- Using PYTHON_EXECUTABLE: /usr/bin/python3
[0.819s] -- Found ament_lint_auto: 0.9.6 (/opt/ros/foxy/share/ament_lint_auto/cmake)
[1.019s] -- Found rclpy: 1.0.5 (/opt/ros/foxy/share/rclpy/cmake)
[1.043s] -- Found std_msgs: 2.0.4 (/opt/ros/foxy/share/std_msgs/cmake)
[1.265s] -- Using all available rosidl_typesupport_c: rosidl_typesupport_fastrtps_c;rosidl_typesupport_introspection_c
[1.285s] -- Found rosidl_adapter: 1.2.1 (/opt/ros/foxy/share/rosidl_adapter/cmake)
[1.730s] -- Using all available rosidl_typesupport_cpp: rosidl_typesupport_fastrtps_cpp;rosidl_typesupport_introspection_cpp
[1.959s] -- Found rosidl_default_generators: 1.0.1 (/opt/ros/foxy/share/rosidl_default_generators/cmake)
[2.070s] -- Found PythonInterp: /usr/bin/python3 (found version "3.8.5") 
[2.337s] -- Found ament_cmake_ros: 0.9.1 (/opt/ros/foxy/share/ament_cmake_ros/cmake)
[2.507s] -- Using all available rosidl_typesupport_c: rosidl_typesupport_fastrtps_c;rosidl_typesupport_introspection_c
[2.570s] -- Using all available rosidl_typesupport_cpp: rosidl_typesupport_fastrtps_cpp;rosidl_typesupport_introspection_cpp
[2.621s] -- Found PythonInterp: /usr/bin/python3 (found suitable version "3.8.5", minimum required is "3.5") 
[2.638s] -- Found python_cmake_module: 0.8.1 (/opt/ros/foxy/share/python_cmake_module/cmake)
[2.730s] -- Using PYTHON_EXECUTABLE: /usr/bin/python3
[2.730s] -- Using PYTHON_INCLUDE_DIRS: /usr/include/python3.8
[2.731s] -- Using PYTHON_LIBRARIES: /usr/lib/x86_64-linux-gnu/libpython3.8.so
[2.848s] -- Added test 'copyright' to check source files copyright and LICENSE
[2.904s] -- Added test 'flake8' to check Python code syntax and style conventions
[2.906s] -- Added test 'lint_cmake' to check CMake code style
[2.908s] -- Added test 'pep257' to check Python code against some of the style conventions in PEP 257
[2.913s] -- Added test 'xmllint' to check XML markup files
[3.088s] -- Configuring done
[3.368s] -- Generating done
[3.372s] -- Build files have been written to: /home/fizzer/ros2_ws/build/vector
[3.402s] [  2%] [34m[1mGenerating C code for ROS interfaces[0m
[3.402s] [35m[1mScanning dependencies of target vector__cpp[0m
[3.429s] [  5%] [34m[1mGenerating C++ code for ROS interfaces[0m
[4.062s] [  5%] Built target vector__cpp
[4.081s] [  7%] [34m[1mGenerating C++ type support dispatch for ROS interfaces[0m
[4.082s] [ 10%] [34m[1mGenerating C++ type support for eProsima Fast-RTPS[0m
[4.097s] [35m[1mScanning dependencies of target vector__rosidl_generator_c[0m
[4.098s] [ 12%] [34m[1mGenerating C++ introspection for ROS interfaces[0m
[4.154s] [ 15%] [32mBuilding C object CMakeFiles/vector__rosidl_generator_c.dir/rosidl_generator_c/vector/srv/detail/vector_connect__functions.c.o[0m
[4.713s] [35m[1mScanning dependencies of target vector__rosidl_typesupport_introspection_cpp[0m
[4.793s] [ 17%] [32mBuilding CXX object CMakeFiles/vector__rosidl_typesupport_introspection_cpp.dir/rosidl_typesupport_introspection_cpp/vector/srv/detail/vector_connect__type_support.cpp.o[0m
[4.916s] [35m[1mScanning dependencies of target vector__rosidl_typesupport_cpp[0m
[4.970s] [ 20%] [32mBuilding CXX object CMakeFiles/vector__rosidl_typesupport_cpp.dir/rosidl_typesupport_cpp/vector/srv/vector_connect__type_support.cpp.o[0m
[5.063s] [35m[1mScanning dependencies of target vector__rosidl_typesupport_fastrtps_cpp[0m
[5.128s] [ 23%] [32mBuilding CXX object CMakeFiles/vector__rosidl_typesupport_fastrtps_cpp.dir/rosidl_typesupport_fastrtps_cpp/vector/srv/detail/dds_fastrtps/vector_connect__type_support.cpp.o[0m
[5.911s] [ 25%] [32mBuilding C object CMakeFiles/vector__rosidl_generator_c.dir/rosidl_generator_c/vector/srv/detail/vector_speak__functions.c.o[0m
[5.995s] [ 28%] [32m[1mLinking C shared library libvector__rosidl_generator_c.so[0m
[6.643s] [ 28%] Built target vector__rosidl_generator_c
[6.654s] [ 30%] [32mBuilding CXX object CMakeFiles/vector__rosidl_typesupport_fastrtps_cpp.dir/rosidl_typesupport_fastrtps_cpp/vector/srv/detail/dds_fastrtps/vector_speak__type_support.cpp.o[0m
[8.667s] [ 33%] [32mBuilding CXX object CMakeFiles/vector__rosidl_typesupport_cpp.dir/rosidl_typesupport_cpp/vector/srv/vector_speak__type_support.cpp.o[0m
[8.680s] [ 35%] [32mBuilding CXX object CMakeFiles/vector__rosidl_typesupport_introspection_cpp.dir/rosidl_typesupport_introspection_cpp/vector/srv/detail/vector_speak__type_support.cpp.o[0m
[9.157s] [ 38%] [32m[1mLinking CXX shared library libvector__rosidl_typesupport_fastrtps_cpp.so[0m
[9.158s] [ 41%] [34m[1mGenerating C introspection for ROS interfaces[0m
[9.321s] [ 43%] [32m[1mLinking CXX shared library libvector__rosidl_typesupport_introspection_cpp.so[0m
[9.344s] [ 46%] [32m[1mLinking CXX shared library libvector__rosidl_typesupport_cpp.so[0m
[9.433s] [ 46%] Built target vector__rosidl_typesupport_cpp
[9.446s] [ 46%] Built target vector__rosidl_typesupport_fastrtps_cpp
[9.455s] [ 48%] [34m[1mGenerating C type support dispatch for ROS interfaces[0m
[9.467s] [ 51%] [34m[1mGenerating C type support for eProsima Fast-RTPS[0m
[9.500s] [ 51%] Built target vector__rosidl_typesupport_introspection_cpp
[9.940s] [35m[1mScanning dependencies of target vector__rosidl_typesupport_introspection_c[0m
[9.968s] [ 53%] [32mBuilding C object CMakeFiles/vector__rosidl_typesupport_introspection_c.dir/rosidl_typesupport_introspection_c/vector/srv/detail/vector_connect__type_support.c.o[0m
[9.969s] [ 56%] [32mBuilding C object CMakeFiles/vector__rosidl_typesupport_introspection_c.dir/rosidl_typesupport_introspection_c/vector/srv/detail/vector_speak__type_support.c.o[0m
[10.050s] [ 58%] [32m[1mLinking C shared library libvector__rosidl_typesupport_introspection_c.so[0m
[10.088s] [ 58%] Built target vector__rosidl_typesupport_introspection_c
[10.212s] [35m[1mScanning dependencies of target vector__rosidl_typesupport_fastrtps_c[0m
[10.244s] [35m[1mScanning dependencies of target vector__rosidl_typesupport_c[0m
[10.245s] [ 61%] [32mBuilding CXX object CMakeFiles/vector__rosidl_typesupport_fastrtps_c.dir/rosidl_typesupport_fastrtps_c/vector/srv/detail/vector_connect__type_support_c.cpp.o[0m
[10.246s] [ 64%] [32mBuilding CXX object CMakeFiles/vector__rosidl_typesupport_fastrtps_c.dir/rosidl_typesupport_fastrtps_c/vector/srv/detail/vector_speak__type_support_c.cpp.o[0m
[10.265s] [ 66%] [32mBuilding CXX object CMakeFiles/vector__rosidl_typesupport_c.dir/rosidl_typesupport_c/vector/srv/vector_connect__type_support.cpp.o[0m
[10.266s] [ 69%] [32mBuilding CXX object CMakeFiles/vector__rosidl_typesupport_c.dir/rosidl_typesupport_c/vector/srv/vector_speak__type_support.cpp.o[0m
[10.321s] [ 71%] [32m[1mLinking CXX shared library libvector__rosidl_typesupport_c.so[0m
[10.378s] [ 71%] Built target vector__rosidl_typesupport_c
[10.827s] [ 74%] [32m[1mLinking CXX shared library libvector__rosidl_typesupport_fastrtps_c.so[0m
[10.946s] [ 74%] Built target vector__rosidl_typesupport_fastrtps_c
[10.973s] [ 74%] Built target vector
[10.988s] [35m[1mScanning dependencies of target vector__py[0m
[11.001s] [ 76%] [34m[1mGenerating Python code for ROS interfaces[0m
[11.954s] [ 76%] Built target vector__py
[11.970s] [35m[1mScanning dependencies of target vector__python[0m
[11.996s] [ 82%] [32mBuilding C object CMakeFiles/vector__python.dir/rosidl_generator_py/vector/srv/_vector_speak_s.c.o[0m
[11.997s] [ 82%] [32mBuilding C object CMakeFiles/vector__python.dir/rosidl_generator_py/vector/srv/_vector_connect_s.c.o[0m
[12.565s] [ 84%] [32m[1mLinking C shared library rosidl_generator_py/vector/libvector__python.so[0m
[12.616s] [ 84%] Built target vector__python
[12.632s] [35m[1mScanning dependencies of target vector__rosidl_typesupport_c__pyext[0m
[12.636s] [35m[1mScanning dependencies of target vector__rosidl_typesupport_fastrtps_c__pyext[0m
[12.636s] [35m[1mScanning dependencies of target vector__rosidl_typesupport_introspection_c__pyext[0m
[12.668s] [ 87%] [32mBuilding C object CMakeFiles/vector__rosidl_typesupport_c__pyext.dir/rosidl_generator_py/vector/_vector_s.ep.rosidl_typesupport_c.c.o[0m
[12.674s] [ 89%] [32mBuilding C object CMakeFiles/vector__rosidl_typesupport_introspection_c__pyext.dir/rosidl_generator_py/vector/_vector_s.ep.rosidl_typesupport_introspection_c.c.o[0m
[12.680s] [ 92%] [32mBuilding C object CMakeFiles/vector__rosidl_typesupport_fastrtps_c__pyext.dir/rosidl_generator_py/vector/_vector_s.ep.rosidl_typesupport_fastrtps_c.c.o[0m
[12.812s] [ 94%] [32m[1mLinking C shared library rosidl_generator_py/vector/vector_s__rosidl_typesupport_introspection_c.cpython-38-x86_64-linux-gnu.so[0m
[12.861s] [ 94%] Built target vector__rosidl_typesupport_introspection_c__pyext
[12.868s] [ 97%] [32m[1mLinking C shared library rosidl_generator_py/vector/vector_s__rosidl_typesupport_c.cpython-38-x86_64-linux-gnu.so[0m
[12.879s] [100%] [32m[1mLinking CXX shared library rosidl_generator_py/vector/vector_s__rosidl_typesupport_fastrtps_c.cpython-38-x86_64-linux-gnu.so[0m
[12.915s] [100%] Built target vector__rosidl_typesupport_c__pyext
[12.962s] [100%] Built target vector__rosidl_typesupport_fastrtps_c__pyext
[12.980s] Invoked command in '/home/fizzer/ros2_ws/build/vector' returned '0': CMAKE_PREFIX_PATH=${CMAKE_PREFIX_PATH}:/home/fizzer/ros2_ws/install/test_pkg:/home/fizzer/ros2_ws/install/my_package:/home/fizzer/ros2_ws/install/keyDrive:/home/fizzer/ros2_ws/install/cameraTests:/opt/ros/foxy /usr/bin/cmake --build /home/fizzer/ros2_ws/build/vector -- -j4 -l4
[13.079s] Invoking command in '/home/fizzer/ros2_ws/build/vector': CMAKE_PREFIX_PATH=${CMAKE_PREFIX_PATH}:/home/fizzer/ros2_ws/install/test_pkg:/home/fizzer/ros2_ws/install/my_package:/home/fizzer/ros2_ws/install/keyDrive:/home/fizzer/ros2_ws/install/cameraTests:/opt/ros/foxy /usr/bin/cmake --install /home/fizzer/ros2_ws/build/vector
[13.096s] -- Install configuration: ""
[13.096s] -- Up-to-date: /home/fizzer/ros2_ws/install/vector/share/vector/environment/pythonpath.sh
[13.096s] -- Installing: /home/fizzer/ros2_ws/install/vector/share/vector/environment/pythonpath.dsv
[13.096s] -- Up-to-date: /home/fizzer/ros2_ws/install/vector/lib/python3.8/site-packages/vector
[13.097s] -- Installing: /home/fizzer/ros2_ws/install/vector/lib/python3.8/site-packages/vector/__init__.py
[13.097s] -- Installing: /home/fizzer/ros2_ws/install/vector/lib/python3.8/site-packages/vector/vector_interface.py
[13.097s] -- Installing: /home/fizzer/ros2_ws/install/vector/lib/python3.8/site-packages/vector/client_test.py
[13.149s] Listing '/home/fizzer/ros2_ws/install/vector/lib/python3.8/site-packages/vector'...
[13.149s] Compiling '/home/fizzer/ros2_ws/install/vector/lib/python3.8/site-packages/vector/__init__.py'...
[13.149s] Compiling '/home/fizzer/ros2_ws/install/vector/lib/python3.8/site-packages/vector/client_test.py'...
[13.149s] Listing '/home/fizzer/ros2_ws/install/vector/lib/python3.8/site-packages/vector/srv'...
[13.149s] Compiling '/home/fizzer/ros2_ws/install/vector/lib/python3.8/site-packages/vector/vector_interface.py'...
[13.155s] -- Installing: /home/fizzer/ros2_ws/install/vector/lib/vector/vector_interface.py
[13.155s] -- Installing: /home/fizzer/ros2_ws/install/vector/lib/vector/client_test.py
[13.155s] -- Installing: /home/fizzer/ros2_ws/install/vector/share/ament_index/resource_index/rosidl_interfaces/vector
[13.156s] -- Up-to-date: /home/fizzer/ros2_ws/install/vector/include/vector
[13.156s] -- Up-to-date: /home/fizzer/ros2_ws/install/vector/include/vector/srv
[13.156s] -- Up-to-date: /home/fizzer/ros2_ws/install/vector/include/vector/srv/detail
[13.156s] -- Installing: /home/fizzer/ros2_ws/install/vector/include/vector/srv/detail/vector_speak__functions.h
[13.157s] -- Installing: /home/fizzer/ros2_ws/install/vector/include/vector/srv/detail/vector_speak__type_support.h
[13.157s] -- Installing: /home/fizzer/ros2_ws/install/vector/include/vector/srv/detail/vector_connect__functions.h
[13.157s] -- Installing: /home/fizzer/ros2_ws/install/vector/include/vector/srv/detail/vector_connect__struct.h
[13.157s] -- Installing: /home/fizzer/ros2_ws/install/vector/include/vector/srv/detail/vector_connect__functions.c
[13.158s] -- Installing: /home/fizzer/ros2_ws/install/vector/include/vector/srv/detail/vector_speak__struct.h
[13.158s] -- Installing: /home/fizzer/ros2_ws/install/vector/include/vector/srv/detail/vector_speak__functions.c
[13.158s] -- Installing: /home/fizzer/ros2_ws/install/vector/include/vector/srv/detail/vector_connect__type_support.h
[13.158s] -- Installing: /home/fizzer/ros2_ws/install/vector/include/vector/srv/vector_speak.h
[13.158s] -- Installing: /home/fizzer/ros2_ws/install/vector/include/vector/srv/vector_connect.h
[13.159s] -- Up-to-date: /home/fizzer/ros2_ws/install/vector/include/vector/msg
[13.159s] -- Up-to-date: /home/fizzer/ros2_ws/install/vector/include/vector/msg/rosidl_generator_c__visibility_control.h
[13.159s] -- Up-to-date: /home/fizzer/ros2_ws/install/vector/share/vector/environment/library_path.sh
[13.159s] -- Installing: /home/fizzer/ros2_ws/install/vector/share/vector/environment/library_path.dsv
[13.159s] -- Installing: /home/fizzer/ros2_ws/install/vector/lib/libvector__rosidl_generator_c.so
[13.160s] -- Set runtime path of "/home/fizzer/ros2_ws/install/vector/lib/libvector__rosidl_generator_c.so" to ""
[13.160s] -- Up-to-date: /home/fizzer/ros2_ws/install/vector/include/vector
[13.160s] -- Up-to-date: /home/fizzer/ros2_ws/install/vector/include/vector/srv
[13.160s] -- Up-to-date: /home/fizzer/ros2_ws/install/vector/include/vector/srv/detail
[13.161s] -- Installing: /home/fizzer/ros2_ws/install/vector/include/vector/srv/detail/vector_speak__rosidl_typesupport_fastrtps_c.h
[13.161s] -- Installing: /home/fizzer/ros2_ws/install/vector/include/vector/srv/detail/vector_connect__rosidl_typesupport_fastrtps_c.h
[13.161s] -- Up-to-date: /home/fizzer/ros2_ws/install/vector/include/vector/msg
[13.161s] -- Up-to-date: /home/fizzer/ros2_ws/install/vector/include/vector/msg/rosidl_typesupport_fastrtps_c__visibility_control.h
[13.161s] -- Installing: /home/fizzer/ros2_ws/install/vector/lib/libvector__rosidl_typesupport_fastrtps_c.so
[13.162s] -- Set runtime path of "/home/fizzer/ros2_ws/install/vector/lib/libvector__rosidl_typesupport_fastrtps_c.so" to ""
[13.162s] -- Up-to-date: /home/fizzer/ros2_ws/install/vector/include/vector
[13.162s] -- Up-to-date: /home/fizzer/ros2_ws/install/vector/include/vector/srv
[13.163s] -- Up-to-date: /home/fizzer/ros2_ws/install/vector/include/vector/srv/detail
[13.163s] -- Up-to-date: /home/fizzer/ros2_ws/install/vector/include/vector/srv/detail/dds_fastrtps
[13.163s] -- Installing: /home/fizzer/ros2_ws/install/vector/include/vector/srv/detail/vector_connect__rosidl_typesupport_fastrtps_cpp.hpp
[13.163s] -- Installing: /home/fizzer/ros2_ws/install/vector/include/vector/srv/detail/vector_speak__rosidl_typesupport_fastrtps_cpp.hpp
[13.163s] -- Up-to-date: /home/fizzer/ros2_ws/install/vector/include/vector/msg
[13.164s] -- Up-to-date: /home/fizzer/ros2_ws/install/vector/include/vector/msg/rosidl_typesupport_fastrtps_cpp__visibility_control.h
[13.164s] -- Installing: /home/fizzer/ros2_ws/install/vector/lib/libvector__rosidl_typesupport_fastrtps_cpp.so
[13.164s] -- Set runtime path of "/home/fizzer/ros2_ws/install/vector/lib/libvector__rosidl_typesupport_fastrtps_cpp.so" to ""
[13.164s] -- Up-to-date: /home/fizzer/ros2_ws/install/vector/include/vector
[13.165s] -- Up-to-date: /home/fizzer/ros2_ws/install/vector/include/vector/srv
[13.165s] -- Up-to-date: /home/fizzer/ros2_ws/install/vector/include/vector/srv/detail
[13.165s] -- Installing: /home/fizzer/ros2_ws/install/vector/include/vector/srv/detail/vector_speak__type_support.c
[13.165s] -- Installing: /home/fizzer/ros2_ws/install/vector/include/vector/srv/detail/vector_connect__type_support.c
[13.165s] -- Installing: /home/fizzer/ros2_ws/install/vector/include/vector/srv/detail/vector_speak__rosidl_typesupport_introspection_c.h
[13.166s] -- Installing: /home/fizzer/ros2_ws/install/vector/include/vector/srv/detail/vector_connect__rosidl_typesupport_introspection_c.h
[13.166s] -- Up-to-date: /home/fizzer/ros2_ws/install/vector/include/vector/msg
[13.166s] -- Up-to-date: /home/fizzer/ros2_ws/install/vector/include/vector/msg/rosidl_typesupport_introspection_c__visibility_control.h
[13.166s] -- Installing: /home/fizzer/ros2_ws/install/vector/lib/libvector__rosidl_typesupport_introspection_c.so
[13.166s] -- Set runtime path of "/home/fizzer/ros2_ws/install/vector/lib/libvector__rosidl_typesupport_introspection_c.so" to ""
[13.167s] -- Installing: /home/fizzer/ros2_ws/install/vector/lib/libvector__rosidl_typesupport_c.so
[13.167s] -- Set runtime path of "/home/fizzer/ros2_ws/install/vector/lib/libvector__rosidl_typesupport_c.so" to ""
[13.168s] -- Up-to-date: /home/fizzer/ros2_ws/install/vector/include/vector
[13.168s] -- Up-to-date: /home/fizzer/ros2_ws/install/vector/include/vector/srv
[13.168s] -- Up-to-date: /home/fizzer/ros2_ws/install/vector/include/vector/srv/detail
[13.168s] -- Installing: /home/fizzer/ros2_ws/install/vector/include/vector/srv/detail/vector_connect__traits.hpp
[13.169s] -- Installing: /home/fizzer/ros2_ws/install/vector/include/vector/srv/detail/vector_speak__traits.hpp
[13.169s] -- Installing: /home/fizzer/ros2_ws/install/vector/include/vector/srv/detail/vector_connect__builder.hpp
[13.169s] -- Installing: /home/fizzer/ros2_ws/install/vector/include/vector/srv/detail/vector_speak__builder.hpp
[13.169s] -- Installing: /home/fizzer/ros2_ws/install/vector/include/vector/srv/detail/vector_speak__struct.hpp
[13.169s] -- Installing: /home/fizzer/ros2_ws/install/vector/include/vector/srv/detail/vector_connect__struct.hpp
[13.170s] -- Installing: /home/fizzer/ros2_ws/install/vector/include/vector/srv/vector_connect.hpp
[13.170s] -- Installing: /home/fizzer/ros2_ws/install/vector/include/vector/srv/vector_speak.hpp
[13.170s] -- Up-to-date: /home/fizzer/ros2_ws/install/vector/include/vector
[13.170s] -- Up-to-date: /home/fizzer/ros2_ws/install/vector/include/vector/srv
[13.170s] -- Up-to-date: /home/fizzer/ros2_ws/install/vector/include/vector/srv/detail
[13.171s] -- Installing: /home/fizzer/ros2_ws/install/vector/include/vector/srv/detail/vector_connect__rosidl_typesupport_introspection_cpp.hpp
[13.171s] -- Installing: /home/fizzer/ros2_ws/install/vector/include/vector/srv/detail/vector_connect__type_support.cpp
[13.171s] -- Installing: /home/fizzer/ros2_ws/install/vector/include/vector/srv/detail/vector_speak__rosidl_typesupport_introspection_cpp.hpp
[13.171s] -- Installing: /home/fizzer/ros2_ws/install/vector/include/vector/srv/detail/vector_speak__type_support.cpp
[13.171s] -- Installing: /home/fizzer/ros2_ws/install/vector/lib/libvector__rosidl_typesupport_introspection_cpp.so
[13.172s] -- Set runtime path of "/home/fizzer/ros2_ws/install/vector/lib/libvector__rosidl_typesupport_introspection_cpp.so" to ""
[13.172s] -- Installing: /home/fizzer/ros2_ws/install/vector/lib/libvector__rosidl_typesupport_cpp.so
[13.173s] -- Set runtime path of "/home/fizzer/ros2_ws/install/vector/lib/libvector__rosidl_typesupport_cpp.so" to ""
[13.173s] -- Installing: /home/fizzer/ros2_ws/install/vector/lib/python3.8/site-packages/vector/__init__.py
[13.218s] Compiling '/home/fizzer/ros2_ws/install/vector/lib/python3.8/site-packages/vector/__init__.py'...
[13.224s] -- Up-to-date: /home/fizzer/ros2_ws/install/vector/lib/python3.8/site-packages/vector/srv
[13.224s] -- Installing: /home/fizzer/ros2_ws/install/vector/lib/python3.8/site-packages/vector/srv/_vector_connect_s.c
[13.225s] -- Installing: /home/fizzer/ros2_ws/install/vector/lib/python3.8/site-packages/vector/srv/_vector_connect.py
[13.225s] -- Installing: /home/fizzer/ros2_ws/install/vector/lib/python3.8/site-packages/vector/srv/_vector_speak.py
[13.225s] -- Installing: /home/fizzer/ros2_ws/install/vector/lib/python3.8/site-packages/vector/srv/__init__.py
[13.225s] -- Installing: /home/fizzer/ros2_ws/install/vector/lib/python3.8/site-packages/vector/srv/_vector_speak_s.c
[13.226s] -- Installing: /home/fizzer/ros2_ws/install/vector/lib/python3.8/site-packages/vector/vector_s__rosidl_typesupport_fastrtps_c.cpython-38-x86_64-linux-gnu.so
[13.226s] -- Set runtime path of "/home/fizzer/ros2_ws/install/vector/lib/python3.8/site-packages/vector/vector_s__rosidl_typesupport_fastrtps_c.cpython-38-x86_64-linux-gnu.so" to ""
[13.227s] -- Installing: /home/fizzer/ros2_ws/install/vector/lib/python3.8/site-packages/vector/vector_s__rosidl_typesupport_introspection_c.cpython-38-x86_64-linux-gnu.so
[13.227s] -- Set runtime path of "/home/fizzer/ros2_ws/install/vector/lib/python3.8/site-packages/vector/vector_s__rosidl_typesupport_introspection_c.cpython-38-x86_64-linux-gnu.so" to ""
[13.228s] -- Installing: /home/fizzer/ros2_ws/install/vector/lib/python3.8/site-packages/vector/vector_s__rosidl_typesupport_c.cpython-38-x86_64-linux-gnu.so
[13.229s] -- Set runtime path of "/home/fizzer/ros2_ws/install/vector/lib/python3.8/site-packages/vector/vector_s__rosidl_typesupport_c.cpython-38-x86_64-linux-gnu.so" to ""
[13.229s] -- Installing: /home/fizzer/ros2_ws/install/vector/lib/libvector__python.so
[13.230s] -- Set runtime path of "/home/fizzer/ros2_ws/install/vector/lib/libvector__python.so" to ""
[13.230s] -- Up-to-date: /home/fizzer/ros2_ws/install/vector/share/vector/srv/VectorConnect.idl
[13.231s] -- Installing: /home/fizzer/ros2_ws/install/vector/share/vector/srv/VectorSpeak.idl
[13.231s] -- Up-to-date: /home/fizzer/ros2_ws/install/vector/share/vector/srv/VectorConnect.srv
[13.231s] -- Up-to-date: /home/fizzer/ros2_ws/install/vector/share/vector/srv/VectorConnect_Request.msg
[13.232s] -- Up-to-date: /home/fizzer/ros2_ws/install/vector/share/vector/srv/VectorConnect_Response.msg
[13.232s] -- Installing: /home/fizzer/ros2_ws/install/vector/share/vector/srv/VectorSpeak.srv
[13.232s] -- Installing: /home/fizzer/ros2_ws/install/vector/share/vector/srv/VectorSpeak_Request.msg
[13.232s] -- Installing: /home/fizzer/ros2_ws/install/vector/share/vector/srv/VectorSpeak_Response.msg
[13.233s] -- Up-to-date: /home/fizzer/ros2_ws/install/vector/share/ament_index/resource_index/package_run_dependencies/vector
[13.233s] -- Installing: /home/fizzer/ros2_ws/install/vector/share/ament_index/resource_index/parent_prefix_path/vector
[13.233s] -- Up-to-date: /home/fizzer/ros2_ws/install/vector/share/vector/environment/ament_prefix_path.sh
[13.233s] -- Installing: /home/fizzer/ros2_ws/install/vector/share/vector/environment/ament_prefix_path.dsv
[13.234s] -- Up-to-date: /home/fizzer/ros2_ws/install/vector/share/vector/environment/path.sh
[13.234s] -- Installing: /home/fizzer/ros2_ws/install/vector/share/vector/environment/path.dsv
[13.234s] -- Up-to-date: /home/fizzer/ros2_ws/install/vector/share/vector/local_setup.bash
[13.234s] -- Up-to-date: /home/fizzer/ros2_ws/install/vector/share/vector/local_setup.sh
[13.235s] -- Up-to-date: /home/fizzer/ros2_ws/install/vector/share/vector/local_setup.zsh
[13.235s] -- Installing: /home/fizzer/ros2_ws/install/vector/share/vector/local_setup.dsv
[13.235s] -- Installing: /home/fizzer/ros2_ws/install/vector/share/vector/package.dsv
[13.235s] -- Up-to-date: /home/fizzer/ros2_ws/install/vector/share/ament_index/resource_index/packages/vector
[13.235s] -- Up-to-date: /home/fizzer/ros2_ws/install/vector/share/vector/cmake/vector__rosidl_generator_cExport.cmake
[13.236s] -- Installing: /home/fizzer/ros2_ws/install/vector/share/vector/cmake/vector__rosidl_generator_cExport-noconfig.cmake
[13.236s] -- Up-to-date: /home/fizzer/ros2_ws/install/vector/share/vector/cmake/vector__rosidl_typesupport_introspection_cExport.cmake
[13.236s] -- Installing: /home/fizzer/ros2_ws/install/vector/share/vector/cmake/vector__rosidl_typesupport_introspection_cExport-noconfig.cmake
[13.236s] -- Up-to-date: /home/fizzer/ros2_ws/install/vector/share/vector/cmake/vector__rosidl_typesupport_cExport.cmake
[13.237s] -- Installing: /home/fizzer/ros2_ws/install/vector/share/vector/cmake/vector__rosidl_typesupport_cExport-noconfig.cmake
[13.237s] -- Up-to-date: /home/fizzer/ros2_ws/install/vector/share/vector/cmake/vector__rosidl_generator_cppExport.cmake
[13.237s] -- Up-to-date: /home/fizzer/ros2_ws/install/vector/share/vector/cmake/vector__rosidl_typesupport_introspection_cppExport.cmake
[13.238s] -- Installing: /home/fizzer/ros2_ws/install/vector/share/vector/cmake/vector__rosidl_typesupport_introspection_cppExport-noconfig.cmake
[13.238s] -- Up-to-date: /home/fizzer/ros2_ws/install/vector/share/vector/cmake/vector__rosidl_typesupport_cppExport.cmake
[13.238s] -- Installing: /home/fizzer/ros2_ws/install/vector/share/vector/cmake/vector__rosidl_typesupport_cppExport-noconfig.cmake
[13.239s] -- Installing: /home/fizzer/ros2_ws/install/vector/share/vector/cmake/rosidl_cmake-extras.cmake
[13.239s] -- Up-to-date: /home/fizzer/ros2_ws/install/vector/share/vector/cmake/ament_cmake_export_dependencies-extras.cmake
[13.239s] -- Up-to-date: /home/fizzer/ros2_ws/install/vector/share/vector/cmake/ament_cmake_export_libraries-extras.cmake
[13.239s] -- Up-to-date: /home/fizzer/ros2_ws/install/vector/share/vector/cmake/ament_cmake_export_targets-extras.cmake
[13.240s] -- Up-to-date: /home/fizzer/ros2_ws/install/vector/share/vector/cmake/ament_cmake_export_include_directories-extras.cmake
[13.240s] -- Up-to-date: /home/fizzer/ros2_ws/install/vector/share/vector/cmake/rosidl_cmake_export_typesupport_libraries-extras.cmake
[13.240s] -- Up-to-date: /home/fizzer/ros2_ws/install/vector/share/vector/cmake/rosidl_cmake_export_typesupport_targets-extras.cmake
[13.240s] -- Up-to-date: /home/fizzer/ros2_ws/install/vector/share/vector/cmake/vectorConfig.cmake
[13.240s] -- Up-to-date: /home/fizzer/ros2_ws/install/vector/share/vector/cmake/vectorConfig-version.cmake
[13.240s] -- Up-to-date: /home/fizzer/ros2_ws/install/vector/share/vector/package.xml
[13.243s] Invoked command in '/home/fizzer/ros2_ws/build/vector' returned '0': CMAKE_PREFIX_PATH=${CMAKE_PREFIX_PATH}:/home/fizzer/ros2_ws/install/test_pkg:/home/fizzer/ros2_ws/install/my_package:/home/fizzer/ros2_ws/install/keyDrive:/home/fizzer/ros2_ws/install/cameraTests:/opt/ros/foxy /usr/bin/cmake --install /home/fizzer/ros2_ws/build/vector
