[1.188s] Invoking command in '/home/fizzer/ros2_ws/src/pkg1': PYTHONPATH=/home/fizzer/ros2_ws/install/pkg1/lib/python3.8/site-packages:${PYTHONPATH} /usr/bin/python3 setup.py egg_info --egg-base ../../build/pkg1 build --build-base /home/fizzer/ros2_ws/build/pkg1/build install --prefix /home/fizzer/ros2_ws/install/pkg1 --record /home/fizzer/ros2_ws/build/pkg1/install.log --single-version-externally-managed
[1.688s] running egg_info
[1.689s] writing ../../build/pkg1/pkg1.egg-info/PKG-INFO
[1.690s] writing dependency_links to ../../build/pkg1/pkg1.egg-info/dependency_links.txt
[1.690s] writing entry points to ../../build/pkg1/pkg1.egg-info/entry_points.txt
[1.691s] writing requirements to ../../build/pkg1/pkg1.egg-info/requires.txt
[1.691s] writing top-level names to ../../build/pkg1/pkg1.egg-info/top_level.txt
[1.771s] reading manifest file '../../build/pkg1/pkg1.egg-info/SOURCES.txt'
[1.773s] writing manifest file '../../build/pkg1/pkg1.egg-info/SOURCES.txt'
[1.773s] running build
[1.774s] running build_py
[1.774s] running install
[1.776s] running install_lib
[1.780s] running install_data
[1.781s] running install_egg_info
[1.785s] removing '/home/fizzer/ros2_ws/install/pkg1/lib/python3.8/site-packages/pkg1-0.0.0-py3.8.egg-info' (and everything under it)
[1.786s] Copying ../../build/pkg1/pkg1.egg-info to /home/fizzer/ros2_ws/install/pkg1/lib/python3.8/site-packages/pkg1-0.0.0-py3.8.egg-info
[1.788s] running install_scripts
[1.827s] Installing listen script to /home/fizzer/ros2_ws/install/pkg1/lib/pkg1
[1.827s] Installing node1 script to /home/fizzer/ros2_ws/install/pkg1/lib/pkg1
[1.828s] Installing talk script to /home/fizzer/ros2_ws/install/pkg1/lib/pkg1
[1.829s] writing list of installed files to '/home/fizzer/ros2_ws/build/pkg1/install.log'
[1.895s] Invoked command in '/home/fizzer/ros2_ws/src/pkg1' returned '0': PYTHONPATH=/home/fizzer/ros2_ws/install/pkg1/lib/python3.8/site-packages:${PYTHONPATH} /usr/bin/python3 setup.py egg_info --egg-base ../../build/pkg1 build --build-base /home/fizzer/ros2_ws/build/pkg1/build install --prefix /home/fizzer/ros2_ws/install/pkg1 --record /home/fizzer/ros2_ws/build/pkg1/install.log --single-version-externally-managed
