[0.935s] Invoking command in '/home/fizzer/ros2_ws/src/my_package': PYTHONPATH=/home/fizzer/ros2_ws/install/my_package/lib/python3.8/site-packages:${PYTHONPATH} /usr/bin/python3 setup.py egg_info --egg-base ../../build/my_package build --build-base /home/fizzer/ros2_ws/build/my_package/build install --prefix /home/fizzer/ros2_ws/install/my_package --record /home/fizzer/ros2_ws/build/my_package/install.log --single-version-externally-managed
[1.789s] running egg_info
[1.790s] writing ../../build/my_package/my_package.egg-info/PKG-INFO
[1.852s] writing dependency_links to ../../build/my_package/my_package.egg-info/dependency_links.txt
[1.852s] writing entry points to ../../build/my_package/my_package.egg-info/entry_points.txt
[1.853s] writing requirements to ../../build/my_package/my_package.egg-info/requires.txt
[1.853s] writing top-level names to ../../build/my_package/my_package.egg-info/top_level.txt
[3.015s] reading manifest file '../../build/my_package/my_package.egg-info/SOURCES.txt'
[3.084s] writing manifest file '../../build/my_package/my_package.egg-info/SOURCES.txt'
[3.084s] running build
[3.084s] running build_py
[3.126s] copying my_package/multi_pub.py -> /home/fizzer/ros2_ws/build/my_package/build/lib/my_package
[3.181s] running install
[3.182s] running install_lib
[3.236s] copying /home/fizzer/ros2_ws/build/my_package/build/lib/my_package/multi_pub.py -> /home/fizzer/ros2_ws/install/my_package/lib/python3.8/site-packages/my_package
[3.237s] byte-compiling /home/fizzer/ros2_ws/install/my_package/lib/python3.8/site-packages/my_package/multi_pub.py to multi_pub.cpython-38.pyc
[3.239s] running install_data
[3.262s] running install_egg_info
[3.373s] removing '/home/fizzer/ros2_ws/install/my_package/lib/python3.8/site-packages/my_package-0.0.0-py3.8.egg-info' (and everything under it)
[3.373s] Copying ../../build/my_package/my_package.egg-info to /home/fizzer/ros2_ws/install/my_package/lib/python3.8/site-packages/my_package-0.0.0-py3.8.egg-info
[3.417s] running install_scripts
[3.762s] Installing cli script to /home/fizzer/ros2_ws/install/my_package/lib/my_package
[3.801s] Installing double_pub script to /home/fizzer/ros2_ws/install/my_package/lib/my_package
[3.801s] Installing listen script to /home/fizzer/ros2_ws/install/my_package/lib/my_package
[3.802s] Installing listen2 script to /home/fizzer/ros2_ws/install/my_package/lib/my_package
[3.802s] Installing my_node script to /home/fizzer/ros2_ws/install/my_package/lib/my_package
[3.802s] Installing serv script to /home/fizzer/ros2_ws/install/my_package/lib/my_package
[3.802s] Installing talk script to /home/fizzer/ros2_ws/install/my_package/lib/my_package
[3.803s] Installing talk2 script to /home/fizzer/ros2_ws/install/my_package/lib/my_package
[3.803s] writing list of installed files to '/home/fizzer/ros2_ws/build/my_package/install.log'
[3.925s] Invoked command in '/home/fizzer/ros2_ws/src/my_package' returned '0': PYTHONPATH=/home/fizzer/ros2_ws/install/my_package/lib/python3.8/site-packages:${PYTHONPATH} /usr/bin/python3 setup.py egg_info --egg-base ../../build/my_package build --build-base /home/fizzer/ros2_ws/build/my_package/build install --prefix /home/fizzer/ros2_ws/install/my_package --record /home/fizzer/ros2_ws/build/my_package/install.log --single-version-externally-managed
