[0.015s] Invoking command in '/home/fizzer/ros2_ws/build/vector': CMAKE_PREFIX_PATH=/opt/ros/foxy /usr/bin/cmake /home/fizzer/ros2_ws/src/vector -DCMAKE_INSTALL_PREFIX=/home/fizzer/ros2_ws/install/vector
[0.784s] -- The C compiler identification is GNU 9.3.0
[1.864s] -- The CXX compiler identification is GNU 9.3.0
[1.986s] -- Check for working C compiler: /usr/bin/cc
[2.110s] -- Check for working C compiler: /usr/bin/cc -- works
[2.111s] -- Detecting C compiler ABI info
[2.234s] -- Detecting C compiler ABI info - done
[2.249s] -- Detecting C compile features
[2.249s] -- Detecting C compile features - done
[2.253s] -- Check for working CXX compiler: /usr/bin/c++
[2.353s] -- Check for working CXX compiler: /usr/bin/c++ -- works
[2.354s] -- Detecting CXX compiler ABI info
[2.459s] -- Detecting CXX compiler ABI info - done
[2.475s] -- Detecting CXX compile features
[2.475s] -- Detecting CXX compile features - done
[2.516s] -- Found ament_cmake: 0.9.8 (/opt/ros/foxy/share/ament_cmake/cmake)
[2.605s] -- Found PythonInterp: /usr/bin/python3 (found suitable version "3.8.5", minimum required is "3") 
[2.606s] -- Using PYTHON_EXECUTABLE: /usr/bin/python3
[3.013s] -- Found ament_lint_auto: 0.9.6 (/opt/ros/foxy/share/ament_lint_auto/cmake)
[3.176s] -- Found rclpy: 1.0.5 (/opt/ros/foxy/share/rclpy/cmake)
[3.182s] -- Found std_msgs: 2.0.4 (/opt/ros/foxy/share/std_msgs/cmake)
[3.360s] -- Using all available rosidl_typesupport_c: rosidl_typesupport_fastrtps_c;rosidl_typesupport_introspection_c
[3.390s] -- Found rosidl_adapter: 1.2.1 (/opt/ros/foxy/share/rosidl_adapter/cmake)
[3.802s] -- Found OpenSSL: /usr/lib/x86_64-linux-gnu/libcrypto.so (found version "1.1.1f")  
[3.877s] -- Found FastRTPS: /opt/ros/foxy/include  
[4.102s] -- Using all available rosidl_typesupport_cpp: rosidl_typesupport_fastrtps_cpp;rosidl_typesupport_introspection_cpp
[4.312s] -- Found rosidl_default_generators: 1.0.1 (/opt/ros/foxy/share/rosidl_default_generators/cmake)
[4.408s] -- Found PythonInterp: /usr/bin/python3 (found version "3.8.5") 
[4.741s] -- Found ament_cmake_ros: 0.9.1 (/opt/ros/foxy/share/ament_cmake_ros/cmake)
[4.912s] -- Using all available rosidl_typesupport_c: rosidl_typesupport_fastrtps_c;rosidl_typesupport_introspection_c
[4.952s] -- Using all available rosidl_typesupport_cpp: rosidl_typesupport_fastrtps_cpp;rosidl_typesupport_introspection_cpp
[4.984s] -- Found PythonInterp: /usr/bin/python3 (found suitable version "3.8.5", minimum required is "3.5") 
[4.998s] -- Found python_cmake_module: 0.8.1 (/opt/ros/foxy/share/python_cmake_module/cmake)
[5.124s] -- Found PythonLibs: /usr/lib/x86_64-linux-gnu/libpython3.8.so (found suitable version "3.8.5", minimum required is "3.5") 
[5.124s] -- Using PYTHON_EXECUTABLE: /usr/bin/python3
[5.124s] -- Using PYTHON_INCLUDE_DIRS: /usr/include/python3.8
[5.124s] -- Using PYTHON_LIBRARIES: /usr/lib/x86_64-linux-gnu/libpython3.8.so
[5.159s] -- Found PythonExtra: .so  
[5.275s] -- Added test 'copyright' to check source files copyright and LICENSE
[5.297s] -- Added test 'flake8' to check Python code syntax and style conventions
[5.299s] -- Added test 'lint_cmake' to check CMake code style
[5.301s] -- Added test 'pep257' to check Python code against some of the style conventions in PEP 257
[5.306s] -- Added test 'xmllint' to check XML markup files
[5.458s] -- Configuring done
[5.549s] -- Generating done
[5.552s] -- Build files have been written to: /home/fizzer/ros2_ws/build/vector
[5.563s] Invoked command in '/home/fizzer/ros2_ws/build/vector' returned '0': CMAKE_PREFIX_PATH=/opt/ros/foxy /usr/bin/cmake /home/fizzer/ros2_ws/src/vector -DCMAKE_INSTALL_PREFIX=/home/fizzer/ros2_ws/install/vector
[5.567s] Invoking command in '/home/fizzer/ros2_ws/build/vector': CMAKE_PREFIX_PATH=/opt/ros/foxy /usr/bin/cmake --build /home/fizzer/ros2_ws/build/vector -- -j4 -l4
[5.619s] [  3%] [34m[1mGenerating C code for ROS interfaces[0m
[5.619s] [35m[1mScanning dependencies of target vector__cpp[0m
[5.633s] [  6%] [34m[1mGenerating C++ code for ROS interfaces[0m
[6.059s] [  6%] Built target vector__cpp
[6.076s] [35m[1mScanning dependencies of target vector__rosidl_generator_c[0m
[6.077s] [ 16%] [34m[1mGenerating C++ type support dispatch for ROS interfaces[0m
[6.077s] [ 16%] [34m[1mGenerating C++ type support for eProsima Fast-RTPS[0m
[6.077s] [ 16%] [34m[1mGenerating C++ introspection for ROS interfaces[0m
[6.163s] [ 19%] [32mBuilding C object CMakeFiles/vector__rosidl_generator_c.dir/rosidl_generator_c/vector/srv/detail/vector_connect__functions.c.o[0m
[6.474s] [ 22%] [32m[1mLinking C shared library libvector__rosidl_generator_c.so[0m
[6.537s] [ 22%] Built target vector__rosidl_generator_c
[6.551s] [ 25%] [34m[1mGenerating C introspection for ROS interfaces[0m
[6.634s] [35m[1mScanning dependencies of target vector__rosidl_typesupport_cpp[0m
[6.743s] [ 29%] [32mBuilding CXX object CMakeFiles/vector__rosidl_typesupport_cpp.dir/rosidl_typesupport_cpp/vector/srv/vector_connect__type_support.cpp.o[0m
[6.747s] [35m[1mScanning dependencies of target vector__rosidl_typesupport_fastrtps_cpp[0m
[6.792s] [35m[1mScanning dependencies of target vector__rosidl_typesupport_introspection_cpp[0m
[6.808s] [ 32%] [32mBuilding CXX object CMakeFiles/vector__rosidl_typesupport_introspection_cpp.dir/rosidl_typesupport_introspection_cpp/vector/srv/detail/vector_connect__type_support.cpp.o[0m
[7.092s] [35m[1mScanning dependencies of target vector__rosidl_typesupport_introspection_c[0m
[7.108s] [ 35%] [32mBuilding C object CMakeFiles/vector__rosidl_typesupport_introspection_c.dir/rosidl_typesupport_introspection_c/vector/srv/detail/vector_connect__type_support.c.o[0m
[7.151s] [ 38%] [32m[1mLinking C shared library libvector__rosidl_typesupport_introspection_c.so[0m
[7.187s] [ 38%] Built target vector__rosidl_typesupport_introspection_c
[7.199s] [ 41%] [34m[1mGenerating C type support dispatch for ROS interfaces[0m
[7.445s] [ 45%] [32mBuilding CXX object CMakeFiles/vector__rosidl_typesupport_fastrtps_cpp.dir/rosidl_typesupport_fastrtps_cpp/vector/srv/detail/dds_fastrtps/vector_connect__type_support.cpp.o[0m
[7.701s] [35m[1mScanning dependencies of target vector__rosidl_typesupport_c[0m
[7.800s] [ 48%] [32mBuilding CXX object CMakeFiles/vector__rosidl_typesupport_c.dir/rosidl_typesupport_c/vector/srv/vector_connect__type_support.cpp.o[0m
[7.973s] [ 51%] [32m[1mLinking CXX shared library libvector__rosidl_typesupport_c.so[0m
[8.022s] [ 51%] Built target vector__rosidl_typesupport_c
[8.526s] [ 54%] [32m[1mLinking CXX shared library libvector__rosidl_typesupport_cpp.so[0m
[8.579s] [ 58%] [32m[1mLinking CXX shared library libvector__rosidl_typesupport_introspection_cpp.so[0m
[8.586s] [ 58%] Built target vector__rosidl_typesupport_cpp
[8.696s] [ 58%] Built target vector__rosidl_typesupport_introspection_cpp
[9.022s] [ 61%] [32m[1mLinking CXX shared library libvector__rosidl_typesupport_fastrtps_cpp.so[0m
[9.167s] [ 61%] Built target vector__rosidl_typesupport_fastrtps_cpp
[9.181s] [ 64%] [34m[1mGenerating C type support for eProsima Fast-RTPS[0m
[9.546s] [35m[1mScanning dependencies of target vector__rosidl_typesupport_fastrtps_c[0m
[9.593s] [ 67%] [32mBuilding CXX object CMakeFiles/vector__rosidl_typesupport_fastrtps_c.dir/rosidl_typesupport_fastrtps_c/vector/srv/detail/vector_connect__type_support_c.cpp.o[0m
[10.083s] [ 70%] [32m[1mLinking CXX shared library libvector__rosidl_typesupport_fastrtps_c.so[0m
[10.206s] [ 70%] Built target vector__rosidl_typesupport_fastrtps_c
[10.222s] [35m[1mScanning dependencies of target vector[0m
[10.235s] [ 70%] Built target vector
[10.251s] [35m[1mScanning dependencies of target vector__py[0m
[10.264s] [ 74%] [34m[1mGenerating Python code for ROS interfaces[0m
[10.960s] [ 74%] Built target vector__py
[10.974s] [35m[1mScanning dependencies of target vector__python[0m
[11.180s] [ 77%] [32mBuilding C object CMakeFiles/vector__python.dir/rosidl_generator_py/vector/srv/_vector_connect_s.c.o[0m
[11.560s] [ 80%] [32m[1mLinking C shared library rosidl_generator_py/vector/libvector__python.so[0m
[11.610s] [ 80%] Built target vector__python
[11.626s] [35m[1mScanning dependencies of target vector__rosidl_typesupport_fastrtps_c__pyext[0m
[11.630s] [35m[1mScanning dependencies of target vector__rosidl_typesupport_introspection_c__pyext[0m
[11.630s] [35m[1mScanning dependencies of target vector__rosidl_typesupport_c__pyext[0m
[11.677s] [ 83%] [32mBuilding C object CMakeFiles/vector__rosidl_typesupport_fastrtps_c__pyext.dir/rosidl_generator_py/vector/_vector_s.ep.rosidl_typesupport_fastrtps_c.c.o[0m
[11.684s] [ 87%] [32mBuilding C object CMakeFiles/vector__rosidl_typesupport_introspection_c__pyext.dir/rosidl_generator_py/vector/_vector_s.ep.rosidl_typesupport_introspection_c.c.o[0m
[11.687s] [ 90%] [32mBuilding C object CMakeFiles/vector__rosidl_typesupport_c__pyext.dir/rosidl_generator_py/vector/_vector_s.ep.rosidl_typesupport_c.c.o[0m
[11.796s] [ 93%] [32m[1mLinking C shared library rosidl_generator_py/vector/vector_s__rosidl_typesupport_c.cpython-38-x86_64-linux-gnu.so[0m
[11.839s] [ 93%] Built target vector__rosidl_typesupport_c__pyext
[11.858s] [100%] [32m[1mLinking CXX shared library rosidl_generator_py/vector/vector_s__rosidl_typesupport_fastrtps_c.cpython-38-x86_64-linux-gnu.so[0m
[11.858s] [100%] [32m[1mLinking C shared library rosidl_generator_py/vector/vector_s__rosidl_typesupport_introspection_c.cpython-38-x86_64-linux-gnu.so[0m
[11.904s] [100%] Built target vector__rosidl_typesupport_introspection_c__pyext
[11.943s] [100%] Built target vector__rosidl_typesupport_fastrtps_c__pyext
[11.956s] Invoked command in '/home/fizzer/ros2_ws/build/vector' returned '0': CMAKE_PREFIX_PATH=/opt/ros/foxy /usr/bin/cmake --build /home/fizzer/ros2_ws/build/vector -- -j4 -l4
[12.027s] Invoking command in '/home/fizzer/ros2_ws/build/vector': CMAKE_PREFIX_PATH=/opt/ros/foxy /usr/bin/cmake --install /home/fizzer/ros2_ws/build/vector
[12.038s] -- Install configuration: ""
[12.039s] -- Installing: /home/fizzer/ros2_ws/install/vector/share/vector/environment/pythonpath.sh
[12.039s] -- Installing: /home/fizzer/ros2_ws/install/vector/share/vector/environment/pythonpath.dsv
[12.039s] -- Installing: /home/fizzer/ros2_ws/install/vector/lib/python3.8/site-packages/vector
[12.039s] -- Installing: /home/fizzer/ros2_ws/install/vector/lib/python3.8/site-packages/vector/__init__.py
[12.039s] -- Installing: /home/fizzer/ros2_ws/install/vector/lib/python3.8/site-packages/vector/vector_interface.py
[12.039s] -- Installing: /home/fizzer/ros2_ws/install/vector/lib/python3.8/site-packages/vector/client_test.py
[12.083s] Listing '/home/fizzer/ros2_ws/install/vector/lib/python3.8/site-packages/vector'...
[12.083s] Compiling '/home/fizzer/ros2_ws/install/vector/lib/python3.8/site-packages/vector/__init__.py'...
[12.083s] Compiling '/home/fizzer/ros2_ws/install/vector/lib/python3.8/site-packages/vector/client_test.py'...
[12.083s] Compiling '/home/fizzer/ros2_ws/install/vector/lib/python3.8/site-packages/vector/vector_interface.py'...
[12.088s] -- Installing: /home/fizzer/ros2_ws/install/vector/lib/vector/vector_interface.py
[12.088s] -- Installing: /home/fizzer/ros2_ws/install/vector/lib/vector/client_test.py
[12.089s] -- Installing: /home/fizzer/ros2_ws/install/vector/share/ament_index/resource_index/rosidl_interfaces/vector
[12.089s] -- Installing: /home/fizzer/ros2_ws/install/vector/include/vector
[12.089s] -- Installing: /home/fizzer/ros2_ws/install/vector/include/vector/srv
[12.089s] -- Installing: /home/fizzer/ros2_ws/install/vector/include/vector/srv/detail
[12.090s] -- Installing: /home/fizzer/ros2_ws/install/vector/include/vector/srv/detail/vector_connect__functions.h
[12.090s] -- Installing: /home/fizzer/ros2_ws/install/vector/include/vector/srv/detail/vector_connect__struct.h
[12.090s] -- Installing: /home/fizzer/ros2_ws/install/vector/include/vector/srv/detail/vector_connect__functions.c
[12.090s] -- Installing: /home/fizzer/ros2_ws/install/vector/include/vector/srv/detail/vector_connect__type_support.h
[12.091s] -- Installing: /home/fizzer/ros2_ws/install/vector/include/vector/srv/vector_connect.h
[12.091s] -- Installing: /home/fizzer/ros2_ws/install/vector/include/vector/msg
[12.091s] -- Installing: /home/fizzer/ros2_ws/install/vector/include/vector/msg/rosidl_generator_c__visibility_control.h
[12.091s] -- Installing: /home/fizzer/ros2_ws/install/vector/share/vector/environment/library_path.sh
[12.092s] -- Installing: /home/fizzer/ros2_ws/install/vector/share/vector/environment/library_path.dsv
[12.092s] -- Installing: /home/fizzer/ros2_ws/install/vector/lib/libvector__rosidl_generator_c.so
[12.092s] -- Set runtime path of "/home/fizzer/ros2_ws/install/vector/lib/libvector__rosidl_generator_c.so" to ""
[12.092s] -- Up-to-date: /home/fizzer/ros2_ws/install/vector/include/vector
[12.093s] -- Up-to-date: /home/fizzer/ros2_ws/install/vector/include/vector/srv
[12.093s] -- Up-to-date: /home/fizzer/ros2_ws/install/vector/include/vector/srv/detail
[12.093s] -- Installing: /home/fizzer/ros2_ws/install/vector/include/vector/srv/detail/vector_connect__rosidl_typesupport_fastrtps_c.h
[12.093s] -- Up-to-date: /home/fizzer/ros2_ws/install/vector/include/vector/msg
[12.093s] -- Installing: /home/fizzer/ros2_ws/install/vector/include/vector/msg/rosidl_typesupport_fastrtps_c__visibility_control.h
[12.094s] -- Installing: /home/fizzer/ros2_ws/install/vector/lib/libvector__rosidl_typesupport_fastrtps_c.so
[12.094s] -- Set runtime path of "/home/fizzer/ros2_ws/install/vector/lib/libvector__rosidl_typesupport_fastrtps_c.so" to ""
[12.094s] -- Up-to-date: /home/fizzer/ros2_ws/install/vector/include/vector
[12.094s] -- Up-to-date: /home/fizzer/ros2_ws/install/vector/include/vector/srv
[12.095s] -- Up-to-date: /home/fizzer/ros2_ws/install/vector/include/vector/srv/detail
[12.095s] -- Installing: /home/fizzer/ros2_ws/install/vector/include/vector/srv/detail/dds_fastrtps
[12.095s] -- Installing: /home/fizzer/ros2_ws/install/vector/include/vector/srv/detail/vector_connect__rosidl_typesupport_fastrtps_cpp.hpp
[12.095s] -- Up-to-date: /home/fizzer/ros2_ws/install/vector/include/vector/msg
[12.095s] -- Installing: /home/fizzer/ros2_ws/install/vector/include/vector/msg/rosidl_typesupport_fastrtps_cpp__visibility_control.h
[12.096s] -- Installing: /home/fizzer/ros2_ws/install/vector/lib/libvector__rosidl_typesupport_fastrtps_cpp.so
[12.096s] -- Set runtime path of "/home/fizzer/ros2_ws/install/vector/lib/libvector__rosidl_typesupport_fastrtps_cpp.so" to ""
[12.096s] -- Up-to-date: /home/fizzer/ros2_ws/install/vector/include/vector
[12.096s] -- Up-to-date: /home/fizzer/ros2_ws/install/vector/include/vector/srv
[12.097s] -- Up-to-date: /home/fizzer/ros2_ws/install/vector/include/vector/srv/detail
[12.097s] -- Installing: /home/fizzer/ros2_ws/install/vector/include/vector/srv/detail/vector_connect__type_support.c
[12.097s] -- Installing: /home/fizzer/ros2_ws/install/vector/include/vector/srv/detail/vector_connect__rosidl_typesupport_introspection_c.h
[12.097s] -- Up-to-date: /home/fizzer/ros2_ws/install/vector/include/vector/msg
[12.097s] -- Installing: /home/fizzer/ros2_ws/install/vector/include/vector/msg/rosidl_typesupport_introspection_c__visibility_control.h
[12.098s] -- Installing: /home/fizzer/ros2_ws/install/vector/lib/libvector__rosidl_typesupport_introspection_c.so
[12.098s] -- Set runtime path of "/home/fizzer/ros2_ws/install/vector/lib/libvector__rosidl_typesupport_introspection_c.so" to ""
[12.098s] -- Installing: /home/fizzer/ros2_ws/install/vector/lib/libvector__rosidl_typesupport_c.so
[12.099s] -- Set runtime path of "/home/fizzer/ros2_ws/install/vector/lib/libvector__rosidl_typesupport_c.so" to ""
[12.099s] -- Up-to-date: /home/fizzer/ros2_ws/install/vector/include/vector
[12.099s] -- Up-to-date: /home/fizzer/ros2_ws/install/vector/include/vector/srv
[12.099s] -- Up-to-date: /home/fizzer/ros2_ws/install/vector/include/vector/srv/detail
[12.100s] -- Installing: /home/fizzer/ros2_ws/install/vector/include/vector/srv/detail/vector_connect__traits.hpp
[12.100s] -- Installing: /home/fizzer/ros2_ws/install/vector/include/vector/srv/detail/vector_connect__builder.hpp
[12.100s] -- Installing: /home/fizzer/ros2_ws/install/vector/include/vector/srv/detail/vector_connect__struct.hpp
[12.100s] -- Installing: /home/fizzer/ros2_ws/install/vector/include/vector/srv/vector_connect.hpp
[12.100s] -- Up-to-date: /home/fizzer/ros2_ws/install/vector/include/vector
[12.101s] -- Up-to-date: /home/fizzer/ros2_ws/install/vector/include/vector/srv
[12.101s] -- Up-to-date: /home/fizzer/ros2_ws/install/vector/include/vector/srv/detail
[12.101s] -- Installing: /home/fizzer/ros2_ws/install/vector/include/vector/srv/detail/vector_connect__rosidl_typesupport_introspection_cpp.hpp
[12.101s] -- Installing: /home/fizzer/ros2_ws/install/vector/include/vector/srv/detail/vector_connect__type_support.cpp
[12.102s] -- Installing: /home/fizzer/ros2_ws/install/vector/lib/libvector__rosidl_typesupport_introspection_cpp.so
[12.102s] -- Set runtime path of "/home/fizzer/ros2_ws/install/vector/lib/libvector__rosidl_typesupport_introspection_cpp.so" to ""
[12.102s] -- Installing: /home/fizzer/ros2_ws/install/vector/lib/libvector__rosidl_typesupport_cpp.so
[12.102s] -- Set runtime path of "/home/fizzer/ros2_ws/install/vector/lib/libvector__rosidl_typesupport_cpp.so" to ""
[12.103s] -- Installing: /home/fizzer/ros2_ws/install/vector/lib/python3.8/site-packages/vector/__init__.py
[12.145s] Compiling '/home/fizzer/ros2_ws/install/vector/lib/python3.8/site-packages/vector/__init__.py'...
[12.150s] -- Installing: /home/fizzer/ros2_ws/install/vector/lib/python3.8/site-packages/vector/srv
[12.151s] -- Installing: /home/fizzer/ros2_ws/install/vector/lib/python3.8/site-packages/vector/srv/_vector_connect_s.c
[12.151s] -- Installing: /home/fizzer/ros2_ws/install/vector/lib/python3.8/site-packages/vector/srv/_vector_connect.py
[12.151s] -- Installing: /home/fizzer/ros2_ws/install/vector/lib/python3.8/site-packages/vector/srv/__init__.py
[12.151s] -- Installing: /home/fizzer/ros2_ws/install/vector/lib/python3.8/site-packages/vector/vector_s__rosidl_typesupport_fastrtps_c.cpython-38-x86_64-linux-gnu.so
[12.152s] -- Set runtime path of "/home/fizzer/ros2_ws/install/vector/lib/python3.8/site-packages/vector/vector_s__rosidl_typesupport_fastrtps_c.cpython-38-x86_64-linux-gnu.so" to ""
[12.152s] -- Installing: /home/fizzer/ros2_ws/install/vector/lib/python3.8/site-packages/vector/vector_s__rosidl_typesupport_introspection_c.cpython-38-x86_64-linux-gnu.so
[12.153s] -- Set runtime path of "/home/fizzer/ros2_ws/install/vector/lib/python3.8/site-packages/vector/vector_s__rosidl_typesupport_introspection_c.cpython-38-x86_64-linux-gnu.so" to ""
[12.153s] -- Installing: /home/fizzer/ros2_ws/install/vector/lib/python3.8/site-packages/vector/vector_s__rosidl_typesupport_c.cpython-38-x86_64-linux-gnu.so
[12.154s] -- Set runtime path of "/home/fizzer/ros2_ws/install/vector/lib/python3.8/site-packages/vector/vector_s__rosidl_typesupport_c.cpython-38-x86_64-linux-gnu.so" to ""
[12.154s] -- Installing: /home/fizzer/ros2_ws/install/vector/lib/libvector__python.so
[12.155s] -- Set runtime path of "/home/fizzer/ros2_ws/install/vector/lib/libvector__python.so" to ""
[12.155s] -- Installing: /home/fizzer/ros2_ws/install/vector/share/vector/srv/VectorConnect.idl
[12.156s] -- Installing: /home/fizzer/ros2_ws/install/vector/share/vector/srv/VectorConnect.srv
[12.156s] -- Installing: /home/fizzer/ros2_ws/install/vector/share/vector/srv/VectorConnect_Request.msg
[12.156s] -- Installing: /home/fizzer/ros2_ws/install/vector/share/vector/srv/VectorConnect_Response.msg
[12.156s] -- Installing: /home/fizzer/ros2_ws/install/vector/share/ament_index/resource_index/package_run_dependencies/vector
[12.157s] -- Installing: /home/fizzer/ros2_ws/install/vector/share/ament_index/resource_index/parent_prefix_path/vector
[12.157s] -- Installing: /home/fizzer/ros2_ws/install/vector/share/vector/environment/ament_prefix_path.sh
[12.157s] -- Installing: /home/fizzer/ros2_ws/install/vector/share/vector/environment/ament_prefix_path.dsv
[12.157s] -- Installing: /home/fizzer/ros2_ws/install/vector/share/vector/environment/path.sh
[12.158s] -- Installing: /home/fizzer/ros2_ws/install/vector/share/vector/environment/path.dsv
[12.158s] -- Installing: /home/fizzer/ros2_ws/install/vector/share/vector/local_setup.bash
[12.158s] -- Installing: /home/fizzer/ros2_ws/install/vector/share/vector/local_setup.sh
[12.159s] -- Installing: /home/fizzer/ros2_ws/install/vector/share/vector/local_setup.zsh
[12.159s] -- Installing: /home/fizzer/ros2_ws/install/vector/share/vector/local_setup.dsv
[12.159s] -- Installing: /home/fizzer/ros2_ws/install/vector/share/vector/package.dsv
[12.159s] -- Installing: /home/fizzer/ros2_ws/install/vector/share/ament_index/resource_index/packages/vector
[12.160s] -- Installing: /home/fizzer/ros2_ws/install/vector/share/vector/cmake/vector__rosidl_generator_cExport.cmake
[12.160s] -- Installing: /home/fizzer/ros2_ws/install/vector/share/vector/cmake/vector__rosidl_generator_cExport-noconfig.cmake
[12.160s] -- Installing: /home/fizzer/ros2_ws/install/vector/share/vector/cmake/vector__rosidl_typesupport_introspection_cExport.cmake
[12.161s] -- Installing: /home/fizzer/ros2_ws/install/vector/share/vector/cmake/vector__rosidl_typesupport_introspection_cExport-noconfig.cmake
[12.161s] -- Installing: /home/fizzer/ros2_ws/install/vector/share/vector/cmake/vector__rosidl_typesupport_cExport.cmake
[12.161s] -- Installing: /home/fizzer/ros2_ws/install/vector/share/vector/cmake/vector__rosidl_typesupport_cExport-noconfig.cmake
[12.162s] -- Installing: /home/fizzer/ros2_ws/install/vector/share/vector/cmake/vector__rosidl_generator_cppExport.cmake
[12.162s] -- Installing: /home/fizzer/ros2_ws/install/vector/share/vector/cmake/vector__rosidl_typesupport_introspection_cppExport.cmake
[12.162s] -- Installing: /home/fizzer/ros2_ws/install/vector/share/vector/cmake/vector__rosidl_typesupport_introspection_cppExport-noconfig.cmake
[12.163s] -- Installing: /home/fizzer/ros2_ws/install/vector/share/vector/cmake/vector__rosidl_typesupport_cppExport.cmake
[12.163s] -- Installing: /home/fizzer/ros2_ws/install/vector/share/vector/cmake/vector__rosidl_typesupport_cppExport-noconfig.cmake
[12.163s] -- Installing: /home/fizzer/ros2_ws/install/vector/share/vector/cmake/rosidl_cmake-extras.cmake
[12.163s] -- Installing: /home/fizzer/ros2_ws/install/vector/share/vector/cmake/ament_cmake_export_dependencies-extras.cmake
[12.164s] -- Installing: /home/fizzer/ros2_ws/install/vector/share/vector/cmake/ament_cmake_export_libraries-extras.cmake
[12.164s] -- Installing: /home/fizzer/ros2_ws/install/vector/share/vector/cmake/ament_cmake_export_targets-extras.cmake
[12.164s] -- Installing: /home/fizzer/ros2_ws/install/vector/share/vector/cmake/ament_cmake_export_include_directories-extras.cmake
[12.164s] -- Installing: /home/fizzer/ros2_ws/install/vector/share/vector/cmake/rosidl_cmake_export_typesupport_libraries-extras.cmake
[12.165s] -- Installing: /home/fizzer/ros2_ws/install/vector/share/vector/cmake/rosidl_cmake_export_typesupport_targets-extras.cmake
[12.165s] -- Installing: /home/fizzer/ros2_ws/install/vector/share/vector/cmake/vectorConfig.cmake
[12.165s] -- Installing: /home/fizzer/ros2_ws/install/vector/share/vector/cmake/vectorConfig-version.cmake
[12.165s] -- Installing: /home/fizzer/ros2_ws/install/vector/share/vector/package.xml
[12.169s] Invoked command in '/home/fizzer/ros2_ws/build/vector' returned '0': CMAKE_PREFIX_PATH=/opt/ros/foxy /usr/bin/cmake --install /home/fizzer/ros2_ws/build/vector
