[0.317s] Invoking command in '/home/fizzer/ros2_ws/src/my_package': PYTHONPATH=/home/fizzer/ros2_ws/install/my_package/lib/python3.8/site-packages:${PYTHONPATH} /usr/bin/python3 setup.py egg_info --egg-base ../../build/my_package build --build-base /home/fizzer/ros2_ws/build/my_package/build install --prefix /home/fizzer/ros2_ws/install/my_package --record /home/fizzer/ros2_ws/build/my_package/install.log --single-version-externally-managed
[0.586s] running egg_info
[0.587s] writing ../../build/my_package/my_package.egg-info/PKG-INFO
[0.587s] writing dependency_links to ../../build/my_package/my_package.egg-info/dependency_links.txt
[0.588s] writing entry points to ../../build/my_package/my_package.egg-info/entry_points.txt
[0.588s] writing requirements to ../../build/my_package/my_package.egg-info/requires.txt
[0.588s] writing top-level names to ../../build/my_package/my_package.egg-info/top_level.txt
[0.629s] reading manifest file '../../build/my_package/my_package.egg-info/SOURCES.txt'
[0.630s] writing manifest file '../../build/my_package/my_package.egg-info/SOURCES.txt'
[0.631s] running build
[0.631s] running build_py
[0.632s] running install
[0.633s] running install_lib
[0.635s] running install_data
[0.636s] running install_egg_info
[0.638s] removing '/home/fizzer/ros2_ws/install/my_package/lib/python3.8/site-packages/my_package-0.0.0-py3.8.egg-info' (and everything under it)
[0.638s] Copying ../../build/my_package/my_package.egg-info to /home/fizzer/ros2_ws/install/my_package/lib/python3.8/site-packages/my_package-0.0.0-py3.8.egg-info
[0.640s] running install_scripts
[0.661s] Installing cli script to /home/fizzer/ros2_ws/install/my_package/lib/my_package
[0.662s] Installing listen script to /home/fizzer/ros2_ws/install/my_package/lib/my_package
[0.662s] Installing listen2 script to /home/fizzer/ros2_ws/install/my_package/lib/my_package
[0.662s] Installing my_node script to /home/fizzer/ros2_ws/install/my_package/lib/my_package
[0.663s] Installing serv script to /home/fizzer/ros2_ws/install/my_package/lib/my_package
[0.663s] Installing talk script to /home/fizzer/ros2_ws/install/my_package/lib/my_package
[0.663s] Installing talk2 script to /home/fizzer/ros2_ws/install/my_package/lib/my_package
[0.663s] writing list of installed files to '/home/fizzer/ros2_ws/build/my_package/install.log'
[0.693s] Invoked command in '/home/fizzer/ros2_ws/src/my_package' returned '0': PYTHONPATH=/home/fizzer/ros2_ws/install/my_package/lib/python3.8/site-packages:${PYTHONPATH} /usr/bin/python3 setup.py egg_info --egg-base ../../build/my_package build --build-base /home/fizzer/ros2_ws/build/my_package/build install --prefix /home/fizzer/ros2_ws/install/my_package --record /home/fizzer/ros2_ws/build/my_package/install.log --single-version-externally-managed
