running egg_info
creating ../build/pkg1/pkg1.egg-info
writing ../build/pkg1/pkg1.egg-info/PKG-INFO
writing dependency_links to ../build/pkg1/pkg1.egg-info/dependency_links.txt
writing entry points to ../build/pkg1/pkg1.egg-info/entry_points.txt
writing requirements to ../build/pkg1/pkg1.egg-info/requires.txt
writing top-level names to ../build/pkg1/pkg1.egg-info/top_level.txt
writing manifest file '../build/pkg1/pkg1.egg-info/SOURCES.txt'
reading manifest file '../build/pkg1/pkg1.egg-info/SOURCES.txt'
writing manifest file '../build/pkg1/pkg1.egg-info/SOURCES.txt'
running build
running build_py
creating /home/fizzer/ros2_ws/src/build/pkg1/build
creating /home/fizzer/ros2_ws/src/build/pkg1/build/lib
creating /home/fizzer/ros2_ws/src/build/pkg1/build/lib/pkg1
copying pkg1/__init__.py -> /home/fizzer/ros2_ws/src/build/pkg1/build/lib/pkg1
copying pkg1/node1.py -> /home/fizzer/ros2_ws/src/build/pkg1/build/lib/pkg1
running install
running install_lib
creating /home/fizzer/ros2_ws/src/install/pkg1/lib/python3.8/site-packages/pkg1
copying /home/fizzer/ros2_ws/src/build/pkg1/build/lib/pkg1/__init__.py -> /home/fizzer/ros2_ws/src/install/pkg1/lib/python3.8/site-packages/pkg1
copying /home/fizzer/ros2_ws/src/build/pkg1/build/lib/pkg1/node1.py -> /home/fizzer/ros2_ws/src/install/pkg1/lib/python3.8/site-packages/pkg1
byte-compiling /home/fizzer/ros2_ws/src/install/pkg1/lib/python3.8/site-packages/pkg1/__init__.py to __init__.cpython-38.pyc
byte-compiling /home/fizzer/ros2_ws/src/install/pkg1/lib/python3.8/site-packages/pkg1/node1.py to node1.cpython-38.pyc
running install_data
creating /home/fizzer/ros2_ws/src/install/pkg1/share/ament_index
creating /home/fizzer/ros2_ws/src/install/pkg1/share/ament_index/resource_index
creating /home/fizzer/ros2_ws/src/install/pkg1/share/ament_index/resource_index/packages
copying resource/pkg1 -> /home/fizzer/ros2_ws/src/install/pkg1/share/ament_index/resource_index/packages
copying package.xml -> /home/fizzer/ros2_ws/src/install/pkg1/share/pkg1
running install_egg_info
Copying ../build/pkg1/pkg1.egg-info to /home/fizzer/ros2_ws/src/install/pkg1/lib/python3.8/site-packages/pkg1-0.0.0-py3.8.egg-info
running install_scripts
Installing node1 script to /home/fizzer/ros2_ws/src/install/pkg1/lib/pkg1
writing list of installed files to '/home/fizzer/ros2_ws/src/build/pkg1/install.log'
