[1.241s] Invoking command in '/home/fizzer/ros2_ws/src/pkg1': PYTHONPATH=/home/fizzer/ros2_ws/src/install/pkg1/lib/python3.8/site-packages:${PYTHONPATH} /usr/bin/python3 setup.py egg_info --egg-base ../build/pkg1 build --build-base /home/fizzer/ros2_ws/src/build/pkg1/build install --prefix /home/fizzer/ros2_ws/src/install/pkg1 --record /home/fizzer/ros2_ws/src/build/pkg1/install.log --single-version-externally-managed
[1.759s] running egg_info
[1.760s] creating ../build/pkg1/pkg1.egg-info
[1.761s] writing ../build/pkg1/pkg1.egg-info/PKG-INFO
[1.761s] writing dependency_links to ../build/pkg1/pkg1.egg-info/dependency_links.txt
[1.762s] writing entry points to ../build/pkg1/pkg1.egg-info/entry_points.txt
[1.762s] writing requirements to ../build/pkg1/pkg1.egg-info/requires.txt
[1.762s] writing top-level names to ../build/pkg1/pkg1.egg-info/top_level.txt
[1.765s] writing manifest file '../build/pkg1/pkg1.egg-info/SOURCES.txt'
[1.845s] reading manifest file '../build/pkg1/pkg1.egg-info/SOURCES.txt'
[1.847s] writing manifest file '../build/pkg1/pkg1.egg-info/SOURCES.txt'
[1.848s] running build
[1.848s] running build_py
[1.848s] creating /home/fizzer/ros2_ws/src/build/pkg1/build
[1.849s] creating /home/fizzer/ros2_ws/src/build/pkg1/build/lib
[1.849s] creating /home/fizzer/ros2_ws/src/build/pkg1/build/lib/pkg1
[1.849s] copying pkg1/__init__.py -> /home/fizzer/ros2_ws/src/build/pkg1/build/lib/pkg1
[1.849s] copying pkg1/node1.py -> /home/fizzer/ros2_ws/src/build/pkg1/build/lib/pkg1
[1.850s] running install
[1.851s] running install_lib
[1.854s] creating /home/fizzer/ros2_ws/src/install/pkg1/lib/python3.8/site-packages/pkg1
[1.855s] copying /home/fizzer/ros2_ws/src/build/pkg1/build/lib/pkg1/__init__.py -> /home/fizzer/ros2_ws/src/install/pkg1/lib/python3.8/site-packages/pkg1
[1.855s] copying /home/fizzer/ros2_ws/src/build/pkg1/build/lib/pkg1/node1.py -> /home/fizzer/ros2_ws/src/install/pkg1/lib/python3.8/site-packages/pkg1
[1.856s] byte-compiling /home/fizzer/ros2_ws/src/install/pkg1/lib/python3.8/site-packages/pkg1/__init__.py to __init__.cpython-38.pyc
[1.859s] byte-compiling /home/fizzer/ros2_ws/src/install/pkg1/lib/python3.8/site-packages/pkg1/node1.py to node1.cpython-38.pyc
[1.859s] running install_data
[1.860s] creating /home/fizzer/ros2_ws/src/install/pkg1/share/ament_index
[1.860s] creating /home/fizzer/ros2_ws/src/install/pkg1/share/ament_index/resource_index
[1.861s] creating /home/fizzer/ros2_ws/src/install/pkg1/share/ament_index/resource_index/packages
[1.861s] copying resource/pkg1 -> /home/fizzer/ros2_ws/src/install/pkg1/share/ament_index/resource_index/packages
[1.861s] copying package.xml -> /home/fizzer/ros2_ws/src/install/pkg1/share/pkg1
[1.861s] running install_egg_info
[1.865s] Copying ../build/pkg1/pkg1.egg-info to /home/fizzer/ros2_ws/src/install/pkg1/lib/python3.8/site-packages/pkg1-0.0.0-py3.8.egg-info
[1.867s] running install_scripts
[1.916s] Installing node1 script to /home/fizzer/ros2_ws/src/install/pkg1/lib/pkg1
[1.916s] writing list of installed files to '/home/fizzer/ros2_ws/src/build/pkg1/install.log'
[2.294s] Invoked command in '/home/fizzer/ros2_ws/src/pkg1' returned '0': PYTHONPATH=/home/fizzer/ros2_ws/src/install/pkg1/lib/python3.8/site-packages:${PYTHONPATH} /usr/bin/python3 setup.py egg_info --egg-base ../build/pkg1 build --build-base /home/fizzer/ros2_ws/src/build/pkg1/build install --prefix /home/fizzer/ros2_ws/src/install/pkg1 --record /home/fizzer/ros2_ws/src/build/pkg1/install.log --single-version-externally-managed
