[0.376s] DEBUG:colcon:Command line arguments: ['/usr/bin/colcon', 'build']
[0.376s] DEBUG:colcon:Parsed command line arguments: Namespace(ament_cmake_args=None, base_paths=['.'], build_base='build', catkin_cmake_args=None, catkin_skip_building_tests=False, cmake_args=None, cmake_clean_cache=False, cmake_clean_first=False, cmake_force_configure=False, cmake_target=None, cmake_target_skip_unavailable=False, continue_on_error=False, event_handlers=None, executor='parallel', ignore_user_meta=False, install_base='install', log_base=None, log_level=None, main=<bound method BuildVerb.main of <colcon_core.verb.build.BuildVerb object at 0x7f51ecf29dc0>>, merge_install=False, metas=['./colcon.meta'], packages_above=None, packages_above_and_dependencies=None, packages_above_depth=None, packages_end=None, packages_ignore=None, packages_ignore_regex=None, packages_select=None, packages_select_build_failed=False, packages_select_by_dep=None, packages_select_regex=None, packages_select_test_failures=False, packages_skip=None, packages_skip_build_finished=False, packages_skip_by_dep=None, packages_skip_regex=None, packages_skip_test_passed=False, packages_skip_up_to=None, packages_start=None, packages_up_to=None, packages_up_to_regex=None, parallel_workers=4, paths=None, symlink_install=False, test_result_base=None, verb_extension=<colcon_core.verb.build.BuildVerb object at 0x7f51ecf29dc0>, verb_name='build', verb_parser=<colcon_defaults.argument_parser.defaults.DefaultArgumentsDecorator object at 0x7f51eceb4370>)
[0.382s] Level 1:colcon.colcon_core.package_discovery:discover_packages(colcon_meta) check parameters
[0.383s] Level 1:colcon.colcon_core.package_discovery:discover_packages(recursive) check parameters
[0.383s] Level 1:colcon.colcon_core.package_discovery:discover_packages(ignore) check parameters
[0.383s] Level 1:colcon.colcon_core.package_discovery:discover_packages(path) check parameters
[0.383s] Level 1:colcon.colcon_core.package_discovery:discover_packages(colcon_meta) discover
[0.383s] Level 1:colcon.colcon_core.package_discovery:discover_packages(recursive) discover
[0.383s] INFO:colcon.colcon_core.package_discovery:Crawling recursively for packages in '/home/fizzer/ros2_ws'
[0.383s] Level 1:colcon.colcon_core.package_identification:_identify(.) by extensions ['ignore', 'ignore_ament_install']
[0.383s] Level 1:colcon.colcon_core.package_identification:_identify(.) by extension 'ignore'
[0.383s] Level 1:colcon.colcon_core.package_identification:_identify(.) by extension 'ignore_ament_install'
[0.383s] Level 1:colcon.colcon_core.package_identification:_identify(.) by extensions ['colcon_pkg']
[0.383s] Level 1:colcon.colcon_core.package_identification:_identify(.) by extension 'colcon_pkg'
[0.383s] Level 1:colcon.colcon_core.package_identification:_identify(.) by extensions ['colcon_meta']
[0.383s] Level 1:colcon.colcon_core.package_identification:_identify(.) by extension 'colcon_meta'
[0.384s] Level 1:colcon.colcon_core.package_identification:_identify(.) by extensions ['ros']
[0.384s] Level 1:colcon.colcon_core.package_identification:_identify(.) by extension 'ros'
[0.402s] Level 1:colcon.colcon_core.package_identification:_identify(.) by extensions ['cmake', 'python']
[0.402s] Level 1:colcon.colcon_core.package_identification:_identify(.) by extension 'cmake'
[0.402s] Level 1:colcon.colcon_core.package_identification:_identify(.) by extension 'python'
[0.402s] Level 1:colcon.colcon_core.package_identification:_identify(.) by extensions ['python_setup_py']
[0.402s] Level 1:colcon.colcon_core.package_identification:_identify(.) by extension 'python_setup_py'
[0.402s] Level 1:colcon.colcon_core.package_identification:_identify(build) by extensions ['ignore', 'ignore_ament_install']
[0.402s] Level 1:colcon.colcon_core.package_identification:_identify(build) by extension 'ignore'
[0.402s] Level 1:colcon.colcon_core.package_identification:_identify(build) ignored
[0.403s] Level 1:colcon.colcon_core.package_identification:_identify(install) by extensions ['ignore', 'ignore_ament_install']
[0.403s] Level 1:colcon.colcon_core.package_identification:_identify(install) by extension 'ignore'
[0.403s] Level 1:colcon.colcon_core.package_identification:_identify(install) ignored
[0.403s] Level 1:colcon.colcon_core.package_identification:_identify(log) by extensions ['ignore', 'ignore_ament_install']
[0.403s] Level 1:colcon.colcon_core.package_identification:_identify(log) by extension 'ignore'
[0.403s] Level 1:colcon.colcon_core.package_identification:_identify(log) ignored
[0.403s] Level 1:colcon.colcon_core.package_identification:_identify(src) by extensions ['ignore', 'ignore_ament_install']
[0.403s] Level 1:colcon.colcon_core.package_identification:_identify(src) by extension 'ignore'
[0.403s] Level 1:colcon.colcon_core.package_identification:_identify(src) by extension 'ignore_ament_install'
[0.404s] Level 1:colcon.colcon_core.package_identification:_identify(src) by extensions ['colcon_pkg']
[0.404s] Level 1:colcon.colcon_core.package_identification:_identify(src) by extension 'colcon_pkg'
[0.404s] Level 1:colcon.colcon_core.package_identification:_identify(src) by extensions ['colcon_meta']
[0.404s] Level 1:colcon.colcon_core.package_identification:_identify(src) by extension 'colcon_meta'
[0.404s] Level 1:colcon.colcon_core.package_identification:_identify(src) by extensions ['ros']
[0.404s] Level 1:colcon.colcon_core.package_identification:_identify(src) by extension 'ros'
[0.404s] Level 1:colcon.colcon_core.package_identification:_identify(src) by extensions ['cmake', 'python']
[0.404s] Level 1:colcon.colcon_core.package_identification:_identify(src) by extension 'cmake'
[0.404s] Level 1:colcon.colcon_core.package_identification:_identify(src) by extension 'python'
[0.404s] Level 1:colcon.colcon_core.package_identification:_identify(src) by extensions ['python_setup_py']
[0.404s] Level 1:colcon.colcon_core.package_identification:_identify(src) by extension 'python_setup_py'
[0.404s] Level 1:colcon.colcon_core.package_identification:_identify(src/build) by extensions ['ignore', 'ignore_ament_install']
[0.404s] Level 1:colcon.colcon_core.package_identification:_identify(src/build) by extension 'ignore'
[0.404s] Level 1:colcon.colcon_core.package_identification:_identify(src/build) ignored
[0.405s] Level 1:colcon.colcon_core.package_identification:_identify(src/cameraTests) by extensions ['ignore', 'ignore_ament_install']
[0.405s] Level 1:colcon.colcon_core.package_identification:_identify(src/cameraTests) by extension 'ignore'
[0.405s] Level 1:colcon.colcon_core.package_identification:_identify(src/cameraTests) by extension 'ignore_ament_install'
[0.405s] Level 1:colcon.colcon_core.package_identification:_identify(src/cameraTests) by extensions ['colcon_pkg']
[0.405s] Level 1:colcon.colcon_core.package_identification:_identify(src/cameraTests) by extension 'colcon_pkg'
[0.405s] Level 1:colcon.colcon_core.package_identification:_identify(src/cameraTests) by extensions ['colcon_meta']
[0.405s] Level 1:colcon.colcon_core.package_identification:_identify(src/cameraTests) by extension 'colcon_meta'
[0.405s] Level 1:colcon.colcon_core.package_identification:_identify(src/cameraTests) by extensions ['ros']
[0.405s] Level 1:colcon.colcon_core.package_identification:_identify(src/cameraTests) by extension 'ros'
[0.408s] DEBUG:colcon.colcon_core.package_identification:Package 'src/cameraTests' with type 'ros.ament_python' and name 'cameraTests'
[0.408s] Level 1:colcon.colcon_core.package_identification:_identify(src/install) by extensions ['ignore', 'ignore_ament_install']
[0.409s] Level 1:colcon.colcon_core.package_identification:_identify(src/install) by extension 'ignore'
[0.409s] Level 1:colcon.colcon_core.package_identification:_identify(src/install) ignored
[0.409s] Level 1:colcon.colcon_core.package_identification:_identify(src/keyDrive) by extensions ['ignore', 'ignore_ament_install']
[0.409s] Level 1:colcon.colcon_core.package_identification:_identify(src/keyDrive) by extension 'ignore'
[0.409s] Level 1:colcon.colcon_core.package_identification:_identify(src/keyDrive) by extension 'ignore_ament_install'
[0.409s] Level 1:colcon.colcon_core.package_identification:_identify(src/keyDrive) by extensions ['colcon_pkg']
[0.409s] Level 1:colcon.colcon_core.package_identification:_identify(src/keyDrive) by extension 'colcon_pkg'
[0.409s] Level 1:colcon.colcon_core.package_identification:_identify(src/keyDrive) by extensions ['colcon_meta']
[0.409s] Level 1:colcon.colcon_core.package_identification:_identify(src/keyDrive) by extension 'colcon_meta'
[0.409s] Level 1:colcon.colcon_core.package_identification:_identify(src/keyDrive) by extensions ['ros']
[0.409s] Level 1:colcon.colcon_core.package_identification:_identify(src/keyDrive) by extension 'ros'
[0.410s] DEBUG:colcon.colcon_core.package_identification:Package 'src/keyDrive' with type 'ros.ament_python' and name 'keyDrive'
[0.410s] Level 1:colcon.colcon_core.package_identification:_identify(src/log) by extensions ['ignore', 'ignore_ament_install']
[0.411s] Level 1:colcon.colcon_core.package_identification:_identify(src/log) by extension 'ignore'
[0.411s] Level 1:colcon.colcon_core.package_identification:_identify(src/log) ignored
[0.411s] Level 1:colcon.colcon_core.package_identification:_identify(src/my_package) by extensions ['ignore', 'ignore_ament_install']
[0.411s] Level 1:colcon.colcon_core.package_identification:_identify(src/my_package) by extension 'ignore'
[0.411s] Level 1:colcon.colcon_core.package_identification:_identify(src/my_package) by extension 'ignore_ament_install'
[0.411s] Level 1:colcon.colcon_core.package_identification:_identify(src/my_package) by extensions ['colcon_pkg']
[0.411s] Level 1:colcon.colcon_core.package_identification:_identify(src/my_package) by extension 'colcon_pkg'
[0.411s] Level 1:colcon.colcon_core.package_identification:_identify(src/my_package) by extensions ['colcon_meta']
[0.411s] Level 1:colcon.colcon_core.package_identification:_identify(src/my_package) by extension 'colcon_meta'
[0.411s] Level 1:colcon.colcon_core.package_identification:_identify(src/my_package) by extensions ['ros']
[0.411s] Level 1:colcon.colcon_core.package_identification:_identify(src/my_package) by extension 'ros'
[0.412s] DEBUG:colcon.colcon_core.package_identification:Package 'src/my_package' with type 'ros.ament_python' and name 'my_package'
[0.412s] Level 1:colcon.colcon_core.package_discovery:discover_packages(recursive) using defaults
[0.412s] Level 1:colcon.colcon_core.package_discovery:discover_packages(ignore) discover
[0.412s] Level 1:colcon.colcon_core.package_discovery:discover_packages(ignore) using defaults
[0.412s] Level 1:colcon.colcon_core.package_discovery:discover_packages(path) discover
[0.412s] Level 1:colcon.colcon_core.package_discovery:discover_packages(path) using defaults
[0.438s] Level 5:colcon.colcon_core.verb:set package 'cameraTests' build argument 'cmake_args' from command line to 'None'
[0.438s] Level 5:colcon.colcon_core.verb:set package 'cameraTests' build argument 'cmake_target' from command line to 'None'
[0.439s] Level 5:colcon.colcon_core.verb:set package 'cameraTests' build argument 'cmake_target_skip_unavailable' from command line to 'False'
[0.439s] Level 5:colcon.colcon_core.verb:set package 'cameraTests' build argument 'cmake_clean_cache' from command line to 'False'
[0.439s] Level 5:colcon.colcon_core.verb:set package 'cameraTests' build argument 'cmake_clean_first' from command line to 'False'
[0.439s] Level 5:colcon.colcon_core.verb:set package 'cameraTests' build argument 'cmake_force_configure' from command line to 'False'
[0.439s] Level 5:colcon.colcon_core.verb:set package 'cameraTests' build argument 'ament_cmake_args' from command line to 'None'
[0.439s] Level 5:colcon.colcon_core.verb:set package 'cameraTests' build argument 'catkin_cmake_args' from command line to 'None'
[0.439s] Level 5:colcon.colcon_core.verb:set package 'cameraTests' build argument 'catkin_skip_building_tests' from command line to 'False'
[0.439s] DEBUG:colcon.colcon_core.verb:Building package 'cameraTests' with the following arguments: {'ament_cmake_args': None, 'build_base': '/home/fizzer/ros2_ws/build/cameraTests', 'catkin_cmake_args': None, 'catkin_skip_building_tests': False, 'cmake_args': None, 'cmake_clean_cache': False, 'cmake_clean_first': False, 'cmake_force_configure': False, 'cmake_target': None, 'cmake_target_skip_unavailable': False, 'install_base': '/home/fizzer/ros2_ws/install/cameraTests', 'merge_install': False, 'path': '/home/fizzer/ros2_ws/src/cameraTests', 'symlink_install': False, 'test_result_base': None}
[0.442s] Level 5:colcon.colcon_core.verb:set package 'keyDrive' build argument 'cmake_args' from command line to 'None'
[0.442s] Level 5:colcon.colcon_core.verb:set package 'keyDrive' build argument 'cmake_target' from command line to 'None'
[0.442s] Level 5:colcon.colcon_core.verb:set package 'keyDrive' build argument 'cmake_target_skip_unavailable' from command line to 'False'
[0.442s] Level 5:colcon.colcon_core.verb:set package 'keyDrive' build argument 'cmake_clean_cache' from command line to 'False'
[0.442s] Level 5:colcon.colcon_core.verb:set package 'keyDrive' build argument 'cmake_clean_first' from command line to 'False'
[0.442s] Level 5:colcon.colcon_core.verb:set package 'keyDrive' build argument 'cmake_force_configure' from command line to 'False'
[0.442s] Level 5:colcon.colcon_core.verb:set package 'keyDrive' build argument 'ament_cmake_args' from command line to 'None'
[0.442s] Level 5:colcon.colcon_core.verb:set package 'keyDrive' build argument 'catkin_cmake_args' from command line to 'None'
[0.443s] Level 5:colcon.colcon_core.verb:set package 'keyDrive' build argument 'catkin_skip_building_tests' from command line to 'False'
[0.443s] DEBUG:colcon.colcon_core.verb:Building package 'keyDrive' with the following arguments: {'ament_cmake_args': None, 'build_base': '/home/fizzer/ros2_ws/build/keyDrive', 'catkin_cmake_args': None, 'catkin_skip_building_tests': False, 'cmake_args': None, 'cmake_clean_cache': False, 'cmake_clean_first': False, 'cmake_force_configure': False, 'cmake_target': None, 'cmake_target_skip_unavailable': False, 'install_base': '/home/fizzer/ros2_ws/install/keyDrive', 'merge_install': False, 'path': '/home/fizzer/ros2_ws/src/keyDrive', 'symlink_install': False, 'test_result_base': None}
[0.446s] Level 5:colcon.colcon_core.verb:set package 'my_package' build argument 'cmake_args' from command line to 'None'
[0.446s] Level 5:colcon.colcon_core.verb:set package 'my_package' build argument 'cmake_target' from command line to 'None'
[0.446s] Level 5:colcon.colcon_core.verb:set package 'my_package' build argument 'cmake_target_skip_unavailable' from command line to 'False'
[0.446s] Level 5:colcon.colcon_core.verb:set package 'my_package' build argument 'cmake_clean_cache' from command line to 'False'
[0.446s] Level 5:colcon.colcon_core.verb:set package 'my_package' build argument 'cmake_clean_first' from command line to 'False'
[0.446s] Level 5:colcon.colcon_core.verb:set package 'my_package' build argument 'cmake_force_configure' from command line to 'False'
[0.446s] Level 5:colcon.colcon_core.verb:set package 'my_package' build argument 'ament_cmake_args' from command line to 'None'
[0.446s] Level 5:colcon.colcon_core.verb:set package 'my_package' build argument 'catkin_cmake_args' from command line to 'None'
[0.446s] Level 5:colcon.colcon_core.verb:set package 'my_package' build argument 'catkin_skip_building_tests' from command line to 'False'
[0.446s] DEBUG:colcon.colcon_core.verb:Building package 'my_package' with the following arguments: {'ament_cmake_args': None, 'build_base': '/home/fizzer/ros2_ws/build/my_package', 'catkin_cmake_args': None, 'catkin_skip_building_tests': False, 'cmake_args': None, 'cmake_clean_cache': False, 'cmake_clean_first': False, 'cmake_force_configure': False, 'cmake_target': None, 'cmake_target_skip_unavailable': False, 'install_base': '/home/fizzer/ros2_ws/install/my_package', 'merge_install': False, 'path': '/home/fizzer/ros2_ws/src/my_package', 'symlink_install': False, 'test_result_base': None}
[0.447s] INFO:colcon.colcon_core.executor:Executing jobs using 'parallel' executor
[0.449s] DEBUG:colcon.colcon_parallel_executor.executor.parallel:run_until_complete
[0.449s] INFO:colcon.colcon_ros.task.ament_python.build:Building ROS package in '/home/fizzer/ros2_ws/src/cameraTests' with build type 'ament_python'
[0.450s] Level 1:colcon.colcon_core.shell:create_environment_hook('cameraTests', 'ament_prefix_path')
[0.455s] INFO:colcon.colcon_core.plugin_system:Skipping extension 'colcon_core.shell.bat': Not used on non-Windows systems
[0.455s] INFO:colcon.colcon_core.shell:Creating environment hook '/home/fizzer/ros2_ws/install/cameraTests/share/cameraTests/hook/ament_prefix_path.ps1'
[0.456s] INFO:colcon.colcon_core.shell:Creating environment descriptor '/home/fizzer/ros2_ws/install/cameraTests/share/cameraTests/hook/ament_prefix_path.dsv'
[0.456s] INFO:colcon.colcon_core.shell:Creating environment hook '/home/fizzer/ros2_ws/install/cameraTests/share/cameraTests/hook/ament_prefix_path.sh'
[0.458s] INFO:colcon.colcon_core.shell:Skip shell extension 'powershell' for command environment: Not usable outside of PowerShell
[0.458s] DEBUG:colcon.colcon_core.shell:Skip shell extension 'dsv' for command environment
[0.461s] DEBUG:colcon.colcon_core.shell:Ignoring prefix path '/opt/ros/foxy'
[0.466s] INFO:colcon.colcon_ros.task.ament_python.build:Building ROS package in '/home/fizzer/ros2_ws/src/keyDrive' with build type 'ament_python'
[0.467s] Level 1:colcon.colcon_core.shell:create_environment_hook('keyDrive', 'ament_prefix_path')
[0.468s] INFO:colcon.colcon_core.shell:Creating environment hook '/home/fizzer/ros2_ws/install/keyDrive/share/keyDrive/hook/ament_prefix_path.ps1'
[0.469s] INFO:colcon.colcon_core.shell:Creating environment descriptor '/home/fizzer/ros2_ws/install/keyDrive/share/keyDrive/hook/ament_prefix_path.dsv'
[0.469s] INFO:colcon.colcon_core.shell:Creating environment hook '/home/fizzer/ros2_ws/install/keyDrive/share/keyDrive/hook/ament_prefix_path.sh'
[0.471s] INFO:colcon.colcon_core.shell:Skip shell extension 'powershell' for command environment: Not usable outside of PowerShell
[0.471s] DEBUG:colcon.colcon_core.shell:Skip shell extension 'dsv' for command environment
[0.473s] DEBUG:colcon.colcon_core.shell:Ignoring prefix path '/opt/ros/foxy'
[0.476s] INFO:colcon.colcon_ros.task.ament_python.build:Building ROS package in '/home/fizzer/ros2_ws/src/my_package' with build type 'ament_python'
[0.476s] Level 1:colcon.colcon_core.shell:create_environment_hook('my_package', 'ament_prefix_path')
[0.478s] INFO:colcon.colcon_core.shell:Creating environment hook '/home/fizzer/ros2_ws/install/my_package/share/my_package/hook/ament_prefix_path.ps1'
[0.480s] INFO:colcon.colcon_core.shell:Creating environment descriptor '/home/fizzer/ros2_ws/install/my_package/share/my_package/hook/ament_prefix_path.dsv'
[0.480s] INFO:colcon.colcon_core.shell:Creating environment hook '/home/fizzer/ros2_ws/install/my_package/share/my_package/hook/ament_prefix_path.sh'
[0.482s] INFO:colcon.colcon_core.shell:Skip shell extension 'powershell' for command environment: Not usable outside of PowerShell
[0.482s] DEBUG:colcon.colcon_core.shell:Skip shell extension 'dsv' for command environment
[0.485s] DEBUG:colcon.colcon_core.shell:Ignoring prefix path '/opt/ros/foxy'
[0.787s] INFO:colcon.colcon_core.task.python.build:Building Python package in '/home/fizzer/ros2_ws/src/cameraTests'
[0.788s] INFO:colcon.colcon_core.shell:Skip shell extension 'powershell' for command environment: Not usable outside of PowerShell
[0.788s] DEBUG:colcon.colcon_core.shell:Skip shell extension 'dsv' for command environment
[0.791s] DEBUG:colcon.colcon_core.shell:Ignoring prefix path '/opt/ros/foxy'
[1.083s] INFO:colcon.colcon_core.task.python.build:Building Python package in '/home/fizzer/ros2_ws/src/keyDrive'
[1.084s] INFO:colcon.colcon_core.shell:Skip shell extension 'powershell' for command environment: Not usable outside of PowerShell
[1.084s] DEBUG:colcon.colcon_core.shell:Skip shell extension 'dsv' for command environment
[1.087s] DEBUG:colcon.colcon_core.shell:Ignoring prefix path '/opt/ros/foxy'
[1.422s] INFO:colcon.colcon_core.task.python.build:Building Python package in '/home/fizzer/ros2_ws/src/my_package'
[1.423s] INFO:colcon.colcon_core.shell:Skip shell extension 'powershell' for command environment: Not usable outside of PowerShell
[1.423s] DEBUG:colcon.colcon_core.shell:Skip shell extension 'dsv' for command environment
[1.426s] DEBUG:colcon.colcon_core.shell:Ignoring prefix path '/opt/ros/foxy'
[1.437s] DEBUG:colcon.colcon_core.event_handler.log_command:Invoking command in '/home/fizzer/ros2_ws/src/cameraTests': PYTHONPATH=/home/fizzer/ros2_ws/install/cameraTests/lib/python3.8/site-packages:${PYTHONPATH} /usr/bin/python3 setup.py egg_info --egg-base ../../build/cameraTests build --build-base /home/fizzer/ros2_ws/build/cameraTests/build install --prefix /home/fizzer/ros2_ws/install/cameraTests --record /home/fizzer/ros2_ws/build/cameraTests/install.log --single-version-externally-managed
[1.447s] DEBUG:colcon.colcon_core.event_handler.log_command:Invoking command in '/home/fizzer/ros2_ws/src/keyDrive': PYTHONPATH=/home/fizzer/ros2_ws/install/keyDrive/lib/python3.8/site-packages:${PYTHONPATH} /usr/bin/python3 setup.py egg_info --egg-base ../../build/keyDrive build --build-base /home/fizzer/ros2_ws/build/keyDrive/build install --prefix /home/fizzer/ros2_ws/install/keyDrive --record /home/fizzer/ros2_ws/build/keyDrive/install.log --single-version-externally-managed
[1.459s] DEBUG:colcon.colcon_core.event_handler.log_command:Invoking command in '/home/fizzer/ros2_ws/src/my_package': PYTHONPATH=/home/fizzer/ros2_ws/install/my_package/lib/python3.8/site-packages:${PYTHONPATH} /usr/bin/python3 setup.py egg_info --egg-base ../../build/my_package build --build-base /home/fizzer/ros2_ws/build/my_package/build install --prefix /home/fizzer/ros2_ws/install/my_package --record /home/fizzer/ros2_ws/build/my_package/install.log --single-version-externally-managed
[1.972s] DEBUG:colcon.colcon_core.event_handler.log_command:Invoked command in '/home/fizzer/ros2_ws/src/keyDrive' returned '0': PYTHONPATH=/home/fizzer/ros2_ws/install/keyDrive/lib/python3.8/site-packages:${PYTHONPATH} /usr/bin/python3 setup.py egg_info --egg-base ../../build/keyDrive build --build-base /home/fizzer/ros2_ws/build/keyDrive/build install --prefix /home/fizzer/ros2_ws/install/keyDrive --record /home/fizzer/ros2_ws/build/keyDrive/install.log --single-version-externally-managed
[1.977s] Level 1:colcon.colcon_core.environment:checking '/home/fizzer/ros2_ws/install/keyDrive' for CMake module files
[1.977s] Level 1:colcon.colcon_core.environment:checking '/home/fizzer/ros2_ws/install/keyDrive' for CMake config files
[1.978s] Level 1:colcon.colcon_core.environment:checking '/home/fizzer/ros2_ws/install/keyDrive/lib'
[1.979s] Level 1:colcon.colcon_core.environment:checking '/home/fizzer/ros2_ws/install/keyDrive/bin'
[1.979s] Level 1:colcon.colcon_core.environment:checking '/home/fizzer/ros2_ws/install/keyDrive/lib/pkgconfig/keyDrive.pc'
[1.979s] Level 1:colcon.colcon_core.environment:checking '/home/fizzer/ros2_ws/install/keyDrive/lib/python3.8/site-packages'
[1.979s] Level 1:colcon.colcon_core.shell:create_environment_hook('keyDrive', 'pythonpath')
[1.980s] INFO:colcon.colcon_core.shell:Creating environment hook '/home/fizzer/ros2_ws/install/keyDrive/share/keyDrive/hook/pythonpath.ps1'
[1.981s] INFO:colcon.colcon_core.shell:Creating environment descriptor '/home/fizzer/ros2_ws/install/keyDrive/share/keyDrive/hook/pythonpath.dsv'
[1.981s] INFO:colcon.colcon_core.shell:Creating environment hook '/home/fizzer/ros2_ws/install/keyDrive/share/keyDrive/hook/pythonpath.sh'
[1.982s] Level 1:colcon.colcon_core.environment:create_environment_scripts_only(keyDrive)
[1.983s] INFO:colcon.colcon_core.shell:Creating package script '/home/fizzer/ros2_ws/install/keyDrive/share/keyDrive/package.ps1'
[1.985s] INFO:colcon.colcon_core.shell:Creating package descriptor '/home/fizzer/ros2_ws/install/keyDrive/share/keyDrive/package.dsv'
[1.988s] INFO:colcon.colcon_core.shell:Creating package script '/home/fizzer/ros2_ws/install/keyDrive/share/keyDrive/package.sh'
[1.989s] INFO:colcon.colcon_core.shell:Creating package script '/home/fizzer/ros2_ws/install/keyDrive/share/keyDrive/package.bash'
[1.990s] INFO:colcon.colcon_core.shell:Creating package script '/home/fizzer/ros2_ws/install/keyDrive/share/keyDrive/package.zsh'
[1.991s] Level 1:colcon.colcon_core.environment:create_file_with_runtime_dependencies(/home/fizzer/ros2_ws/install/keyDrive/share/colcon-core/packages/keyDrive)
[2.205s] Level 1:colcon.colcon_core.environment:checking '/home/fizzer/ros2_ws/install/my_package' for CMake module files
[2.207s] DEBUG:colcon.colcon_core.event_handler.log_command:Invoked command in '/home/fizzer/ros2_ws/src/my_package' returned '0': PYTHONPATH=/home/fizzer/ros2_ws/install/my_package/lib/python3.8/site-packages:${PYTHONPATH} /usr/bin/python3 setup.py egg_info --egg-base ../../build/my_package build --build-base /home/fizzer/ros2_ws/build/my_package/build install --prefix /home/fizzer/ros2_ws/install/my_package --record /home/fizzer/ros2_ws/build/my_package/install.log --single-version-externally-managed
[2.207s] Level 1:colcon.colcon_core.environment:checking '/home/fizzer/ros2_ws/install/my_package' for CMake config files
[2.208s] Level 1:colcon.colcon_core.environment:checking '/home/fizzer/ros2_ws/install/my_package/lib'
[2.208s] Level 1:colcon.colcon_core.environment:checking '/home/fizzer/ros2_ws/install/my_package/bin'
[2.209s] Level 1:colcon.colcon_core.environment:checking '/home/fizzer/ros2_ws/install/my_package/lib/pkgconfig/my_package.pc'
[2.209s] Level 1:colcon.colcon_core.environment:checking '/home/fizzer/ros2_ws/install/my_package/lib/python3.8/site-packages'
[2.209s] Level 1:colcon.colcon_core.shell:create_environment_hook('my_package', 'pythonpath')
[2.210s] INFO:colcon.colcon_core.shell:Creating environment hook '/home/fizzer/ros2_ws/install/my_package/share/my_package/hook/pythonpath.ps1'
[2.211s] INFO:colcon.colcon_core.shell:Creating environment descriptor '/home/fizzer/ros2_ws/install/my_package/share/my_package/hook/pythonpath.dsv'
[2.211s] INFO:colcon.colcon_core.shell:Creating environment hook '/home/fizzer/ros2_ws/install/my_package/share/my_package/hook/pythonpath.sh'
[2.212s] Level 1:colcon.colcon_core.environment:create_environment_scripts_only(my_package)
[2.213s] INFO:colcon.colcon_core.shell:Creating package script '/home/fizzer/ros2_ws/install/my_package/share/my_package/package.ps1'
[2.214s] INFO:colcon.colcon_core.shell:Creating package descriptor '/home/fizzer/ros2_ws/install/my_package/share/my_package/package.dsv'
[2.215s] INFO:colcon.colcon_core.shell:Creating package script '/home/fizzer/ros2_ws/install/my_package/share/my_package/package.sh'
[2.216s] INFO:colcon.colcon_core.shell:Creating package script '/home/fizzer/ros2_ws/install/my_package/share/my_package/package.bash'
[2.216s] INFO:colcon.colcon_core.shell:Creating package script '/home/fizzer/ros2_ws/install/my_package/share/my_package/package.zsh'
[2.217s] Level 1:colcon.colcon_core.environment:create_file_with_runtime_dependencies(/home/fizzer/ros2_ws/install/my_package/share/colcon-core/packages/my_package)
[2.236s] Level 1:colcon.colcon_core.environment:checking '/home/fizzer/ros2_ws/install/cameraTests' for CMake module files
[2.237s] DEBUG:colcon.colcon_core.event_handler.log_command:Invoked command in '/home/fizzer/ros2_ws/src/cameraTests' returned '0': PYTHONPATH=/home/fizzer/ros2_ws/install/cameraTests/lib/python3.8/site-packages:${PYTHONPATH} /usr/bin/python3 setup.py egg_info --egg-base ../../build/cameraTests build --build-base /home/fizzer/ros2_ws/build/cameraTests/build install --prefix /home/fizzer/ros2_ws/install/cameraTests --record /home/fizzer/ros2_ws/build/cameraTests/install.log --single-version-externally-managed
[2.238s] Level 1:colcon.colcon_core.environment:checking '/home/fizzer/ros2_ws/install/cameraTests' for CMake config files
[2.239s] Level 1:colcon.colcon_core.environment:checking '/home/fizzer/ros2_ws/install/cameraTests/lib'
[2.239s] Level 1:colcon.colcon_core.environment:checking '/home/fizzer/ros2_ws/install/cameraTests/bin'
[2.239s] Level 1:colcon.colcon_core.environment:checking '/home/fizzer/ros2_ws/install/cameraTests/lib/pkgconfig/cameraTests.pc'
[2.239s] Level 1:colcon.colcon_core.environment:checking '/home/fizzer/ros2_ws/install/cameraTests/lib/python3.8/site-packages'
[2.239s] Level 1:colcon.colcon_core.shell:create_environment_hook('cameraTests', 'pythonpath')
[2.240s] INFO:colcon.colcon_core.shell:Creating environment hook '/home/fizzer/ros2_ws/install/cameraTests/share/cameraTests/hook/pythonpath.ps1'
[2.241s] INFO:colcon.colcon_core.shell:Creating environment descriptor '/home/fizzer/ros2_ws/install/cameraTests/share/cameraTests/hook/pythonpath.dsv'
[2.241s] INFO:colcon.colcon_core.shell:Creating environment hook '/home/fizzer/ros2_ws/install/cameraTests/share/cameraTests/hook/pythonpath.sh'
[2.242s] Level 1:colcon.colcon_core.environment:create_environment_scripts_only(cameraTests)
[2.243s] INFO:colcon.colcon_core.shell:Creating package script '/home/fizzer/ros2_ws/install/cameraTests/share/cameraTests/package.ps1'
[2.244s] INFO:colcon.colcon_core.shell:Creating package descriptor '/home/fizzer/ros2_ws/install/cameraTests/share/cameraTests/package.dsv'
[2.245s] INFO:colcon.colcon_core.shell:Creating package script '/home/fizzer/ros2_ws/install/cameraTests/share/cameraTests/package.sh'
[2.246s] INFO:colcon.colcon_core.shell:Creating package script '/home/fizzer/ros2_ws/install/cameraTests/share/cameraTests/package.bash'
[2.247s] INFO:colcon.colcon_core.shell:Creating package script '/home/fizzer/ros2_ws/install/cameraTests/share/cameraTests/package.zsh'
[2.247s] Level 1:colcon.colcon_core.environment:create_file_with_runtime_dependencies(/home/fizzer/ros2_ws/install/cameraTests/share/colcon-core/packages/cameraTests)
[2.248s] DEBUG:colcon.colcon_parallel_executor.executor.parallel:closing loop
[2.249s] DEBUG:colcon.colcon_parallel_executor.executor.parallel:loop closed
[2.249s] DEBUG:colcon.colcon_parallel_executor.executor.parallel:run_until_complete finished with '0'
[2.249s] DEBUG:colcon.colcon_core.event_reactor:joining thread
[2.261s] INFO:colcon.colcon_core.plugin_system:Skipping extension 'colcon_notification.desktop_notification.notify_send': Could not find 'notify-send'
[2.261s] INFO:colcon.colcon_core.plugin_system:Skipping extension 'colcon_notification.desktop_notification.terminal_notifier': Not used on non-Darwin systems
[2.261s] INFO:colcon.colcon_core.plugin_system:Skipping extension 'colcon_notification.desktop_notification.win32': Not used on non-Windows systems
[2.261s] INFO:colcon.colcon_notification.desktop_notification:Sending desktop notification using 'notify2'
[2.267s] DEBUG:colcon.colcon_core.event_reactor:joined thread
[2.269s] INFO:colcon.colcon_core.shell:Creating prefix script '/home/fizzer/ros2_ws/install/local_setup.ps1'
[2.271s] INFO:colcon.colcon_core.shell:Creating prefix util module '/home/fizzer/ros2_ws/install/_local_setup_util_ps1.py'
[2.273s] INFO:colcon.colcon_core.shell:Creating prefix chain script '/home/fizzer/ros2_ws/install/setup.ps1'
[2.278s] INFO:colcon.colcon_core.shell:Creating prefix script '/home/fizzer/ros2_ws/install/local_setup.sh'
[2.279s] INFO:colcon.colcon_core.shell:Creating prefix util module '/home/fizzer/ros2_ws/install/_local_setup_util_sh.py'
[2.280s] INFO:colcon.colcon_core.shell:Creating prefix chain script '/home/fizzer/ros2_ws/install/setup.sh'
[2.286s] INFO:colcon.colcon_core.shell:Creating prefix script '/home/fizzer/ros2_ws/install/local_setup.bash'
[2.287s] INFO:colcon.colcon_core.shell:Creating prefix chain script '/home/fizzer/ros2_ws/install/setup.bash'
[2.290s] INFO:colcon.colcon_core.shell:Creating prefix script '/home/fizzer/ros2_ws/install/local_setup.zsh'
[2.291s] INFO:colcon.colcon_core.shell:Creating prefix chain script '/home/fizzer/ros2_ws/install/setup.zsh'
