[0.019s] Invoking command in '/home/fizzer/ros2_ws/build/vector': CMAKE_PREFIX_PATH=${CMAKE_PREFIX_PATH}:/home/fizzer/ros2_ws/install/test_pkg:/home/fizzer/ros2_ws/install/my_package:/home/fizzer/ros2_ws/install/keyDrive:/home/fizzer/ros2_ws/install/cameraTests:/opt/ros/foxy /usr/bin/cmake --build /home/fizzer/ros2_ws/build/vector -- -j4 -l4
[0.090s] [  3%] Built target vector__cpp
[0.091s] [ 12%] Built target vector__rosidl_generator_c
[0.131s] [ 32%] Built target vector__rosidl_typesupport_cpp
[0.132s] [ 32%] Built target vector__rosidl_typesupport_introspection_cpp
[0.145s] [ 51%] Built target vector__rosidl_typesupport_fastrtps_cpp
[0.145s] [ 51%] Built target vector__rosidl_typesupport_introspection_c
[0.162s] [ 61%] Built target vector__rosidl_typesupport_c
[0.178s] [ 70%] Built target vector__rosidl_typesupport_fastrtps_c
[0.206s] [ 70%] Built target vector
[0.237s] [ 74%] Built target vector__py
[0.270s] [ 80%] Built target vector__python
[0.306s] [ 87%] Built target vector__rosidl_typesupport_c__pyext
[0.316s] [100%] Built target vector__rosidl_typesupport_introspection_c__pyext
[0.316s] [100%] Built target vector__rosidl_typesupport_fastrtps_c__pyext
[0.329s] Invoked command in '/home/fizzer/ros2_ws/build/vector' returned '0': CMAKE_PREFIX_PATH=${CMAKE_PREFIX_PATH}:/home/fizzer/ros2_ws/install/test_pkg:/home/fizzer/ros2_ws/install/my_package:/home/fizzer/ros2_ws/install/keyDrive:/home/fizzer/ros2_ws/install/cameraTests:/opt/ros/foxy /usr/bin/cmake --build /home/fizzer/ros2_ws/build/vector -- -j4 -l4
[0.406s] Invoking command in '/home/fizzer/ros2_ws/build/vector': CMAKE_PREFIX_PATH=${CMAKE_PREFIX_PATH}:/home/fizzer/ros2_ws/install/test_pkg:/home/fizzer/ros2_ws/install/my_package:/home/fizzer/ros2_ws/install/keyDrive:/home/fizzer/ros2_ws/install/cameraTests:/opt/ros/foxy /usr/bin/cmake --install /home/fizzer/ros2_ws/build/vector
[0.418s] -- Install configuration: ""
[0.418s] -- Up-to-date: /home/fizzer/ros2_ws/install/vector/share/vector/environment/pythonpath.sh
[0.418s] -- Up-to-date: /home/fizzer/ros2_ws/install/vector/share/vector/environment/pythonpath.dsv
[0.418s] -- Up-to-date: /home/fizzer/ros2_ws/install/vector/lib/python3.8/site-packages/vector
[0.418s] -- Installing: /home/fizzer/ros2_ws/install/vector/lib/python3.8/site-packages/vector/__init__.py
[0.418s] -- Installing: /home/fizzer/ros2_ws/install/vector/lib/python3.8/site-packages/vector/vector_interface.py
[0.419s] -- Installing: /home/fizzer/ros2_ws/install/vector/lib/python3.8/site-packages/vector/client_test.py
[0.470s] Listing '/home/fizzer/ros2_ws/install/vector/lib/python3.8/site-packages/vector'...
[0.470s] Compiling '/home/fizzer/ros2_ws/install/vector/lib/python3.8/site-packages/vector/__init__.py'...
[0.470s] Compiling '/home/fizzer/ros2_ws/install/vector/lib/python3.8/site-packages/vector/client_test.py'...
[0.470s] Listing '/home/fizzer/ros2_ws/install/vector/lib/python3.8/site-packages/vector/srv'...
[0.470s] Compiling '/home/fizzer/ros2_ws/install/vector/lib/python3.8/site-packages/vector/vector_interface.py'...
[0.475s] -- Installing: /home/fizzer/ros2_ws/install/vector/lib/vector/vector_interface.py
[0.475s] -- Installing: /home/fizzer/ros2_ws/install/vector/lib/vector/client_test.py
[0.476s] -- Up-to-date: /home/fizzer/ros2_ws/install/vector/share/ament_index/resource_index/rosidl_interfaces/vector
[0.476s] -- Up-to-date: /home/fizzer/ros2_ws/install/vector/include/vector
[0.476s] -- Up-to-date: /home/fizzer/ros2_ws/install/vector/include/vector/srv
[0.476s] -- Up-to-date: /home/fizzer/ros2_ws/install/vector/include/vector/srv/detail
[0.476s] -- Up-to-date: /home/fizzer/ros2_ws/install/vector/include/vector/srv/detail/vector_connect__functions.h
[0.476s] -- Up-to-date: /home/fizzer/ros2_ws/install/vector/include/vector/srv/detail/vector_connect__struct.h
[0.477s] -- Up-to-date: /home/fizzer/ros2_ws/install/vector/include/vector/srv/detail/vector_connect__functions.c
[0.477s] -- Up-to-date: /home/fizzer/ros2_ws/install/vector/include/vector/srv/detail/vector_connect__type_support.h
[0.477s] -- Up-to-date: /home/fizzer/ros2_ws/install/vector/include/vector/srv/vector_connect.h
[0.477s] -- Up-to-date: /home/fizzer/ros2_ws/install/vector/include/vector/msg
[0.477s] -- Up-to-date: /home/fizzer/ros2_ws/install/vector/include/vector/msg/rosidl_generator_c__visibility_control.h
[0.477s] -- Up-to-date: /home/fizzer/ros2_ws/install/vector/share/vector/environment/library_path.sh
[0.477s] -- Up-to-date: /home/fizzer/ros2_ws/install/vector/share/vector/environment/library_path.dsv
[0.477s] -- Up-to-date: /home/fizzer/ros2_ws/install/vector/lib/libvector__rosidl_generator_c.so
[0.478s] -- Up-to-date: /home/fizzer/ros2_ws/install/vector/include/vector
[0.478s] -- Up-to-date: /home/fizzer/ros2_ws/install/vector/include/vector/srv
[0.478s] -- Up-to-date: /home/fizzer/ros2_ws/install/vector/include/vector/srv/detail
[0.478s] -- Up-to-date: /home/fizzer/ros2_ws/install/vector/include/vector/srv/detail/vector_connect__rosidl_typesupport_fastrtps_c.h
[0.478s] -- Up-to-date: /home/fizzer/ros2_ws/install/vector/include/vector/msg
[0.478s] -- Up-to-date: /home/fizzer/ros2_ws/install/vector/include/vector/msg/rosidl_typesupport_fastrtps_c__visibility_control.h
[0.478s] -- Up-to-date: /home/fizzer/ros2_ws/install/vector/lib/libvector__rosidl_typesupport_fastrtps_c.so
[0.479s] -- Up-to-date: /home/fizzer/ros2_ws/install/vector/include/vector
[0.479s] -- Up-to-date: /home/fizzer/ros2_ws/install/vector/include/vector/srv
[0.479s] -- Up-to-date: /home/fizzer/ros2_ws/install/vector/include/vector/srv/detail
[0.479s] -- Up-to-date: /home/fizzer/ros2_ws/install/vector/include/vector/srv/detail/dds_fastrtps
[0.479s] -- Up-to-date: /home/fizzer/ros2_ws/install/vector/include/vector/srv/detail/vector_connect__rosidl_typesupport_fastrtps_cpp.hpp
[0.479s] -- Up-to-date: /home/fizzer/ros2_ws/install/vector/include/vector/msg
[0.479s] -- Up-to-date: /home/fizzer/ros2_ws/install/vector/include/vector/msg/rosidl_typesupport_fastrtps_cpp__visibility_control.h
[0.479s] -- Up-to-date: /home/fizzer/ros2_ws/install/vector/lib/libvector__rosidl_typesupport_fastrtps_cpp.so
[0.479s] -- Up-to-date: /home/fizzer/ros2_ws/install/vector/include/vector
[0.480s] -- Up-to-date: /home/fizzer/ros2_ws/install/vector/include/vector/srv
[0.480s] -- Up-to-date: /home/fizzer/ros2_ws/install/vector/include/vector/srv/detail
[0.480s] -- Up-to-date: /home/fizzer/ros2_ws/install/vector/include/vector/srv/detail/vector_connect__type_support.c
[0.480s] -- Up-to-date: /home/fizzer/ros2_ws/install/vector/include/vector/srv/detail/vector_connect__rosidl_typesupport_introspection_c.h
[0.480s] -- Up-to-date: /home/fizzer/ros2_ws/install/vector/include/vector/msg
[0.480s] -- Up-to-date: /home/fizzer/ros2_ws/install/vector/include/vector/msg/rosidl_typesupport_introspection_c__visibility_control.h
[0.480s] -- Up-to-date: /home/fizzer/ros2_ws/install/vector/lib/libvector__rosidl_typesupport_introspection_c.so
[0.480s] -- Up-to-date: /home/fizzer/ros2_ws/install/vector/lib/libvector__rosidl_typesupport_c.so
[0.481s] -- Up-to-date: /home/fizzer/ros2_ws/install/vector/include/vector
[0.481s] -- Up-to-date: /home/fizzer/ros2_ws/install/vector/include/vector/srv
[0.481s] -- Up-to-date: /home/fizzer/ros2_ws/install/vector/include/vector/srv/detail
[0.481s] -- Up-to-date: /home/fizzer/ros2_ws/install/vector/include/vector/srv/detail/vector_connect__traits.hpp
[0.481s] -- Up-to-date: /home/fizzer/ros2_ws/install/vector/include/vector/srv/detail/vector_connect__builder.hpp
[0.481s] -- Up-to-date: /home/fizzer/ros2_ws/install/vector/include/vector/srv/detail/vector_connect__struct.hpp
[0.481s] -- Up-to-date: /home/fizzer/ros2_ws/install/vector/include/vector/srv/vector_connect.hpp
[0.481s] -- Up-to-date: /home/fizzer/ros2_ws/install/vector/include/vector
[0.481s] -- Up-to-date: /home/fizzer/ros2_ws/install/vector/include/vector/srv
[0.482s] -- Up-to-date: /home/fizzer/ros2_ws/install/vector/include/vector/srv/detail
[0.482s] -- Up-to-date: /home/fizzer/ros2_ws/install/vector/include/vector/srv/detail/vector_connect__rosidl_typesupport_introspection_cpp.hpp
[0.482s] -- Up-to-date: /home/fizzer/ros2_ws/install/vector/include/vector/srv/detail/vector_connect__type_support.cpp
[0.482s] -- Up-to-date: /home/fizzer/ros2_ws/install/vector/lib/libvector__rosidl_typesupport_introspection_cpp.so
[0.482s] -- Up-to-date: /home/fizzer/ros2_ws/install/vector/lib/libvector__rosidl_typesupport_cpp.so
[0.482s] -- Installing: /home/fizzer/ros2_ws/install/vector/lib/python3.8/site-packages/vector/__init__.py
[0.526s] Compiling '/home/fizzer/ros2_ws/install/vector/lib/python3.8/site-packages/vector/__init__.py'...
[0.531s] -- Up-to-date: /home/fizzer/ros2_ws/install/vector/lib/python3.8/site-packages/vector/srv
[0.531s] -- Up-to-date: /home/fizzer/ros2_ws/install/vector/lib/python3.8/site-packages/vector/srv/_vector_connect_s.c
[0.532s] -- Up-to-date: /home/fizzer/ros2_ws/install/vector/lib/python3.8/site-packages/vector/srv/_vector_connect.py
[0.532s] -- Up-to-date: /home/fizzer/ros2_ws/install/vector/lib/python3.8/site-packages/vector/srv/__init__.py
[0.532s] -- Up-to-date: /home/fizzer/ros2_ws/install/vector/lib/python3.8/site-packages/vector/vector_s__rosidl_typesupport_fastrtps_c.cpython-38-x86_64-linux-gnu.so
[0.533s] -- Up-to-date: /home/fizzer/ros2_ws/install/vector/lib/python3.8/site-packages/vector/vector_s__rosidl_typesupport_introspection_c.cpython-38-x86_64-linux-gnu.so
[0.533s] -- Up-to-date: /home/fizzer/ros2_ws/install/vector/lib/python3.8/site-packages/vector/vector_s__rosidl_typesupport_c.cpython-38-x86_64-linux-gnu.so
[0.534s] -- Up-to-date: /home/fizzer/ros2_ws/install/vector/lib/libvector__python.so
[0.534s] -- Up-to-date: /home/fizzer/ros2_ws/install/vector/share/vector/srv/VectorConnect.idl
[0.534s] -- Up-to-date: /home/fizzer/ros2_ws/install/vector/share/vector/srv/VectorConnect.srv
[0.535s] -- Up-to-date: /home/fizzer/ros2_ws/install/vector/share/vector/srv/VectorConnect_Request.msg
[0.535s] -- Up-to-date: /home/fizzer/ros2_ws/install/vector/share/vector/srv/VectorConnect_Response.msg
[0.535s] -- Up-to-date: /home/fizzer/ros2_ws/install/vector/share/ament_index/resource_index/package_run_dependencies/vector
[0.535s] -- Up-to-date: /home/fizzer/ros2_ws/install/vector/share/ament_index/resource_index/parent_prefix_path/vector
[0.535s] -- Up-to-date: /home/fizzer/ros2_ws/install/vector/share/vector/environment/ament_prefix_path.sh
[0.535s] -- Up-to-date: /home/fizzer/ros2_ws/install/vector/share/vector/environment/ament_prefix_path.dsv
[0.536s] -- Up-to-date: /home/fizzer/ros2_ws/install/vector/share/vector/environment/path.sh
[0.536s] -- Up-to-date: /home/fizzer/ros2_ws/install/vector/share/vector/environment/path.dsv
[0.536s] -- Up-to-date: /home/fizzer/ros2_ws/install/vector/share/vector/local_setup.bash
[0.536s] -- Up-to-date: /home/fizzer/ros2_ws/install/vector/share/vector/local_setup.sh
[0.536s] -- Up-to-date: /home/fizzer/ros2_ws/install/vector/share/vector/local_setup.zsh
[0.536s] -- Up-to-date: /home/fizzer/ros2_ws/install/vector/share/vector/local_setup.dsv
[0.536s] -- Installing: /home/fizzer/ros2_ws/install/vector/share/vector/package.dsv
[0.536s] -- Up-to-date: /home/fizzer/ros2_ws/install/vector/share/ament_index/resource_index/packages/vector
[0.537s] -- Up-to-date: /home/fizzer/ros2_ws/install/vector/share/vector/cmake/vector__rosidl_generator_cExport.cmake
[0.537s] -- Up-to-date: /home/fizzer/ros2_ws/install/vector/share/vector/cmake/vector__rosidl_generator_cExport-noconfig.cmake
[0.537s] -- Up-to-date: /home/fizzer/ros2_ws/install/vector/share/vector/cmake/vector__rosidl_typesupport_introspection_cExport.cmake
[0.537s] -- Up-to-date: /home/fizzer/ros2_ws/install/vector/share/vector/cmake/vector__rosidl_typesupport_introspection_cExport-noconfig.cmake
[0.537s] -- Up-to-date: /home/fizzer/ros2_ws/install/vector/share/vector/cmake/vector__rosidl_typesupport_cExport.cmake
[0.537s] -- Up-to-date: /home/fizzer/ros2_ws/install/vector/share/vector/cmake/vector__rosidl_typesupport_cExport-noconfig.cmake
[0.537s] -- Up-to-date: /home/fizzer/ros2_ws/install/vector/share/vector/cmake/vector__rosidl_generator_cppExport.cmake
[0.538s] -- Up-to-date: /home/fizzer/ros2_ws/install/vector/share/vector/cmake/vector__rosidl_typesupport_introspection_cppExport.cmake
[0.538s] -- Up-to-date: /home/fizzer/ros2_ws/install/vector/share/vector/cmake/vector__rosidl_typesupport_introspection_cppExport-noconfig.cmake
[0.538s] -- Up-to-date: /home/fizzer/ros2_ws/install/vector/share/vector/cmake/vector__rosidl_typesupport_cppExport.cmake
[0.538s] -- Up-to-date: /home/fizzer/ros2_ws/install/vector/share/vector/cmake/vector__rosidl_typesupport_cppExport-noconfig.cmake
[0.538s] -- Up-to-date: /home/fizzer/ros2_ws/install/vector/share/vector/cmake/rosidl_cmake-extras.cmake
[0.538s] -- Up-to-date: /home/fizzer/ros2_ws/install/vector/share/vector/cmake/ament_cmake_export_dependencies-extras.cmake
[0.538s] -- Up-to-date: /home/fizzer/ros2_ws/install/vector/share/vector/cmake/ament_cmake_export_libraries-extras.cmake
[0.538s] -- Up-to-date: /home/fizzer/ros2_ws/install/vector/share/vector/cmake/ament_cmake_export_targets-extras.cmake
[0.538s] -- Up-to-date: /home/fizzer/ros2_ws/install/vector/share/vector/cmake/ament_cmake_export_include_directories-extras.cmake
[0.539s] -- Up-to-date: /home/fizzer/ros2_ws/install/vector/share/vector/cmake/rosidl_cmake_export_typesupport_libraries-extras.cmake
[0.539s] -- Up-to-date: /home/fizzer/ros2_ws/install/vector/share/vector/cmake/rosidl_cmake_export_typesupport_targets-extras.cmake
[0.539s] -- Up-to-date: /home/fizzer/ros2_ws/install/vector/share/vector/cmake/vectorConfig.cmake
[0.539s] -- Up-to-date: /home/fizzer/ros2_ws/install/vector/share/vector/cmake/vectorConfig-version.cmake
[0.539s] -- Up-to-date: /home/fizzer/ros2_ws/install/vector/share/vector/package.xml
[0.542s] Invoked command in '/home/fizzer/ros2_ws/build/vector' returned '0': CMAKE_PREFIX_PATH=${CMAKE_PREFIX_PATH}:/home/fizzer/ros2_ws/install/test_pkg:/home/fizzer/ros2_ws/install/my_package:/home/fizzer/ros2_ws/install/keyDrive:/home/fizzer/ros2_ws/install/cameraTests:/opt/ros/foxy /usr/bin/cmake --install /home/fizzer/ros2_ws/build/vector
