/home/fizzer/ros2_ws/src/install/keyDrive/lib/python3.8/site-packages/keyDrive/Velocity_Publisher.py
/home/fizzer/ros2_ws/src/install/keyDrive/lib/python3.8/site-packages/keyDrive/__init__.py
/home/fizzer/ros2_ws/src/install/keyDrive/lib/python3.8/site-packages/keyDrive/Velocity_Subscribe_Drive.py
/home/fizzer/ros2_ws/src/install/keyDrive/lib/python3.8/site-packages/keyDrive/Vel_Sub_Drive_2.py
/home/fizzer/ros2_ws/src/install/keyDrive/lib/python3.8/site-packages/keyDrive/__pycache__/Velocity_Publisher.cpython-38.pyc
/home/fizzer/ros2_ws/src/install/keyDrive/lib/python3.8/site-packages/keyDrive/__pycache__/__init__.cpython-38.pyc
/home/fizzer/ros2_ws/src/install/keyDrive/lib/python3.8/site-packages/keyDrive/__pycache__/Velocity_Subscribe_Drive.cpython-38.pyc
/home/fizzer/ros2_ws/src/install/keyDrive/lib/python3.8/site-packages/keyDrive/__pycache__/Vel_Sub_Drive_2.cpython-38.pyc
/home/fizzer/ros2_ws/src/install/keyDrive/share/ament_index/resource_index/packages/keyDrive
/home/fizzer/ros2_ws/src/install/keyDrive/share/keyDrive/package.xml
/home/fizzer/ros2_ws/src/install/keyDrive/lib/python3.8/site-packages/keyDrive-0.0.0-py3.8.egg-info/entry_points.txt
/home/fizzer/ros2_ws/src/install/keyDrive/lib/python3.8/site-packages/keyDrive-0.0.0-py3.8.egg-info/PKG-INFO
/home/fizzer/ros2_ws/src/install/keyDrive/lib/python3.8/site-packages/keyDrive-0.0.0-py3.8.egg-info/dependency_links.txt
/home/fizzer/ros2_ws/src/install/keyDrive/lib/python3.8/site-packages/keyDrive-0.0.0-py3.8.egg-info/zip-safe
/home/fizzer/ros2_ws/src/install/keyDrive/lib/python3.8/site-packages/keyDrive-0.0.0-py3.8.egg-info/top_level.txt
/home/fizzer/ros2_ws/src/install/keyDrive/lib/python3.8/site-packages/keyDrive-0.0.0-py3.8.egg-info/SOURCES.txt
/home/fizzer/ros2_ws/src/install/keyDrive/lib/python3.8/site-packages/keyDrive-0.0.0-py3.8.egg-info/requires.txt
/home/fizzer/ros2_ws/src/install/keyDrive/lib/keyDrive/node1
/home/fizzer/ros2_ws/src/install/keyDrive/lib/keyDrive/node2
/home/fizzer/ros2_ws/src/install/keyDrive/lib/keyDrive/node3
