[0.023s] Invoking command in '/home/fizzer/ros2_ws/build/vector': CMAKE_PREFIX_PATH=${CMAKE_PREFIX_PATH}:/home/fizzer/ros2_ws/install/test_pkg:/home/fizzer/ros2_ws/install/my_package:/home/fizzer/ros2_ws/install/keyDrive:/home/fizzer/ros2_ws/install/cameraTests:/opt/ros/foxy /usr/bin/cmake --build /home/fizzer/ros2_ws/build/vector -- -j4 -l4
[0.099s] [  2%] Built target vector__cpp
[0.103s] [ 12%] Built target vector__rosidl_generator_c
[0.152s] [ 23%] Built target vector__rosidl_typesupport_introspection_c
[0.154s] [ 33%] Built target vector__rosidl_typesupport_cpp
[0.161s] [ 43%] Built target vector__rosidl_typesupport_fastrtps_cpp
[0.164s] [ 53%] Built target vector__rosidl_typesupport_introspection_cpp
[0.190s] [ 64%] Built target vector__rosidl_typesupport_c
[0.198s] [ 74%] Built target vector__rosidl_typesupport_fastrtps_c
[0.230s] [ 74%] Built target vector
[0.262s] [ 76%] Built target vector__py
[0.296s] [ 84%] Built target vector__python
[0.345s] [ 89%] Built target vector__rosidl_typesupport_c__pyext
[0.346s] [ 94%] Built target vector__rosidl_typesupport_fastrtps_c__pyext
[0.348s] [100%] Built target vector__rosidl_typesupport_introspection_c__pyext
[0.365s] Invoked command in '/home/fizzer/ros2_ws/build/vector' returned '0': CMAKE_PREFIX_PATH=${CMAKE_PREFIX_PATH}:/home/fizzer/ros2_ws/install/test_pkg:/home/fizzer/ros2_ws/install/my_package:/home/fizzer/ros2_ws/install/keyDrive:/home/fizzer/ros2_ws/install/cameraTests:/opt/ros/foxy /usr/bin/cmake --build /home/fizzer/ros2_ws/build/vector -- -j4 -l4
[0.475s] Invoking command in '/home/fizzer/ros2_ws/build/vector': CMAKE_PREFIX_PATH=${CMAKE_PREFIX_PATH}:/home/fizzer/ros2_ws/install/test_pkg:/home/fizzer/ros2_ws/install/my_package:/home/fizzer/ros2_ws/install/keyDrive:/home/fizzer/ros2_ws/install/cameraTests:/opt/ros/foxy /usr/bin/cmake --install /home/fizzer/ros2_ws/build/vector
[0.492s] -- Install configuration: ""
[0.492s] -- Up-to-date: /home/fizzer/ros2_ws/install/vector/share/vector/environment/pythonpath.sh
[0.493s] -- Up-to-date: /home/fizzer/ros2_ws/install/vector/share/vector/environment/pythonpath.dsv
[0.493s] -- Up-to-date: /home/fizzer/ros2_ws/install/vector/lib/python3.8/site-packages/vector
[0.493s] -- Installing: /home/fizzer/ros2_ws/install/vector/lib/python3.8/site-packages/vector/__init__.py
[0.493s] -- Installing: /home/fizzer/ros2_ws/install/vector/lib/python3.8/site-packages/vector/vector_interface.py
[0.493s] -- Installing: /home/fizzer/ros2_ws/install/vector/lib/python3.8/site-packages/vector/client_test.py
[0.546s] Listing '/home/fizzer/ros2_ws/install/vector/lib/python3.8/site-packages/vector'...
[0.546s] Compiling '/home/fizzer/ros2_ws/install/vector/lib/python3.8/site-packages/vector/__init__.py'...
[0.546s] Compiling '/home/fizzer/ros2_ws/install/vector/lib/python3.8/site-packages/vector/client_test.py'...
[0.546s] Listing '/home/fizzer/ros2_ws/install/vector/lib/python3.8/site-packages/vector/srv'...
[0.547s] Compiling '/home/fizzer/ros2_ws/install/vector/lib/python3.8/site-packages/vector/vector_interface.py'...
[0.552s] -- Installing: /home/fizzer/ros2_ws/install/vector/lib/vector/vector_interface.py
[0.552s] -- Installing: /home/fizzer/ros2_ws/install/vector/lib/vector/client_test.py
[0.553s] -- Up-to-date: /home/fizzer/ros2_ws/install/vector/share/ament_index/resource_index/rosidl_interfaces/vector
[0.553s] -- Up-to-date: /home/fizzer/ros2_ws/install/vector/include/vector
[0.553s] -- Up-to-date: /home/fizzer/ros2_ws/install/vector/include/vector/srv
[0.554s] -- Up-to-date: /home/fizzer/ros2_ws/install/vector/include/vector/srv/detail
[0.554s] -- Up-to-date: /home/fizzer/ros2_ws/install/vector/include/vector/srv/detail/vector_speak__functions.h
[0.554s] -- Up-to-date: /home/fizzer/ros2_ws/install/vector/include/vector/srv/detail/vector_speak__type_support.h
[0.555s] -- Up-to-date: /home/fizzer/ros2_ws/install/vector/include/vector/srv/detail/vector_connect__functions.h
[0.555s] -- Up-to-date: /home/fizzer/ros2_ws/install/vector/include/vector/srv/detail/vector_connect__struct.h
[0.555s] -- Up-to-date: /home/fizzer/ros2_ws/install/vector/include/vector/srv/detail/vector_connect__functions.c
[0.555s] -- Up-to-date: /home/fizzer/ros2_ws/install/vector/include/vector/srv/detail/vector_speak__struct.h
[0.555s] -- Up-to-date: /home/fizzer/ros2_ws/install/vector/include/vector/srv/detail/vector_speak__functions.c
[0.556s] -- Up-to-date: /home/fizzer/ros2_ws/install/vector/include/vector/srv/detail/vector_connect__type_support.h
[0.556s] -- Up-to-date: /home/fizzer/ros2_ws/install/vector/include/vector/srv/vector_speak.h
[0.556s] -- Up-to-date: /home/fizzer/ros2_ws/install/vector/include/vector/srv/vector_connect.h
[0.556s] -- Up-to-date: /home/fizzer/ros2_ws/install/vector/include/vector/msg
[0.557s] -- Up-to-date: /home/fizzer/ros2_ws/install/vector/include/vector/msg/rosidl_generator_c__visibility_control.h
[0.557s] -- Up-to-date: /home/fizzer/ros2_ws/install/vector/share/vector/environment/library_path.sh
[0.557s] -- Up-to-date: /home/fizzer/ros2_ws/install/vector/share/vector/environment/library_path.dsv
[0.557s] -- Up-to-date: /home/fizzer/ros2_ws/install/vector/lib/libvector__rosidl_generator_c.so
[0.558s] -- Up-to-date: /home/fizzer/ros2_ws/install/vector/include/vector
[0.558s] -- Up-to-date: /home/fizzer/ros2_ws/install/vector/include/vector/srv
[0.558s] -- Up-to-date: /home/fizzer/ros2_ws/install/vector/include/vector/srv/detail
[0.558s] -- Up-to-date: /home/fizzer/ros2_ws/install/vector/include/vector/srv/detail/vector_speak__rosidl_typesupport_fastrtps_c.h
[0.558s] -- Up-to-date: /home/fizzer/ros2_ws/install/vector/include/vector/srv/detail/vector_connect__rosidl_typesupport_fastrtps_c.h
[0.559s] -- Up-to-date: /home/fizzer/ros2_ws/install/vector/include/vector/msg
[0.559s] -- Up-to-date: /home/fizzer/ros2_ws/install/vector/include/vector/msg/rosidl_typesupport_fastrtps_c__visibility_control.h
[0.559s] -- Up-to-date: /home/fizzer/ros2_ws/install/vector/lib/libvector__rosidl_typesupport_fastrtps_c.so
[0.559s] -- Up-to-date: /home/fizzer/ros2_ws/install/vector/include/vector
[0.560s] -- Up-to-date: /home/fizzer/ros2_ws/install/vector/include/vector/srv
[0.560s] -- Up-to-date: /home/fizzer/ros2_ws/install/vector/include/vector/srv/detail
[0.560s] -- Up-to-date: /home/fizzer/ros2_ws/install/vector/include/vector/srv/detail/dds_fastrtps
[0.560s] -- Up-to-date: /home/fizzer/ros2_ws/install/vector/include/vector/srv/detail/vector_connect__rosidl_typesupport_fastrtps_cpp.hpp
[0.561s] -- Up-to-date: /home/fizzer/ros2_ws/install/vector/include/vector/srv/detail/vector_speak__rosidl_typesupport_fastrtps_cpp.hpp
[0.561s] -- Up-to-date: /home/fizzer/ros2_ws/install/vector/include/vector/msg
[0.561s] -- Up-to-date: /home/fizzer/ros2_ws/install/vector/include/vector/msg/rosidl_typesupport_fastrtps_cpp__visibility_control.h
[0.561s] -- Up-to-date: /home/fizzer/ros2_ws/install/vector/lib/libvector__rosidl_typesupport_fastrtps_cpp.so
[0.561s] -- Up-to-date: /home/fizzer/ros2_ws/install/vector/include/vector
[0.562s] -- Up-to-date: /home/fizzer/ros2_ws/install/vector/include/vector/srv
[0.562s] -- Up-to-date: /home/fizzer/ros2_ws/install/vector/include/vector/srv/detail
[0.562s] -- Up-to-date: /home/fizzer/ros2_ws/install/vector/include/vector/srv/detail/vector_speak__type_support.c
[0.562s] -- Up-to-date: /home/fizzer/ros2_ws/install/vector/include/vector/srv/detail/vector_connect__type_support.c
[0.562s] -- Up-to-date: /home/fizzer/ros2_ws/install/vector/include/vector/srv/detail/vector_speak__rosidl_typesupport_introspection_c.h
[0.563s] -- Up-to-date: /home/fizzer/ros2_ws/install/vector/include/vector/srv/detail/vector_connect__rosidl_typesupport_introspection_c.h
[0.563s] -- Up-to-date: /home/fizzer/ros2_ws/install/vector/include/vector/msg
[0.563s] -- Up-to-date: /home/fizzer/ros2_ws/install/vector/include/vector/msg/rosidl_typesupport_introspection_c__visibility_control.h
[0.563s] -- Up-to-date: /home/fizzer/ros2_ws/install/vector/lib/libvector__rosidl_typesupport_introspection_c.so
[0.563s] -- Up-to-date: /home/fizzer/ros2_ws/install/vector/lib/libvector__rosidl_typesupport_c.so
[0.563s] -- Up-to-date: /home/fizzer/ros2_ws/install/vector/include/vector
[0.563s] -- Up-to-date: /home/fizzer/ros2_ws/install/vector/include/vector/srv
[0.563s] -- Up-to-date: /home/fizzer/ros2_ws/install/vector/include/vector/srv/detail
[0.563s] -- Up-to-date: /home/fizzer/ros2_ws/install/vector/include/vector/srv/detail/vector_connect__traits.hpp
[0.563s] -- Up-to-date: /home/fizzer/ros2_ws/install/vector/include/vector/srv/detail/vector_speak__traits.hpp
[0.564s] -- Up-to-date: /home/fizzer/ros2_ws/install/vector/include/vector/srv/detail/vector_connect__builder.hpp
[0.564s] -- Up-to-date: /home/fizzer/ros2_ws/install/vector/include/vector/srv/detail/vector_speak__builder.hpp
[0.564s] -- Up-to-date: /home/fizzer/ros2_ws/install/vector/include/vector/srv/detail/vector_speak__struct.hpp
[0.564s] -- Up-to-date: /home/fizzer/ros2_ws/install/vector/include/vector/srv/detail/vector_connect__struct.hpp
[0.564s] -- Up-to-date: /home/fizzer/ros2_ws/install/vector/include/vector/srv/vector_connect.hpp
[0.564s] -- Up-to-date: /home/fizzer/ros2_ws/install/vector/include/vector/srv/vector_speak.hpp
[0.564s] -- Up-to-date: /home/fizzer/ros2_ws/install/vector/include/vector
[0.564s] -- Up-to-date: /home/fizzer/ros2_ws/install/vector/include/vector/srv
[0.564s] -- Up-to-date: /home/fizzer/ros2_ws/install/vector/include/vector/srv/detail
[0.564s] -- Up-to-date: /home/fizzer/ros2_ws/install/vector/include/vector/srv/detail/vector_connect__rosidl_typesupport_introspection_cpp.hpp
[0.564s] -- Up-to-date: /home/fizzer/ros2_ws/install/vector/include/vector/srv/detail/vector_connect__type_support.cpp
[0.565s] -- Up-to-date: /home/fizzer/ros2_ws/install/vector/include/vector/srv/detail/vector_speak__rosidl_typesupport_introspection_cpp.hpp
[0.565s] -- Up-to-date: /home/fizzer/ros2_ws/install/vector/include/vector/srv/detail/vector_speak__type_support.cpp
[0.565s] -- Up-to-date: /home/fizzer/ros2_ws/install/vector/lib/libvector__rosidl_typesupport_introspection_cpp.so
[0.565s] -- Up-to-date: /home/fizzer/ros2_ws/install/vector/lib/libvector__rosidl_typesupport_cpp.so
[0.565s] -- Installing: /home/fizzer/ros2_ws/install/vector/lib/python3.8/site-packages/vector/__init__.py
[0.623s] Compiling '/home/fizzer/ros2_ws/install/vector/lib/python3.8/site-packages/vector/__init__.py'...
[0.629s] -- Up-to-date: /home/fizzer/ros2_ws/install/vector/lib/python3.8/site-packages/vector/srv
[0.630s] -- Up-to-date: /home/fizzer/ros2_ws/install/vector/lib/python3.8/site-packages/vector/srv/_vector_connect_s.c
[0.630s] -- Up-to-date: /home/fizzer/ros2_ws/install/vector/lib/python3.8/site-packages/vector/srv/_vector_connect.py
[0.630s] -- Up-to-date: /home/fizzer/ros2_ws/install/vector/lib/python3.8/site-packages/vector/srv/_vector_speak.py
[0.630s] -- Up-to-date: /home/fizzer/ros2_ws/install/vector/lib/python3.8/site-packages/vector/srv/__init__.py
[0.630s] -- Up-to-date: /home/fizzer/ros2_ws/install/vector/lib/python3.8/site-packages/vector/srv/_vector_speak_s.c
[0.630s] -- Up-to-date: /home/fizzer/ros2_ws/install/vector/lib/python3.8/site-packages/vector/vector_s__rosidl_typesupport_fastrtps_c.cpython-38-x86_64-linux-gnu.so
[0.631s] -- Up-to-date: /home/fizzer/ros2_ws/install/vector/lib/python3.8/site-packages/vector/vector_s__rosidl_typesupport_introspection_c.cpython-38-x86_64-linux-gnu.so
[0.631s] -- Up-to-date: /home/fizzer/ros2_ws/install/vector/lib/python3.8/site-packages/vector/vector_s__rosidl_typesupport_c.cpython-38-x86_64-linux-gnu.so
[0.632s] -- Up-to-date: /home/fizzer/ros2_ws/install/vector/lib/libvector__python.so
[0.632s] -- Up-to-date: /home/fizzer/ros2_ws/install/vector/share/vector/srv/VectorConnect.idl
[0.633s] -- Up-to-date: /home/fizzer/ros2_ws/install/vector/share/vector/srv/VectorSpeak.idl
[0.633s] -- Up-to-date: /home/fizzer/ros2_ws/install/vector/share/vector/srv/VectorConnect.srv
[0.633s] -- Up-to-date: /home/fizzer/ros2_ws/install/vector/share/vector/srv/VectorConnect_Request.msg
[0.633s] -- Up-to-date: /home/fizzer/ros2_ws/install/vector/share/vector/srv/VectorConnect_Response.msg
[0.633s] -- Up-to-date: /home/fizzer/ros2_ws/install/vector/share/vector/srv/VectorSpeak.srv
[0.633s] -- Up-to-date: /home/fizzer/ros2_ws/install/vector/share/vector/srv/VectorSpeak_Request.msg
[0.634s] -- Up-to-date: /home/fizzer/ros2_ws/install/vector/share/vector/srv/VectorSpeak_Response.msg
[0.634s] -- Up-to-date: /home/fizzer/ros2_ws/install/vector/share/ament_index/resource_index/package_run_dependencies/vector
[0.634s] -- Up-to-date: /home/fizzer/ros2_ws/install/vector/share/ament_index/resource_index/parent_prefix_path/vector
[0.634s] -- Up-to-date: /home/fizzer/ros2_ws/install/vector/share/vector/environment/ament_prefix_path.sh
[0.635s] -- Up-to-date: /home/fizzer/ros2_ws/install/vector/share/vector/environment/ament_prefix_path.dsv
[0.635s] -- Up-to-date: /home/fizzer/ros2_ws/install/vector/share/vector/environment/path.sh
[0.635s] -- Up-to-date: /home/fizzer/ros2_ws/install/vector/share/vector/environment/path.dsv
[0.635s] -- Up-to-date: /home/fizzer/ros2_ws/install/vector/share/vector/local_setup.bash
[0.639s] -- Up-to-date: /home/fizzer/ros2_ws/install/vector/share/vector/local_setup.sh
[0.641s] -- Up-to-date: /home/fizzer/ros2_ws/install/vector/share/vector/local_setup.zsh
[0.641s] -- Up-to-date: /home/fizzer/ros2_ws/install/vector/share/vector/local_setup.dsv
[0.641s] -- Installing: /home/fizzer/ros2_ws/install/vector/share/vector/package.dsv
[0.641s] -- Up-to-date: /home/fizzer/ros2_ws/install/vector/share/ament_index/resource_index/packages/vector
[0.642s] -- Up-to-date: /home/fizzer/ros2_ws/install/vector/share/vector/cmake/vector__rosidl_generator_cExport.cmake
[0.642s] -- Up-to-date: /home/fizzer/ros2_ws/install/vector/share/vector/cmake/vector__rosidl_generator_cExport-noconfig.cmake
[0.642s] -- Up-to-date: /home/fizzer/ros2_ws/install/vector/share/vector/cmake/vector__rosidl_typesupport_introspection_cExport.cmake
[0.642s] -- Up-to-date: /home/fizzer/ros2_ws/install/vector/share/vector/cmake/vector__rosidl_typesupport_introspection_cExport-noconfig.cmake
[0.642s] -- Up-to-date: /home/fizzer/ros2_ws/install/vector/share/vector/cmake/vector__rosidl_typesupport_cExport.cmake
[0.643s] -- Up-to-date: /home/fizzer/ros2_ws/install/vector/share/vector/cmake/vector__rosidl_typesupport_cExport-noconfig.cmake
[0.643s] -- Up-to-date: /home/fizzer/ros2_ws/install/vector/share/vector/cmake/vector__rosidl_generator_cppExport.cmake
[0.643s] -- Up-to-date: /home/fizzer/ros2_ws/install/vector/share/vector/cmake/vector__rosidl_typesupport_introspection_cppExport.cmake
[0.644s] -- Up-to-date: /home/fizzer/ros2_ws/install/vector/share/vector/cmake/vector__rosidl_typesupport_introspection_cppExport-noconfig.cmake
[0.644s] -- Up-to-date: /home/fizzer/ros2_ws/install/vector/share/vector/cmake/vector__rosidl_typesupport_cppExport.cmake
[0.644s] -- Up-to-date: /home/fizzer/ros2_ws/install/vector/share/vector/cmake/vector__rosidl_typesupport_cppExport-noconfig.cmake
[0.644s] -- Up-to-date: /home/fizzer/ros2_ws/install/vector/share/vector/cmake/rosidl_cmake-extras.cmake
[0.644s] -- Up-to-date: /home/fizzer/ros2_ws/install/vector/share/vector/cmake/ament_cmake_export_dependencies-extras.cmake
[0.645s] -- Up-to-date: /home/fizzer/ros2_ws/install/vector/share/vector/cmake/ament_cmake_export_libraries-extras.cmake
[0.645s] -- Up-to-date: /home/fizzer/ros2_ws/install/vector/share/vector/cmake/ament_cmake_export_targets-extras.cmake
[0.645s] -- Up-to-date: /home/fizzer/ros2_ws/install/vector/share/vector/cmake/ament_cmake_export_include_directories-extras.cmake
[0.645s] -- Up-to-date: /home/fizzer/ros2_ws/install/vector/share/vector/cmake/rosidl_cmake_export_typesupport_libraries-extras.cmake
[0.645s] -- Up-to-date: /home/fizzer/ros2_ws/install/vector/share/vector/cmake/rosidl_cmake_export_typesupport_targets-extras.cmake
[0.646s] -- Up-to-date: /home/fizzer/ros2_ws/install/vector/share/vector/cmake/vectorConfig.cmake
[0.646s] -- Up-to-date: /home/fizzer/ros2_ws/install/vector/share/vector/cmake/vectorConfig-version.cmake
[0.646s] -- Up-to-date: /home/fizzer/ros2_ws/install/vector/share/vector/package.xml
[0.646s] Invoked command in '/home/fizzer/ros2_ws/build/vector' returned '0': CMAKE_PREFIX_PATH=${CMAKE_PREFIX_PATH}:/home/fizzer/ros2_ws/install/test_pkg:/home/fizzer/ros2_ws/install/my_package:/home/fizzer/ros2_ws/install/keyDrive:/home/fizzer/ros2_ws/install/cameraTests:/opt/ros/foxy /usr/bin/cmake --install /home/fizzer/ros2_ws/build/vector
