[1.908s] DEBUG:colcon:Command line arguments: ['/usr/bin/colcon', 'build', '--packages-select', 'securityTests']
[1.908s] DEBUG:colcon:Parsed command line arguments: Namespace(ament_cmake_args=None, base_paths=['.'], build_base='build', catkin_cmake_args=None, catkin_skip_building_tests=False, cmake_args=None, cmake_clean_cache=False, cmake_clean_first=False, cmake_force_configure=False, cmake_target=None, cmake_target_skip_unavailable=False, continue_on_error=False, event_handlers=None, executor='parallel', ignore_user_meta=False, install_base='install', log_base=None, log_level=None, main=<bound method BuildVerb.main of <colcon_core.verb.build.BuildVerb object at 0x7fbe0a42f130>>, merge_install=False, metas=['./colcon.meta'], packages_above=None, packages_above_and_dependencies=None, packages_above_depth=None, packages_end=None, packages_ignore=None, packages_ignore_regex=None, packages_select=['securityTests'], packages_select_build_failed=False, packages_select_by_dep=None, packages_select_regex=None, packages_select_test_failures=False, packages_skip=None, packages_skip_build_finished=False, packages_skip_by_dep=None, packages_skip_regex=None, packages_skip_test_passed=False, packages_skip_up_to=None, packages_start=None, packages_up_to=None, packages_up_to_regex=None, parallel_workers=4, paths=None, symlink_install=False, test_result_base=None, verb_extension=<colcon_core.verb.build.BuildVerb object at 0x7fbe0a42f130>, verb_name='build', verb_parser=<colcon_defaults.argument_parser.defaults.DefaultArgumentsDecorator object at 0x7fbe0a42f670>)
[2.022s] Level 1:colcon.colcon_core.package_discovery:discover_packages(colcon_meta) check parameters
[2.022s] Level 1:colcon.colcon_core.package_discovery:discover_packages(recursive) check parameters
[2.022s] Level 1:colcon.colcon_core.package_discovery:discover_packages(ignore) check parameters
[2.022s] Level 1:colcon.colcon_core.package_discovery:discover_packages(path) check parameters
[2.022s] Level 1:colcon.colcon_core.package_discovery:discover_packages(colcon_meta) discover
[2.022s] Level 1:colcon.colcon_core.package_discovery:discover_packages(recursive) discover
[2.022s] INFO:colcon.colcon_core.package_discovery:Crawling recursively for packages in '/home/fizzer/ros2_ws'
[2.022s] Level 1:colcon.colcon_core.package_identification:_identify(.) by extensions ['ignore', 'ignore_ament_install']
[2.022s] Level 1:colcon.colcon_core.package_identification:_identify(.) by extension 'ignore'
[2.023s] Level 1:colcon.colcon_core.package_identification:_identify(.) by extension 'ignore_ament_install'
[2.023s] Level 1:colcon.colcon_core.package_identification:_identify(.) by extensions ['colcon_pkg']
[2.023s] Level 1:colcon.colcon_core.package_identification:_identify(.) by extension 'colcon_pkg'
[2.023s] Level 1:colcon.colcon_core.package_identification:_identify(.) by extensions ['colcon_meta']
[2.023s] Level 1:colcon.colcon_core.package_identification:_identify(.) by extension 'colcon_meta'
[2.023s] Level 1:colcon.colcon_core.package_identification:_identify(.) by extensions ['ros']
[2.023s] Level 1:colcon.colcon_core.package_identification:_identify(.) by extension 'ros'
[2.038s] Level 1:colcon.colcon_core.package_identification:_identify(.) by extensions ['cmake', 'python']
[2.038s] Level 1:colcon.colcon_core.package_identification:_identify(.) by extension 'cmake'
[2.038s] Level 1:colcon.colcon_core.package_identification:_identify(.) by extension 'python'
[2.038s] Level 1:colcon.colcon_core.package_identification:_identify(.) by extensions ['python_setup_py']
[2.038s] Level 1:colcon.colcon_core.package_identification:_identify(.) by extension 'python_setup_py'
[2.038s] Level 1:colcon.colcon_core.package_identification:_identify(build) by extensions ['ignore', 'ignore_ament_install']
[2.038s] Level 1:colcon.colcon_core.package_identification:_identify(build) by extension 'ignore'
[2.038s] Level 1:colcon.colcon_core.package_identification:_identify(build) ignored
[2.038s] Level 1:colcon.colcon_core.package_identification:_identify(install) by extensions ['ignore', 'ignore_ament_install']
[2.039s] Level 1:colcon.colcon_core.package_identification:_identify(install) by extension 'ignore'
[2.039s] Level 1:colcon.colcon_core.package_identification:_identify(install) ignored
[2.039s] Level 1:colcon.colcon_core.package_identification:_identify(log) by extensions ['ignore', 'ignore_ament_install']
[2.039s] Level 1:colcon.colcon_core.package_identification:_identify(log) by extension 'ignore'
[2.039s] Level 1:colcon.colcon_core.package_identification:_identify(log) ignored
[2.039s] Level 1:colcon.colcon_core.package_identification:_identify(src) by extensions ['ignore', 'ignore_ament_install']
[2.039s] Level 1:colcon.colcon_core.package_identification:_identify(src) by extension 'ignore'
[2.039s] Level 1:colcon.colcon_core.package_identification:_identify(src) by extension 'ignore_ament_install'
[2.039s] Level 1:colcon.colcon_core.package_identification:_identify(src) by extensions ['colcon_pkg']
[2.039s] Level 1:colcon.colcon_core.package_identification:_identify(src) by extension 'colcon_pkg'
[2.039s] Level 1:colcon.colcon_core.package_identification:_identify(src) by extensions ['colcon_meta']
[2.039s] Level 1:colcon.colcon_core.package_identification:_identify(src) by extension 'colcon_meta'
[2.040s] Level 1:colcon.colcon_core.package_identification:_identify(src) by extensions ['ros']
[2.040s] Level 1:colcon.colcon_core.package_identification:_identify(src) by extension 'ros'
[2.040s] Level 1:colcon.colcon_core.package_identification:_identify(src) by extensions ['cmake', 'python']
[2.040s] Level 1:colcon.colcon_core.package_identification:_identify(src) by extension 'cmake'
[2.040s] Level 1:colcon.colcon_core.package_identification:_identify(src) by extension 'python'
[2.040s] Level 1:colcon.colcon_core.package_identification:_identify(src) by extensions ['python_setup_py']
[2.040s] Level 1:colcon.colcon_core.package_identification:_identify(src) by extension 'python_setup_py'
[2.040s] Level 1:colcon.colcon_core.package_identification:_identify(src/cameraTests) by extensions ['ignore', 'ignore_ament_install']
[2.040s] Level 1:colcon.colcon_core.package_identification:_identify(src/cameraTests) by extension 'ignore'
[2.040s] Level 1:colcon.colcon_core.package_identification:_identify(src/cameraTests) by extension 'ignore_ament_install'
[2.040s] Level 1:colcon.colcon_core.package_identification:_identify(src/cameraTests) by extensions ['colcon_pkg']
[2.040s] Level 1:colcon.colcon_core.package_identification:_identify(src/cameraTests) by extension 'colcon_pkg'
[2.040s] Level 1:colcon.colcon_core.package_identification:_identify(src/cameraTests) by extensions ['colcon_meta']
[2.040s] Level 1:colcon.colcon_core.package_identification:_identify(src/cameraTests) by extension 'colcon_meta'
[2.040s] Level 1:colcon.colcon_core.package_identification:_identify(src/cameraTests) by extensions ['ros']
[2.041s] Level 1:colcon.colcon_core.package_identification:_identify(src/cameraTests) by extension 'ros'
[2.104s] DEBUG:colcon.colcon_core.package_identification:Package 'src/cameraTests' with type 'ros.ament_python' and name 'cameraTests'
[2.105s] Level 1:colcon.colcon_core.package_identification:_identify(src/keyDrive) by extensions ['ignore', 'ignore_ament_install']
[2.105s] Level 1:colcon.colcon_core.package_identification:_identify(src/keyDrive) by extension 'ignore'
[2.105s] Level 1:colcon.colcon_core.package_identification:_identify(src/keyDrive) by extension 'ignore_ament_install'
[2.105s] Level 1:colcon.colcon_core.package_identification:_identify(src/keyDrive) by extensions ['colcon_pkg']
[2.105s] Level 1:colcon.colcon_core.package_identification:_identify(src/keyDrive) by extension 'colcon_pkg'
[2.105s] Level 1:colcon.colcon_core.package_identification:_identify(src/keyDrive) by extensions ['colcon_meta']
[2.105s] Level 1:colcon.colcon_core.package_identification:_identify(src/keyDrive) by extension 'colcon_meta'
[2.105s] Level 1:colcon.colcon_core.package_identification:_identify(src/keyDrive) by extensions ['ros']
[2.105s] Level 1:colcon.colcon_core.package_identification:_identify(src/keyDrive) by extension 'ros'
[2.123s] DEBUG:colcon.colcon_core.package_identification:Package 'src/keyDrive' with type 'ros.ament_python' and name 'keyDrive'
[2.124s] Level 1:colcon.colcon_core.package_identification:_identify(src/securityTests) by extensions ['ignore', 'ignore_ament_install']
[2.124s] Level 1:colcon.colcon_core.package_identification:_identify(src/securityTests) by extension 'ignore'
[2.124s] Level 1:colcon.colcon_core.package_identification:_identify(src/securityTests) by extension 'ignore_ament_install'
[2.124s] Level 1:colcon.colcon_core.package_identification:_identify(src/securityTests) by extensions ['colcon_pkg']
[2.124s] Level 1:colcon.colcon_core.package_identification:_identify(src/securityTests) by extension 'colcon_pkg'
[2.124s] Level 1:colcon.colcon_core.package_identification:_identify(src/securityTests) by extensions ['colcon_meta']
[2.124s] Level 1:colcon.colcon_core.package_identification:_identify(src/securityTests) by extension 'colcon_meta'
[2.124s] Level 1:colcon.colcon_core.package_identification:_identify(src/securityTests) by extensions ['ros']
[2.124s] Level 1:colcon.colcon_core.package_identification:_identify(src/securityTests) by extension 'ros'
[2.125s] DEBUG:colcon.colcon_core.package_identification:Failed to parse potential ROS package manifest in'src/securityTests': Error(s) in package 'src/securityTests/package.xml':
The manifest contains invalid XML:
mismatched tag: line 21, column 2
[2.125s] Level 1:colcon.colcon_core.package_identification:_identify(src/securityTests) by extensions ['cmake', 'python']
[2.125s] Level 1:colcon.colcon_core.package_identification:_identify(src/securityTests) by extension 'cmake'
[2.125s] Level 1:colcon.colcon_core.package_identification:_identify(src/securityTests) by extension 'python'
[2.125s] DEBUG:colcon.colcon_core.package_identification:Python package in 'src/securityTests' passes arguments to the setup() function which requires a different identification extension than 'python'
[2.125s] Level 1:colcon.colcon_core.package_identification:_identify(src/securityTests) by extensions ['python_setup_py']
[2.125s] Level 1:colcon.colcon_core.package_identification:_identify(src/securityTests) by extension 'python_setup_py'
[2.388s] DEBUG:colcon.colcon_core.package_identification:Package 'src/securityTests' with type 'python' and name 'securityTests'
[2.389s] Level 1:colcon.colcon_core.package_discovery:discover_packages(recursive) using defaults
[2.389s] Level 1:colcon.colcon_core.package_discovery:discover_packages(ignore) discover
[2.389s] Level 1:colcon.colcon_core.package_discovery:discover_packages(ignore) using defaults
[2.389s] Level 1:colcon.colcon_core.package_discovery:discover_packages(path) discover
[2.389s] Level 1:colcon.colcon_core.package_discovery:discover_packages(path) using defaults
[2.527s] INFO:colcon.colcon_core.package_selection:Skipping not selected package 'cameraTests' in 'src/cameraTests'
[2.528s] INFO:colcon.colcon_core.package_selection:Skipping not selected package 'keyDrive' in 'src/keyDrive'
[2.531s] Level 5:colcon.colcon_core.verb:set package 'securityTests' build argument 'cmake_args' from command line to 'None'
[2.531s] Level 5:colcon.colcon_core.verb:set package 'securityTests' build argument 'cmake_target' from command line to 'None'
[2.531s] Level 5:colcon.colcon_core.verb:set package 'securityTests' build argument 'cmake_target_skip_unavailable' from command line to 'False'
[2.531s] Level 5:colcon.colcon_core.verb:set package 'securityTests' build argument 'cmake_clean_cache' from command line to 'False'
[2.531s] Level 5:colcon.colcon_core.verb:set package 'securityTests' build argument 'cmake_clean_first' from command line to 'False'
[2.531s] Level 5:colcon.colcon_core.verb:set package 'securityTests' build argument 'cmake_force_configure' from command line to 'False'
[2.531s] Level 5:colcon.colcon_core.verb:set package 'securityTests' build argument 'ament_cmake_args' from command line to 'None'
[2.531s] Level 5:colcon.colcon_core.verb:set package 'securityTests' build argument 'catkin_cmake_args' from command line to 'None'
[2.531s] Level 5:colcon.colcon_core.verb:set package 'securityTests' build argument 'catkin_skip_building_tests' from command line to 'False'
[2.531s] DEBUG:colcon.colcon_core.verb:Building package 'securityTests' with the following arguments: {'ament_cmake_args': None, 'build_base': '/home/fizzer/ros2_ws/build/securityTests', 'catkin_cmake_args': None, 'catkin_skip_building_tests': False, 'cmake_args': None, 'cmake_clean_cache': False, 'cmake_clean_first': False, 'cmake_force_configure': False, 'cmake_target': None, 'cmake_target_skip_unavailable': False, 'install_base': '/home/fizzer/ros2_ws/install/securityTests', 'merge_install': False, 'path': '/home/fizzer/ros2_ws/src/securityTests', 'symlink_install': False, 'test_result_base': None}
[2.532s] INFO:colcon.colcon_core.executor:Executing jobs using 'parallel' executor
[2.534s] DEBUG:colcon.colcon_parallel_executor.executor.parallel:run_until_complete
[2.535s] INFO:colcon.colcon_core.task.python.build:Building Python package in '/home/fizzer/ros2_ws/src/securityTests'
[2.637s] INFO:colcon.colcon_core.plugin_system:Skipping extension 'colcon_core.shell.bat': Not used on non-Windows systems
[2.637s] INFO:colcon.colcon_core.shell:Skip shell extension 'powershell' for command environment: Not usable outside of PowerShell
[2.637s] DEBUG:colcon.colcon_core.shell:Skip shell extension 'dsv' for command environment
[2.666s] DEBUG:colcon.colcon_core.shell:Ignoring prefix path '/opt/ros/foxy'
[2.970s] DEBUG:colcon.colcon_core.event_handler.log_command:Invoking command in '/home/fizzer/ros2_ws/src/securityTests': PYTHONPATH=/home/fizzer/ros2_ws/install/securityTests/lib/python3.8/site-packages:${PYTHONPATH} /usr/bin/python3 setup.py egg_info --egg-base ../../build/securityTests build --build-base /home/fizzer/ros2_ws/build/securityTests/build install --prefix /home/fizzer/ros2_ws/install/securityTests --record /home/fizzer/ros2_ws/build/securityTests/install.log --single-version-externally-managed
[3.563s] DEBUG:colcon.colcon_core.event_handler.log_command:Invoked command in '/home/fizzer/ros2_ws/src/securityTests' returned '0': PYTHONPATH=/home/fizzer/ros2_ws/install/securityTests/lib/python3.8/site-packages:${PYTHONPATH} /usr/bin/python3 setup.py egg_info --egg-base ../../build/securityTests build --build-base /home/fizzer/ros2_ws/build/securityTests/build install --prefix /home/fizzer/ros2_ws/install/securityTests --record /home/fizzer/ros2_ws/build/securityTests/install.log --single-version-externally-managed
[3.670s] Level 1:colcon.colcon_core.environment:checking '/home/fizzer/ros2_ws/install/securityTests' for CMake module files
[3.671s] Level 1:colcon.colcon_core.environment:checking '/home/fizzer/ros2_ws/install/securityTests' for CMake config files
[3.672s] Level 1:colcon.colcon_core.environment:checking '/home/fizzer/ros2_ws/install/securityTests/lib'
[3.672s] Level 1:colcon.colcon_core.environment:checking '/home/fizzer/ros2_ws/install/securityTests/bin'
[3.672s] Level 1:colcon.colcon_core.environment:checking '/home/fizzer/ros2_ws/install/securityTests/lib/pkgconfig/securityTests.pc'
[3.672s] Level 1:colcon.colcon_core.environment:checking '/home/fizzer/ros2_ws/install/securityTests/lib/python3.8/site-packages'
[3.672s] Level 1:colcon.colcon_core.shell:create_environment_hook('securityTests', 'pythonpath')
[3.673s] INFO:colcon.colcon_core.shell:Creating environment hook '/home/fizzer/ros2_ws/install/securityTests/share/securityTests/hook/pythonpath.ps1'
[3.702s] INFO:colcon.colcon_core.shell:Creating environment descriptor '/home/fizzer/ros2_ws/install/securityTests/share/securityTests/hook/pythonpath.dsv'
[3.726s] INFO:colcon.colcon_core.shell:Creating environment hook '/home/fizzer/ros2_ws/install/securityTests/share/securityTests/hook/pythonpath.sh'
[3.727s] Level 1:colcon.colcon_core.environment:create_environment_scripts_only(securityTests)
[3.729s] INFO:colcon.colcon_core.shell:Creating package script '/home/fizzer/ros2_ws/install/securityTests/share/securityTests/package.ps1'
[3.730s] INFO:colcon.colcon_core.shell:Creating package descriptor '/home/fizzer/ros2_ws/install/securityTests/share/securityTests/package.dsv'
[3.731s] INFO:colcon.colcon_core.shell:Creating package script '/home/fizzer/ros2_ws/install/securityTests/share/securityTests/package.sh'
[3.733s] INFO:colcon.colcon_core.shell:Creating package script '/home/fizzer/ros2_ws/install/securityTests/share/securityTests/package.bash'
[3.768s] INFO:colcon.colcon_core.shell:Creating package script '/home/fizzer/ros2_ws/install/securityTests/share/securityTests/package.zsh'
[3.784s] Level 1:colcon.colcon_core.environment:create_file_with_runtime_dependencies(/home/fizzer/ros2_ws/install/securityTests/share/colcon-core/packages/securityTests)
[3.785s] DEBUG:colcon.colcon_parallel_executor.executor.parallel:closing loop
[3.786s] DEBUG:colcon.colcon_parallel_executor.executor.parallel:loop closed
[3.787s] DEBUG:colcon.colcon_parallel_executor.executor.parallel:run_until_complete finished with '0'
[3.787s] DEBUG:colcon.colcon_core.event_reactor:joining thread
[3.829s] INFO:colcon.colcon_core.plugin_system:Skipping extension 'colcon_notification.desktop_notification.notify_send': Could not find 'notify-send'
[3.829s] INFO:colcon.colcon_core.plugin_system:Skipping extension 'colcon_notification.desktop_notification.terminal_notifier': Not used on non-Darwin systems
[3.829s] INFO:colcon.colcon_core.plugin_system:Skipping extension 'colcon_notification.desktop_notification.win32': Not used on non-Windows systems
[3.829s] INFO:colcon.colcon_notification.desktop_notification:Sending desktop notification using 'notify2'
[3.982s] DEBUG:colcon.colcon_core.event_reactor:joined thread
[3.983s] INFO:colcon.colcon_core.shell:Creating prefix script '/home/fizzer/ros2_ws/install/local_setup.ps1'
[3.986s] INFO:colcon.colcon_core.shell:Creating prefix util module '/home/fizzer/ros2_ws/install/_local_setup_util_ps1.py'
[3.987s] INFO:colcon.colcon_core.shell:Creating prefix chain script '/home/fizzer/ros2_ws/install/setup.ps1'
[3.990s] INFO:colcon.colcon_core.shell:Creating prefix script '/home/fizzer/ros2_ws/install/local_setup.sh'
[3.991s] INFO:colcon.colcon_core.shell:Creating prefix util module '/home/fizzer/ros2_ws/install/_local_setup_util_sh.py'
[3.992s] INFO:colcon.colcon_core.shell:Creating prefix chain script '/home/fizzer/ros2_ws/install/setup.sh'
[3.994s] INFO:colcon.colcon_core.shell:Creating prefix script '/home/fizzer/ros2_ws/install/local_setup.bash'
[3.995s] INFO:colcon.colcon_core.shell:Creating prefix chain script '/home/fizzer/ros2_ws/install/setup.bash'
[3.998s] INFO:colcon.colcon_core.shell:Creating prefix script '/home/fizzer/ros2_ws/install/local_setup.zsh'
[3.999s] INFO:colcon.colcon_core.shell:Creating prefix chain script '/home/fizzer/ros2_ws/install/setup.zsh'
