[0.317s] Invoking command in '/home/fizzer/ros2_ws/src/my_package': PYTHONPATH=/home/fizzer/ros2_ws/install/my_package/lib/python3.8/site-packages:${PYTHONPATH} /usr/bin/python3 setup.py egg_info --egg-base ../../build/my_package build --build-base /home/fizzer/ros2_ws/build/my_package/build install --prefix /home/fizzer/ros2_ws/install/my_package --record /home/fizzer/ros2_ws/build/my_package/install.log --single-version-externally-managed
[0.597s] running egg_info
[0.598s] writing ../../build/my_package/my_package.egg-info/PKG-INFO
[0.598s] writing dependency_links to ../../build/my_package/my_package.egg-info/dependency_links.txt
[0.599s] writing entry points to ../../build/my_package/my_package.egg-info/entry_points.txt
[0.599s] writing requirements to ../../build/my_package/my_package.egg-info/requires.txt
[0.599s] writing top-level names to ../../build/my_package/my_package.egg-info/top_level.txt
[0.640s] reading manifest file '../../build/my_package/my_package.egg-info/SOURCES.txt'
[0.641s] writing manifest file '../../build/my_package/my_package.egg-info/SOURCES.txt'
[0.641s] running build
[0.641s] running build_py
[0.642s] copying my_package/multi_pub.py -> /home/fizzer/ros2_ws/build/my_package/build/lib/my_package
[0.642s] running install
[0.643s] running install_lib
[0.645s] copying /home/fizzer/ros2_ws/build/my_package/build/lib/my_package/multi_pub.py -> /home/fizzer/ros2_ws/install/my_package/lib/python3.8/site-packages/my_package
[0.646s] byte-compiling /home/fizzer/ros2_ws/install/my_package/lib/python3.8/site-packages/my_package/multi_pub.py to multi_pub.cpython-38.pyc
[0.648s] running install_data
[0.648s] running install_egg_info
[0.650s] removing '/home/fizzer/ros2_ws/install/my_package/lib/python3.8/site-packages/my_package-0.0.0-py3.8.egg-info' (and everything under it)
[0.651s] Copying ../../build/my_package/my_package.egg-info to /home/fizzer/ros2_ws/install/my_package/lib/python3.8/site-packages/my_package-0.0.0-py3.8.egg-info
[0.652s] running install_scripts
[0.673s] Installing cli script to /home/fizzer/ros2_ws/install/my_package/lib/my_package
[0.673s] Installing double_pub script to /home/fizzer/ros2_ws/install/my_package/lib/my_package
[0.673s] Installing listen script to /home/fizzer/ros2_ws/install/my_package/lib/my_package
[0.674s] Installing listen2 script to /home/fizzer/ros2_ws/install/my_package/lib/my_package
[0.674s] Installing my_node script to /home/fizzer/ros2_ws/install/my_package/lib/my_package
[0.674s] Installing serv script to /home/fizzer/ros2_ws/install/my_package/lib/my_package
[0.674s] Installing talk script to /home/fizzer/ros2_ws/install/my_package/lib/my_package
[0.674s] Installing talk2 script to /home/fizzer/ros2_ws/install/my_package/lib/my_package
[0.675s] writing list of installed files to '/home/fizzer/ros2_ws/build/my_package/install.log'
[0.704s] Invoked command in '/home/fizzer/ros2_ws/src/my_package' returned '0': PYTHONPATH=/home/fizzer/ros2_ws/install/my_package/lib/python3.8/site-packages:${PYTHONPATH} /usr/bin/python3 setup.py egg_info --egg-base ../../build/my_package build --build-base /home/fizzer/ros2_ws/build/my_package/build install --prefix /home/fizzer/ros2_ws/install/my_package --record /home/fizzer/ros2_ws/build/my_package/install.log --single-version-externally-managed
