running egg_info
writing ../../build/security/security.egg-info/PKG-INFO
writing dependency_links to ../../build/security/security.egg-info/dependency_links.txt
writing entry points to ../../build/security/security.egg-info/entry_points.txt
writing requirements to ../../build/security/security.egg-info/requires.txt
writing top-level names to ../../build/security/security.egg-info/top_level.txt
reading manifest file '../../build/security/security.egg-info/SOURCES.txt'
writing manifest file '../../build/security/security.egg-info/SOURCES.txt'
running build
running build_py
running install
running install_lib
running install_data
running install_egg_info
removing '/home/fizzer/ros2_ws/install/security/lib/python3.8/site-packages/security-0.0.0-py3.8.egg-info' (and everything under it)
Copying ../../build/security/security.egg-info to /home/fizzer/ros2_ws/install/security/lib/python3.8/site-packages/security-0.0.0-py3.8.egg-info
running install_scripts
Installing pub script to /home/fizzer/ros2_ws/install/security/lib/security
Installing sub script to /home/fizzer/ros2_ws/install/security/lib/security
writing list of installed files to '/home/fizzer/ros2_ws/build/security/install.log'
