[0.341s] Invoking command in '/home/fizzer/ros2_ws/src/keyDrive': PYTHONPATH=/home/fizzer/ros2_ws/install/keyDrive/lib/python3.8/site-packages:${PYTHONPATH} /usr/bin/python3 setup.py egg_info --egg-base ../../build/keyDrive build --build-base /home/fizzer/ros2_ws/build/keyDrive/build install --prefix /home/fizzer/ros2_ws/install/keyDrive --record /home/fizzer/ros2_ws/build/keyDrive/install.log --single-version-externally-managed
[0.623s] running egg_info
[0.624s] writing ../../build/keyDrive/keyDrive.egg-info/PKG-INFO
[0.624s] writing dependency_links to ../../build/keyDrive/keyDrive.egg-info/dependency_links.txt
[0.624s] writing entry points to ../../build/keyDrive/keyDrive.egg-info/entry_points.txt
[0.625s] writing requirements to ../../build/keyDrive/keyDrive.egg-info/requires.txt
[0.625s] writing top-level names to ../../build/keyDrive/keyDrive.egg-info/top_level.txt
[0.667s] reading manifest file '../../build/keyDrive/keyDrive.egg-info/SOURCES.txt'
[0.669s] writing manifest file '../../build/keyDrive/keyDrive.egg-info/SOURCES.txt'
[0.669s] running build
[0.670s] running build_py
[0.670s] copying keyDrive/Vel_Sub_Drive_2.py -> /home/fizzer/ros2_ws/build/keyDrive/build/lib/keyDrive
[0.670s] running install
[0.671s] running install_lib
[0.672s] copying /home/fizzer/ros2_ws/build/keyDrive/build/lib/keyDrive/Vel_Sub_Drive_2.py -> /home/fizzer/ros2_ws/install/keyDrive/lib/python3.8/site-packages/keyDrive
[0.673s] byte-compiling /home/fizzer/ros2_ws/install/keyDrive/lib/python3.8/site-packages/keyDrive/Vel_Sub_Drive_2.py to Vel_Sub_Drive_2.cpython-38.pyc
[0.675s] running install_data
[0.676s] running install_egg_info
[0.678s] removing '/home/fizzer/ros2_ws/install/keyDrive/lib/python3.8/site-packages/keyDrive-0.0.0-py3.8.egg-info' (and everything under it)
[0.678s] Copying ../../build/keyDrive/keyDrive.egg-info to /home/fizzer/ros2_ws/install/keyDrive/lib/python3.8/site-packages/keyDrive-0.0.0-py3.8.egg-info
[0.679s] running install_scripts
[0.702s] Installing node1 script to /home/fizzer/ros2_ws/install/keyDrive/lib/keyDrive
[0.702s] Installing node2 script to /home/fizzer/ros2_ws/install/keyDrive/lib/keyDrive
[0.702s] Installing node3 script to /home/fizzer/ros2_ws/install/keyDrive/lib/keyDrive
[0.703s] writing list of installed files to '/home/fizzer/ros2_ws/build/keyDrive/install.log'
[0.736s] Invoked command in '/home/fizzer/ros2_ws/src/keyDrive' returned '0': PYTHONPATH=/home/fizzer/ros2_ws/install/keyDrive/lib/python3.8/site-packages:${PYTHONPATH} /usr/bin/python3 setup.py egg_info --egg-base ../../build/keyDrive build --build-base /home/fizzer/ros2_ws/build/keyDrive/build install --prefix /home/fizzer/ros2_ws/install/keyDrive --record /home/fizzer/ros2_ws/build/keyDrive/install.log --single-version-externally-managed
