[0.383s] Invoking command in '/home/fizzer/ros2_ws/src/keyDrive': PYTHONPATH=/home/fizzer/ros2_ws/install/keyDrive/lib/python3.8/site-packages:${PYTHONPATH} /usr/bin/python3 setup.py egg_info --egg-base ../../build/keyDrive build --build-base /home/fizzer/ros2_ws/build/keyDrive/build install --prefix /home/fizzer/ros2_ws/install/keyDrive --record /home/fizzer/ros2_ws/build/keyDrive/install.log --single-version-externally-managed
[0.644s] running egg_info
[0.644s] writing ../../build/keyDrive/keyDrive.egg-info/PKG-INFO
[0.645s] writing dependency_links to ../../build/keyDrive/keyDrive.egg-info/dependency_links.txt
[0.645s] writing entry points to ../../build/keyDrive/keyDrive.egg-info/entry_points.txt
[0.645s] writing requirements to ../../build/keyDrive/keyDrive.egg-info/requires.txt
[0.645s] writing top-level names to ../../build/keyDrive/keyDrive.egg-info/top_level.txt
[0.730s] reading manifest file '../../build/keyDrive/keyDrive.egg-info/SOURCES.txt'
[0.740s] writing manifest file '../../build/keyDrive/keyDrive.egg-info/SOURCES.txt'
[0.740s] running build
[0.740s] running build_py
[0.741s] running install
[0.743s] running install_lib
[0.745s] running install_data
[0.746s] running install_egg_info
[0.749s] removing '/home/fizzer/ros2_ws/install/keyDrive/lib/python3.8/site-packages/keyDrive-0.0.0-py3.8.egg-info' (and everything under it)
[0.749s] Copying ../../build/keyDrive/keyDrive.egg-info to /home/fizzer/ros2_ws/install/keyDrive/lib/python3.8/site-packages/keyDrive-0.0.0-py3.8.egg-info
[0.755s] running install_scripts
[0.776s] Installing node1 script to /home/fizzer/ros2_ws/install/keyDrive/lib/keyDrive
[0.777s] Installing node2 script to /home/fizzer/ros2_ws/install/keyDrive/lib/keyDrive
[0.777s] Installing node3 script to /home/fizzer/ros2_ws/install/keyDrive/lib/keyDrive
[0.777s] writing list of installed files to '/home/fizzer/ros2_ws/build/keyDrive/install.log'
[0.806s] Invoked command in '/home/fizzer/ros2_ws/src/keyDrive' returned '0': PYTHONPATH=/home/fizzer/ros2_ws/install/keyDrive/lib/python3.8/site-packages:${PYTHONPATH} /usr/bin/python3 setup.py egg_info --egg-base ../../build/keyDrive build --build-base /home/fizzer/ros2_ws/build/keyDrive/build install --prefix /home/fizzer/ros2_ws/install/keyDrive --record /home/fizzer/ros2_ws/build/keyDrive/install.log --single-version-externally-managed
