[2.141s] DEBUG:colcon:Command line arguments: ['/usr/bin/colcon', 'build', '--packages-select', 'vector']
[2.141s] DEBUG:colcon:Parsed command line arguments: Namespace(ament_cmake_args=None, base_paths=['.'], build_base='build', catkin_cmake_args=None, catkin_skip_building_tests=False, cmake_args=None, cmake_clean_cache=False, cmake_clean_first=False, cmake_force_configure=False, cmake_target=None, cmake_target_skip_unavailable=False, continue_on_error=False, event_handlers=None, executor='parallel', ignore_user_meta=False, install_base='install', log_base=None, log_level=None, main=<bound method BuildVerb.main of <colcon_core.verb.build.BuildVerb object at 0x7f94c9813250>>, merge_install=False, metas=['./colcon.meta'], packages_above=None, packages_above_and_dependencies=None, packages_above_depth=None, packages_end=None, packages_ignore=None, packages_ignore_regex=None, packages_select=['vector'], packages_select_build_failed=False, packages_select_by_dep=None, packages_select_regex=None, packages_select_test_failures=False, packages_skip=None, packages_skip_build_finished=False, packages_skip_by_dep=None, packages_skip_regex=None, packages_skip_test_passed=False, packages_skip_up_to=None, packages_start=None, packages_up_to=None, packages_up_to_regex=None, parallel_workers=4, paths=None, symlink_install=False, test_result_base=None, verb_extension=<colcon_core.verb.build.BuildVerb object at 0x7f94c9813250>, verb_name='build', verb_parser=<colcon_defaults.argument_parser.defaults.DefaultArgumentsDecorator object at 0x7f94c9813790>)
[2.271s] Level 1:colcon.colcon_core.package_discovery:discover_packages(colcon_meta) check parameters
[2.271s] Level 1:colcon.colcon_core.package_discovery:discover_packages(recursive) check parameters
[2.271s] Level 1:colcon.colcon_core.package_discovery:discover_packages(ignore) check parameters
[2.271s] Level 1:colcon.colcon_core.package_discovery:discover_packages(path) check parameters
[2.271s] Level 1:colcon.colcon_core.package_discovery:discover_packages(colcon_meta) discover
[2.271s] Level 1:colcon.colcon_core.package_discovery:discover_packages(recursive) discover
[2.271s] INFO:colcon.colcon_core.package_discovery:Crawling recursively for packages in '/home/fizzer/ros2_ws'
[2.271s] Level 1:colcon.colcon_core.package_identification:_identify(.) by extensions ['ignore', 'ignore_ament_install']
[2.271s] Level 1:colcon.colcon_core.package_identification:_identify(.) by extension 'ignore'
[2.271s] Level 1:colcon.colcon_core.package_identification:_identify(.) by extension 'ignore_ament_install'
[2.271s] Level 1:colcon.colcon_core.package_identification:_identify(.) by extensions ['colcon_pkg']
[2.272s] Level 1:colcon.colcon_core.package_identification:_identify(.) by extension 'colcon_pkg'
[2.272s] Level 1:colcon.colcon_core.package_identification:_identify(.) by extensions ['colcon_meta']
[2.272s] Level 1:colcon.colcon_core.package_identification:_identify(.) by extension 'colcon_meta'
[2.272s] Level 1:colcon.colcon_core.package_identification:_identify(.) by extensions ['ros']
[2.272s] Level 1:colcon.colcon_core.package_identification:_identify(.) by extension 'ros'
[2.319s] Level 1:colcon.colcon_core.package_identification:_identify(.) by extensions ['cmake', 'python']
[2.319s] Level 1:colcon.colcon_core.package_identification:_identify(.) by extension 'cmake'
[2.319s] Level 1:colcon.colcon_core.package_identification:_identify(.) by extension 'python'
[2.319s] Level 1:colcon.colcon_core.package_identification:_identify(.) by extensions ['python_setup_py']
[2.319s] Level 1:colcon.colcon_core.package_identification:_identify(.) by extension 'python_setup_py'
[2.320s] Level 1:colcon.colcon_core.package_identification:_identify(build) by extensions ['ignore', 'ignore_ament_install']
[2.320s] Level 1:colcon.colcon_core.package_identification:_identify(build) by extension 'ignore'
[2.320s] Level 1:colcon.colcon_core.package_identification:_identify(build) ignored
[2.320s] Level 1:colcon.colcon_core.package_identification:_identify(install) by extensions ['ignore', 'ignore_ament_install']
[2.320s] Level 1:colcon.colcon_core.package_identification:_identify(install) by extension 'ignore'
[2.320s] Level 1:colcon.colcon_core.package_identification:_identify(install) ignored
[2.321s] Level 1:colcon.colcon_core.package_identification:_identify(log) by extensions ['ignore', 'ignore_ament_install']
[2.321s] Level 1:colcon.colcon_core.package_identification:_identify(log) by extension 'ignore'
[2.321s] Level 1:colcon.colcon_core.package_identification:_identify(log) ignored
[2.321s] Level 1:colcon.colcon_core.package_identification:_identify(src) by extensions ['ignore', 'ignore_ament_install']
[2.321s] Level 1:colcon.colcon_core.package_identification:_identify(src) by extension 'ignore'
[2.321s] Level 1:colcon.colcon_core.package_identification:_identify(src) by extension 'ignore_ament_install'
[2.321s] Level 1:colcon.colcon_core.package_identification:_identify(src) by extensions ['colcon_pkg']
[2.321s] Level 1:colcon.colcon_core.package_identification:_identify(src) by extension 'colcon_pkg'
[2.321s] Level 1:colcon.colcon_core.package_identification:_identify(src) by extensions ['colcon_meta']
[2.322s] Level 1:colcon.colcon_core.package_identification:_identify(src) by extension 'colcon_meta'
[2.322s] Level 1:colcon.colcon_core.package_identification:_identify(src) by extensions ['ros']
[2.322s] Level 1:colcon.colcon_core.package_identification:_identify(src) by extension 'ros'
[2.322s] Level 1:colcon.colcon_core.package_identification:_identify(src) by extensions ['cmake', 'python']
[2.322s] Level 1:colcon.colcon_core.package_identification:_identify(src) by extension 'cmake'
[2.322s] Level 1:colcon.colcon_core.package_identification:_identify(src) by extension 'python'
[2.322s] Level 1:colcon.colcon_core.package_identification:_identify(src) by extensions ['python_setup_py']
[2.322s] Level 1:colcon.colcon_core.package_identification:_identify(src) by extension 'python_setup_py'
[2.366s] Level 1:colcon.colcon_core.package_identification:_identify(src/build) by extensions ['ignore', 'ignore_ament_install']
[2.366s] Level 1:colcon.colcon_core.package_identification:_identify(src/build) by extension 'ignore'
[2.366s] Level 1:colcon.colcon_core.package_identification:_identify(src/build) ignored
[2.372s] Level 1:colcon.colcon_core.package_identification:_identify(src/cameraTests) by extensions ['ignore', 'ignore_ament_install']
[2.373s] Level 1:colcon.colcon_core.package_identification:_identify(src/cameraTests) by extension 'ignore'
[2.373s] Level 1:colcon.colcon_core.package_identification:_identify(src/cameraTests) by extension 'ignore_ament_install'
[2.373s] Level 1:colcon.colcon_core.package_identification:_identify(src/cameraTests) by extensions ['colcon_pkg']
[2.373s] Level 1:colcon.colcon_core.package_identification:_identify(src/cameraTests) by extension 'colcon_pkg'
[2.373s] Level 1:colcon.colcon_core.package_identification:_identify(src/cameraTests) by extensions ['colcon_meta']
[2.373s] Level 1:colcon.colcon_core.package_identification:_identify(src/cameraTests) by extension 'colcon_meta'
[2.373s] Level 1:colcon.colcon_core.package_identification:_identify(src/cameraTests) by extensions ['ros']
[2.373s] Level 1:colcon.colcon_core.package_identification:_identify(src/cameraTests) by extension 'ros'
[2.428s] DEBUG:colcon.colcon_core.package_identification:Package 'src/cameraTests' with type 'ros.ament_python' and name 'cameraTests'
[2.429s] Level 1:colcon.colcon_core.package_identification:_identify(src/install) by extensions ['ignore', 'ignore_ament_install']
[2.429s] Level 1:colcon.colcon_core.package_identification:_identify(src/install) by extension 'ignore'
[2.429s] Level 1:colcon.colcon_core.package_identification:_identify(src/install) ignored
[2.438s] Level 1:colcon.colcon_core.package_identification:_identify(src/keyDrive) by extensions ['ignore', 'ignore_ament_install']
[2.438s] Level 1:colcon.colcon_core.package_identification:_identify(src/keyDrive) by extension 'ignore'
[2.438s] Level 1:colcon.colcon_core.package_identification:_identify(src/keyDrive) by extension 'ignore_ament_install'
[2.439s] Level 1:colcon.colcon_core.package_identification:_identify(src/keyDrive) by extensions ['colcon_pkg']
[2.439s] Level 1:colcon.colcon_core.package_identification:_identify(src/keyDrive) by extension 'colcon_pkg'
[2.439s] Level 1:colcon.colcon_core.package_identification:_identify(src/keyDrive) by extensions ['colcon_meta']
[2.439s] Level 1:colcon.colcon_core.package_identification:_identify(src/keyDrive) by extension 'colcon_meta'
[2.439s] Level 1:colcon.colcon_core.package_identification:_identify(src/keyDrive) by extensions ['ros']
[2.439s] Level 1:colcon.colcon_core.package_identification:_identify(src/keyDrive) by extension 'ros'
[2.447s] DEBUG:colcon.colcon_core.package_identification:Package 'src/keyDrive' with type 'ros.ament_python' and name 'keyDrive'
[2.448s] Level 1:colcon.colcon_core.package_identification:_identify(src/log) by extensions ['ignore', 'ignore_ament_install']
[2.448s] Level 1:colcon.colcon_core.package_identification:_identify(src/log) by extension 'ignore'
[2.448s] Level 1:colcon.colcon_core.package_identification:_identify(src/log) ignored
[2.459s] Level 1:colcon.colcon_core.package_identification:_identify(src/my_cpp_py_pkg) by extensions ['ignore', 'ignore_ament_install']
[2.459s] Level 1:colcon.colcon_core.package_identification:_identify(src/my_cpp_py_pkg) by extension 'ignore'
[2.460s] Level 1:colcon.colcon_core.package_identification:_identify(src/my_cpp_py_pkg) by extension 'ignore_ament_install'
[2.460s] Level 1:colcon.colcon_core.package_identification:_identify(src/my_cpp_py_pkg) by extensions ['colcon_pkg']
[2.460s] Level 1:colcon.colcon_core.package_identification:_identify(src/my_cpp_py_pkg) by extension 'colcon_pkg'
[2.460s] Level 1:colcon.colcon_core.package_identification:_identify(src/my_cpp_py_pkg) by extensions ['colcon_meta']
[2.460s] Level 1:colcon.colcon_core.package_identification:_identify(src/my_cpp_py_pkg) by extension 'colcon_meta'
[2.460s] Level 1:colcon.colcon_core.package_identification:_identify(src/my_cpp_py_pkg) by extensions ['ros']
[2.460s] Level 1:colcon.colcon_core.package_identification:_identify(src/my_cpp_py_pkg) by extension 'ros'
[2.463s] DEBUG:colcon.colcon_core.package_identification:Package 'src/my_cpp_py_pkg' with type 'ros.ament_cmake' and name 'my_cpp_py_pkg'
[2.474s] Level 1:colcon.colcon_core.package_identification:_identify(src/my_package) by extensions ['ignore', 'ignore_ament_install']
[2.474s] Level 1:colcon.colcon_core.package_identification:_identify(src/my_package) by extension 'ignore'
[2.474s] Level 1:colcon.colcon_core.package_identification:_identify(src/my_package) by extension 'ignore_ament_install'
[2.474s] Level 1:colcon.colcon_core.package_identification:_identify(src/my_package) by extensions ['colcon_pkg']
[2.474s] Level 1:colcon.colcon_core.package_identification:_identify(src/my_package) by extension 'colcon_pkg'
[2.474s] Level 1:colcon.colcon_core.package_identification:_identify(src/my_package) by extensions ['colcon_meta']
[2.474s] Level 1:colcon.colcon_core.package_identification:_identify(src/my_package) by extension 'colcon_meta'
[2.475s] Level 1:colcon.colcon_core.package_identification:_identify(src/my_package) by extensions ['ros']
[2.475s] Level 1:colcon.colcon_core.package_identification:_identify(src/my_package) by extension 'ros'
[2.490s] DEBUG:colcon.colcon_core.package_identification:Package 'src/my_package' with type 'ros.ament_python' and name 'my_package'
[2.501s] Level 1:colcon.colcon_core.package_identification:_identify(src/security_test) by extensions ['ignore', 'ignore_ament_install']
[2.502s] Level 1:colcon.colcon_core.package_identification:_identify(src/security_test) by extension 'ignore'
[2.502s] Level 1:colcon.colcon_core.package_identification:_identify(src/security_test) by extension 'ignore_ament_install'
[2.502s] Level 1:colcon.colcon_core.package_identification:_identify(src/security_test) by extensions ['colcon_pkg']
[2.502s] Level 1:colcon.colcon_core.package_identification:_identify(src/security_test) by extension 'colcon_pkg'
[2.502s] Level 1:colcon.colcon_core.package_identification:_identify(src/security_test) by extensions ['colcon_meta']
[2.502s] Level 1:colcon.colcon_core.package_identification:_identify(src/security_test) by extension 'colcon_meta'
[2.502s] Level 1:colcon.colcon_core.package_identification:_identify(src/security_test) by extensions ['ros']
[2.502s] Level 1:colcon.colcon_core.package_identification:_identify(src/security_test) by extension 'ros'
[2.507s] DEBUG:colcon.colcon_core.package_identification:Package 'src/security_test' with type 'ros.ament_cmake' and name 'security_test'
[2.507s] Level 1:colcon.colcon_core.package_identification:_identify(src/tutorial_interfaces) by extensions ['ignore', 'ignore_ament_install']
[2.507s] Level 1:colcon.colcon_core.package_identification:_identify(src/tutorial_interfaces) by extension 'ignore'
[2.507s] Level 1:colcon.colcon_core.package_identification:_identify(src/tutorial_interfaces) by extension 'ignore_ament_install'
[2.507s] Level 1:colcon.colcon_core.package_identification:_identify(src/tutorial_interfaces) by extensions ['colcon_pkg']
[2.508s] Level 1:colcon.colcon_core.package_identification:_identify(src/tutorial_interfaces) by extension 'colcon_pkg'
[2.508s] Level 1:colcon.colcon_core.package_identification:_identify(src/tutorial_interfaces) by extensions ['colcon_meta']
[2.508s] Level 1:colcon.colcon_core.package_identification:_identify(src/tutorial_interfaces) by extension 'colcon_meta'
[2.508s] Level 1:colcon.colcon_core.package_identification:_identify(src/tutorial_interfaces) by extensions ['ros']
[2.508s] Level 1:colcon.colcon_core.package_identification:_identify(src/tutorial_interfaces) by extension 'ros'
[2.517s] DEBUG:colcon.colcon_core.package_identification:Package 'src/tutorial_interfaces' with type 'ros.ament_cmake' and name 'tutorial_interfaces'
[2.517s] Level 1:colcon.colcon_core.package_identification:_identify(src/vector) by extensions ['ignore', 'ignore_ament_install']
[2.517s] Level 1:colcon.colcon_core.package_identification:_identify(src/vector) by extension 'ignore'
[2.518s] Level 1:colcon.colcon_core.package_identification:_identify(src/vector) by extension 'ignore_ament_install'
[2.518s] Level 1:colcon.colcon_core.package_identification:_identify(src/vector) by extensions ['colcon_pkg']
[2.518s] Level 1:colcon.colcon_core.package_identification:_identify(src/vector) by extension 'colcon_pkg'
[2.518s] Level 1:colcon.colcon_core.package_identification:_identify(src/vector) by extensions ['colcon_meta']
[2.518s] Level 1:colcon.colcon_core.package_identification:_identify(src/vector) by extension 'colcon_meta'
[2.518s] Level 1:colcon.colcon_core.package_identification:_identify(src/vector) by extensions ['ros']
[2.518s] Level 1:colcon.colcon_core.package_identification:_identify(src/vector) by extension 'ros'
[2.535s] DEBUG:colcon.colcon_core.package_identification:Package 'src/vector' with type 'ros.ament_cmake' and name 'vector'
[2.535s] Level 1:colcon.colcon_core.package_discovery:discover_packages(recursive) using defaults
[2.535s] Level 1:colcon.colcon_core.package_discovery:discover_packages(ignore) discover
[2.535s] Level 1:colcon.colcon_core.package_discovery:discover_packages(ignore) using defaults
[2.535s] Level 1:colcon.colcon_core.package_discovery:discover_packages(path) discover
[2.535s] Level 1:colcon.colcon_core.package_discovery:discover_packages(path) using defaults
[2.685s] INFO:colcon.colcon_core.package_selection:Skipping not selected package 'cameraTests' in 'src/cameraTests'
[2.685s] INFO:colcon.colcon_core.package_selection:Skipping not selected package 'keyDrive' in 'src/keyDrive'
[2.685s] INFO:colcon.colcon_core.package_selection:Skipping not selected package 'my_cpp_py_pkg' in 'src/my_cpp_py_pkg'
[2.685s] INFO:colcon.colcon_core.package_selection:Skipping not selected package 'my_package' in 'src/my_package'
[2.685s] INFO:colcon.colcon_core.package_selection:Skipping not selected package 'security_test' in 'src/security_test'
[2.685s] INFO:colcon.colcon_core.package_selection:Skipping not selected package 'tutorial_interfaces' in 'src/tutorial_interfaces'
[2.688s] Level 5:colcon.colcon_core.verb:set package 'vector' build argument 'cmake_args' from command line to 'None'
[2.688s] Level 5:colcon.colcon_core.verb:set package 'vector' build argument 'cmake_target' from command line to 'None'
[2.688s] Level 5:colcon.colcon_core.verb:set package 'vector' build argument 'cmake_target_skip_unavailable' from command line to 'False'
[2.689s] Level 5:colcon.colcon_core.verb:set package 'vector' build argument 'cmake_clean_cache' from command line to 'False'
[2.689s] Level 5:colcon.colcon_core.verb:set package 'vector' build argument 'cmake_clean_first' from command line to 'False'
[2.689s] Level 5:colcon.colcon_core.verb:set package 'vector' build argument 'cmake_force_configure' from command line to 'False'
[2.689s] Level 5:colcon.colcon_core.verb:set package 'vector' build argument 'ament_cmake_args' from command line to 'None'
[2.689s] Level 5:colcon.colcon_core.verb:set package 'vector' build argument 'catkin_cmake_args' from command line to 'None'
[2.689s] Level 5:colcon.colcon_core.verb:set package 'vector' build argument 'catkin_skip_building_tests' from command line to 'False'
[2.689s] DEBUG:colcon.colcon_core.verb:Building package 'vector' with the following arguments: {'ament_cmake_args': None, 'build_base': '/home/fizzer/ros2_ws/build/vector', 'catkin_cmake_args': None, 'catkin_skip_building_tests': False, 'cmake_args': None, 'cmake_clean_cache': False, 'cmake_clean_first': False, 'cmake_force_configure': False, 'cmake_target': None, 'cmake_target_skip_unavailable': False, 'install_base': '/home/fizzer/ros2_ws/install/vector', 'merge_install': False, 'path': '/home/fizzer/ros2_ws/src/vector', 'symlink_install': False, 'test_result_base': None}
[2.689s] INFO:colcon.colcon_core.executor:Executing jobs using 'parallel' executor
[2.691s] DEBUG:colcon.colcon_parallel_executor.executor.parallel:run_until_complete
[2.692s] INFO:colcon.colcon_ros.task.ament_cmake.build:Building ROS package in '/home/fizzer/ros2_ws/src/vector' with build type 'ament_cmake'
[2.692s] INFO:colcon.colcon_cmake.task.cmake.build:Building CMake package in '/home/fizzer/ros2_ws/src/vector'
[2.783s] INFO:colcon.colcon_core.plugin_system:Skipping extension 'colcon_core.shell.bat': Not used on non-Windows systems
[2.784s] INFO:colcon.colcon_core.shell:Skip shell extension 'powershell' for command environment: Not usable outside of PowerShell
[2.784s] DEBUG:colcon.colcon_core.shell:Skip shell extension 'dsv' for command environment
[2.797s] DEBUG:colcon.colcon_core.shell:Ignoring prefix path '/opt/ros/foxy'
[2.906s] DEBUG:colcon.colcon_core.event_handler.log_command:Invoking command in '/home/fizzer/ros2_ws/build/vector': CMAKE_PREFIX_PATH=/opt/ros/foxy /usr/bin/cmake --build /home/fizzer/ros2_ws/build/vector -- -j4 -l4
[4.715s] DEBUG:colcon.colcon_core.event_handler.log_command:Invoked command in '/home/fizzer/ros2_ws/build/vector' returned '0': CMAKE_PREFIX_PATH=/opt/ros/foxy /usr/bin/cmake --build /home/fizzer/ros2_ws/build/vector -- -j4 -l4
[4.801s] DEBUG:colcon.colcon_core.event_handler.log_command:Invoking command in '/home/fizzer/ros2_ws/build/vector': CMAKE_PREFIX_PATH=/opt/ros/foxy /usr/bin/cmake --install /home/fizzer/ros2_ws/build/vector
[5.112s] Level 1:colcon.colcon_core.environment:create_environment_scripts_only(vector)
[5.113s] DEBUG:colcon.colcon_core.event_handler.log_command:Invoked command in '/home/fizzer/ros2_ws/build/vector' returned '0': CMAKE_PREFIX_PATH=/opt/ros/foxy /usr/bin/cmake --install /home/fizzer/ros2_ws/build/vector
[5.234s] Level 1:colcon.colcon_core.environment:checking '/home/fizzer/ros2_ws/install/vector' for CMake module files
[5.235s] Level 1:colcon.colcon_core.environment:checking '/home/fizzer/ros2_ws/install/vector' for CMake config files
[5.255s] Level 1:colcon.colcon_core.shell:create_environment_hook('vector', 'cmake_prefix_path')
[5.256s] INFO:colcon.colcon_core.shell:Creating environment hook '/home/fizzer/ros2_ws/install/vector/share/vector/hook/cmake_prefix_path.ps1'
[5.288s] INFO:colcon.colcon_core.shell:Creating environment descriptor '/home/fizzer/ros2_ws/install/vector/share/vector/hook/cmake_prefix_path.dsv'
[5.312s] INFO:colcon.colcon_core.shell:Creating environment hook '/home/fizzer/ros2_ws/install/vector/share/vector/hook/cmake_prefix_path.sh'
[5.314s] Level 1:colcon.colcon_core.environment:checking '/home/fizzer/ros2_ws/install/vector/lib'
[5.314s] Level 1:colcon.colcon_core.shell:create_environment_hook('vector', 'ld_library_path_lib')
[5.315s] INFO:colcon.colcon_core.shell:Creating environment hook '/home/fizzer/ros2_ws/install/vector/share/vector/hook/ld_library_path_lib.ps1'
[5.315s] INFO:colcon.colcon_core.shell:Creating environment descriptor '/home/fizzer/ros2_ws/install/vector/share/vector/hook/ld_library_path_lib.dsv'
[5.316s] INFO:colcon.colcon_core.shell:Creating environment hook '/home/fizzer/ros2_ws/install/vector/share/vector/hook/ld_library_path_lib.sh'
[5.316s] Level 1:colcon.colcon_core.environment:checking '/home/fizzer/ros2_ws/install/vector/bin'
[5.317s] Level 1:colcon.colcon_core.environment:checking '/home/fizzer/ros2_ws/install/vector/lib/pkgconfig/vector.pc'
[5.317s] Level 1:colcon.colcon_core.environment:checking '/home/fizzer/ros2_ws/install/vector/lib/python3.8/site-packages'
[5.317s] Level 1:colcon.colcon_core.shell:create_environment_hook('vector', 'pythonpath')
[5.317s] INFO:colcon.colcon_core.shell:Creating environment hook '/home/fizzer/ros2_ws/install/vector/share/vector/hook/pythonpath.ps1'
[5.318s] INFO:colcon.colcon_core.shell:Creating environment descriptor '/home/fizzer/ros2_ws/install/vector/share/vector/hook/pythonpath.dsv'
[5.318s] INFO:colcon.colcon_core.shell:Creating environment hook '/home/fizzer/ros2_ws/install/vector/share/vector/hook/pythonpath.sh'
[5.320s] INFO:colcon.colcon_core.shell:Creating package script '/home/fizzer/ros2_ws/install/vector/share/vector/package.ps1'
[5.321s] INFO:colcon.colcon_core.shell:Creating package descriptor '/home/fizzer/ros2_ws/install/vector/share/vector/package.dsv'
[5.322s] INFO:colcon.colcon_core.shell:Creating package script '/home/fizzer/ros2_ws/install/vector/share/vector/package.sh'
[5.323s] INFO:colcon.colcon_core.shell:Creating package script '/home/fizzer/ros2_ws/install/vector/share/vector/package.bash'
[5.353s] INFO:colcon.colcon_core.shell:Creating package script '/home/fizzer/ros2_ws/install/vector/share/vector/package.zsh'
[5.370s] Level 1:colcon.colcon_core.environment:create_file_with_runtime_dependencies(/home/fizzer/ros2_ws/install/vector/share/colcon-core/packages/vector)
[5.445s] Level 1:colcon.colcon_core.environment:create_environment_scripts_only(vector)
[5.446s] Level 1:colcon.colcon_core.environment:checking '/home/fizzer/ros2_ws/install/vector' for CMake module files
[5.447s] Level 1:colcon.colcon_core.environment:checking '/home/fizzer/ros2_ws/install/vector' for CMake config files
[5.448s] Level 1:colcon.colcon_core.shell:create_environment_hook('vector', 'cmake_prefix_path')
[5.449s] INFO:colcon.colcon_core.shell:Creating environment hook '/home/fizzer/ros2_ws/install/vector/share/vector/hook/cmake_prefix_path.ps1'
[5.450s] INFO:colcon.colcon_core.shell:Creating environment descriptor '/home/fizzer/ros2_ws/install/vector/share/vector/hook/cmake_prefix_path.dsv'
[5.450s] INFO:colcon.colcon_core.shell:Creating environment hook '/home/fizzer/ros2_ws/install/vector/share/vector/hook/cmake_prefix_path.sh'
[5.451s] Level 1:colcon.colcon_core.environment:checking '/home/fizzer/ros2_ws/install/vector/lib'
[5.451s] Level 1:colcon.colcon_core.shell:create_environment_hook('vector', 'ld_library_path_lib')
[5.452s] INFO:colcon.colcon_core.shell:Creating environment hook '/home/fizzer/ros2_ws/install/vector/share/vector/hook/ld_library_path_lib.ps1'
[5.453s] INFO:colcon.colcon_core.shell:Creating environment descriptor '/home/fizzer/ros2_ws/install/vector/share/vector/hook/ld_library_path_lib.dsv'
[5.455s] INFO:colcon.colcon_core.shell:Creating environment hook '/home/fizzer/ros2_ws/install/vector/share/vector/hook/ld_library_path_lib.sh'
[5.456s] Level 1:colcon.colcon_core.environment:checking '/home/fizzer/ros2_ws/install/vector/bin'
[5.456s] Level 1:colcon.colcon_core.environment:checking '/home/fizzer/ros2_ws/install/vector/lib/pkgconfig/vector.pc'
[5.456s] Level 1:colcon.colcon_core.environment:checking '/home/fizzer/ros2_ws/install/vector/lib/python3.8/site-packages'
[5.456s] Level 1:colcon.colcon_core.shell:create_environment_hook('vector', 'pythonpath')
[5.457s] INFO:colcon.colcon_core.shell:Creating environment hook '/home/fizzer/ros2_ws/install/vector/share/vector/hook/pythonpath.ps1'
[5.457s] INFO:colcon.colcon_core.shell:Creating environment descriptor '/home/fizzer/ros2_ws/install/vector/share/vector/hook/pythonpath.dsv'
[5.458s] INFO:colcon.colcon_core.shell:Creating environment hook '/home/fizzer/ros2_ws/install/vector/share/vector/hook/pythonpath.sh'
[5.459s] INFO:colcon.colcon_core.shell:Creating package script '/home/fizzer/ros2_ws/install/vector/share/vector/package.ps1'
[5.460s] INFO:colcon.colcon_core.shell:Creating package descriptor '/home/fizzer/ros2_ws/install/vector/share/vector/package.dsv'
[5.460s] INFO:colcon.colcon_core.shell:Creating package script '/home/fizzer/ros2_ws/install/vector/share/vector/package.sh'
[5.461s] INFO:colcon.colcon_core.shell:Creating package script '/home/fizzer/ros2_ws/install/vector/share/vector/package.bash'
[5.461s] INFO:colcon.colcon_core.shell:Creating package script '/home/fizzer/ros2_ws/install/vector/share/vector/package.zsh'
[5.462s] Level 1:colcon.colcon_core.environment:create_file_with_runtime_dependencies(/home/fizzer/ros2_ws/install/vector/share/colcon-core/packages/vector)
[5.462s] DEBUG:colcon.colcon_parallel_executor.executor.parallel:closing loop
[5.463s] DEBUG:colcon.colcon_parallel_executor.executor.parallel:loop closed
[5.463s] DEBUG:colcon.colcon_parallel_executor.executor.parallel:run_until_complete finished with '0'
[5.463s] DEBUG:colcon.colcon_core.event_reactor:joining thread
[5.556s] INFO:colcon.colcon_core.plugin_system:Skipping extension 'colcon_notification.desktop_notification.notify_send': Could not find 'notify-send'
[5.556s] INFO:colcon.colcon_core.plugin_system:Skipping extension 'colcon_notification.desktop_notification.terminal_notifier': Not used on non-Darwin systems
[5.556s] INFO:colcon.colcon_core.plugin_system:Skipping extension 'colcon_notification.desktop_notification.win32': Not used on non-Windows systems
[5.556s] INFO:colcon.colcon_notification.desktop_notification:Sending desktop notification using 'notify2'
[5.712s] DEBUG:colcon.colcon_core.event_reactor:joined thread
[5.713s] INFO:colcon.colcon_core.shell:Creating prefix script '/home/fizzer/ros2_ws/install/local_setup.ps1'
[5.715s] INFO:colcon.colcon_core.shell:Creating prefix util module '/home/fizzer/ros2_ws/install/_local_setup_util_ps1.py'
[5.724s] INFO:colcon.colcon_core.shell:Creating prefix chain script '/home/fizzer/ros2_ws/install/setup.ps1'
[5.727s] INFO:colcon.colcon_core.shell:Creating prefix script '/home/fizzer/ros2_ws/install/local_setup.sh'
[5.727s] INFO:colcon.colcon_core.shell:Creating prefix util module '/home/fizzer/ros2_ws/install/_local_setup_util_sh.py'
[5.728s] INFO:colcon.colcon_core.shell:Creating prefix chain script '/home/fizzer/ros2_ws/install/setup.sh'
[5.731s] INFO:colcon.colcon_core.shell:Creating prefix script '/home/fizzer/ros2_ws/install/local_setup.bash'
[5.731s] INFO:colcon.colcon_core.shell:Creating prefix chain script '/home/fizzer/ros2_ws/install/setup.bash'
[5.734s] INFO:colcon.colcon_core.shell:Creating prefix script '/home/fizzer/ros2_ws/install/local_setup.zsh'
[5.735s] INFO:colcon.colcon_core.shell:Creating prefix chain script '/home/fizzer/ros2_ws/install/setup.zsh'
