[0.018s] Invoking command in '/home/fizzer/ros2_ws/build/vector': CMAKE_PREFIX_PATH=${CMAKE_PREFIX_PATH}:/home/fizzer/ros2_ws/install/test_pkg:/home/fizzer/ros2_ws/install/my_package:/home/fizzer/ros2_ws/install/keyDrive:/home/fizzer/ros2_ws/install/cameraTests:/opt/ros/foxy /usr/bin/cmake --build /home/fizzer/ros2_ws/build/vector -- -j4 -l4
[0.266s] -- Found ament_cmake: 0.9.8 (/opt/ros/foxy/share/ament_cmake/cmake)
[0.378s] -- Found PythonInterp: /usr/bin/python3 (found suitable version "3.8.5", minimum required is "3") 
[0.378s] -- Using PYTHON_EXECUTABLE: /usr/bin/python3
[0.797s] -- Found ament_lint_auto: 0.9.6 (/opt/ros/foxy/share/ament_lint_auto/cmake)
[0.982s] -- Found rclpy: 1.0.5 (/opt/ros/foxy/share/rclpy/cmake)
[0.987s] -- Found std_msgs: 2.0.4 (/opt/ros/foxy/share/std_msgs/cmake)
[1.154s] -- Using all available rosidl_typesupport_c: rosidl_typesupport_fastrtps_c;rosidl_typesupport_introspection_c
[1.174s] -- Found rosidl_adapter: 1.2.1 (/opt/ros/foxy/share/rosidl_adapter/cmake)
[1.586s] -- Using all available rosidl_typesupport_cpp: rosidl_typesupport_fastrtps_cpp;rosidl_typesupport_introspection_cpp
[1.770s] -- Found rosidl_default_generators: 1.0.1 (/opt/ros/foxy/share/rosidl_default_generators/cmake)
[1.933s] -- Found PythonInterp: /usr/bin/python3 (found version "3.8.5") 
[2.204s] -- Found ament_cmake_ros: 0.9.1 (/opt/ros/foxy/share/ament_cmake_ros/cmake)
[2.396s] -- Using all available rosidl_typesupport_c: rosidl_typesupport_fastrtps_c;rosidl_typesupport_introspection_c
[2.459s] -- Using all available rosidl_typesupport_cpp: rosidl_typesupport_fastrtps_cpp;rosidl_typesupport_introspection_cpp
[2.507s] -- Found PythonInterp: /usr/bin/python3 (found suitable version "3.8.5", minimum required is "3.5") 
[2.527s] -- Found python_cmake_module: 0.8.1 (/opt/ros/foxy/share/python_cmake_module/cmake)
[2.619s] -- Using PYTHON_EXECUTABLE: /usr/bin/python3
[2.619s] -- Using PYTHON_INCLUDE_DIRS: /usr/include/python3.8
[2.619s] -- Using PYTHON_LIBRARIES: /usr/lib/x86_64-linux-gnu/libpython3.8.so
[2.748s] -- Added test 'copyright' to check source files copyright and LICENSE
[2.803s] -- Added test 'flake8' to check Python code syntax and style conventions
[2.806s] -- Added test 'lint_cmake' to check CMake code style
[2.808s] -- Added test 'pep257' to check Python code against some of the style conventions in PEP 257
[2.813s] -- Added test 'xmllint' to check XML markup files
[2.998s] -- Configuring done
[3.280s] -- Generating done
[3.296s] -- Build files have been written to: /home/fizzer/ros2_ws/build/vector
[3.340s] [  2%] Built target vector__cpp
[3.341s] [ 12%] Built target vector__rosidl_generator_c
[3.381s] [ 41%] Built target vector__rosidl_typesupport_cpp
[3.381s] [ 43%] Built target vector__rosidl_typesupport_introspection_cpp
[3.382s] [ 43%] Built target vector__rosidl_typesupport_introspection_c
[3.388s] [ 53%] Built target vector__rosidl_typesupport_fastrtps_cpp
[3.409s] [ 64%] Built target vector__rosidl_typesupport_c
[3.423s] [ 74%] Built target vector__rosidl_typesupport_fastrtps_c
[3.449s] [ 74%] Built target vector
[3.480s] [ 76%] Built target vector__py
[3.515s] [ 84%] Built target vector__python
[3.550s] [ 89%] Built target vector__rosidl_typesupport_introspection_c__pyext
[3.564s] [100%] Built target vector__rosidl_typesupport_c__pyext
[3.564s] [100%] Built target vector__rosidl_typesupport_fastrtps_c__pyext
[3.578s] Invoked command in '/home/fizzer/ros2_ws/build/vector' returned '0': CMAKE_PREFIX_PATH=${CMAKE_PREFIX_PATH}:/home/fizzer/ros2_ws/install/test_pkg:/home/fizzer/ros2_ws/install/my_package:/home/fizzer/ros2_ws/install/keyDrive:/home/fizzer/ros2_ws/install/cameraTests:/opt/ros/foxy /usr/bin/cmake --build /home/fizzer/ros2_ws/build/vector -- -j4 -l4
[3.681s] Invoking command in '/home/fizzer/ros2_ws/build/vector': CMAKE_PREFIX_PATH=${CMAKE_PREFIX_PATH}:/home/fizzer/ros2_ws/install/test_pkg:/home/fizzer/ros2_ws/install/my_package:/home/fizzer/ros2_ws/install/keyDrive:/home/fizzer/ros2_ws/install/cameraTests:/opt/ros/foxy /usr/bin/cmake --install /home/fizzer/ros2_ws/build/vector
[3.695s] -- Install configuration: ""
[3.695s] -- Up-to-date: /home/fizzer/ros2_ws/install/vector/share/vector/environment/pythonpath.sh
[3.696s] -- Installing: /home/fizzer/ros2_ws/install/vector/share/vector/environment/pythonpath.dsv
[3.696s] -- Up-to-date: /home/fizzer/ros2_ws/install/vector/lib/python3.8/site-packages/vector
[3.696s] -- Installing: /home/fizzer/ros2_ws/install/vector/lib/python3.8/site-packages/vector/__init__.py
[3.696s] -- Installing: /home/fizzer/ros2_ws/install/vector/lib/python3.8/site-packages/vector/client_bombard.py
[3.696s] -- Up-to-date: /home/fizzer/ros2_ws/install/vector/lib/python3.8/site-packages/vector/client_connect.py
[3.696s] -- Up-to-date: /home/fizzer/ros2_ws/install/vector/lib/python3.8/site-packages/vector/vector_interface.py
[3.696s] -- Up-to-date: /home/fizzer/ros2_ws/install/vector/lib/python3.8/site-packages/vector/client_test.py
[3.696s] -- Up-to-date: /home/fizzer/ros2_ws/install/vector/lib/python3.8/site-packages/vector/client_wheel_pub.py
[3.747s] Listing '/home/fizzer/ros2_ws/install/vector/lib/python3.8/site-packages/vector'...
[3.747s] Compiling '/home/fizzer/ros2_ws/install/vector/lib/python3.8/site-packages/vector/__init__.py'...
[3.748s] Compiling '/home/fizzer/ros2_ws/install/vector/lib/python3.8/site-packages/vector/client_bombard.py'...
[3.748s] Listing '/home/fizzer/ros2_ws/install/vector/lib/python3.8/site-packages/vector/srv'...
[3.753s] -- Up-to-date: /home/fizzer/ros2_ws/install/vector/lib/vector/vector_interface.py
[3.753s] -- Up-to-date: /home/fizzer/ros2_ws/install/vector/lib/vector/client_test.py
[3.754s] -- Up-to-date: /home/fizzer/ros2_ws/install/vector/lib/vector/client_connect.py
[3.754s] -- Up-to-date: /home/fizzer/ros2_ws/install/vector/lib/vector/client_wheel_pub.py
[3.754s] -- Installing: /home/fizzer/ros2_ws/install/vector/lib/vector/client_bombard.py
[3.754s] -- Up-to-date: /home/fizzer/ros2_ws/install/vector/share/ament_index/resource_index/rosidl_interfaces/vector
[3.755s] -- Up-to-date: /home/fizzer/ros2_ws/install/vector/include/vector
[3.755s] -- Up-to-date: /home/fizzer/ros2_ws/install/vector/include/vector/srv
[3.755s] -- Up-to-date: /home/fizzer/ros2_ws/install/vector/include/vector/srv/detail
[3.755s] -- Up-to-date: /home/fizzer/ros2_ws/install/vector/include/vector/srv/detail/vector_speak__functions.h
[3.755s] -- Up-to-date: /home/fizzer/ros2_ws/install/vector/include/vector/srv/detail/vector_speak__type_support.h
[3.756s] -- Up-to-date: /home/fizzer/ros2_ws/install/vector/include/vector/srv/detail/vector_connect__functions.h
[3.756s] -- Up-to-date: /home/fizzer/ros2_ws/install/vector/include/vector/srv/detail/vector_connect__struct.h
[3.756s] -- Up-to-date: /home/fizzer/ros2_ws/install/vector/include/vector/srv/detail/vector_connect__functions.c
[3.756s] -- Up-to-date: /home/fizzer/ros2_ws/install/vector/include/vector/srv/detail/vector_speak__struct.h
[3.756s] -- Up-to-date: /home/fizzer/ros2_ws/install/vector/include/vector/srv/detail/vector_speak__functions.c
[3.757s] -- Up-to-date: /home/fizzer/ros2_ws/install/vector/include/vector/srv/detail/vector_connect__type_support.h
[3.757s] -- Up-to-date: /home/fizzer/ros2_ws/install/vector/include/vector/srv/vector_speak.h
[3.757s] -- Up-to-date: /home/fizzer/ros2_ws/install/vector/include/vector/srv/vector_connect.h
[3.757s] -- Up-to-date: /home/fizzer/ros2_ws/install/vector/include/vector/msg
[3.758s] -- Up-to-date: /home/fizzer/ros2_ws/install/vector/include/vector/msg/rosidl_generator_c__visibility_control.h
[3.758s] -- Up-to-date: /home/fizzer/ros2_ws/install/vector/share/vector/environment/library_path.sh
[3.758s] -- Installing: /home/fizzer/ros2_ws/install/vector/share/vector/environment/library_path.dsv
[3.758s] -- Up-to-date: /home/fizzer/ros2_ws/install/vector/lib/libvector__rosidl_generator_c.so
[3.758s] -- Up-to-date: /home/fizzer/ros2_ws/install/vector/include/vector
[3.758s] -- Up-to-date: /home/fizzer/ros2_ws/install/vector/include/vector/srv
[3.758s] -- Up-to-date: /home/fizzer/ros2_ws/install/vector/include/vector/srv/detail
[3.758s] -- Up-to-date: /home/fizzer/ros2_ws/install/vector/include/vector/srv/detail/vector_speak__rosidl_typesupport_fastrtps_c.h
[3.759s] -- Up-to-date: /home/fizzer/ros2_ws/install/vector/include/vector/srv/detail/vector_connect__rosidl_typesupport_fastrtps_c.h
[3.759s] -- Up-to-date: /home/fizzer/ros2_ws/install/vector/include/vector/msg
[3.759s] -- Up-to-date: /home/fizzer/ros2_ws/install/vector/include/vector/msg/rosidl_typesupport_fastrtps_c__visibility_control.h
[3.759s] -- Up-to-date: /home/fizzer/ros2_ws/install/vector/lib/libvector__rosidl_typesupport_fastrtps_c.so
[3.759s] -- Up-to-date: /home/fizzer/ros2_ws/install/vector/include/vector
[3.759s] -- Up-to-date: /home/fizzer/ros2_ws/install/vector/include/vector/srv
[3.759s] -- Up-to-date: /home/fizzer/ros2_ws/install/vector/include/vector/srv/detail
[3.759s] -- Up-to-date: /home/fizzer/ros2_ws/install/vector/include/vector/srv/detail/dds_fastrtps
[3.760s] -- Up-to-date: /home/fizzer/ros2_ws/install/vector/include/vector/srv/detail/vector_connect__rosidl_typesupport_fastrtps_cpp.hpp
[3.760s] -- Up-to-date: /home/fizzer/ros2_ws/install/vector/include/vector/srv/detail/vector_speak__rosidl_typesupport_fastrtps_cpp.hpp
[3.760s] -- Up-to-date: /home/fizzer/ros2_ws/install/vector/include/vector/msg
[3.760s] -- Up-to-date: /home/fizzer/ros2_ws/install/vector/include/vector/msg/rosidl_typesupport_fastrtps_cpp__visibility_control.h
[3.760s] -- Up-to-date: /home/fizzer/ros2_ws/install/vector/lib/libvector__rosidl_typesupport_fastrtps_cpp.so
[3.760s] -- Up-to-date: /home/fizzer/ros2_ws/install/vector/include/vector
[3.760s] -- Up-to-date: /home/fizzer/ros2_ws/install/vector/include/vector/srv
[3.761s] -- Up-to-date: /home/fizzer/ros2_ws/install/vector/include/vector/srv/detail
[3.761s] -- Up-to-date: /home/fizzer/ros2_ws/install/vector/include/vector/srv/detail/vector_speak__type_support.c
[3.761s] -- Up-to-date: /home/fizzer/ros2_ws/install/vector/include/vector/srv/detail/vector_connect__type_support.c
[3.761s] -- Up-to-date: /home/fizzer/ros2_ws/install/vector/include/vector/srv/detail/vector_speak__rosidl_typesupport_introspection_c.h
[3.761s] -- Up-to-date: /home/fizzer/ros2_ws/install/vector/include/vector/srv/detail/vector_connect__rosidl_typesupport_introspection_c.h
[3.761s] -- Up-to-date: /home/fizzer/ros2_ws/install/vector/include/vector/msg
[3.761s] -- Up-to-date: /home/fizzer/ros2_ws/install/vector/include/vector/msg/rosidl_typesupport_introspection_c__visibility_control.h
[3.761s] -- Up-to-date: /home/fizzer/ros2_ws/install/vector/lib/libvector__rosidl_typesupport_introspection_c.so
[3.761s] -- Up-to-date: /home/fizzer/ros2_ws/install/vector/lib/libvector__rosidl_typesupport_c.so
[3.761s] -- Up-to-date: /home/fizzer/ros2_ws/install/vector/include/vector
[3.762s] -- Up-to-date: /home/fizzer/ros2_ws/install/vector/include/vector/srv
[3.762s] -- Up-to-date: /home/fizzer/ros2_ws/install/vector/include/vector/srv/detail
[3.762s] -- Up-to-date: /home/fizzer/ros2_ws/install/vector/include/vector/srv/detail/vector_connect__traits.hpp
[3.762s] -- Up-to-date: /home/fizzer/ros2_ws/install/vector/include/vector/srv/detail/vector_speak__traits.hpp
[3.762s] -- Up-to-date: /home/fizzer/ros2_ws/install/vector/include/vector/srv/detail/vector_connect__builder.hpp
[3.762s] -- Up-to-date: /home/fizzer/ros2_ws/install/vector/include/vector/srv/detail/vector_speak__builder.hpp
[3.762s] -- Up-to-date: /home/fizzer/ros2_ws/install/vector/include/vector/srv/detail/vector_speak__struct.hpp
[3.762s] -- Up-to-date: /home/fizzer/ros2_ws/install/vector/include/vector/srv/detail/vector_connect__struct.hpp
[3.762s] -- Up-to-date: /home/fizzer/ros2_ws/install/vector/include/vector/srv/vector_connect.hpp
[3.762s] -- Up-to-date: /home/fizzer/ros2_ws/install/vector/include/vector/srv/vector_speak.hpp
[3.762s] -- Up-to-date: /home/fizzer/ros2_ws/install/vector/include/vector
[3.763s] -- Up-to-date: /home/fizzer/ros2_ws/install/vector/include/vector/srv
[3.763s] -- Up-to-date: /home/fizzer/ros2_ws/install/vector/include/vector/srv/detail
[3.763s] -- Up-to-date: /home/fizzer/ros2_ws/install/vector/include/vector/srv/detail/vector_connect__rosidl_typesupport_introspection_cpp.hpp
[3.763s] -- Up-to-date: /home/fizzer/ros2_ws/install/vector/include/vector/srv/detail/vector_connect__type_support.cpp
[3.763s] -- Up-to-date: /home/fizzer/ros2_ws/install/vector/include/vector/srv/detail/vector_speak__rosidl_typesupport_introspection_cpp.hpp
[3.763s] -- Up-to-date: /home/fizzer/ros2_ws/install/vector/include/vector/srv/detail/vector_speak__type_support.cpp
[3.763s] -- Up-to-date: /home/fizzer/ros2_ws/install/vector/lib/libvector__rosidl_typesupport_introspection_cpp.so
[3.763s] -- Up-to-date: /home/fizzer/ros2_ws/install/vector/lib/libvector__rosidl_typesupport_cpp.so
[3.763s] -- Installing: /home/fizzer/ros2_ws/install/vector/lib/python3.8/site-packages/vector/__init__.py
[3.808s] Compiling '/home/fizzer/ros2_ws/install/vector/lib/python3.8/site-packages/vector/__init__.py'...
[3.813s] -- Up-to-date: /home/fizzer/ros2_ws/install/vector/lib/python3.8/site-packages/vector/srv
[3.813s] -- Up-to-date: /home/fizzer/ros2_ws/install/vector/lib/python3.8/site-packages/vector/srv/_vector_connect_s.c
[3.813s] -- Up-to-date: /home/fizzer/ros2_ws/install/vector/lib/python3.8/site-packages/vector/srv/_vector_connect.py
[3.813s] -- Up-to-date: /home/fizzer/ros2_ws/install/vector/lib/python3.8/site-packages/vector/srv/_vector_speak.py
[3.813s] -- Up-to-date: /home/fizzer/ros2_ws/install/vector/lib/python3.8/site-packages/vector/srv/__init__.py
[3.813s] -- Up-to-date: /home/fizzer/ros2_ws/install/vector/lib/python3.8/site-packages/vector/srv/_vector_speak_s.c
[3.814s] -- Up-to-date: /home/fizzer/ros2_ws/install/vector/lib/python3.8/site-packages/vector/vector_s__rosidl_typesupport_fastrtps_c.cpython-38-x86_64-linux-gnu.so
[3.814s] -- Up-to-date: /home/fizzer/ros2_ws/install/vector/lib/python3.8/site-packages/vector/vector_s__rosidl_typesupport_introspection_c.cpython-38-x86_64-linux-gnu.so
[3.815s] -- Up-to-date: /home/fizzer/ros2_ws/install/vector/lib/python3.8/site-packages/vector/vector_s__rosidl_typesupport_c.cpython-38-x86_64-linux-gnu.so
[3.815s] -- Up-to-date: /home/fizzer/ros2_ws/install/vector/lib/libvector__python.so
[3.816s] -- Up-to-date: /home/fizzer/ros2_ws/install/vector/share/vector/srv/VectorConnect.idl
[3.816s] -- Up-to-date: /home/fizzer/ros2_ws/install/vector/share/vector/srv/VectorSpeak.idl
[3.817s] -- Up-to-date: /home/fizzer/ros2_ws/install/vector/share/vector/srv/VectorConnect.srv
[3.817s] -- Up-to-date: /home/fizzer/ros2_ws/install/vector/share/vector/srv/VectorConnect_Request.msg
[3.817s] -- Up-to-date: /home/fizzer/ros2_ws/install/vector/share/vector/srv/VectorConnect_Response.msg
[3.818s] -- Up-to-date: /home/fizzer/ros2_ws/install/vector/share/vector/srv/VectorSpeak.srv
[3.818s] -- Up-to-date: /home/fizzer/ros2_ws/install/vector/share/vector/srv/VectorSpeak_Request.msg
[3.818s] -- Up-to-date: /home/fizzer/ros2_ws/install/vector/share/vector/srv/VectorSpeak_Response.msg
[3.818s] -- Up-to-date: /home/fizzer/ros2_ws/install/vector/share/ament_index/resource_index/package_run_dependencies/vector
[3.819s] -- Installing: /home/fizzer/ros2_ws/install/vector/share/ament_index/resource_index/parent_prefix_path/vector
[3.819s] -- Up-to-date: /home/fizzer/ros2_ws/install/vector/share/vector/environment/ament_prefix_path.sh
[3.819s] -- Installing: /home/fizzer/ros2_ws/install/vector/share/vector/environment/ament_prefix_path.dsv
[3.820s] -- Up-to-date: /home/fizzer/ros2_ws/install/vector/share/vector/environment/path.sh
[3.820s] -- Installing: /home/fizzer/ros2_ws/install/vector/share/vector/environment/path.dsv
[3.820s] -- Up-to-date: /home/fizzer/ros2_ws/install/vector/share/vector/local_setup.bash
[3.820s] -- Up-to-date: /home/fizzer/ros2_ws/install/vector/share/vector/local_setup.sh
[3.821s] -- Up-to-date: /home/fizzer/ros2_ws/install/vector/share/vector/local_setup.zsh
[3.821s] -- Installing: /home/fizzer/ros2_ws/install/vector/share/vector/local_setup.dsv
[3.821s] -- Installing: /home/fizzer/ros2_ws/install/vector/share/vector/package.dsv
[3.821s] -- Up-to-date: /home/fizzer/ros2_ws/install/vector/share/ament_index/resource_index/packages/vector
[3.822s] -- Up-to-date: /home/fizzer/ros2_ws/install/vector/share/vector/cmake/vector__rosidl_generator_cExport.cmake
[3.822s] -- Installing: /home/fizzer/ros2_ws/install/vector/share/vector/cmake/vector__rosidl_generator_cExport-noconfig.cmake
[3.822s] -- Up-to-date: /home/fizzer/ros2_ws/install/vector/share/vector/cmake/vector__rosidl_typesupport_introspection_cExport.cmake
[3.822s] -- Installing: /home/fizzer/ros2_ws/install/vector/share/vector/cmake/vector__rosidl_typesupport_introspection_cExport-noconfig.cmake
[3.823s] -- Up-to-date: /home/fizzer/ros2_ws/install/vector/share/vector/cmake/vector__rosidl_typesupport_cExport.cmake
[3.823s] -- Installing: /home/fizzer/ros2_ws/install/vector/share/vector/cmake/vector__rosidl_typesupport_cExport-noconfig.cmake
[3.823s] -- Up-to-date: /home/fizzer/ros2_ws/install/vector/share/vector/cmake/vector__rosidl_generator_cppExport.cmake
[3.823s] -- Up-to-date: /home/fizzer/ros2_ws/install/vector/share/vector/cmake/vector__rosidl_typesupport_introspection_cppExport.cmake
[3.824s] -- Installing: /home/fizzer/ros2_ws/install/vector/share/vector/cmake/vector__rosidl_typesupport_introspection_cppExport-noconfig.cmake
[3.824s] -- Up-to-date: /home/fizzer/ros2_ws/install/vector/share/vector/cmake/vector__rosidl_typesupport_cppExport.cmake
[3.824s] -- Installing: /home/fizzer/ros2_ws/install/vector/share/vector/cmake/vector__rosidl_typesupport_cppExport-noconfig.cmake
[3.824s] -- Up-to-date: /home/fizzer/ros2_ws/install/vector/share/vector/cmake/rosidl_cmake-extras.cmake
[3.825s] -- Up-to-date: /home/fizzer/ros2_ws/install/vector/share/vector/cmake/ament_cmake_export_dependencies-extras.cmake
[3.825s] -- Up-to-date: /home/fizzer/ros2_ws/install/vector/share/vector/cmake/ament_cmake_export_libraries-extras.cmake
[3.825s] -- Up-to-date: /home/fizzer/ros2_ws/install/vector/share/vector/cmake/ament_cmake_export_targets-extras.cmake
[3.825s] -- Up-to-date: /home/fizzer/ros2_ws/install/vector/share/vector/cmake/ament_cmake_export_include_directories-extras.cmake
[3.826s] -- Up-to-date: /home/fizzer/ros2_ws/install/vector/share/vector/cmake/rosidl_cmake_export_typesupport_libraries-extras.cmake
[3.826s] -- Up-to-date: /home/fizzer/ros2_ws/install/vector/share/vector/cmake/rosidl_cmake_export_typesupport_targets-extras.cmake
[3.826s] -- Up-to-date: /home/fizzer/ros2_ws/install/vector/share/vector/cmake/vectorConfig.cmake
[3.826s] -- Up-to-date: /home/fizzer/ros2_ws/install/vector/share/vector/cmake/vectorConfig-version.cmake
[3.826s] -- Up-to-date: /home/fizzer/ros2_ws/install/vector/share/vector/package.xml
[3.829s] Invoked command in '/home/fizzer/ros2_ws/build/vector' returned '0': CMAKE_PREFIX_PATH=${CMAKE_PREFIX_PATH}:/home/fizzer/ros2_ws/install/test_pkg:/home/fizzer/ros2_ws/install/my_package:/home/fizzer/ros2_ws/install/keyDrive:/home/fizzer/ros2_ws/install/cameraTests:/opt/ros/foxy /usr/bin/cmake --install /home/fizzer/ros2_ws/build/vector
