[0.020s] Invoking command in '/home/fizzer/ros2_ws/build/tutorial_interfaces': CMAKE_PREFIX_PATH=${CMAKE_PREFIX_PATH}:/home/fizzer/ros2_ws/install/test_pkg:/home/fizzer/ros2_ws/install/my_package:/home/fizzer/ros2_ws/install/keyDrive:/home/fizzer/ros2_ws/install/cameraTests:/opt/ros/foxy /usr/bin/cmake --build /home/fizzer/ros2_ws/build/tutorial_interfaces -- -j4 -l4
[0.098s] [  2%] Built target tutorial_interfaces__cpp
[0.099s] [ 12%] Built target tutorial_interfaces__rosidl_generator_c
[0.135s] [ 23%] Built target tutorial_interfaces__rosidl_typesupport_introspection_cpp
[0.140s] [ 33%] Built target tutorial_interfaces__rosidl_typesupport_c
[0.141s] [ 43%] Built target tutorial_interfaces__rosidl_typesupport_introspection_c
[0.169s] [ 53%] Built target tutorial_interfaces__rosidl_typesupport_cpp
[0.174s] [ 64%] Built target tutorial_interfaces__rosidl_typesupport_fastrtps_cpp
[0.207s] [ 74%] Built target tutorial_interfaces__rosidl_typesupport_fastrtps_c
[0.235s] [ 74%] Built target tutorial_interfaces
[0.262s] [ 76%] Built target tutorial_interfaces__py
[0.298s] [ 84%] Built target tutorial_interfaces__python
[0.336s] [ 89%] Built target tutorial_interfaces__rosidl_typesupport_fastrtps_c__pyext
[0.343s] [ 94%] Built target tutorial_interfaces__rosidl_typesupport_introspection_c__pyext
[0.343s] [100%] Built target tutorial_interfaces__rosidl_typesupport_c__pyext
[0.357s] Invoked command in '/home/fizzer/ros2_ws/build/tutorial_interfaces' returned '0': CMAKE_PREFIX_PATH=${CMAKE_PREFIX_PATH}:/home/fizzer/ros2_ws/install/test_pkg:/home/fizzer/ros2_ws/install/my_package:/home/fizzer/ros2_ws/install/keyDrive:/home/fizzer/ros2_ws/install/cameraTests:/opt/ros/foxy /usr/bin/cmake --build /home/fizzer/ros2_ws/build/tutorial_interfaces -- -j4 -l4
[0.455s] Invoking command in '/home/fizzer/ros2_ws/build/tutorial_interfaces': CMAKE_PREFIX_PATH=${CMAKE_PREFIX_PATH}:/home/fizzer/ros2_ws/install/test_pkg:/home/fizzer/ros2_ws/install/my_package:/home/fizzer/ros2_ws/install/keyDrive:/home/fizzer/ros2_ws/install/cameraTests:/opt/ros/foxy /usr/bin/cmake --install /home/fizzer/ros2_ws/build/tutorial_interfaces
[0.469s] -- Install configuration: ""
[0.469s] -- Up-to-date: /home/fizzer/ros2_ws/install/tutorial_interfaces/share/tutorial_interfaces/environment/pythonpath.sh
[0.470s] -- Up-to-date: /home/fizzer/ros2_ws/install/tutorial_interfaces/share/tutorial_interfaces/environment/pythonpath.dsv
[0.470s] -- Up-to-date: /home/fizzer/ros2_ws/install/tutorial_interfaces/lib/python3.8/site-packages/tutorial_interfaces
[0.470s] -- Installing: /home/fizzer/ros2_ws/install/tutorial_interfaces/lib/python3.8/site-packages/tutorial_interfaces/__init__.py
[0.470s] -- Up-to-date: /home/fizzer/ros2_ws/install/tutorial_interfaces/lib/python3.8/site-packages/tutorial_interfaces/client.py
[0.470s] -- Installing: /home/fizzer/ros2_ws/install/tutorial_interfaces/lib/python3.8/site-packages/tutorial_interfaces/service.py
[0.515s] Listing '/home/fizzer/ros2_ws/install/tutorial_interfaces/lib/python3.8/site-packages/tutorial_interfaces'...
[0.516s] Compiling '/home/fizzer/ros2_ws/install/tutorial_interfaces/lib/python3.8/site-packages/tutorial_interfaces/__init__.py'...
[0.516s] Listing '/home/fizzer/ros2_ws/install/tutorial_interfaces/lib/python3.8/site-packages/tutorial_interfaces/msg'...
[0.516s] Compiling '/home/fizzer/ros2_ws/install/tutorial_interfaces/lib/python3.8/site-packages/tutorial_interfaces/service.py'...
[0.516s] Listing '/home/fizzer/ros2_ws/install/tutorial_interfaces/lib/python3.8/site-packages/tutorial_interfaces/srv'...
[0.521s] -- Installing: /home/fizzer/ros2_ws/install/tutorial_interfaces/lib/tutorial_interfaces/service.py
[0.522s] -- Up-to-date: /home/fizzer/ros2_ws/install/tutorial_interfaces/lib/tutorial_interfaces/client.py
[0.522s] -- Up-to-date: /home/fizzer/ros2_ws/install/tutorial_interfaces/share/ament_index/resource_index/rosidl_interfaces/tutorial_interfaces
[0.522s] -- Up-to-date: /home/fizzer/ros2_ws/install/tutorial_interfaces/include/tutorial_interfaces
[0.522s] -- Up-to-date: /home/fizzer/ros2_ws/install/tutorial_interfaces/include/tutorial_interfaces/srv
[0.523s] -- Up-to-date: /home/fizzer/ros2_ws/install/tutorial_interfaces/include/tutorial_interfaces/srv/detail
[0.523s] -- Up-to-date: /home/fizzer/ros2_ws/install/tutorial_interfaces/include/tutorial_interfaces/srv/detail/add_three_ints__functions.c
[0.523s] -- Up-to-date: /home/fizzer/ros2_ws/install/tutorial_interfaces/include/tutorial_interfaces/srv/detail/add_three_ints__struct.h
[0.523s] -- Up-to-date: /home/fizzer/ros2_ws/install/tutorial_interfaces/include/tutorial_interfaces/srv/detail/add_three_ints__type_support.h
[0.523s] -- Up-to-date: /home/fizzer/ros2_ws/install/tutorial_interfaces/include/tutorial_interfaces/srv/detail/add_three_ints__functions.h
[0.523s] -- Up-to-date: /home/fizzer/ros2_ws/install/tutorial_interfaces/include/tutorial_interfaces/srv/add_three_ints.h
[0.523s] -- Up-to-date: /home/fizzer/ros2_ws/install/tutorial_interfaces/include/tutorial_interfaces/msg
[0.523s] -- Up-to-date: /home/fizzer/ros2_ws/install/tutorial_interfaces/include/tutorial_interfaces/msg/detail
[0.524s] -- Up-to-date: /home/fizzer/ros2_ws/install/tutorial_interfaces/include/tutorial_interfaces/msg/detail/num__struct.h
[0.524s] -- Up-to-date: /home/fizzer/ros2_ws/install/tutorial_interfaces/include/tutorial_interfaces/msg/detail/num__type_support.h
[0.524s] -- Up-to-date: /home/fizzer/ros2_ws/install/tutorial_interfaces/include/tutorial_interfaces/msg/detail/num__functions.c
[0.524s] -- Up-to-date: /home/fizzer/ros2_ws/install/tutorial_interfaces/include/tutorial_interfaces/msg/detail/num__functions.h
[0.524s] -- Up-to-date: /home/fizzer/ros2_ws/install/tutorial_interfaces/include/tutorial_interfaces/msg/rosidl_generator_c__visibility_control.h
[0.524s] -- Up-to-date: /home/fizzer/ros2_ws/install/tutorial_interfaces/include/tutorial_interfaces/msg/num.h
[0.524s] -- Up-to-date: /home/fizzer/ros2_ws/install/tutorial_interfaces/share/tutorial_interfaces/environment/library_path.sh
[0.524s] -- Up-to-date: /home/fizzer/ros2_ws/install/tutorial_interfaces/share/tutorial_interfaces/environment/library_path.dsv
[0.525s] -- Up-to-date: /home/fizzer/ros2_ws/install/tutorial_interfaces/lib/libtutorial_interfaces__rosidl_generator_c.so
[0.525s] -- Up-to-date: /home/fizzer/ros2_ws/install/tutorial_interfaces/include/tutorial_interfaces
[0.525s] -- Up-to-date: /home/fizzer/ros2_ws/install/tutorial_interfaces/include/tutorial_interfaces/srv
[0.525s] -- Up-to-date: /home/fizzer/ros2_ws/install/tutorial_interfaces/include/tutorial_interfaces/srv/detail
[0.525s] -- Up-to-date: /home/fizzer/ros2_ws/install/tutorial_interfaces/include/tutorial_interfaces/srv/detail/add_three_ints__rosidl_typesupport_fastrtps_c.h
[0.525s] -- Up-to-date: /home/fizzer/ros2_ws/install/tutorial_interfaces/include/tutorial_interfaces/msg
[0.525s] -- Up-to-date: /home/fizzer/ros2_ws/install/tutorial_interfaces/include/tutorial_interfaces/msg/detail
[0.525s] -- Up-to-date: /home/fizzer/ros2_ws/install/tutorial_interfaces/include/tutorial_interfaces/msg/detail/num__rosidl_typesupport_fastrtps_c.h
[0.526s] -- Up-to-date: /home/fizzer/ros2_ws/install/tutorial_interfaces/include/tutorial_interfaces/msg/rosidl_typesupport_fastrtps_c__visibility_control.h
[0.526s] -- Up-to-date: /home/fizzer/ros2_ws/install/tutorial_interfaces/lib/libtutorial_interfaces__rosidl_typesupport_fastrtps_c.so
[0.526s] -- Up-to-date: /home/fizzer/ros2_ws/install/tutorial_interfaces/include/tutorial_interfaces
[0.526s] -- Up-to-date: /home/fizzer/ros2_ws/install/tutorial_interfaces/include/tutorial_interfaces/srv
[0.526s] -- Up-to-date: /home/fizzer/ros2_ws/install/tutorial_interfaces/include/tutorial_interfaces/srv/detail
[0.526s] -- Up-to-date: /home/fizzer/ros2_ws/install/tutorial_interfaces/include/tutorial_interfaces/srv/detail/dds_fastrtps
[0.526s] -- Up-to-date: /home/fizzer/ros2_ws/install/tutorial_interfaces/include/tutorial_interfaces/srv/detail/add_three_ints__rosidl_typesupport_fastrtps_cpp.hpp
[0.526s] -- Up-to-date: /home/fizzer/ros2_ws/install/tutorial_interfaces/include/tutorial_interfaces/msg
[0.526s] -- Up-to-date: /home/fizzer/ros2_ws/install/tutorial_interfaces/include/tutorial_interfaces/msg/detail
[0.527s] -- Up-to-date: /home/fizzer/ros2_ws/install/tutorial_interfaces/include/tutorial_interfaces/msg/detail/dds_fastrtps
[0.527s] -- Up-to-date: /home/fizzer/ros2_ws/install/tutorial_interfaces/include/tutorial_interfaces/msg/detail/num__rosidl_typesupport_fastrtps_cpp.hpp
[0.527s] -- Up-to-date: /home/fizzer/ros2_ws/install/tutorial_interfaces/include/tutorial_interfaces/msg/rosidl_typesupport_fastrtps_cpp__visibility_control.h
[0.527s] -- Up-to-date: /home/fizzer/ros2_ws/install/tutorial_interfaces/lib/libtutorial_interfaces__rosidl_typesupport_fastrtps_cpp.so
[0.527s] -- Up-to-date: /home/fizzer/ros2_ws/install/tutorial_interfaces/include/tutorial_interfaces
[0.527s] -- Up-to-date: /home/fizzer/ros2_ws/install/tutorial_interfaces/include/tutorial_interfaces/srv
[0.527s] -- Up-to-date: /home/fizzer/ros2_ws/install/tutorial_interfaces/include/tutorial_interfaces/srv/detail
[0.528s] -- Up-to-date: /home/fizzer/ros2_ws/install/tutorial_interfaces/include/tutorial_interfaces/srv/detail/add_three_ints__rosidl_typesupport_introspection_c.h
[0.528s] -- Up-to-date: /home/fizzer/ros2_ws/install/tutorial_interfaces/include/tutorial_interfaces/srv/detail/add_three_ints__type_support.c
[0.528s] -- Up-to-date: /home/fizzer/ros2_ws/install/tutorial_interfaces/include/tutorial_interfaces/msg
[0.528s] -- Up-to-date: /home/fizzer/ros2_ws/install/tutorial_interfaces/include/tutorial_interfaces/msg/detail
[0.528s] -- Up-to-date: /home/fizzer/ros2_ws/install/tutorial_interfaces/include/tutorial_interfaces/msg/detail/num__rosidl_typesupport_introspection_c.h
[0.528s] -- Up-to-date: /home/fizzer/ros2_ws/install/tutorial_interfaces/include/tutorial_interfaces/msg/detail/num__type_support.c
[0.528s] -- Up-to-date: /home/fizzer/ros2_ws/install/tutorial_interfaces/include/tutorial_interfaces/msg/rosidl_typesupport_introspection_c__visibility_control.h
[0.528s] -- Up-to-date: /home/fizzer/ros2_ws/install/tutorial_interfaces/lib/libtutorial_interfaces__rosidl_typesupport_introspection_c.so
[0.529s] -- Up-to-date: /home/fizzer/ros2_ws/install/tutorial_interfaces/lib/libtutorial_interfaces__rosidl_typesupport_c.so
[0.529s] -- Up-to-date: /home/fizzer/ros2_ws/install/tutorial_interfaces/include/tutorial_interfaces
[0.529s] -- Up-to-date: /home/fizzer/ros2_ws/install/tutorial_interfaces/include/tutorial_interfaces/srv
[0.529s] -- Up-to-date: /home/fizzer/ros2_ws/install/tutorial_interfaces/include/tutorial_interfaces/srv/detail
[0.529s] -- Up-to-date: /home/fizzer/ros2_ws/install/tutorial_interfaces/include/tutorial_interfaces/srv/detail/add_three_ints__traits.hpp
[0.529s] -- Up-to-date: /home/fizzer/ros2_ws/install/tutorial_interfaces/include/tutorial_interfaces/srv/detail/add_three_ints__struct.hpp
[0.529s] -- Up-to-date: /home/fizzer/ros2_ws/install/tutorial_interfaces/include/tutorial_interfaces/srv/detail/add_three_ints__builder.hpp
[0.529s] -- Up-to-date: /home/fizzer/ros2_ws/install/tutorial_interfaces/include/tutorial_interfaces/srv/add_three_ints.hpp
[0.529s] -- Up-to-date: /home/fizzer/ros2_ws/install/tutorial_interfaces/include/tutorial_interfaces/msg
[0.529s] -- Up-to-date: /home/fizzer/ros2_ws/install/tutorial_interfaces/include/tutorial_interfaces/msg/detail
[0.530s] -- Up-to-date: /home/fizzer/ros2_ws/install/tutorial_interfaces/include/tutorial_interfaces/msg/detail/num__builder.hpp
[0.530s] -- Up-to-date: /home/fizzer/ros2_ws/install/tutorial_interfaces/include/tutorial_interfaces/msg/detail/num__struct.hpp
[0.530s] -- Up-to-date: /home/fizzer/ros2_ws/install/tutorial_interfaces/include/tutorial_interfaces/msg/detail/num__traits.hpp
[0.530s] -- Up-to-date: /home/fizzer/ros2_ws/install/tutorial_interfaces/include/tutorial_interfaces/msg/num.hpp
[0.530s] -- Up-to-date: /home/fizzer/ros2_ws/install/tutorial_interfaces/include/tutorial_interfaces
[0.530s] -- Up-to-date: /home/fizzer/ros2_ws/install/tutorial_interfaces/include/tutorial_interfaces/srv
[0.530s] -- Up-to-date: /home/fizzer/ros2_ws/install/tutorial_interfaces/include/tutorial_interfaces/srv/detail
[0.530s] -- Up-to-date: /home/fizzer/ros2_ws/install/tutorial_interfaces/include/tutorial_interfaces/srv/detail/add_three_ints__rosidl_typesupport_introspection_cpp.hpp
[0.530s] -- Up-to-date: /home/fizzer/ros2_ws/install/tutorial_interfaces/include/tutorial_interfaces/srv/detail/add_three_ints__type_support.cpp
[0.530s] -- Up-to-date: /home/fizzer/ros2_ws/install/tutorial_interfaces/include/tutorial_interfaces/msg
[0.530s] -- Up-to-date: /home/fizzer/ros2_ws/install/tutorial_interfaces/include/tutorial_interfaces/msg/detail
[0.531s] -- Up-to-date: /home/fizzer/ros2_ws/install/tutorial_interfaces/include/tutorial_interfaces/msg/detail/num__rosidl_typesupport_introspection_cpp.hpp
[0.531s] -- Up-to-date: /home/fizzer/ros2_ws/install/tutorial_interfaces/include/tutorial_interfaces/msg/detail/num__type_support.cpp
[0.531s] -- Up-to-date: /home/fizzer/ros2_ws/install/tutorial_interfaces/lib/libtutorial_interfaces__rosidl_typesupport_introspection_cpp.so
[0.531s] -- Up-to-date: /home/fizzer/ros2_ws/install/tutorial_interfaces/lib/libtutorial_interfaces__rosidl_typesupport_cpp.so
[0.531s] -- Installing: /home/fizzer/ros2_ws/install/tutorial_interfaces/lib/python3.8/site-packages/tutorial_interfaces/__init__.py
[0.572s] Compiling '/home/fizzer/ros2_ws/install/tutorial_interfaces/lib/python3.8/site-packages/tutorial_interfaces/__init__.py'...
[0.578s] -- Up-to-date: /home/fizzer/ros2_ws/install/tutorial_interfaces/lib/python3.8/site-packages/tutorial_interfaces/msg
[0.578s] -- Up-to-date: /home/fizzer/ros2_ws/install/tutorial_interfaces/lib/python3.8/site-packages/tutorial_interfaces/msg/__init__.py
[0.578s] -- Up-to-date: /home/fizzer/ros2_ws/install/tutorial_interfaces/lib/python3.8/site-packages/tutorial_interfaces/msg/_num.py
[0.578s] -- Up-to-date: /home/fizzer/ros2_ws/install/tutorial_interfaces/lib/python3.8/site-packages/tutorial_interfaces/msg/_num_s.c
[0.578s] -- Up-to-date: /home/fizzer/ros2_ws/install/tutorial_interfaces/lib/python3.8/site-packages/tutorial_interfaces/srv
[0.579s] -- Up-to-date: /home/fizzer/ros2_ws/install/tutorial_interfaces/lib/python3.8/site-packages/tutorial_interfaces/srv/_add_three_ints.py
[0.579s] -- Up-to-date: /home/fizzer/ros2_ws/install/tutorial_interfaces/lib/python3.8/site-packages/tutorial_interfaces/srv/__init__.py
[0.579s] -- Up-to-date: /home/fizzer/ros2_ws/install/tutorial_interfaces/lib/python3.8/site-packages/tutorial_interfaces/srv/_add_three_ints_s.c
[0.579s] -- Up-to-date: /home/fizzer/ros2_ws/install/tutorial_interfaces/lib/python3.8/site-packages/tutorial_interfaces/tutorial_interfaces_s__rosidl_typesupport_fastrtps_c.cpython-38-x86_64-linux-gnu.so
[0.579s] -- Up-to-date: /home/fizzer/ros2_ws/install/tutorial_interfaces/lib/python3.8/site-packages/tutorial_interfaces/tutorial_interfaces_s__rosidl_typesupport_introspection_c.cpython-38-x86_64-linux-gnu.so
[0.580s] -- Up-to-date: /home/fizzer/ros2_ws/install/tutorial_interfaces/lib/python3.8/site-packages/tutorial_interfaces/tutorial_interfaces_s__rosidl_typesupport_c.cpython-38-x86_64-linux-gnu.so
[0.581s] -- Up-to-date: /home/fizzer/ros2_ws/install/tutorial_interfaces/lib/libtutorial_interfaces__python.so
[0.582s] -- Up-to-date: /home/fizzer/ros2_ws/install/tutorial_interfaces/share/tutorial_interfaces/msg/Num.idl
[0.582s] -- Up-to-date: /home/fizzer/ros2_ws/install/tutorial_interfaces/share/tutorial_interfaces/srv/AddThreeInts.idl
[0.582s] -- Up-to-date: /home/fizzer/ros2_ws/install/tutorial_interfaces/share/tutorial_interfaces/msg/Num.msg
[0.582s] -- Up-to-date: /home/fizzer/ros2_ws/install/tutorial_interfaces/share/tutorial_interfaces/srv/AddThreeInts.srv
[0.582s] -- Up-to-date: /home/fizzer/ros2_ws/install/tutorial_interfaces/share/tutorial_interfaces/srv/AddThreeInts_Request.msg
[0.582s] -- Up-to-date: /home/fizzer/ros2_ws/install/tutorial_interfaces/share/tutorial_interfaces/srv/AddThreeInts_Response.msg
[0.583s] -- Up-to-date: /home/fizzer/ros2_ws/install/tutorial_interfaces/share/ament_index/resource_index/package_run_dependencies/tutorial_interfaces
[0.583s] -- Up-to-date: /home/fizzer/ros2_ws/install/tutorial_interfaces/share/ament_index/resource_index/parent_prefix_path/tutorial_interfaces
[0.583s] -- Up-to-date: /home/fizzer/ros2_ws/install/tutorial_interfaces/share/tutorial_interfaces/environment/ament_prefix_path.sh
[0.583s] -- Up-to-date: /home/fizzer/ros2_ws/install/tutorial_interfaces/share/tutorial_interfaces/environment/ament_prefix_path.dsv
[0.583s] -- Up-to-date: /home/fizzer/ros2_ws/install/tutorial_interfaces/share/tutorial_interfaces/environment/path.sh
[0.583s] -- Up-to-date: /home/fizzer/ros2_ws/install/tutorial_interfaces/share/tutorial_interfaces/environment/path.dsv
[0.583s] -- Up-to-date: /home/fizzer/ros2_ws/install/tutorial_interfaces/share/tutorial_interfaces/local_setup.bash
[0.583s] -- Up-to-date: /home/fizzer/ros2_ws/install/tutorial_interfaces/share/tutorial_interfaces/local_setup.sh
[0.584s] -- Up-to-date: /home/fizzer/ros2_ws/install/tutorial_interfaces/share/tutorial_interfaces/local_setup.zsh
[0.584s] -- Up-to-date: /home/fizzer/ros2_ws/install/tutorial_interfaces/share/tutorial_interfaces/local_setup.dsv
[0.584s] -- Up-to-date: /home/fizzer/ros2_ws/install/tutorial_interfaces/share/tutorial_interfaces/package.dsv
[0.584s] -- Up-to-date: /home/fizzer/ros2_ws/install/tutorial_interfaces/share/ament_index/resource_index/packages/tutorial_interfaces
[0.584s] -- Up-to-date: /home/fizzer/ros2_ws/install/tutorial_interfaces/share/tutorial_interfaces/cmake/tutorial_interfaces__rosidl_generator_cExport.cmake
[0.584s] -- Up-to-date: /home/fizzer/ros2_ws/install/tutorial_interfaces/share/tutorial_interfaces/cmake/tutorial_interfaces__rosidl_generator_cExport-noconfig.cmake
[0.584s] -- Up-to-date: /home/fizzer/ros2_ws/install/tutorial_interfaces/share/tutorial_interfaces/cmake/tutorial_interfaces__rosidl_typesupport_introspection_cExport.cmake
[0.584s] -- Up-to-date: /home/fizzer/ros2_ws/install/tutorial_interfaces/share/tutorial_interfaces/cmake/tutorial_interfaces__rosidl_typesupport_introspection_cExport-noconfig.cmake
[0.585s] -- Up-to-date: /home/fizzer/ros2_ws/install/tutorial_interfaces/share/tutorial_interfaces/cmake/tutorial_interfaces__rosidl_typesupport_cExport.cmake
[0.585s] -- Up-to-date: /home/fizzer/ros2_ws/install/tutorial_interfaces/share/tutorial_interfaces/cmake/tutorial_interfaces__rosidl_typesupport_cExport-noconfig.cmake
[0.585s] -- Up-to-date: /home/fizzer/ros2_ws/install/tutorial_interfaces/share/tutorial_interfaces/cmake/tutorial_interfaces__rosidl_generator_cppExport.cmake
[0.585s] -- Up-to-date: /home/fizzer/ros2_ws/install/tutorial_interfaces/share/tutorial_interfaces/cmake/tutorial_interfaces__rosidl_typesupport_introspection_cppExport.cmake
[0.585s] -- Up-to-date: /home/fizzer/ros2_ws/install/tutorial_interfaces/share/tutorial_interfaces/cmake/tutorial_interfaces__rosidl_typesupport_introspection_cppExport-noconfig.cmake
[0.585s] -- Up-to-date: /home/fizzer/ros2_ws/install/tutorial_interfaces/share/tutorial_interfaces/cmake/tutorial_interfaces__rosidl_typesupport_cppExport.cmake
[0.585s] -- Up-to-date: /home/fizzer/ros2_ws/install/tutorial_interfaces/share/tutorial_interfaces/cmake/tutorial_interfaces__rosidl_typesupport_cppExport-noconfig.cmake
[0.585s] -- Up-to-date: /home/fizzer/ros2_ws/install/tutorial_interfaces/share/tutorial_interfaces/cmake/rosidl_cmake-extras.cmake
[0.586s] -- Up-to-date: /home/fizzer/ros2_ws/install/tutorial_interfaces/share/tutorial_interfaces/cmake/ament_cmake_export_dependencies-extras.cmake
[0.586s] -- Up-to-date: /home/fizzer/ros2_ws/install/tutorial_interfaces/share/tutorial_interfaces/cmake/ament_cmake_export_libraries-extras.cmake
[0.586s] -- Up-to-date: /home/fizzer/ros2_ws/install/tutorial_interfaces/share/tutorial_interfaces/cmake/ament_cmake_export_targets-extras.cmake
[0.586s] -- Up-to-date: /home/fizzer/ros2_ws/install/tutorial_interfaces/share/tutorial_interfaces/cmake/ament_cmake_export_include_directories-extras.cmake
[0.586s] -- Up-to-date: /home/fizzer/ros2_ws/install/tutorial_interfaces/share/tutorial_interfaces/cmake/rosidl_cmake_export_typesupport_libraries-extras.cmake
[0.586s] -- Up-to-date: /home/fizzer/ros2_ws/install/tutorial_interfaces/share/tutorial_interfaces/cmake/rosidl_cmake_export_typesupport_targets-extras.cmake
[0.586s] -- Up-to-date: /home/fizzer/ros2_ws/install/tutorial_interfaces/share/tutorial_interfaces/cmake/tutorial_interfacesConfig.cmake
[0.586s] -- Up-to-date: /home/fizzer/ros2_ws/install/tutorial_interfaces/share/tutorial_interfaces/cmake/tutorial_interfacesConfig-version.cmake
[0.586s] -- Up-to-date: /home/fizzer/ros2_ws/install/tutorial_interfaces/share/tutorial_interfaces/package.xml
[0.589s] Invoked command in '/home/fizzer/ros2_ws/build/tutorial_interfaces' returned '0': CMAKE_PREFIX_PATH=${CMAKE_PREFIX_PATH}:/home/fizzer/ros2_ws/install/test_pkg:/home/fizzer/ros2_ws/install/my_package:/home/fizzer/ros2_ws/install/keyDrive:/home/fizzer/ros2_ws/install/cameraTests:/opt/ros/foxy /usr/bin/cmake --install /home/fizzer/ros2_ws/build/tutorial_interfaces
