[1.238s] Invoking command in '/home/fizzer/ros2_ws/src/my_package': PYTHONPATH=/home/fizzer/ros2_ws/install/my_package/lib/python3.8/site-packages:${PYTHONPATH} /usr/bin/python3 setup.py egg_info --egg-base ../../build/my_package build --build-base /home/fizzer/ros2_ws/build/my_package/build install --prefix /home/fizzer/ros2_ws/install/my_package --record /home/fizzer/ros2_ws/build/my_package/install.log --single-version-externally-managed
[1.748s] running egg_info
[1.750s] writing ../../build/my_package/my_package.egg-info/PKG-INFO
[1.751s] writing dependency_links to ../../build/my_package/my_package.egg-info/dependency_links.txt
[1.751s] writing entry points to ../../build/my_package/my_package.egg-info/entry_points.txt
[1.751s] writing requirements to ../../build/my_package/my_package.egg-info/requires.txt
[1.751s] writing top-level names to ../../build/my_package/my_package.egg-info/top_level.txt
[1.829s] reading manifest file '../../build/my_package/my_package.egg-info/SOURCES.txt'
[1.831s] writing manifest file '../../build/my_package/my_package.egg-info/SOURCES.txt'
[1.832s] running build
[1.832s] running build_py
[1.833s] running install
[1.835s] running install_lib
[1.838s] running install_data
[1.839s] running install_egg_info
[1.844s] removing '/home/fizzer/ros2_ws/install/my_package/lib/python3.8/site-packages/my_package-0.0.0-py3.8.egg-info' (and everything under it)
[1.844s] Copying ../../build/my_package/my_package.egg-info to /home/fizzer/ros2_ws/install/my_package/lib/python3.8/site-packages/my_package-0.0.0-py3.8.egg-info
[1.847s] running install_scripts
[1.892s] Installing listen script to /home/fizzer/ros2_ws/install/my_package/lib/my_package
[1.892s] Installing my_node = my_package.my_node:maintalk script to /home/fizzer/ros2_ws/install/my_package/lib/my_package
[1.893s] writing list of installed files to '/home/fizzer/ros2_ws/build/my_package/install.log'
[1.988s] Invoked command in '/home/fizzer/ros2_ws/src/my_package' returned '0': PYTHONPATH=/home/fizzer/ros2_ws/install/my_package/lib/python3.8/site-packages:${PYTHONPATH} /usr/bin/python3 setup.py egg_info --egg-base ../../build/my_package build --build-base /home/fizzer/ros2_ws/build/my_package/build install --prefix /home/fizzer/ros2_ws/install/my_package --record /home/fizzer/ros2_ws/build/my_package/install.log --single-version-externally-managed
