[1.247s] Invoking command in '/home/fizzer/ros2_ws/src/my_package': PYTHONPATH=/home/fizzer/ros2_ws/install/my_package/lib/python3.8/site-packages:${PYTHONPATH} /usr/bin/python3 setup.py egg_info --egg-base ../../build/my_package build --build-base /home/fizzer/ros2_ws/build/my_package/build install --prefix /home/fizzer/ros2_ws/install/my_package --record /home/fizzer/ros2_ws/build/my_package/install.log --single-version-externally-managed
[1.753s] running egg_info
[1.755s] writing ../../build/my_package/my_package.egg-info/PKG-INFO
[1.755s] writing dependency_links to ../../build/my_package/my_package.egg-info/dependency_links.txt
[1.756s] writing entry points to ../../build/my_package/my_package.egg-info/entry_points.txt
[1.757s] writing requirements to ../../build/my_package/my_package.egg-info/requires.txt
[1.758s] writing top-level names to ../../build/my_package/my_package.egg-info/top_level.txt
[1.848s] reading manifest file '../../build/my_package/my_package.egg-info/SOURCES.txt'
[1.851s] writing manifest file '../../build/my_package/my_package.egg-info/SOURCES.txt'
[1.852s] running build
[1.852s] running build_py
[1.854s] running install
[1.858s] running install_lib
[1.863s] running install_data
[1.864s] running install_egg_info
[1.869s] removing '/home/fizzer/ros2_ws/install/my_package/lib/python3.8/site-packages/my_package-0.0.0-py3.8.egg-info' (and everything under it)
[1.870s] Copying ../../build/my_package/my_package.egg-info to /home/fizzer/ros2_ws/install/my_package/lib/python3.8/site-packages/my_package-0.0.0-py3.8.egg-info
[1.873s] running install_scripts
[1.924s] Installing listen script to /home/fizzer/ros2_ws/install/my_package/lib/my_package
[1.924s] Installing my_node script to /home/fizzer/ros2_ws/install/my_package/lib/my_package
[1.925s] Installing talk script to /home/fizzer/ros2_ws/install/my_package/lib/my_package
[1.925s] writing list of installed files to '/home/fizzer/ros2_ws/build/my_package/install.log'
[1.979s] Invoked command in '/home/fizzer/ros2_ws/src/my_package' returned '0': PYTHONPATH=/home/fizzer/ros2_ws/install/my_package/lib/python3.8/site-packages:${PYTHONPATH} /usr/bin/python3 setup.py egg_info --egg-base ../../build/my_package build --build-base /home/fizzer/ros2_ws/build/my_package/build install --prefix /home/fizzer/ros2_ws/install/my_package --record /home/fizzer/ros2_ws/build/my_package/install.log --single-version-externally-managed
