[0.322s] Invoking command in '/home/fizzer/ros2_ws/src/my_package': PYTHONPATH=/home/fizzer/ros2_ws/install/my_package/lib/python3.8/site-packages:${PYTHONPATH} /usr/bin/python3 setup.py egg_info --egg-base ../../build/my_package build --build-base /home/fizzer/ros2_ws/build/my_package/build install --prefix /home/fizzer/ros2_ws/install/my_package --record /home/fizzer/ros2_ws/build/my_package/install.log --single-version-externally-managed
[0.607s] running egg_info
[0.608s] writing ../../build/my_package/my_package.egg-info/PKG-INFO
[0.608s] writing dependency_links to ../../build/my_package/my_package.egg-info/dependency_links.txt
[0.608s] writing entry points to ../../build/my_package/my_package.egg-info/entry_points.txt
[0.609s] writing requirements to ../../build/my_package/my_package.egg-info/requires.txt
[0.609s] writing top-level names to ../../build/my_package/my_package.egg-info/top_level.txt
[0.650s] reading manifest file '../../build/my_package/my_package.egg-info/SOURCES.txt'
[0.651s] writing manifest file '../../build/my_package/my_package.egg-info/SOURCES.txt'
[0.652s] running build
[0.652s] running build_py
[0.652s] copying my_package/client.py -> /home/fizzer/ros2_ws/build/my_package/build/lib/my_package
[0.653s] running install
[0.654s] running install_lib
[0.655s] copying /home/fizzer/ros2_ws/build/my_package/build/lib/my_package/client.py -> /home/fizzer/ros2_ws/install/my_package/lib/python3.8/site-packages/my_package
[0.656s] byte-compiling /home/fizzer/ros2_ws/install/my_package/lib/python3.8/site-packages/my_package/client.py to client.cpython-38.pyc
[0.659s] running install_data
[0.659s] running install_egg_info
[0.662s] removing '/home/fizzer/ros2_ws/install/my_package/lib/python3.8/site-packages/my_package-0.0.0-py3.8.egg-info' (and everything under it)
[0.662s] Copying ../../build/my_package/my_package.egg-info to /home/fizzer/ros2_ws/install/my_package/lib/python3.8/site-packages/my_package-0.0.0-py3.8.egg-info
[0.663s] running install_scripts
[0.688s] Installing cli script to /home/fizzer/ros2_ws/install/my_package/lib/my_package
[0.688s] Installing listen script to /home/fizzer/ros2_ws/install/my_package/lib/my_package
[0.688s] Installing listen2 script to /home/fizzer/ros2_ws/install/my_package/lib/my_package
[0.689s] Installing my_node script to /home/fizzer/ros2_ws/install/my_package/lib/my_package
[0.689s] Installing serv script to /home/fizzer/ros2_ws/install/my_package/lib/my_package
[0.689s] Installing talk script to /home/fizzer/ros2_ws/install/my_package/lib/my_package
[0.689s] Installing talk2 script to /home/fizzer/ros2_ws/install/my_package/lib/my_package
[0.689s] writing list of installed files to '/home/fizzer/ros2_ws/build/my_package/install.log'
[0.721s] Invoked command in '/home/fizzer/ros2_ws/src/my_package' returned '0': PYTHONPATH=/home/fizzer/ros2_ws/install/my_package/lib/python3.8/site-packages:${PYTHONPATH} /usr/bin/python3 setup.py egg_info --egg-base ../../build/my_package build --build-base /home/fizzer/ros2_ws/build/my_package/build install --prefix /home/fizzer/ros2_ws/install/my_package --record /home/fizzer/ros2_ws/build/my_package/install.log --single-version-externally-managed
