[1.952s] DEBUG:colcon:Command line arguments: ['/usr/bin/colcon', 'build']
[1.952s] DEBUG:colcon:Parsed command line arguments: Namespace(ament_cmake_args=None, base_paths=['.'], build_base='build', catkin_cmake_args=None, catkin_skip_building_tests=False, cmake_args=None, cmake_clean_cache=False, cmake_clean_first=False, cmake_force_configure=False, cmake_target=None, cmake_target_skip_unavailable=False, continue_on_error=False, event_handlers=None, executor='parallel', ignore_user_meta=False, install_base='install', log_base=None, log_level=None, main=<bound method BuildVerb.main of <colcon_core.verb.build.BuildVerb object at 0x7f797da472b0>>, merge_install=False, metas=['./colcon.meta'], packages_above=None, packages_above_and_dependencies=None, packages_above_depth=None, packages_end=None, packages_ignore=None, packages_ignore_regex=None, packages_select=None, packages_select_build_failed=False, packages_select_by_dep=None, packages_select_regex=None, packages_select_test_failures=False, packages_skip=None, packages_skip_build_finished=False, packages_skip_by_dep=None, packages_skip_regex=None, packages_skip_test_passed=False, packages_skip_up_to=None, packages_start=None, packages_up_to=None, packages_up_to_regex=None, parallel_workers=4, paths=None, symlink_install=False, test_result_base=None, verb_extension=<colcon_core.verb.build.BuildVerb object at 0x7f797da472b0>, verb_name='build', verb_parser=<colcon_defaults.argument_parser.defaults.DefaultArgumentsDecorator object at 0x7f797da477f0>)
[2.074s] Level 1:colcon.colcon_core.package_discovery:discover_packages(colcon_meta) check parameters
[2.074s] Level 1:colcon.colcon_core.package_discovery:discover_packages(recursive) check parameters
[2.074s] Level 1:colcon.colcon_core.package_discovery:discover_packages(ignore) check parameters
[2.074s] Level 1:colcon.colcon_core.package_discovery:discover_packages(path) check parameters
[2.074s] Level 1:colcon.colcon_core.package_discovery:discover_packages(colcon_meta) discover
[2.074s] Level 1:colcon.colcon_core.package_discovery:discover_packages(recursive) discover
[2.075s] INFO:colcon.colcon_core.package_discovery:Crawling recursively for packages in '/home/fizzer/ros2_ws'
[2.075s] Level 1:colcon.colcon_core.package_identification:_identify(.) by extensions ['ignore', 'ignore_ament_install']
[2.075s] Level 1:colcon.colcon_core.package_identification:_identify(.) by extension 'ignore'
[2.075s] Level 1:colcon.colcon_core.package_identification:_identify(.) by extension 'ignore_ament_install'
[2.075s] Level 1:colcon.colcon_core.package_identification:_identify(.) by extensions ['colcon_pkg']
[2.075s] Level 1:colcon.colcon_core.package_identification:_identify(.) by extension 'colcon_pkg'
[2.075s] Level 1:colcon.colcon_core.package_identification:_identify(.) by extensions ['colcon_meta']
[2.075s] Level 1:colcon.colcon_core.package_identification:_identify(.) by extension 'colcon_meta'
[2.075s] Level 1:colcon.colcon_core.package_identification:_identify(.) by extensions ['ros']
[2.076s] Level 1:colcon.colcon_core.package_identification:_identify(.) by extension 'ros'
[2.098s] Level 1:colcon.colcon_core.package_identification:_identify(.) by extensions ['cmake', 'python']
[2.098s] Level 1:colcon.colcon_core.package_identification:_identify(.) by extension 'cmake'
[2.098s] Level 1:colcon.colcon_core.package_identification:_identify(.) by extension 'python'
[2.098s] Level 1:colcon.colcon_core.package_identification:_identify(.) by extensions ['python_setup_py']
[2.098s] Level 1:colcon.colcon_core.package_identification:_identify(.) by extension 'python_setup_py'
[2.098s] Level 1:colcon.colcon_core.package_identification:_identify(build) by extensions ['ignore', 'ignore_ament_install']
[2.098s] Level 1:colcon.colcon_core.package_identification:_identify(build) by extension 'ignore'
[2.098s] Level 1:colcon.colcon_core.package_identification:_identify(build) ignored
[2.099s] Level 1:colcon.colcon_core.package_identification:_identify(install) by extensions ['ignore', 'ignore_ament_install']
[2.099s] Level 1:colcon.colcon_core.package_identification:_identify(install) by extension 'ignore'
[2.099s] Level 1:colcon.colcon_core.package_identification:_identify(install) ignored
[2.099s] Level 1:colcon.colcon_core.package_identification:_identify(log) by extensions ['ignore', 'ignore_ament_install']
[2.099s] Level 1:colcon.colcon_core.package_identification:_identify(log) by extension 'ignore'
[2.099s] Level 1:colcon.colcon_core.package_identification:_identify(log) ignored
[2.100s] Level 1:colcon.colcon_core.package_identification:_identify(src) by extensions ['ignore', 'ignore_ament_install']
[2.100s] Level 1:colcon.colcon_core.package_identification:_identify(src) by extension 'ignore'
[2.100s] Level 1:colcon.colcon_core.package_identification:_identify(src) by extension 'ignore_ament_install'
[2.100s] Level 1:colcon.colcon_core.package_identification:_identify(src) by extensions ['colcon_pkg']
[2.100s] Level 1:colcon.colcon_core.package_identification:_identify(src) by extension 'colcon_pkg'
[2.100s] Level 1:colcon.colcon_core.package_identification:_identify(src) by extensions ['colcon_meta']
[2.100s] Level 1:colcon.colcon_core.package_identification:_identify(src) by extension 'colcon_meta'
[2.100s] Level 1:colcon.colcon_core.package_identification:_identify(src) by extensions ['ros']
[2.100s] Level 1:colcon.colcon_core.package_identification:_identify(src) by extension 'ros'
[2.100s] Level 1:colcon.colcon_core.package_identification:_identify(src) by extensions ['cmake', 'python']
[2.100s] Level 1:colcon.colcon_core.package_identification:_identify(src) by extension 'cmake'
[2.101s] Level 1:colcon.colcon_core.package_identification:_identify(src) by extension 'python'
[2.101s] Level 1:colcon.colcon_core.package_identification:_identify(src) by extensions ['python_setup_py']
[2.101s] Level 1:colcon.colcon_core.package_identification:_identify(src) by extension 'python_setup_py'
[2.101s] Level 1:colcon.colcon_core.package_identification:_identify(src/build) by extensions ['ignore', 'ignore_ament_install']
[2.101s] Level 1:colcon.colcon_core.package_identification:_identify(src/build) by extension 'ignore'
[2.102s] Level 1:colcon.colcon_core.package_identification:_identify(src/build) ignored
[2.102s] Level 1:colcon.colcon_core.package_identification:_identify(src/cameraTests) by extensions ['ignore', 'ignore_ament_install']
[2.102s] Level 1:colcon.colcon_core.package_identification:_identify(src/cameraTests) by extension 'ignore'
[2.102s] Level 1:colcon.colcon_core.package_identification:_identify(src/cameraTests) by extension 'ignore_ament_install'
[2.102s] Level 1:colcon.colcon_core.package_identification:_identify(src/cameraTests) by extensions ['colcon_pkg']
[2.102s] Level 1:colcon.colcon_core.package_identification:_identify(src/cameraTests) by extension 'colcon_pkg'
[2.102s] Level 1:colcon.colcon_core.package_identification:_identify(src/cameraTests) by extensions ['colcon_meta']
[2.102s] Level 1:colcon.colcon_core.package_identification:_identify(src/cameraTests) by extension 'colcon_meta'
[2.102s] Level 1:colcon.colcon_core.package_identification:_identify(src/cameraTests) by extensions ['ros']
[2.102s] Level 1:colcon.colcon_core.package_identification:_identify(src/cameraTests) by extension 'ros'
[2.153s] DEBUG:colcon.colcon_core.package_identification:Package 'src/cameraTests' with type 'ros.ament_python' and name 'cameraTests'
[2.154s] Level 1:colcon.colcon_core.package_identification:_identify(src/install) by extensions ['ignore', 'ignore_ament_install']
[2.154s] Level 1:colcon.colcon_core.package_identification:_identify(src/install) by extension 'ignore'
[2.154s] Level 1:colcon.colcon_core.package_identification:_identify(src/install) ignored
[2.154s] Level 1:colcon.colcon_core.package_identification:_identify(src/keyDrive) by extensions ['ignore', 'ignore_ament_install']
[2.154s] Level 1:colcon.colcon_core.package_identification:_identify(src/keyDrive) by extension 'ignore'
[2.154s] Level 1:colcon.colcon_core.package_identification:_identify(src/keyDrive) by extension 'ignore_ament_install'
[2.154s] Level 1:colcon.colcon_core.package_identification:_identify(src/keyDrive) by extensions ['colcon_pkg']
[2.154s] Level 1:colcon.colcon_core.package_identification:_identify(src/keyDrive) by extension 'colcon_pkg'
[2.154s] Level 1:colcon.colcon_core.package_identification:_identify(src/keyDrive) by extensions ['colcon_meta']
[2.155s] Level 1:colcon.colcon_core.package_identification:_identify(src/keyDrive) by extension 'colcon_meta'
[2.155s] Level 1:colcon.colcon_core.package_identification:_identify(src/keyDrive) by extensions ['ros']
[2.155s] Level 1:colcon.colcon_core.package_identification:_identify(src/keyDrive) by extension 'ros'
[2.170s] DEBUG:colcon.colcon_core.package_identification:Package 'src/keyDrive' with type 'ros.ament_python' and name 'keyDrive'
[2.170s] Level 1:colcon.colcon_core.package_identification:_identify(src/log) by extensions ['ignore', 'ignore_ament_install']
[2.170s] Level 1:colcon.colcon_core.package_identification:_identify(src/log) by extension 'ignore'
[2.170s] Level 1:colcon.colcon_core.package_identification:_identify(src/log) ignored
[2.170s] Level 1:colcon.colcon_core.package_identification:_identify(src/my_cpp_py_pkg) by extensions ['ignore', 'ignore_ament_install']
[2.170s] Level 1:colcon.colcon_core.package_identification:_identify(src/my_cpp_py_pkg) by extension 'ignore'
[2.170s] Level 1:colcon.colcon_core.package_identification:_identify(src/my_cpp_py_pkg) by extension 'ignore_ament_install'
[2.170s] Level 1:colcon.colcon_core.package_identification:_identify(src/my_cpp_py_pkg) by extensions ['colcon_pkg']
[2.170s] Level 1:colcon.colcon_core.package_identification:_identify(src/my_cpp_py_pkg) by extension 'colcon_pkg'
[2.170s] Level 1:colcon.colcon_core.package_identification:_identify(src/my_cpp_py_pkg) by extensions ['colcon_meta']
[2.171s] Level 1:colcon.colcon_core.package_identification:_identify(src/my_cpp_py_pkg) by extension 'colcon_meta'
[2.171s] Level 1:colcon.colcon_core.package_identification:_identify(src/my_cpp_py_pkg) by extensions ['ros']
[2.171s] Level 1:colcon.colcon_core.package_identification:_identify(src/my_cpp_py_pkg) by extension 'ros'
[2.177s] DEBUG:colcon.colcon_core.package_identification:Package 'src/my_cpp_py_pkg' with type 'ros.ament_cmake' and name 'my_cpp_py_pkg'
[2.178s] Level 1:colcon.colcon_core.package_identification:_identify(src/my_package) by extensions ['ignore', 'ignore_ament_install']
[2.178s] Level 1:colcon.colcon_core.package_identification:_identify(src/my_package) by extension 'ignore'
[2.178s] Level 1:colcon.colcon_core.package_identification:_identify(src/my_package) by extension 'ignore_ament_install'
[2.179s] Level 1:colcon.colcon_core.package_identification:_identify(src/my_package) by extensions ['colcon_pkg']
[2.179s] Level 1:colcon.colcon_core.package_identification:_identify(src/my_package) by extension 'colcon_pkg'
[2.179s] Level 1:colcon.colcon_core.package_identification:_identify(src/my_package) by extensions ['colcon_meta']
[2.179s] Level 1:colcon.colcon_core.package_identification:_identify(src/my_package) by extension 'colcon_meta'
[2.179s] Level 1:colcon.colcon_core.package_identification:_identify(src/my_package) by extensions ['ros']
[2.179s] Level 1:colcon.colcon_core.package_identification:_identify(src/my_package) by extension 'ros'
[2.204s] DEBUG:colcon.colcon_core.package_identification:Package 'src/my_package' with type 'ros.ament_python' and name 'my_package'
[2.204s] Level 1:colcon.colcon_core.package_identification:_identify(src/security_test) by extensions ['ignore', 'ignore_ament_install']
[2.204s] Level 1:colcon.colcon_core.package_identification:_identify(src/security_test) by extension 'ignore'
[2.204s] Level 1:colcon.colcon_core.package_identification:_identify(src/security_test) by extension 'ignore_ament_install'
[2.204s] Level 1:colcon.colcon_core.package_identification:_identify(src/security_test) by extensions ['colcon_pkg']
[2.205s] Level 1:colcon.colcon_core.package_identification:_identify(src/security_test) by extension 'colcon_pkg'
[2.205s] Level 1:colcon.colcon_core.package_identification:_identify(src/security_test) by extensions ['colcon_meta']
[2.205s] Level 1:colcon.colcon_core.package_identification:_identify(src/security_test) by extension 'colcon_meta'
[2.205s] Level 1:colcon.colcon_core.package_identification:_identify(src/security_test) by extensions ['ros']
[2.205s] Level 1:colcon.colcon_core.package_identification:_identify(src/security_test) by extension 'ros'
[2.221s] DEBUG:colcon.colcon_core.package_identification:Package 'src/security_test' with type 'ros.ament_cmake' and name 'security_test'
[2.221s] Level 1:colcon.colcon_core.package_identification:_identify(src/tutorial_interfaces) by extensions ['ignore', 'ignore_ament_install']
[2.221s] Level 1:colcon.colcon_core.package_identification:_identify(src/tutorial_interfaces) by extension 'ignore'
[2.221s] Level 1:colcon.colcon_core.package_identification:_identify(src/tutorial_interfaces) by extension 'ignore_ament_install'
[2.221s] Level 1:colcon.colcon_core.package_identification:_identify(src/tutorial_interfaces) by extensions ['colcon_pkg']
[2.221s] Level 1:colcon.colcon_core.package_identification:_identify(src/tutorial_interfaces) by extension 'colcon_pkg'
[2.221s] Level 1:colcon.colcon_core.package_identification:_identify(src/tutorial_interfaces) by extensions ['colcon_meta']
[2.222s] Level 1:colcon.colcon_core.package_identification:_identify(src/tutorial_interfaces) by extension 'colcon_meta'
[2.222s] Level 1:colcon.colcon_core.package_identification:_identify(src/tutorial_interfaces) by extensions ['ros']
[2.222s] Level 1:colcon.colcon_core.package_identification:_identify(src/tutorial_interfaces) by extension 'ros'
[2.231s] DEBUG:colcon.colcon_core.package_identification:Package 'src/tutorial_interfaces' with type 'ros.ament_cmake' and name 'tutorial_interfaces'
[2.231s] Level 1:colcon.colcon_core.package_identification:_identify(src/vector) by extensions ['ignore', 'ignore_ament_install']
[2.231s] Level 1:colcon.colcon_core.package_identification:_identify(src/vector) by extension 'ignore'
[2.232s] Level 1:colcon.colcon_core.package_identification:_identify(src/vector) by extension 'ignore_ament_install'
[2.232s] Level 1:colcon.colcon_core.package_identification:_identify(src/vector) by extensions ['colcon_pkg']
[2.232s] Level 1:colcon.colcon_core.package_identification:_identify(src/vector) by extension 'colcon_pkg'
[2.232s] Level 1:colcon.colcon_core.package_identification:_identify(src/vector) by extensions ['colcon_meta']
[2.232s] Level 1:colcon.colcon_core.package_identification:_identify(src/vector) by extension 'colcon_meta'
[2.232s] Level 1:colcon.colcon_core.package_identification:_identify(src/vector) by extensions ['ros']
[2.232s] Level 1:colcon.colcon_core.package_identification:_identify(src/vector) by extension 'ros'
[2.249s] DEBUG:colcon.colcon_core.package_identification:Package 'src/vector' with type 'ros.ament_cmake' and name 'vector'
[2.249s] Level 1:colcon.colcon_core.package_discovery:discover_packages(recursive) using defaults
[2.249s] Level 1:colcon.colcon_core.package_discovery:discover_packages(ignore) discover
[2.249s] Level 1:colcon.colcon_core.package_discovery:discover_packages(ignore) using defaults
[2.249s] Level 1:colcon.colcon_core.package_discovery:discover_packages(path) discover
[2.250s] Level 1:colcon.colcon_core.package_discovery:discover_packages(path) using defaults
[2.403s] Level 5:colcon.colcon_core.verb:set package 'cameraTests' build argument 'cmake_args' from command line to 'None'
[2.403s] Level 5:colcon.colcon_core.verb:set package 'cameraTests' build argument 'cmake_target' from command line to 'None'
[2.403s] Level 5:colcon.colcon_core.verb:set package 'cameraTests' build argument 'cmake_target_skip_unavailable' from command line to 'False'
[2.403s] Level 5:colcon.colcon_core.verb:set package 'cameraTests' build argument 'cmake_clean_cache' from command line to 'False'
[2.403s] Level 5:colcon.colcon_core.verb:set package 'cameraTests' build argument 'cmake_clean_first' from command line to 'False'
[2.403s] Level 5:colcon.colcon_core.verb:set package 'cameraTests' build argument 'cmake_force_configure' from command line to 'False'
[2.403s] Level 5:colcon.colcon_core.verb:set package 'cameraTests' build argument 'ament_cmake_args' from command line to 'None'
[2.403s] Level 5:colcon.colcon_core.verb:set package 'cameraTests' build argument 'catkin_cmake_args' from command line to 'None'
[2.403s] Level 5:colcon.colcon_core.verb:set package 'cameraTests' build argument 'catkin_skip_building_tests' from command line to 'False'
[2.403s] DEBUG:colcon.colcon_core.verb:Building package 'cameraTests' with the following arguments: {'ament_cmake_args': None, 'build_base': '/home/fizzer/ros2_ws/build/cameraTests', 'catkin_cmake_args': None, 'catkin_skip_building_tests': False, 'cmake_args': None, 'cmake_clean_cache': False, 'cmake_clean_first': False, 'cmake_force_configure': False, 'cmake_target': None, 'cmake_target_skip_unavailable': False, 'install_base': '/home/fizzer/ros2_ws/install/cameraTests', 'merge_install': False, 'path': '/home/fizzer/ros2_ws/src/cameraTests', 'symlink_install': False, 'test_result_base': None}
[2.406s] Level 5:colcon.colcon_core.verb:set package 'keyDrive' build argument 'cmake_args' from command line to 'None'
[2.406s] Level 5:colcon.colcon_core.verb:set package 'keyDrive' build argument 'cmake_target' from command line to 'None'
[2.406s] Level 5:colcon.colcon_core.verb:set package 'keyDrive' build argument 'cmake_target_skip_unavailable' from command line to 'False'
[2.407s] Level 5:colcon.colcon_core.verb:set package 'keyDrive' build argument 'cmake_clean_cache' from command line to 'False'
[2.407s] Level 5:colcon.colcon_core.verb:set package 'keyDrive' build argument 'cmake_clean_first' from command line to 'False'
[2.407s] Level 5:colcon.colcon_core.verb:set package 'keyDrive' build argument 'cmake_force_configure' from command line to 'False'
[2.407s] Level 5:colcon.colcon_core.verb:set package 'keyDrive' build argument 'ament_cmake_args' from command line to 'None'
[2.407s] Level 5:colcon.colcon_core.verb:set package 'keyDrive' build argument 'catkin_cmake_args' from command line to 'None'
[2.407s] Level 5:colcon.colcon_core.verb:set package 'keyDrive' build argument 'catkin_skip_building_tests' from command line to 'False'
[2.407s] DEBUG:colcon.colcon_core.verb:Building package 'keyDrive' with the following arguments: {'ament_cmake_args': None, 'build_base': '/home/fizzer/ros2_ws/build/keyDrive', 'catkin_cmake_args': None, 'catkin_skip_building_tests': False, 'cmake_args': None, 'cmake_clean_cache': False, 'cmake_clean_first': False, 'cmake_force_configure': False, 'cmake_target': None, 'cmake_target_skip_unavailable': False, 'install_base': '/home/fizzer/ros2_ws/install/keyDrive', 'merge_install': False, 'path': '/home/fizzer/ros2_ws/src/keyDrive', 'symlink_install': False, 'test_result_base': None}
[2.411s] Level 5:colcon.colcon_core.verb:set package 'my_cpp_py_pkg' build argument 'cmake_args' from command line to 'None'
[2.411s] Level 5:colcon.colcon_core.verb:set package 'my_cpp_py_pkg' build argument 'cmake_target' from command line to 'None'
[2.411s] Level 5:colcon.colcon_core.verb:set package 'my_cpp_py_pkg' build argument 'cmake_target_skip_unavailable' from command line to 'False'
[2.411s] Level 5:colcon.colcon_core.verb:set package 'my_cpp_py_pkg' build argument 'cmake_clean_cache' from command line to 'False'
[2.411s] Level 5:colcon.colcon_core.verb:set package 'my_cpp_py_pkg' build argument 'cmake_clean_first' from command line to 'False'
[2.411s] Level 5:colcon.colcon_core.verb:set package 'my_cpp_py_pkg' build argument 'cmake_force_configure' from command line to 'False'
[2.411s] Level 5:colcon.colcon_core.verb:set package 'my_cpp_py_pkg' build argument 'ament_cmake_args' from command line to 'None'
[2.411s] Level 5:colcon.colcon_core.verb:set package 'my_cpp_py_pkg' build argument 'catkin_cmake_args' from command line to 'None'
[2.411s] Level 5:colcon.colcon_core.verb:set package 'my_cpp_py_pkg' build argument 'catkin_skip_building_tests' from command line to 'False'
[2.411s] DEBUG:colcon.colcon_core.verb:Building package 'my_cpp_py_pkg' with the following arguments: {'ament_cmake_args': None, 'build_base': '/home/fizzer/ros2_ws/build/my_cpp_py_pkg', 'catkin_cmake_args': None, 'catkin_skip_building_tests': False, 'cmake_args': None, 'cmake_clean_cache': False, 'cmake_clean_first': False, 'cmake_force_configure': False, 'cmake_target': None, 'cmake_target_skip_unavailable': False, 'install_base': '/home/fizzer/ros2_ws/install/my_cpp_py_pkg', 'merge_install': False, 'path': '/home/fizzer/ros2_ws/src/my_cpp_py_pkg', 'symlink_install': False, 'test_result_base': None}
[2.414s] Level 5:colcon.colcon_core.verb:set package 'my_package' build argument 'cmake_args' from command line to 'None'
[2.414s] Level 5:colcon.colcon_core.verb:set package 'my_package' build argument 'cmake_target' from command line to 'None'
[2.414s] Level 5:colcon.colcon_core.verb:set package 'my_package' build argument 'cmake_target_skip_unavailable' from command line to 'False'
[2.414s] Level 5:colcon.colcon_core.verb:set package 'my_package' build argument 'cmake_clean_cache' from command line to 'False'
[2.414s] Level 5:colcon.colcon_core.verb:set package 'my_package' build argument 'cmake_clean_first' from command line to 'False'
[2.414s] Level 5:colcon.colcon_core.verb:set package 'my_package' build argument 'cmake_force_configure' from command line to 'False'
[2.414s] Level 5:colcon.colcon_core.verb:set package 'my_package' build argument 'ament_cmake_args' from command line to 'None'
[2.414s] Level 5:colcon.colcon_core.verb:set package 'my_package' build argument 'catkin_cmake_args' from command line to 'None'
[2.414s] Level 5:colcon.colcon_core.verb:set package 'my_package' build argument 'catkin_skip_building_tests' from command line to 'False'
[2.414s] DEBUG:colcon.colcon_core.verb:Building package 'my_package' with the following arguments: {'ament_cmake_args': None, 'build_base': '/home/fizzer/ros2_ws/build/my_package', 'catkin_cmake_args': None, 'catkin_skip_building_tests': False, 'cmake_args': None, 'cmake_clean_cache': False, 'cmake_clean_first': False, 'cmake_force_configure': False, 'cmake_target': None, 'cmake_target_skip_unavailable': False, 'install_base': '/home/fizzer/ros2_ws/install/my_package', 'merge_install': False, 'path': '/home/fizzer/ros2_ws/src/my_package', 'symlink_install': False, 'test_result_base': None}
[2.417s] Level 5:colcon.colcon_core.verb:set package 'security_test' build argument 'cmake_args' from command line to 'None'
[2.418s] Level 5:colcon.colcon_core.verb:set package 'security_test' build argument 'cmake_target' from command line to 'None'
[2.418s] Level 5:colcon.colcon_core.verb:set package 'security_test' build argument 'cmake_target_skip_unavailable' from command line to 'False'
[2.418s] Level 5:colcon.colcon_core.verb:set package 'security_test' build argument 'cmake_clean_cache' from command line to 'False'
[2.418s] Level 5:colcon.colcon_core.verb:set package 'security_test' build argument 'cmake_clean_first' from command line to 'False'
[2.418s] Level 5:colcon.colcon_core.verb:set package 'security_test' build argument 'cmake_force_configure' from command line to 'False'
[2.418s] Level 5:colcon.colcon_core.verb:set package 'security_test' build argument 'ament_cmake_args' from command line to 'None'
[2.418s] Level 5:colcon.colcon_core.verb:set package 'security_test' build argument 'catkin_cmake_args' from command line to 'None'
[2.418s] Level 5:colcon.colcon_core.verb:set package 'security_test' build argument 'catkin_skip_building_tests' from command line to 'False'
[2.418s] DEBUG:colcon.colcon_core.verb:Building package 'security_test' with the following arguments: {'ament_cmake_args': None, 'build_base': '/home/fizzer/ros2_ws/build/security_test', 'catkin_cmake_args': None, 'catkin_skip_building_tests': False, 'cmake_args': None, 'cmake_clean_cache': False, 'cmake_clean_first': False, 'cmake_force_configure': False, 'cmake_target': None, 'cmake_target_skip_unavailable': False, 'install_base': '/home/fizzer/ros2_ws/install/security_test', 'merge_install': False, 'path': '/home/fizzer/ros2_ws/src/security_test', 'symlink_install': False, 'test_result_base': None}
[2.422s] Level 5:colcon.colcon_core.verb:set package 'tutorial_interfaces' build argument 'cmake_args' from command line to 'None'
[2.422s] Level 5:colcon.colcon_core.verb:set package 'tutorial_interfaces' build argument 'cmake_target' from command line to 'None'
[2.422s] Level 5:colcon.colcon_core.verb:set package 'tutorial_interfaces' build argument 'cmake_target_skip_unavailable' from command line to 'False'
[2.422s] Level 5:colcon.colcon_core.verb:set package 'tutorial_interfaces' build argument 'cmake_clean_cache' from command line to 'False'
[2.422s] Level 5:colcon.colcon_core.verb:set package 'tutorial_interfaces' build argument 'cmake_clean_first' from command line to 'False'
[2.422s] Level 5:colcon.colcon_core.verb:set package 'tutorial_interfaces' build argument 'cmake_force_configure' from command line to 'False'
[2.422s] Level 5:colcon.colcon_core.verb:set package 'tutorial_interfaces' build argument 'ament_cmake_args' from command line to 'None'
[2.422s] Level 5:colcon.colcon_core.verb:set package 'tutorial_interfaces' build argument 'catkin_cmake_args' from command line to 'None'
[2.422s] Level 5:colcon.colcon_core.verb:set package 'tutorial_interfaces' build argument 'catkin_skip_building_tests' from command line to 'False'
[2.422s] DEBUG:colcon.colcon_core.verb:Building package 'tutorial_interfaces' with the following arguments: {'ament_cmake_args': None, 'build_base': '/home/fizzer/ros2_ws/build/tutorial_interfaces', 'catkin_cmake_args': None, 'catkin_skip_building_tests': False, 'cmake_args': None, 'cmake_clean_cache': False, 'cmake_clean_first': False, 'cmake_force_configure': False, 'cmake_target': None, 'cmake_target_skip_unavailable': False, 'install_base': '/home/fizzer/ros2_ws/install/tutorial_interfaces', 'merge_install': False, 'path': '/home/fizzer/ros2_ws/src/tutorial_interfaces', 'symlink_install': False, 'test_result_base': None}
[2.425s] Level 5:colcon.colcon_core.verb:set package 'vector' build argument 'cmake_args' from command line to 'None'
[2.425s] Level 5:colcon.colcon_core.verb:set package 'vector' build argument 'cmake_target' from command line to 'None'
[2.425s] Level 5:colcon.colcon_core.verb:set package 'vector' build argument 'cmake_target_skip_unavailable' from command line to 'False'
[2.425s] Level 5:colcon.colcon_core.verb:set package 'vector' build argument 'cmake_clean_cache' from command line to 'False'
[2.425s] Level 5:colcon.colcon_core.verb:set package 'vector' build argument 'cmake_clean_first' from command line to 'False'
[2.425s] Level 5:colcon.colcon_core.verb:set package 'vector' build argument 'cmake_force_configure' from command line to 'False'
[2.425s] Level 5:colcon.colcon_core.verb:set package 'vector' build argument 'ament_cmake_args' from command line to 'None'
[2.425s] Level 5:colcon.colcon_core.verb:set package 'vector' build argument 'catkin_cmake_args' from command line to 'None'
[2.425s] Level 5:colcon.colcon_core.verb:set package 'vector' build argument 'catkin_skip_building_tests' from command line to 'False'
[2.425s] DEBUG:colcon.colcon_core.verb:Building package 'vector' with the following arguments: {'ament_cmake_args': None, 'build_base': '/home/fizzer/ros2_ws/build/vector', 'catkin_cmake_args': None, 'catkin_skip_building_tests': False, 'cmake_args': None, 'cmake_clean_cache': False, 'cmake_clean_first': False, 'cmake_force_configure': False, 'cmake_target': None, 'cmake_target_skip_unavailable': False, 'install_base': '/home/fizzer/ros2_ws/install/vector', 'merge_install': False, 'path': '/home/fizzer/ros2_ws/src/vector', 'symlink_install': False, 'test_result_base': None}
[2.426s] INFO:colcon.colcon_core.executor:Executing jobs using 'parallel' executor
[2.429s] DEBUG:colcon.colcon_parallel_executor.executor.parallel:run_until_complete
[2.429s] INFO:colcon.colcon_ros.task.ament_python.build:Building ROS package in '/home/fizzer/ros2_ws/src/cameraTests' with build type 'ament_python'
[2.429s] Level 1:colcon.colcon_core.shell:create_environment_hook('cameraTests', 'ament_prefix_path')
[2.542s] INFO:colcon.colcon_core.plugin_system:Skipping extension 'colcon_core.shell.bat': Not used on non-Windows systems
[2.542s] INFO:colcon.colcon_core.shell:Creating environment hook '/home/fizzer/ros2_ws/install/cameraTests/share/cameraTests/hook/ament_prefix_path.ps1'
[2.587s] INFO:colcon.colcon_core.shell:Creating environment descriptor '/home/fizzer/ros2_ws/install/cameraTests/share/cameraTests/hook/ament_prefix_path.dsv'
[2.613s] INFO:colcon.colcon_core.shell:Creating environment hook '/home/fizzer/ros2_ws/install/cameraTests/share/cameraTests/hook/ament_prefix_path.sh'
[2.615s] INFO:colcon.colcon_core.shell:Skip shell extension 'powershell' for command environment: Not usable outside of PowerShell
[2.615s] DEBUG:colcon.colcon_core.shell:Skip shell extension 'dsv' for command environment
[2.644s] DEBUG:colcon.colcon_core.shell:Ignoring prefix path '/opt/ros/foxy'
[2.671s] INFO:colcon.colcon_ros.task.ament_python.build:Building ROS package in '/home/fizzer/ros2_ws/src/keyDrive' with build type 'ament_python'
[2.672s] Level 1:colcon.colcon_core.shell:create_environment_hook('keyDrive', 'ament_prefix_path')
[2.673s] INFO:colcon.colcon_core.shell:Creating environment hook '/home/fizzer/ros2_ws/install/keyDrive/share/keyDrive/hook/ament_prefix_path.ps1'
[2.696s] INFO:colcon.colcon_core.shell:Creating environment descriptor '/home/fizzer/ros2_ws/install/keyDrive/share/keyDrive/hook/ament_prefix_path.dsv'
[2.696s] INFO:colcon.colcon_core.shell:Creating environment hook '/home/fizzer/ros2_ws/install/keyDrive/share/keyDrive/hook/ament_prefix_path.sh'
[2.697s] INFO:colcon.colcon_core.shell:Skip shell extension 'powershell' for command environment: Not usable outside of PowerShell
[2.697s] DEBUG:colcon.colcon_core.shell:Skip shell extension 'dsv' for command environment
[2.699s] DEBUG:colcon.colcon_core.shell:Ignoring prefix path '/opt/ros/foxy'
[2.702s] INFO:colcon.colcon_ros.task.ament_cmake.build:Building ROS package in '/home/fizzer/ros2_ws/src/my_cpp_py_pkg' with build type 'ament_cmake'
[2.703s] INFO:colcon.colcon_cmake.task.cmake.build:Building CMake package in '/home/fizzer/ros2_ws/src/my_cpp_py_pkg'
[2.705s] INFO:colcon.colcon_core.shell:Skip shell extension 'powershell' for command environment: Not usable outside of PowerShell
[2.705s] DEBUG:colcon.colcon_core.shell:Skip shell extension 'dsv' for command environment
[2.708s] DEBUG:colcon.colcon_core.shell:Ignoring prefix path '/opt/ros/foxy'
[2.726s] INFO:colcon.colcon_ros.task.ament_python.build:Building ROS package in '/home/fizzer/ros2_ws/src/my_package' with build type 'ament_python'
[2.727s] Level 1:colcon.colcon_core.shell:create_environment_hook('my_package', 'ament_prefix_path')
[2.729s] INFO:colcon.colcon_core.shell:Creating environment hook '/home/fizzer/ros2_ws/install/my_package/share/my_package/hook/ament_prefix_path.ps1'
[2.732s] INFO:colcon.colcon_core.shell:Creating environment descriptor '/home/fizzer/ros2_ws/install/my_package/share/my_package/hook/ament_prefix_path.dsv'
[2.733s] INFO:colcon.colcon_core.shell:Creating environment hook '/home/fizzer/ros2_ws/install/my_package/share/my_package/hook/ament_prefix_path.sh'
[2.735s] INFO:colcon.colcon_core.shell:Skip shell extension 'powershell' for command environment: Not usable outside of PowerShell
[2.736s] DEBUG:colcon.colcon_core.shell:Skip shell extension 'dsv' for command environment
[2.739s] DEBUG:colcon.colcon_core.shell:Ignoring prefix path '/opt/ros/foxy'
[3.042s] INFO:colcon.colcon_core.task.python.build:Building Python package in '/home/fizzer/ros2_ws/src/cameraTests'
[3.043s] INFO:colcon.colcon_core.shell:Skip shell extension 'powershell' for command environment: Not usable outside of PowerShell
[3.044s] DEBUG:colcon.colcon_core.shell:Skip shell extension 'dsv' for command environment
[3.045s] DEBUG:colcon.colcon_core.shell:Ignoring prefix path '/opt/ros/foxy'
[3.321s] INFO:colcon.colcon_core.task.python.build:Building Python package in '/home/fizzer/ros2_ws/src/keyDrive'
[3.322s] INFO:colcon.colcon_core.shell:Skip shell extension 'powershell' for command environment: Not usable outside of PowerShell
[3.322s] DEBUG:colcon.colcon_core.shell:Skip shell extension 'dsv' for command environment
[3.324s] DEBUG:colcon.colcon_core.shell:Ignoring prefix path '/opt/ros/foxy'
[3.349s] DEBUG:colcon.colcon_core.event_handler.log_command:Invoking command in '/home/fizzer/ros2_ws/build/my_cpp_py_pkg': CMAKE_PREFIX_PATH=/opt/ros/foxy /usr/bin/cmake --build /home/fizzer/ros2_ws/build/my_cpp_py_pkg -- -j4 -l4
[3.668s] INFO:colcon.colcon_core.task.python.build:Building Python package in '/home/fizzer/ros2_ws/src/my_package'
[3.669s] INFO:colcon.colcon_core.shell:Skip shell extension 'powershell' for command environment: Not usable outside of PowerShell
[3.669s] DEBUG:colcon.colcon_core.shell:Skip shell extension 'dsv' for command environment
[3.671s] DEBUG:colcon.colcon_core.shell:Ignoring prefix path '/opt/ros/foxy'
[3.731s] DEBUG:colcon.colcon_core.event_handler.log_command:Invoking command in '/home/fizzer/ros2_ws/src/cameraTests': PYTHONPATH=/home/fizzer/ros2_ws/install/cameraTests/lib/python3.8/site-packages:${PYTHONPATH} /usr/bin/python3 setup.py egg_info --egg-base ../../build/cameraTests build --build-base /home/fizzer/ros2_ws/build/cameraTests/build install --prefix /home/fizzer/ros2_ws/install/cameraTests --record /home/fizzer/ros2_ws/build/cameraTests/install.log --single-version-externally-managed
[3.786s] DEBUG:colcon.colcon_core.event_handler.log_command:Invoking command in '/home/fizzer/ros2_ws/src/keyDrive': PYTHONPATH=/home/fizzer/ros2_ws/install/keyDrive/lib/python3.8/site-packages:${PYTHONPATH} /usr/bin/python3 setup.py egg_info --egg-base ../../build/keyDrive build --build-base /home/fizzer/ros2_ws/build/keyDrive/build install --prefix /home/fizzer/ros2_ws/install/keyDrive --record /home/fizzer/ros2_ws/build/keyDrive/install.log --single-version-externally-managed
[3.844s] DEBUG:colcon.colcon_core.event_handler.log_command:Invoking command in '/home/fizzer/ros2_ws/src/my_package': PYTHONPATH=/home/fizzer/ros2_ws/install/my_package/lib/python3.8/site-packages:${PYTHONPATH} /usr/bin/python3 setup.py egg_info --egg-base ../../build/my_package build --build-base /home/fizzer/ros2_ws/build/my_package/build install --prefix /home/fizzer/ros2_ws/install/my_package --record /home/fizzer/ros2_ws/build/my_package/install.log --single-version-externally-managed
[5.834s] DEBUG:colcon.colcon_core.event_handler.log_command:Invoked command in '/home/fizzer/ros2_ws/build/my_cpp_py_pkg' returned '0': CMAKE_PREFIX_PATH=/opt/ros/foxy /usr/bin/cmake --build /home/fizzer/ros2_ws/build/my_cpp_py_pkg -- -j4 -l4
[5.875s] DEBUG:colcon.colcon_core.event_handler.log_command:Invoking command in '/home/fizzer/ros2_ws/build/my_cpp_py_pkg': CMAKE_PREFIX_PATH=/opt/ros/foxy /usr/bin/cmake --install /home/fizzer/ros2_ws/build/my_cpp_py_pkg
[6.011s] Level 1:colcon.colcon_core.environment:create_environment_scripts_only(my_cpp_py_pkg)
[6.013s] DEBUG:colcon.colcon_core.event_handler.log_command:Invoked command in '/home/fizzer/ros2_ws/build/my_cpp_py_pkg' returned '0': CMAKE_PREFIX_PATH=/opt/ros/foxy /usr/bin/cmake --install /home/fizzer/ros2_ws/build/my_cpp_py_pkg
[6.333s] Level 1:colcon.colcon_core.environment:checking '/home/fizzer/ros2_ws/install/my_cpp_py_pkg' for CMake module files
[6.334s] Level 1:colcon.colcon_core.environment:checking '/home/fizzer/ros2_ws/install/my_cpp_py_pkg' for CMake config files
[6.353s] Level 1:colcon.colcon_core.shell:create_environment_hook('my_cpp_py_pkg', 'cmake_prefix_path')
[6.354s] INFO:colcon.colcon_core.shell:Creating environment hook '/home/fizzer/ros2_ws/install/my_cpp_py_pkg/share/my_cpp_py_pkg/hook/cmake_prefix_path.ps1'
[6.364s] INFO:colcon.colcon_core.shell:Creating environment descriptor '/home/fizzer/ros2_ws/install/my_cpp_py_pkg/share/my_cpp_py_pkg/hook/cmake_prefix_path.dsv'
[6.364s] INFO:colcon.colcon_core.shell:Creating environment hook '/home/fizzer/ros2_ws/install/my_cpp_py_pkg/share/my_cpp_py_pkg/hook/cmake_prefix_path.sh'
[6.365s] Level 1:colcon.colcon_core.environment:checking '/home/fizzer/ros2_ws/install/my_cpp_py_pkg/bin'
[6.366s] Level 1:colcon.colcon_core.environment:checking '/home/fizzer/ros2_ws/install/my_cpp_py_pkg/lib/pkgconfig/my_cpp_py_pkg.pc'
[6.366s] Level 1:colcon.colcon_core.environment:checking '/home/fizzer/ros2_ws/install/my_cpp_py_pkg/lib/python3.8/site-packages'
[6.367s] INFO:colcon.colcon_core.shell:Creating package script '/home/fizzer/ros2_ws/install/my_cpp_py_pkg/share/my_cpp_py_pkg/package.ps1'
[6.386s] INFO:colcon.colcon_core.shell:Creating package descriptor '/home/fizzer/ros2_ws/install/my_cpp_py_pkg/share/my_cpp_py_pkg/package.dsv'
[6.410s] INFO:colcon.colcon_core.shell:Creating package script '/home/fizzer/ros2_ws/install/my_cpp_py_pkg/share/my_cpp_py_pkg/package.sh'
[6.412s] INFO:colcon.colcon_core.shell:Creating package script '/home/fizzer/ros2_ws/install/my_cpp_py_pkg/share/my_cpp_py_pkg/package.bash'
[6.450s] INFO:colcon.colcon_core.shell:Creating package script '/home/fizzer/ros2_ws/install/my_cpp_py_pkg/share/my_cpp_py_pkg/package.zsh'
[6.467s] Level 1:colcon.colcon_core.environment:create_file_with_runtime_dependencies(/home/fizzer/ros2_ws/install/my_cpp_py_pkg/share/colcon-core/packages/my_cpp_py_pkg)
[6.474s] Level 1:colcon.colcon_core.environment:checking '/home/fizzer/ros2_ws/install/my_package' for CMake module files
[6.475s] DEBUG:colcon.colcon_core.event_handler.log_command:Invoked command in '/home/fizzer/ros2_ws/src/my_package' returned '0': PYTHONPATH=/home/fizzer/ros2_ws/install/my_package/lib/python3.8/site-packages:${PYTHONPATH} /usr/bin/python3 setup.py egg_info --egg-base ../../build/my_package build --build-base /home/fizzer/ros2_ws/build/my_package/build install --prefix /home/fizzer/ros2_ws/install/my_package --record /home/fizzer/ros2_ws/build/my_package/install.log --single-version-externally-managed
[6.476s] Level 1:colcon.colcon_core.environment:checking '/home/fizzer/ros2_ws/install/my_package' for CMake config files
[6.497s] Level 1:colcon.colcon_core.environment:checking '/home/fizzer/ros2_ws/install/my_package/lib'
[6.497s] Level 1:colcon.colcon_core.environment:checking '/home/fizzer/ros2_ws/install/my_package/bin'
[6.497s] Level 1:colcon.colcon_core.environment:checking '/home/fizzer/ros2_ws/install/my_package/lib/pkgconfig/my_package.pc'
[6.497s] Level 1:colcon.colcon_core.environment:checking '/home/fizzer/ros2_ws/install/my_package/lib/python3.8/site-packages'
[6.497s] Level 1:colcon.colcon_core.shell:create_environment_hook('my_package', 'pythonpath')
[6.498s] INFO:colcon.colcon_core.shell:Creating environment hook '/home/fizzer/ros2_ws/install/my_package/share/my_package/hook/pythonpath.ps1'
[6.499s] INFO:colcon.colcon_core.shell:Creating environment descriptor '/home/fizzer/ros2_ws/install/my_package/share/my_package/hook/pythonpath.dsv'
[6.499s] INFO:colcon.colcon_core.shell:Creating environment hook '/home/fizzer/ros2_ws/install/my_package/share/my_package/hook/pythonpath.sh'
[6.500s] Level 1:colcon.colcon_core.environment:create_environment_scripts_only(my_package)
[6.500s] INFO:colcon.colcon_core.shell:Creating package script '/home/fizzer/ros2_ws/install/my_package/share/my_package/package.ps1'
[6.501s] INFO:colcon.colcon_core.shell:Creating package descriptor '/home/fizzer/ros2_ws/install/my_package/share/my_package/package.dsv'
[6.502s] INFO:colcon.colcon_core.shell:Creating package script '/home/fizzer/ros2_ws/install/my_package/share/my_package/package.sh'
[6.502s] INFO:colcon.colcon_core.shell:Creating package script '/home/fizzer/ros2_ws/install/my_package/share/my_package/package.bash'
[6.503s] INFO:colcon.colcon_core.shell:Creating package script '/home/fizzer/ros2_ws/install/my_package/share/my_package/package.zsh'
[6.503s] Level 1:colcon.colcon_core.environment:create_file_with_runtime_dependencies(/home/fizzer/ros2_ws/install/my_package/share/colcon-core/packages/my_package)
[6.504s] Level 1:colcon.colcon_core.environment:checking '/home/fizzer/ros2_ws/install/keyDrive' for CMake module files
[6.506s] DEBUG:colcon.colcon_core.event_handler.log_command:Invoked command in '/home/fizzer/ros2_ws/src/keyDrive' returned '0': PYTHONPATH=/home/fizzer/ros2_ws/install/keyDrive/lib/python3.8/site-packages:${PYTHONPATH} /usr/bin/python3 setup.py egg_info --egg-base ../../build/keyDrive build --build-base /home/fizzer/ros2_ws/build/keyDrive/build install --prefix /home/fizzer/ros2_ws/install/keyDrive --record /home/fizzer/ros2_ws/build/keyDrive/install.log --single-version-externally-managed
[6.506s] Level 1:colcon.colcon_core.environment:checking '/home/fizzer/ros2_ws/install/keyDrive' for CMake config files
[6.507s] Level 1:colcon.colcon_core.environment:checking '/home/fizzer/ros2_ws/install/keyDrive/lib'
[6.507s] Level 1:colcon.colcon_core.environment:checking '/home/fizzer/ros2_ws/install/keyDrive/bin'
[6.508s] Level 1:colcon.colcon_core.environment:checking '/home/fizzer/ros2_ws/install/keyDrive/lib/pkgconfig/keyDrive.pc'
[6.508s] Level 1:colcon.colcon_core.environment:checking '/home/fizzer/ros2_ws/install/keyDrive/lib/python3.8/site-packages'
[6.508s] Level 1:colcon.colcon_core.shell:create_environment_hook('keyDrive', 'pythonpath')
[6.508s] INFO:colcon.colcon_core.shell:Creating environment hook '/home/fizzer/ros2_ws/install/keyDrive/share/keyDrive/hook/pythonpath.ps1'
[6.509s] INFO:colcon.colcon_core.shell:Creating environment descriptor '/home/fizzer/ros2_ws/install/keyDrive/share/keyDrive/hook/pythonpath.dsv'
[6.509s] INFO:colcon.colcon_core.shell:Creating environment hook '/home/fizzer/ros2_ws/install/keyDrive/share/keyDrive/hook/pythonpath.sh'
[6.510s] Level 1:colcon.colcon_core.environment:create_environment_scripts_only(keyDrive)
[6.511s] INFO:colcon.colcon_core.shell:Creating package script '/home/fizzer/ros2_ws/install/keyDrive/share/keyDrive/package.ps1'
[6.511s] INFO:colcon.colcon_core.shell:Creating package descriptor '/home/fizzer/ros2_ws/install/keyDrive/share/keyDrive/package.dsv'
[6.512s] INFO:colcon.colcon_core.shell:Creating package script '/home/fizzer/ros2_ws/install/keyDrive/share/keyDrive/package.sh'
[6.513s] INFO:colcon.colcon_core.shell:Creating package script '/home/fizzer/ros2_ws/install/keyDrive/share/keyDrive/package.bash'
[6.513s] INFO:colcon.colcon_core.shell:Creating package script '/home/fizzer/ros2_ws/install/keyDrive/share/keyDrive/package.zsh'
[6.513s] Level 1:colcon.colcon_core.environment:create_file_with_runtime_dependencies(/home/fizzer/ros2_ws/install/keyDrive/share/colcon-core/packages/keyDrive)
[6.515s] Level 1:colcon.colcon_core.environment:checking '/home/fizzer/ros2_ws/install/cameraTests' for CMake module files
[6.517s] DEBUG:colcon.colcon_core.event_handler.log_command:Invoked command in '/home/fizzer/ros2_ws/src/cameraTests' returned '0': PYTHONPATH=/home/fizzer/ros2_ws/install/cameraTests/lib/python3.8/site-packages:${PYTHONPATH} /usr/bin/python3 setup.py egg_info --egg-base ../../build/cameraTests build --build-base /home/fizzer/ros2_ws/build/cameraTests/build install --prefix /home/fizzer/ros2_ws/install/cameraTests --record /home/fizzer/ros2_ws/build/cameraTests/install.log --single-version-externally-managed
[6.518s] Level 1:colcon.colcon_core.environment:checking '/home/fizzer/ros2_ws/install/cameraTests' for CMake config files
[6.519s] Level 1:colcon.colcon_core.environment:checking '/home/fizzer/ros2_ws/install/cameraTests/lib'
[6.519s] Level 1:colcon.colcon_core.environment:checking '/home/fizzer/ros2_ws/install/cameraTests/bin'
[6.519s] Level 1:colcon.colcon_core.environment:checking '/home/fizzer/ros2_ws/install/cameraTests/lib/pkgconfig/cameraTests.pc'
[6.519s] Level 1:colcon.colcon_core.environment:checking '/home/fizzer/ros2_ws/install/cameraTests/lib/python3.8/site-packages'
[6.519s] Level 1:colcon.colcon_core.shell:create_environment_hook('cameraTests', 'pythonpath')
[6.520s] INFO:colcon.colcon_core.shell:Creating environment hook '/home/fizzer/ros2_ws/install/cameraTests/share/cameraTests/hook/pythonpath.ps1'
[6.521s] INFO:colcon.colcon_core.shell:Creating environment descriptor '/home/fizzer/ros2_ws/install/cameraTests/share/cameraTests/hook/pythonpath.dsv'
[6.521s] INFO:colcon.colcon_core.shell:Creating environment hook '/home/fizzer/ros2_ws/install/cameraTests/share/cameraTests/hook/pythonpath.sh'
[6.522s] Level 1:colcon.colcon_core.environment:create_environment_scripts_only(cameraTests)
[6.523s] INFO:colcon.colcon_core.shell:Creating package script '/home/fizzer/ros2_ws/install/cameraTests/share/cameraTests/package.ps1'
[6.523s] INFO:colcon.colcon_core.shell:Creating package descriptor '/home/fizzer/ros2_ws/install/cameraTests/share/cameraTests/package.dsv'
[6.524s] INFO:colcon.colcon_core.shell:Creating package script '/home/fizzer/ros2_ws/install/cameraTests/share/cameraTests/package.sh'
[6.524s] INFO:colcon.colcon_core.shell:Creating package script '/home/fizzer/ros2_ws/install/cameraTests/share/cameraTests/package.bash'
[6.525s] INFO:colcon.colcon_core.shell:Creating package script '/home/fizzer/ros2_ws/install/cameraTests/share/cameraTests/package.zsh'
[6.525s] Level 1:colcon.colcon_core.environment:create_file_with_runtime_dependencies(/home/fizzer/ros2_ws/install/cameraTests/share/colcon-core/packages/cameraTests)
[6.526s] INFO:colcon.colcon_ros.task.ament_cmake.build:Building ROS package in '/home/fizzer/ros2_ws/src/security_test' with build type 'ament_cmake'
[6.527s] INFO:colcon.colcon_cmake.task.cmake.build:Building CMake package in '/home/fizzer/ros2_ws/src/security_test'
[6.528s] INFO:colcon.colcon_core.shell:Skip shell extension 'powershell' for command environment: Not usable outside of PowerShell
[6.528s] DEBUG:colcon.colcon_core.shell:Skip shell extension 'dsv' for command environment
[6.530s] DEBUG:colcon.colcon_core.shell:Ignoring prefix path '/opt/ros/foxy'
[6.548s] INFO:colcon.colcon_ros.task.ament_cmake.build:Building ROS package in '/home/fizzer/ros2_ws/src/tutorial_interfaces' with build type 'ament_cmake'
[6.549s] INFO:colcon.colcon_cmake.task.cmake.build:Building CMake package in '/home/fizzer/ros2_ws/src/tutorial_interfaces'
[6.550s] INFO:colcon.colcon_core.shell:Skip shell extension 'powershell' for command environment: Not usable outside of PowerShell
[6.550s] DEBUG:colcon.colcon_core.shell:Skip shell extension 'dsv' for command environment
[6.553s] DEBUG:colcon.colcon_core.shell:Ignoring prefix path '/opt/ros/foxy'
[6.559s] INFO:colcon.colcon_ros.task.ament_cmake.build:Building ROS package in '/home/fizzer/ros2_ws/src/vector' with build type 'ament_cmake'
[6.560s] INFO:colcon.colcon_cmake.task.cmake.build:Building CMake package in '/home/fizzer/ros2_ws/src/vector'
[6.561s] INFO:colcon.colcon_core.shell:Skip shell extension 'powershell' for command environment: Not usable outside of PowerShell
[6.561s] DEBUG:colcon.colcon_core.shell:Skip shell extension 'dsv' for command environment
[6.563s] DEBUG:colcon.colcon_core.shell:Ignoring prefix path '/opt/ros/foxy'
[6.569s] Level 1:colcon.colcon_core.environment:create_environment_scripts_only(my_cpp_py_pkg)
[6.570s] Level 1:colcon.colcon_core.environment:checking '/home/fizzer/ros2_ws/install/my_cpp_py_pkg' for CMake module files
[6.571s] Level 1:colcon.colcon_core.environment:checking '/home/fizzer/ros2_ws/install/my_cpp_py_pkg' for CMake config files
[6.571s] Level 1:colcon.colcon_core.shell:create_environment_hook('my_cpp_py_pkg', 'cmake_prefix_path')
[6.572s] INFO:colcon.colcon_core.shell:Creating environment hook '/home/fizzer/ros2_ws/install/my_cpp_py_pkg/share/my_cpp_py_pkg/hook/cmake_prefix_path.ps1'
[6.573s] INFO:colcon.colcon_core.shell:Creating environment descriptor '/home/fizzer/ros2_ws/install/my_cpp_py_pkg/share/my_cpp_py_pkg/hook/cmake_prefix_path.dsv'
[6.573s] INFO:colcon.colcon_core.shell:Creating environment hook '/home/fizzer/ros2_ws/install/my_cpp_py_pkg/share/my_cpp_py_pkg/hook/cmake_prefix_path.sh'
[6.574s] Level 1:colcon.colcon_core.environment:checking '/home/fizzer/ros2_ws/install/my_cpp_py_pkg/bin'
[6.574s] Level 1:colcon.colcon_core.environment:checking '/home/fizzer/ros2_ws/install/my_cpp_py_pkg/lib/pkgconfig/my_cpp_py_pkg.pc'
[6.574s] Level 1:colcon.colcon_core.environment:checking '/home/fizzer/ros2_ws/install/my_cpp_py_pkg/lib/python3.8/site-packages'
[6.575s] INFO:colcon.colcon_core.shell:Creating package script '/home/fizzer/ros2_ws/install/my_cpp_py_pkg/share/my_cpp_py_pkg/package.ps1'
[6.576s] INFO:colcon.colcon_core.shell:Creating package descriptor '/home/fizzer/ros2_ws/install/my_cpp_py_pkg/share/my_cpp_py_pkg/package.dsv'
[6.577s] INFO:colcon.colcon_core.shell:Creating package script '/home/fizzer/ros2_ws/install/my_cpp_py_pkg/share/my_cpp_py_pkg/package.sh'
[6.577s] INFO:colcon.colcon_core.shell:Creating package script '/home/fizzer/ros2_ws/install/my_cpp_py_pkg/share/my_cpp_py_pkg/package.bash'
[6.578s] INFO:colcon.colcon_core.shell:Creating package script '/home/fizzer/ros2_ws/install/my_cpp_py_pkg/share/my_cpp_py_pkg/package.zsh'
[6.578s] Level 1:colcon.colcon_core.environment:create_file_with_runtime_dependencies(/home/fizzer/ros2_ws/install/my_cpp_py_pkg/share/colcon-core/packages/my_cpp_py_pkg)
[6.603s] DEBUG:colcon.colcon_core.event_handler.log_command:Invoking command in '/home/fizzer/ros2_ws/build/security_test': CMAKE_PREFIX_PATH=/opt/ros/foxy /usr/bin/cmake --build /home/fizzer/ros2_ws/build/security_test -- -j4 -l4
[6.641s] DEBUG:colcon.colcon_core.event_handler.log_command:Invoking command in '/home/fizzer/ros2_ws/build/tutorial_interfaces': CMAKE_PREFIX_PATH=/opt/ros/foxy /usr/bin/cmake --build /home/fizzer/ros2_ws/build/tutorial_interfaces -- -j4 -l4
[6.663s] DEBUG:colcon.colcon_core.event_handler.log_command:Invoking command in '/home/fizzer/ros2_ws/build/vector': CMAKE_PREFIX_PATH=/opt/ros/foxy /usr/bin/cmake --build /home/fizzer/ros2_ws/build/vector -- -j4 -l4
[7.236s] DEBUG:colcon.colcon_core.event_handler.log_command:Invoked command in '/home/fizzer/ros2_ws/build/security_test' returned '0': CMAKE_PREFIX_PATH=/opt/ros/foxy /usr/bin/cmake --build /home/fizzer/ros2_ws/build/security_test -- -j4 -l4
[7.263s] DEBUG:colcon.colcon_core.event_handler.log_command:Invoking command in '/home/fizzer/ros2_ws/build/security_test': CMAKE_PREFIX_PATH=/opt/ros/foxy /usr/bin/cmake --install /home/fizzer/ros2_ws/build/security_test
[7.758s] Level 1:colcon.colcon_core.environment:create_environment_scripts_only(security_test)
[7.759s] DEBUG:colcon.colcon_core.event_handler.log_command:Invoked command in '/home/fizzer/ros2_ws/build/security_test' returned '0': CMAKE_PREFIX_PATH=/opt/ros/foxy /usr/bin/cmake --install /home/fizzer/ros2_ws/build/security_test
[7.762s] Level 1:colcon.colcon_core.environment:checking '/home/fizzer/ros2_ws/install/security_test' for CMake module files
[7.763s] Level 1:colcon.colcon_core.environment:checking '/home/fizzer/ros2_ws/install/security_test' for CMake config files
[7.794s] Level 1:colcon.colcon_core.shell:create_environment_hook('security_test', 'cmake_prefix_path')
[7.795s] INFO:colcon.colcon_core.shell:Creating environment hook '/home/fizzer/ros2_ws/install/security_test/share/security_test/hook/cmake_prefix_path.ps1'
[7.796s] INFO:colcon.colcon_core.shell:Creating environment descriptor '/home/fizzer/ros2_ws/install/security_test/share/security_test/hook/cmake_prefix_path.dsv'
[7.797s] INFO:colcon.colcon_core.shell:Creating environment hook '/home/fizzer/ros2_ws/install/security_test/share/security_test/hook/cmake_prefix_path.sh'
[7.798s] Level 1:colcon.colcon_core.environment:checking '/home/fizzer/ros2_ws/install/security_test/lib'
[7.799s] Level 1:colcon.colcon_core.environment:checking '/home/fizzer/ros2_ws/install/security_test/bin'
[7.799s] Level 1:colcon.colcon_core.environment:checking '/home/fizzer/ros2_ws/install/security_test/lib/pkgconfig/security_test.pc'
[7.799s] Level 1:colcon.colcon_core.environment:checking '/home/fizzer/ros2_ws/install/security_test/lib/python3.8/site-packages'
[7.799s] Level 1:colcon.colcon_core.shell:create_environment_hook('security_test', 'pythonpath')
[7.800s] INFO:colcon.colcon_core.shell:Creating environment hook '/home/fizzer/ros2_ws/install/security_test/share/security_test/hook/pythonpath.ps1'
[7.800s] INFO:colcon.colcon_core.shell:Creating environment descriptor '/home/fizzer/ros2_ws/install/security_test/share/security_test/hook/pythonpath.dsv'
[7.801s] INFO:colcon.colcon_core.shell:Creating environment hook '/home/fizzer/ros2_ws/install/security_test/share/security_test/hook/pythonpath.sh'
[7.802s] INFO:colcon.colcon_core.shell:Creating package script '/home/fizzer/ros2_ws/install/security_test/share/security_test/package.ps1'
[7.803s] INFO:colcon.colcon_core.shell:Creating package descriptor '/home/fizzer/ros2_ws/install/security_test/share/security_test/package.dsv'
[7.803s] INFO:colcon.colcon_core.shell:Creating package script '/home/fizzer/ros2_ws/install/security_test/share/security_test/package.sh'
[7.804s] INFO:colcon.colcon_core.shell:Creating package script '/home/fizzer/ros2_ws/install/security_test/share/security_test/package.bash'
[7.804s] INFO:colcon.colcon_core.shell:Creating package script '/home/fizzer/ros2_ws/install/security_test/share/security_test/package.zsh'
[7.805s] Level 1:colcon.colcon_core.environment:create_file_with_runtime_dependencies(/home/fizzer/ros2_ws/install/security_test/share/colcon-core/packages/security_test)
[7.830s] Level 1:colcon.colcon_core.environment:create_environment_scripts_only(security_test)
[7.831s] Level 1:colcon.colcon_core.environment:checking '/home/fizzer/ros2_ws/install/security_test' for CMake module files
[7.832s] Level 1:colcon.colcon_core.environment:checking '/home/fizzer/ros2_ws/install/security_test' for CMake config files
[7.832s] Level 1:colcon.colcon_core.shell:create_environment_hook('security_test', 'cmake_prefix_path')
[7.833s] INFO:colcon.colcon_core.shell:Creating environment hook '/home/fizzer/ros2_ws/install/security_test/share/security_test/hook/cmake_prefix_path.ps1'
[7.834s] INFO:colcon.colcon_core.shell:Creating environment descriptor '/home/fizzer/ros2_ws/install/security_test/share/security_test/hook/cmake_prefix_path.dsv'
[7.835s] INFO:colcon.colcon_core.shell:Creating environment hook '/home/fizzer/ros2_ws/install/security_test/share/security_test/hook/cmake_prefix_path.sh'
[7.835s] Level 1:colcon.colcon_core.environment:checking '/home/fizzer/ros2_ws/install/security_test/lib'
[7.835s] Level 1:colcon.colcon_core.environment:checking '/home/fizzer/ros2_ws/install/security_test/bin'
[7.836s] Level 1:colcon.colcon_core.environment:checking '/home/fizzer/ros2_ws/install/security_test/lib/pkgconfig/security_test.pc'
[7.836s] Level 1:colcon.colcon_core.environment:checking '/home/fizzer/ros2_ws/install/security_test/lib/python3.8/site-packages'
[7.836s] Level 1:colcon.colcon_core.shell:create_environment_hook('security_test', 'pythonpath')
[7.837s] INFO:colcon.colcon_core.shell:Creating environment hook '/home/fizzer/ros2_ws/install/security_test/share/security_test/hook/pythonpath.ps1'
[7.838s] INFO:colcon.colcon_core.shell:Creating environment descriptor '/home/fizzer/ros2_ws/install/security_test/share/security_test/hook/pythonpath.dsv'
[7.838s] INFO:colcon.colcon_core.shell:Creating environment hook '/home/fizzer/ros2_ws/install/security_test/share/security_test/hook/pythonpath.sh'
[7.840s] INFO:colcon.colcon_core.shell:Creating package script '/home/fizzer/ros2_ws/install/security_test/share/security_test/package.ps1'
[7.841s] INFO:colcon.colcon_core.shell:Creating package descriptor '/home/fizzer/ros2_ws/install/security_test/share/security_test/package.dsv'
[7.841s] INFO:colcon.colcon_core.shell:Creating package script '/home/fizzer/ros2_ws/install/security_test/share/security_test/package.sh'
[7.842s] INFO:colcon.colcon_core.shell:Creating package script '/home/fizzer/ros2_ws/install/security_test/share/security_test/package.bash'
[7.843s] INFO:colcon.colcon_core.shell:Creating package script '/home/fizzer/ros2_ws/install/security_test/share/security_test/package.zsh'
[7.843s] Level 1:colcon.colcon_core.environment:create_file_with_runtime_dependencies(/home/fizzer/ros2_ws/install/security_test/share/colcon-core/packages/security_test)
[8.736s] DEBUG:colcon.colcon_core.event_handler.log_command:Invoked command in '/home/fizzer/ros2_ws/build/tutorial_interfaces' returned '0': CMAKE_PREFIX_PATH=/opt/ros/foxy /usr/bin/cmake --build /home/fizzer/ros2_ws/build/tutorial_interfaces -- -j4 -l4
[8.799s] DEBUG:colcon.colcon_core.event_handler.log_command:Invoked command in '/home/fizzer/ros2_ws/build/vector' returned '0': CMAKE_PREFIX_PATH=/opt/ros/foxy /usr/bin/cmake --build /home/fizzer/ros2_ws/build/vector -- -j4 -l4
[8.823s] DEBUG:colcon.colcon_core.event_handler.log_command:Invoking command in '/home/fizzer/ros2_ws/build/tutorial_interfaces': CMAKE_PREFIX_PATH=/opt/ros/foxy /usr/bin/cmake --install /home/fizzer/ros2_ws/build/tutorial_interfaces
[8.882s] DEBUG:colcon.colcon_core.event_handler.log_command:Invoking command in '/home/fizzer/ros2_ws/build/vector': CMAKE_PREFIX_PATH=/opt/ros/foxy /usr/bin/cmake --install /home/fizzer/ros2_ws/build/vector
[9.307s] Level 1:colcon.colcon_core.environment:create_environment_scripts_only(tutorial_interfaces)
[9.308s] Level 1:colcon.colcon_core.environment:checking '/home/fizzer/ros2_ws/install/tutorial_interfaces' for CMake module files
[9.309s] DEBUG:colcon.colcon_core.event_handler.log_command:Invoked command in '/home/fizzer/ros2_ws/build/tutorial_interfaces' returned '0': CMAKE_PREFIX_PATH=/opt/ros/foxy /usr/bin/cmake --install /home/fizzer/ros2_ws/build/tutorial_interfaces
[9.309s] Level 1:colcon.colcon_core.environment:checking '/home/fizzer/ros2_ws/install/tutorial_interfaces' for CMake config files
[9.377s] Level 1:colcon.colcon_core.shell:create_environment_hook('tutorial_interfaces', 'cmake_prefix_path')
[9.378s] INFO:colcon.colcon_core.shell:Creating environment hook '/home/fizzer/ros2_ws/install/tutorial_interfaces/share/tutorial_interfaces/hook/cmake_prefix_path.ps1'
[9.379s] INFO:colcon.colcon_core.shell:Creating environment descriptor '/home/fizzer/ros2_ws/install/tutorial_interfaces/share/tutorial_interfaces/hook/cmake_prefix_path.dsv'
[9.380s] INFO:colcon.colcon_core.shell:Creating environment hook '/home/fizzer/ros2_ws/install/tutorial_interfaces/share/tutorial_interfaces/hook/cmake_prefix_path.sh'
[9.381s] Level 1:colcon.colcon_core.environment:checking '/home/fizzer/ros2_ws/install/tutorial_interfaces/lib'
[9.381s] Level 1:colcon.colcon_core.shell:create_environment_hook('tutorial_interfaces', 'ld_library_path_lib')
[9.381s] INFO:colcon.colcon_core.shell:Creating environment hook '/home/fizzer/ros2_ws/install/tutorial_interfaces/share/tutorial_interfaces/hook/ld_library_path_lib.ps1'
[9.382s] INFO:colcon.colcon_core.shell:Creating environment descriptor '/home/fizzer/ros2_ws/install/tutorial_interfaces/share/tutorial_interfaces/hook/ld_library_path_lib.dsv'
[9.382s] INFO:colcon.colcon_core.shell:Creating environment hook '/home/fizzer/ros2_ws/install/tutorial_interfaces/share/tutorial_interfaces/hook/ld_library_path_lib.sh'
[9.383s] Level 1:colcon.colcon_core.environment:checking '/home/fizzer/ros2_ws/install/tutorial_interfaces/bin'
[9.383s] Level 1:colcon.colcon_core.environment:checking '/home/fizzer/ros2_ws/install/tutorial_interfaces/lib/pkgconfig/tutorial_interfaces.pc'
[9.383s] Level 1:colcon.colcon_core.environment:checking '/home/fizzer/ros2_ws/install/tutorial_interfaces/lib/python3.8/site-packages'
[9.383s] Level 1:colcon.colcon_core.shell:create_environment_hook('tutorial_interfaces', 'pythonpath')
[9.384s] INFO:colcon.colcon_core.shell:Creating environment hook '/home/fizzer/ros2_ws/install/tutorial_interfaces/share/tutorial_interfaces/hook/pythonpath.ps1'
[9.385s] INFO:colcon.colcon_core.shell:Creating environment descriptor '/home/fizzer/ros2_ws/install/tutorial_interfaces/share/tutorial_interfaces/hook/pythonpath.dsv'
[9.385s] INFO:colcon.colcon_core.shell:Creating environment hook '/home/fizzer/ros2_ws/install/tutorial_interfaces/share/tutorial_interfaces/hook/pythonpath.sh'
[9.386s] INFO:colcon.colcon_core.shell:Creating package script '/home/fizzer/ros2_ws/install/tutorial_interfaces/share/tutorial_interfaces/package.ps1'
[9.387s] INFO:colcon.colcon_core.shell:Creating package descriptor '/home/fizzer/ros2_ws/install/tutorial_interfaces/share/tutorial_interfaces/package.dsv'
[9.388s] INFO:colcon.colcon_core.shell:Creating package script '/home/fizzer/ros2_ws/install/tutorial_interfaces/share/tutorial_interfaces/package.sh'
[9.388s] INFO:colcon.colcon_core.shell:Creating package script '/home/fizzer/ros2_ws/install/tutorial_interfaces/share/tutorial_interfaces/package.bash'
[9.389s] INFO:colcon.colcon_core.shell:Creating package script '/home/fizzer/ros2_ws/install/tutorial_interfaces/share/tutorial_interfaces/package.zsh'
[9.389s] Level 1:colcon.colcon_core.environment:create_file_with_runtime_dependencies(/home/fizzer/ros2_ws/install/tutorial_interfaces/share/colcon-core/packages/tutorial_interfaces)
[9.470s] Level 1:colcon.colcon_core.environment:create_environment_scripts_only(tutorial_interfaces)
[9.471s] Level 1:colcon.colcon_core.environment:checking '/home/fizzer/ros2_ws/install/tutorial_interfaces' for CMake module files
[9.472s] Level 1:colcon.colcon_core.environment:checking '/home/fizzer/ros2_ws/install/tutorial_interfaces' for CMake config files
[9.473s] Level 1:colcon.colcon_core.shell:create_environment_hook('tutorial_interfaces', 'cmake_prefix_path')
[9.474s] INFO:colcon.colcon_core.shell:Creating environment hook '/home/fizzer/ros2_ws/install/tutorial_interfaces/share/tutorial_interfaces/hook/cmake_prefix_path.ps1'
[9.474s] INFO:colcon.colcon_core.shell:Creating environment descriptor '/home/fizzer/ros2_ws/install/tutorial_interfaces/share/tutorial_interfaces/hook/cmake_prefix_path.dsv'
[9.475s] INFO:colcon.colcon_core.shell:Creating environment hook '/home/fizzer/ros2_ws/install/tutorial_interfaces/share/tutorial_interfaces/hook/cmake_prefix_path.sh'
[9.475s] Level 1:colcon.colcon_core.environment:checking '/home/fizzer/ros2_ws/install/tutorial_interfaces/lib'
[9.475s] Level 1:colcon.colcon_core.shell:create_environment_hook('tutorial_interfaces', 'ld_library_path_lib')
[9.476s] INFO:colcon.colcon_core.shell:Creating environment hook '/home/fizzer/ros2_ws/install/tutorial_interfaces/share/tutorial_interfaces/hook/ld_library_path_lib.ps1'
[9.477s] INFO:colcon.colcon_core.shell:Creating environment descriptor '/home/fizzer/ros2_ws/install/tutorial_interfaces/share/tutorial_interfaces/hook/ld_library_path_lib.dsv'
[9.477s] INFO:colcon.colcon_core.shell:Creating environment hook '/home/fizzer/ros2_ws/install/tutorial_interfaces/share/tutorial_interfaces/hook/ld_library_path_lib.sh'
[9.477s] Level 1:colcon.colcon_core.environment:checking '/home/fizzer/ros2_ws/install/tutorial_interfaces/bin'
[9.477s] Level 1:colcon.colcon_core.environment:checking '/home/fizzer/ros2_ws/install/tutorial_interfaces/lib/pkgconfig/tutorial_interfaces.pc'
[9.478s] Level 1:colcon.colcon_core.environment:checking '/home/fizzer/ros2_ws/install/tutorial_interfaces/lib/python3.8/site-packages'
[9.478s] Level 1:colcon.colcon_core.shell:create_environment_hook('tutorial_interfaces', 'pythonpath')
[9.478s] INFO:colcon.colcon_core.shell:Creating environment hook '/home/fizzer/ros2_ws/install/tutorial_interfaces/share/tutorial_interfaces/hook/pythonpath.ps1'
[9.479s] INFO:colcon.colcon_core.shell:Creating environment descriptor '/home/fizzer/ros2_ws/install/tutorial_interfaces/share/tutorial_interfaces/hook/pythonpath.dsv'
[9.479s] INFO:colcon.colcon_core.shell:Creating environment hook '/home/fizzer/ros2_ws/install/tutorial_interfaces/share/tutorial_interfaces/hook/pythonpath.sh'
[9.480s] INFO:colcon.colcon_core.shell:Creating package script '/home/fizzer/ros2_ws/install/tutorial_interfaces/share/tutorial_interfaces/package.ps1'
[9.481s] INFO:colcon.colcon_core.shell:Creating package descriptor '/home/fizzer/ros2_ws/install/tutorial_interfaces/share/tutorial_interfaces/package.dsv'
[9.482s] INFO:colcon.colcon_core.shell:Creating package script '/home/fizzer/ros2_ws/install/tutorial_interfaces/share/tutorial_interfaces/package.sh'
[9.482s] INFO:colcon.colcon_core.shell:Creating package script '/home/fizzer/ros2_ws/install/tutorial_interfaces/share/tutorial_interfaces/package.bash'
[9.483s] INFO:colcon.colcon_core.shell:Creating package script '/home/fizzer/ros2_ws/install/tutorial_interfaces/share/tutorial_interfaces/package.zsh'
[9.483s] Level 1:colcon.colcon_core.environment:create_file_with_runtime_dependencies(/home/fizzer/ros2_ws/install/tutorial_interfaces/share/colcon-core/packages/tutorial_interfaces)
[9.641s] Level 1:colcon.colcon_core.environment:create_environment_scripts_only(vector)
[9.643s] Level 1:colcon.colcon_core.environment:checking '/home/fizzer/ros2_ws/install/vector' for CMake module files
[9.643s] DEBUG:colcon.colcon_core.event_handler.log_command:Invoked command in '/home/fizzer/ros2_ws/build/vector' returned '0': CMAKE_PREFIX_PATH=/opt/ros/foxy /usr/bin/cmake --install /home/fizzer/ros2_ws/build/vector
[9.644s] Level 1:colcon.colcon_core.environment:checking '/home/fizzer/ros2_ws/install/vector' for CMake config files
[9.645s] Level 1:colcon.colcon_core.shell:create_environment_hook('vector', 'cmake_prefix_path')
[9.646s] INFO:colcon.colcon_core.shell:Creating environment hook '/home/fizzer/ros2_ws/install/vector/share/vector/hook/cmake_prefix_path.ps1'
[9.647s] INFO:colcon.colcon_core.shell:Creating environment descriptor '/home/fizzer/ros2_ws/install/vector/share/vector/hook/cmake_prefix_path.dsv'
[9.647s] INFO:colcon.colcon_core.shell:Creating environment hook '/home/fizzer/ros2_ws/install/vector/share/vector/hook/cmake_prefix_path.sh'
[9.648s] Level 1:colcon.colcon_core.environment:checking '/home/fizzer/ros2_ws/install/vector/lib'
[9.648s] Level 1:colcon.colcon_core.shell:create_environment_hook('vector', 'ld_library_path_lib')
[9.649s] INFO:colcon.colcon_core.shell:Creating environment hook '/home/fizzer/ros2_ws/install/vector/share/vector/hook/ld_library_path_lib.ps1'
[9.651s] INFO:colcon.colcon_core.shell:Creating environment descriptor '/home/fizzer/ros2_ws/install/vector/share/vector/hook/ld_library_path_lib.dsv'
[9.653s] INFO:colcon.colcon_core.shell:Creating environment hook '/home/fizzer/ros2_ws/install/vector/share/vector/hook/ld_library_path_lib.sh'
[9.661s] Level 1:colcon.colcon_core.environment:checking '/home/fizzer/ros2_ws/install/vector/bin'
[9.661s] Level 1:colcon.colcon_core.environment:checking '/home/fizzer/ros2_ws/install/vector/lib/pkgconfig/vector.pc'
[9.661s] Level 1:colcon.colcon_core.environment:checking '/home/fizzer/ros2_ws/install/vector/lib/python3.8/site-packages'
[9.661s] Level 1:colcon.colcon_core.shell:create_environment_hook('vector', 'pythonpath')
[9.662s] INFO:colcon.colcon_core.shell:Creating environment hook '/home/fizzer/ros2_ws/install/vector/share/vector/hook/pythonpath.ps1'
[9.685s] INFO:colcon.colcon_core.shell:Creating environment descriptor '/home/fizzer/ros2_ws/install/vector/share/vector/hook/pythonpath.dsv'
[9.700s] INFO:colcon.colcon_core.shell:Creating environment hook '/home/fizzer/ros2_ws/install/vector/share/vector/hook/pythonpath.sh'
[9.743s] INFO:colcon.colcon_core.shell:Creating package script '/home/fizzer/ros2_ws/install/vector/share/vector/package.ps1'
[9.818s] INFO:colcon.colcon_core.shell:Creating package descriptor '/home/fizzer/ros2_ws/install/vector/share/vector/package.dsv'
[9.819s] INFO:colcon.colcon_core.shell:Creating package script '/home/fizzer/ros2_ws/install/vector/share/vector/package.sh'
[9.819s] INFO:colcon.colcon_core.shell:Creating package script '/home/fizzer/ros2_ws/install/vector/share/vector/package.bash'
[9.820s] INFO:colcon.colcon_core.shell:Creating package script '/home/fizzer/ros2_ws/install/vector/share/vector/package.zsh'
[9.820s] Level 1:colcon.colcon_core.environment:create_file_with_runtime_dependencies(/home/fizzer/ros2_ws/install/vector/share/colcon-core/packages/vector)
[9.897s] Level 1:colcon.colcon_core.environment:create_environment_scripts_only(vector)
[9.898s] Level 1:colcon.colcon_core.environment:checking '/home/fizzer/ros2_ws/install/vector' for CMake module files
[9.899s] Level 1:colcon.colcon_core.environment:checking '/home/fizzer/ros2_ws/install/vector' for CMake config files
[9.900s] Level 1:colcon.colcon_core.shell:create_environment_hook('vector', 'cmake_prefix_path')
[9.901s] INFO:colcon.colcon_core.shell:Creating environment hook '/home/fizzer/ros2_ws/install/vector/share/vector/hook/cmake_prefix_path.ps1'
[9.901s] INFO:colcon.colcon_core.shell:Creating environment descriptor '/home/fizzer/ros2_ws/install/vector/share/vector/hook/cmake_prefix_path.dsv'
[9.902s] INFO:colcon.colcon_core.shell:Creating environment hook '/home/fizzer/ros2_ws/install/vector/share/vector/hook/cmake_prefix_path.sh'
[9.903s] Level 1:colcon.colcon_core.environment:checking '/home/fizzer/ros2_ws/install/vector/lib'
[9.903s] Level 1:colcon.colcon_core.shell:create_environment_hook('vector', 'ld_library_path_lib')
[9.903s] INFO:colcon.colcon_core.shell:Creating environment hook '/home/fizzer/ros2_ws/install/vector/share/vector/hook/ld_library_path_lib.ps1'
[9.904s] INFO:colcon.colcon_core.shell:Creating environment descriptor '/home/fizzer/ros2_ws/install/vector/share/vector/hook/ld_library_path_lib.dsv'
[9.904s] INFO:colcon.colcon_core.shell:Creating environment hook '/home/fizzer/ros2_ws/install/vector/share/vector/hook/ld_library_path_lib.sh'
[9.905s] Level 1:colcon.colcon_core.environment:checking '/home/fizzer/ros2_ws/install/vector/bin'
[9.905s] Level 1:colcon.colcon_core.environment:checking '/home/fizzer/ros2_ws/install/vector/lib/pkgconfig/vector.pc'
[9.905s] Level 1:colcon.colcon_core.environment:checking '/home/fizzer/ros2_ws/install/vector/lib/python3.8/site-packages'
[9.905s] Level 1:colcon.colcon_core.shell:create_environment_hook('vector', 'pythonpath')
[9.906s] INFO:colcon.colcon_core.shell:Creating environment hook '/home/fizzer/ros2_ws/install/vector/share/vector/hook/pythonpath.ps1'
[9.906s] INFO:colcon.colcon_core.shell:Creating environment descriptor '/home/fizzer/ros2_ws/install/vector/share/vector/hook/pythonpath.dsv'
[9.907s] INFO:colcon.colcon_core.shell:Creating environment hook '/home/fizzer/ros2_ws/install/vector/share/vector/hook/pythonpath.sh'
[9.908s] INFO:colcon.colcon_core.shell:Creating package script '/home/fizzer/ros2_ws/install/vector/share/vector/package.ps1'
[9.909s] INFO:colcon.colcon_core.shell:Creating package descriptor '/home/fizzer/ros2_ws/install/vector/share/vector/package.dsv'
[9.910s] INFO:colcon.colcon_core.shell:Creating package script '/home/fizzer/ros2_ws/install/vector/share/vector/package.sh'
[9.911s] INFO:colcon.colcon_core.shell:Creating package script '/home/fizzer/ros2_ws/install/vector/share/vector/package.bash'
[9.911s] INFO:colcon.colcon_core.shell:Creating package script '/home/fizzer/ros2_ws/install/vector/share/vector/package.zsh'
[9.912s] Level 1:colcon.colcon_core.environment:create_file_with_runtime_dependencies(/home/fizzer/ros2_ws/install/vector/share/colcon-core/packages/vector)
[9.912s] DEBUG:colcon.colcon_parallel_executor.executor.parallel:closing loop
[9.913s] DEBUG:colcon.colcon_parallel_executor.executor.parallel:loop closed
[9.913s] DEBUG:colcon.colcon_parallel_executor.executor.parallel:run_until_complete finished with '0'
[9.914s] DEBUG:colcon.colcon_core.event_reactor:joining thread
[9.965s] INFO:colcon.colcon_core.plugin_system:Skipping extension 'colcon_notification.desktop_notification.notify_send': Could not find 'notify-send'
[9.965s] INFO:colcon.colcon_core.plugin_system:Skipping extension 'colcon_notification.desktop_notification.terminal_notifier': Not used on non-Darwin systems
[9.965s] INFO:colcon.colcon_core.plugin_system:Skipping extension 'colcon_notification.desktop_notification.win32': Not used on non-Windows systems
[9.965s] INFO:colcon.colcon_notification.desktop_notification:Sending desktop notification using 'notify2'
[10.023s] DEBUG:colcon.colcon_core.event_reactor:joined thread
[10.024s] INFO:colcon.colcon_core.shell:Creating prefix script '/home/fizzer/ros2_ws/install/local_setup.ps1'
[10.040s] INFO:colcon.colcon_core.shell:Creating prefix util module '/home/fizzer/ros2_ws/install/_local_setup_util_ps1.py'
[10.065s] INFO:colcon.colcon_core.shell:Creating prefix chain script '/home/fizzer/ros2_ws/install/setup.ps1'
[10.068s] INFO:colcon.colcon_core.shell:Creating prefix script '/home/fizzer/ros2_ws/install/local_setup.sh'
[10.075s] INFO:colcon.colcon_core.shell:Creating prefix util module '/home/fizzer/ros2_ws/install/_local_setup_util_sh.py'
[10.076s] INFO:colcon.colcon_core.shell:Creating prefix chain script '/home/fizzer/ros2_ws/install/setup.sh'
[10.079s] INFO:colcon.colcon_core.shell:Creating prefix script '/home/fizzer/ros2_ws/install/local_setup.bash'
[10.103s] INFO:colcon.colcon_core.shell:Creating prefix chain script '/home/fizzer/ros2_ws/install/setup.bash'
[10.106s] INFO:colcon.colcon_core.shell:Creating prefix script '/home/fizzer/ros2_ws/install/local_setup.zsh'
[10.107s] INFO:colcon.colcon_core.shell:Creating prefix chain script '/home/fizzer/ros2_ws/install/setup.zsh'
