[0.328s] Invoking command in '/home/fizzer/ros2_ws/src/my_package': PYTHONPATH=/home/fizzer/ros2_ws/install/my_package/lib/python3.8/site-packages:${PYTHONPATH} /usr/bin/python3 setup.py egg_info --egg-base ../../build/my_package build --build-base /home/fizzer/ros2_ws/build/my_package/build install --prefix /home/fizzer/ros2_ws/install/my_package --record /home/fizzer/ros2_ws/build/my_package/install.log --single-version-externally-managed
[0.599s] running egg_info
[0.600s] writing ../../build/my_package/my_package.egg-info/PKG-INFO
[0.600s] writing dependency_links to ../../build/my_package/my_package.egg-info/dependency_links.txt
[0.601s] writing entry points to ../../build/my_package/my_package.egg-info/entry_points.txt
[0.601s] writing requirements to ../../build/my_package/my_package.egg-info/requires.txt
[0.601s] writing top-level names to ../../build/my_package/my_package.egg-info/top_level.txt
[0.641s] reading manifest file '../../build/my_package/my_package.egg-info/SOURCES.txt'
[0.642s] writing manifest file '../../build/my_package/my_package.egg-info/SOURCES.txt'
[0.642s] running build
[0.643s] running build_py
[0.643s] copying my_package/client.py -> /home/fizzer/ros2_ws/build/my_package/build/lib/my_package
[0.644s] running install
[0.645s] running install_lib
[0.646s] copying /home/fizzer/ros2_ws/build/my_package/build/lib/my_package/client.py -> /home/fizzer/ros2_ws/install/my_package/lib/python3.8/site-packages/my_package
[0.647s] byte-compiling /home/fizzer/ros2_ws/install/my_package/lib/python3.8/site-packages/my_package/client.py to client.cpython-38.pyc
[0.649s] running install_data
[0.650s] running install_egg_info
[0.652s] removing '/home/fizzer/ros2_ws/install/my_package/lib/python3.8/site-packages/my_package-0.0.0-py3.8.egg-info' (and everything under it)
[0.652s] Copying ../../build/my_package/my_package.egg-info to /home/fizzer/ros2_ws/install/my_package/lib/python3.8/site-packages/my_package-0.0.0-py3.8.egg-info
[0.654s] running install_scripts
[0.675s] Installing cli script to /home/fizzer/ros2_ws/install/my_package/lib/my_package
[0.675s] Installing listen script to /home/fizzer/ros2_ws/install/my_package/lib/my_package
[0.676s] Installing listen2 script to /home/fizzer/ros2_ws/install/my_package/lib/my_package
[0.676s] Installing my_node script to /home/fizzer/ros2_ws/install/my_package/lib/my_package
[0.676s] Installing serv script to /home/fizzer/ros2_ws/install/my_package/lib/my_package
[0.676s] Installing talk script to /home/fizzer/ros2_ws/install/my_package/lib/my_package
[0.676s] Installing talk2 script to /home/fizzer/ros2_ws/install/my_package/lib/my_package
[0.677s] writing list of installed files to '/home/fizzer/ros2_ws/build/my_package/install.log'
[0.707s] Invoked command in '/home/fizzer/ros2_ws/src/my_package' returned '0': PYTHONPATH=/home/fizzer/ros2_ws/install/my_package/lib/python3.8/site-packages:${PYTHONPATH} /usr/bin/python3 setup.py egg_info --egg-base ../../build/my_package build --build-base /home/fizzer/ros2_ws/build/my_package/build install --prefix /home/fizzer/ros2_ws/install/my_package --record /home/fizzer/ros2_ws/build/my_package/install.log --single-version-externally-managed
