[1.232s] Invoking command in '/home/fizzer/ros2_ws/src/my_package': PYTHONPATH=/home/fizzer/ros2_ws/install/my_package/lib/python3.8/site-packages:${PYTHONPATH} /usr/bin/python3 setup.py egg_info --egg-base ../../build/my_package build --build-base /home/fizzer/ros2_ws/build/my_package/build install --prefix /home/fizzer/ros2_ws/install/my_package --record /home/fizzer/ros2_ws/build/my_package/install.log --single-version-externally-managed
[1.740s] running egg_info
[1.742s] writing ../../build/my_package/my_package.egg-info/PKG-INFO
[1.743s] writing dependency_links to ../../build/my_package/my_package.egg-info/dependency_links.txt
[1.744s] writing entry points to ../../build/my_package/my_package.egg-info/entry_points.txt
[1.745s] writing requirements to ../../build/my_package/my_package.egg-info/requires.txt
[1.745s] writing top-level names to ../../build/my_package/my_package.egg-info/top_level.txt
[1.837s] reading manifest file '../../build/my_package/my_package.egg-info/SOURCES.txt'
[1.839s] writing manifest file '../../build/my_package/my_package.egg-info/SOURCES.txt'
[1.840s] running build
[1.840s] running build_py
[1.841s] copying my_package/sub2.py -> /home/fizzer/ros2_ws/build/my_package/build/lib/my_package
[1.842s] copying my_package/pub2.py -> /home/fizzer/ros2_ws/build/my_package/build/lib/my_package
[1.843s] copying my_package/pub.py -> /home/fizzer/ros2_ws/build/my_package/build/lib/my_package
[1.844s] running install
[1.846s] running install_lib
[1.852s] copying /home/fizzer/ros2_ws/build/my_package/build/lib/my_package/sub2.py -> /home/fizzer/ros2_ws/install/my_package/lib/python3.8/site-packages/my_package
[1.852s] copying /home/fizzer/ros2_ws/build/my_package/build/lib/my_package/pub2.py -> /home/fizzer/ros2_ws/install/my_package/lib/python3.8/site-packages/my_package
[1.853s] copying /home/fizzer/ros2_ws/build/my_package/build/lib/my_package/pub.py -> /home/fizzer/ros2_ws/install/my_package/lib/python3.8/site-packages/my_package
[1.855s] byte-compiling /home/fizzer/ros2_ws/install/my_package/lib/python3.8/site-packages/my_package/sub2.py to sub2.cpython-38.pyc
[1.859s] byte-compiling /home/fizzer/ros2_ws/install/my_package/lib/python3.8/site-packages/my_package/pub2.py to pub2.cpython-38.pyc
[1.860s] byte-compiling /home/fizzer/ros2_ws/install/my_package/lib/python3.8/site-packages/my_package/pub.py to pub.cpython-38.pyc
[1.862s] running install_data
[1.863s] running install_egg_info
[1.869s] removing '/home/fizzer/ros2_ws/install/my_package/lib/python3.8/site-packages/my_package-0.0.0-py3.8.egg-info' (and everything under it)
[1.870s] Copying ../../build/my_package/my_package.egg-info to /home/fizzer/ros2_ws/install/my_package/lib/python3.8/site-packages/my_package-0.0.0-py3.8.egg-info
[1.873s] running install_scripts
[1.922s] Installing listen script to /home/fizzer/ros2_ws/install/my_package/lib/my_package
[1.923s] Installing listen2 script to /home/fizzer/ros2_ws/install/my_package/lib/my_package
[1.923s] Installing my_node script to /home/fizzer/ros2_ws/install/my_package/lib/my_package
[1.923s] Installing talk script to /home/fizzer/ros2_ws/install/my_package/lib/my_package
[1.924s] Installing talk2 script to /home/fizzer/ros2_ws/install/my_package/lib/my_package
[1.924s] writing list of installed files to '/home/fizzer/ros2_ws/build/my_package/install.log'
[1.968s] Invoked command in '/home/fizzer/ros2_ws/src/my_package' returned '0': PYTHONPATH=/home/fizzer/ros2_ws/install/my_package/lib/python3.8/site-packages:${PYTHONPATH} /usr/bin/python3 setup.py egg_info --egg-base ../../build/my_package build --build-base /home/fizzer/ros2_ws/build/my_package/build install --prefix /home/fizzer/ros2_ws/install/my_package --record /home/fizzer/ros2_ws/build/my_package/install.log --single-version-externally-managed
