[0.915s] Invoking command in '/home/fizzer/ros2_ws/src/my_package': PYTHONPATH=/home/fizzer/ros2_ws/install/my_package/lib/python3.8/site-packages:${PYTHONPATH} /usr/bin/python3 setup.py egg_info --egg-base ../../build/my_package build --build-base /home/fizzer/ros2_ws/build/my_package/build install --prefix /home/fizzer/ros2_ws/install/my_package --record /home/fizzer/ros2_ws/build/my_package/install.log --single-version-externally-managed
[1.474s] running egg_info
[1.476s] writing ../../build/my_package/my_package.egg-info/PKG-INFO
[1.476s] writing dependency_links to ../../build/my_package/my_package.egg-info/dependency_links.txt
[1.476s] writing entry points to ../../build/my_package/my_package.egg-info/entry_points.txt
[1.477s] writing requirements to ../../build/my_package/my_package.egg-info/requires.txt
[1.478s] writing top-level names to ../../build/my_package/my_package.egg-info/top_level.txt
[1.584s] reading manifest file '../../build/my_package/my_package.egg-info/SOURCES.txt'
[1.584s] writing manifest file '../../build/my_package/my_package.egg-info/SOURCES.txt'
[1.584s] running build
[1.585s] running build_py
[1.585s] running install
[1.587s] running install_lib
[1.591s] running install_data
[1.592s] running install_egg_info
[1.596s] removing '/home/fizzer/ros2_ws/install/my_package/lib/python3.8/site-packages/my_package-0.0.0-py3.8.egg-info' (and everything under it)
[1.597s] Copying ../../build/my_package/my_package.egg-info to /home/fizzer/ros2_ws/install/my_package/lib/python3.8/site-packages/my_package-0.0.0-py3.8.egg-info
[1.599s] running install_scripts
[1.663s] Installing cli script to /home/fizzer/ros2_ws/install/my_package/lib/my_package
[1.663s] Installing double_pub script to /home/fizzer/ros2_ws/install/my_package/lib/my_package
[1.664s] Installing listen script to /home/fizzer/ros2_ws/install/my_package/lib/my_package
[1.668s] Installing listen2 script to /home/fizzer/ros2_ws/install/my_package/lib/my_package
[1.669s] Installing my_node script to /home/fizzer/ros2_ws/install/my_package/lib/my_package
[1.669s] Installing serv script to /home/fizzer/ros2_ws/install/my_package/lib/my_package
[1.669s] Installing talk script to /home/fizzer/ros2_ws/install/my_package/lib/my_package
[1.670s] Installing talk2 script to /home/fizzer/ros2_ws/install/my_package/lib/my_package
[1.670s] writing list of installed files to '/home/fizzer/ros2_ws/build/my_package/install.log'
[1.755s] Invoked command in '/home/fizzer/ros2_ws/src/my_package' returned '0': PYTHONPATH=/home/fizzer/ros2_ws/install/my_package/lib/python3.8/site-packages:${PYTHONPATH} /usr/bin/python3 setup.py egg_info --egg-base ../../build/my_package build --build-base /home/fizzer/ros2_ws/build/my_package/build install --prefix /home/fizzer/ros2_ws/install/my_package --record /home/fizzer/ros2_ws/build/my_package/install.log --single-version-externally-managed
