[0.602s] Invoking command in '/home/fizzer/ros2_ws/build/my_cpp_py_pkg': CMAKE_PREFIX_PATH=/opt/ros/foxy /usr/bin/cmake --build /home/fizzer/ros2_ws/build/my_cpp_py_pkg -- -j4 -l4
[0.897s] Invoked command in '/home/fizzer/ros2_ws/build/my_cpp_py_pkg' returned '0': CMAKE_PREFIX_PATH=/opt/ros/foxy /usr/bin/cmake --build /home/fizzer/ros2_ws/build/my_cpp_py_pkg -- -j4 -l4
[0.970s] Invoking command in '/home/fizzer/ros2_ws/build/my_cpp_py_pkg': CMAKE_PREFIX_PATH=/opt/ros/foxy /usr/bin/cmake --install /home/fizzer/ros2_ws/build/my_cpp_py_pkg
[0.993s] -- Install configuration: ""
[0.993s] -- Up-to-date: /home/fizzer/ros2_ws/install/my_cpp_py_pkg/share/ament_index/resource_index/package_run_dependencies/my_cpp_py_pkg
[0.994s] -- Up-to-date: /home/fizzer/ros2_ws/install/my_cpp_py_pkg/share/ament_index/resource_index/parent_prefix_path/my_cpp_py_pkg
[0.994s] -- Up-to-date: /home/fizzer/ros2_ws/install/my_cpp_py_pkg/share/my_cpp_py_pkg/environment/ament_prefix_path.sh
[0.994s] -- Up-to-date: /home/fizzer/ros2_ws/install/my_cpp_py_pkg/share/my_cpp_py_pkg/environment/ament_prefix_path.dsv
[0.995s] -- Up-to-date: /home/fizzer/ros2_ws/install/my_cpp_py_pkg/share/my_cpp_py_pkg/environment/path.sh
[0.995s] -- Up-to-date: /home/fizzer/ros2_ws/install/my_cpp_py_pkg/share/my_cpp_py_pkg/environment/path.dsv
[0.995s] -- Up-to-date: /home/fizzer/ros2_ws/install/my_cpp_py_pkg/share/my_cpp_py_pkg/local_setup.bash
[0.995s] -- Up-to-date: /home/fizzer/ros2_ws/install/my_cpp_py_pkg/share/my_cpp_py_pkg/local_setup.sh
[0.995s] -- Up-to-date: /home/fizzer/ros2_ws/install/my_cpp_py_pkg/share/my_cpp_py_pkg/local_setup.zsh
[0.996s] -- Up-to-date: /home/fizzer/ros2_ws/install/my_cpp_py_pkg/share/my_cpp_py_pkg/local_setup.dsv
[0.996s] -- Installing: /home/fizzer/ros2_ws/install/my_cpp_py_pkg/share/my_cpp_py_pkg/package.dsv
[0.996s] -- Up-to-date: /home/fizzer/ros2_ws/install/my_cpp_py_pkg/share/ament_index/resource_index/packages/my_cpp_py_pkg
[0.996s] -- Up-to-date: /home/fizzer/ros2_ws/install/my_cpp_py_pkg/share/my_cpp_py_pkg/cmake/my_cpp_py_pkgConfig.cmake
[0.996s] -- Up-to-date: /home/fizzer/ros2_ws/install/my_cpp_py_pkg/share/my_cpp_py_pkg/cmake/my_cpp_py_pkgConfig-version.cmake
[0.997s] -- Up-to-date: /home/fizzer/ros2_ws/install/my_cpp_py_pkg/share/my_cpp_py_pkg/package.xml
[1.000s] Invoked command in '/home/fizzer/ros2_ws/build/my_cpp_py_pkg' returned '0': CMAKE_PREFIX_PATH=/opt/ros/foxy /usr/bin/cmake --install /home/fizzer/ros2_ws/build/my_cpp_py_pkg
