[0.944s] Invoking command in '/home/fizzer/ros2_ws/src/keyDrive': PYTHONPATH=/home/fizzer/ros2_ws/install/keyDrive/lib/python3.8/site-packages:${PYTHONPATH} /usr/bin/python3 setup.py egg_info --egg-base ../../build/keyDrive build --build-base /home/fizzer/ros2_ws/build/keyDrive/build install --prefix /home/fizzer/ros2_ws/install/keyDrive --record /home/fizzer/ros2_ws/build/keyDrive/install.log --single-version-externally-managed
[1.804s] running egg_info
[1.805s] writing ../../build/keyDrive/keyDrive.egg-info/PKG-INFO
[1.841s] writing dependency_links to ../../build/keyDrive/keyDrive.egg-info/dependency_links.txt
[1.841s] writing entry points to ../../build/keyDrive/keyDrive.egg-info/entry_points.txt
[1.841s] writing requirements to ../../build/keyDrive/keyDrive.egg-info/requires.txt
[1.842s] writing top-level names to ../../build/keyDrive/keyDrive.egg-info/top_level.txt
[2.937s] reading manifest file '../../build/keyDrive/keyDrive.egg-info/SOURCES.txt'
[2.948s] writing manifest file '../../build/keyDrive/keyDrive.egg-info/SOURCES.txt'
[2.948s] running build
[2.948s] running build_py
[2.970s] running install
[2.971s] running install_lib
[3.192s] running install_data
[3.277s] running install_egg_info
[3.387s] removing '/home/fizzer/ros2_ws/install/keyDrive/lib/python3.8/site-packages/keyDrive-0.0.0-py3.8.egg-info' (and everything under it)
[3.418s] Copying ../../build/keyDrive/keyDrive.egg-info to /home/fizzer/ros2_ws/install/keyDrive/lib/python3.8/site-packages/keyDrive-0.0.0-py3.8.egg-info
[3.450s] running install_scripts
[3.776s] Installing node1 script to /home/fizzer/ros2_ws/install/keyDrive/lib/keyDrive
[3.823s] Installing node2 script to /home/fizzer/ros2_ws/install/keyDrive/lib/keyDrive
[3.824s] Installing node3 script to /home/fizzer/ros2_ws/install/keyDrive/lib/keyDrive
[3.825s] writing list of installed files to '/home/fizzer/ros2_ws/build/keyDrive/install.log'
[3.927s] Invoked command in '/home/fizzer/ros2_ws/src/keyDrive' returned '0': PYTHONPATH=/home/fizzer/ros2_ws/install/keyDrive/lib/python3.8/site-packages:${PYTHONPATH} /usr/bin/python3 setup.py egg_info --egg-base ../../build/keyDrive build --build-base /home/fizzer/ros2_ws/build/keyDrive/build install --prefix /home/fizzer/ros2_ws/install/keyDrive --record /home/fizzer/ros2_ws/build/keyDrive/install.log --single-version-externally-managed
