[1.435s] Invoking command in '/home/fizzer/ros2_ws/src/keyDrive': PYTHONPATH=/home/fizzer/ros2_ws/install/keyDrive/lib/python3.8/site-packages:${PYTHONPATH} /usr/bin/python3 setup.py egg_info --egg-base ../../build/keyDrive build --build-base /home/fizzer/ros2_ws/build/keyDrive/build install --prefix /home/fizzer/ros2_ws/install/keyDrive --record /home/fizzer/ros2_ws/build/keyDrive/install.log --single-version-externally-managed
[2.166s] running egg_info
[2.166s] writing ../../build/keyDrive/keyDrive.egg-info/PKG-INFO
[2.175s] writing dependency_links to ../../build/keyDrive/keyDrive.egg-info/dependency_links.txt
[2.176s] writing entry points to ../../build/keyDrive/keyDrive.egg-info/entry_points.txt
[2.177s] writing requirements to ../../build/keyDrive/keyDrive.egg-info/requires.txt
[2.177s] writing top-level names to ../../build/keyDrive/keyDrive.egg-info/top_level.txt
[2.256s] reading manifest file '../../build/keyDrive/keyDrive.egg-info/SOURCES.txt'
[2.258s] writing manifest file '../../build/keyDrive/keyDrive.egg-info/SOURCES.txt'
[2.259s] running build
[2.259s] running build_py
[2.260s] running install
[2.262s] running install_lib
[2.265s] running install_data
[2.267s] running install_egg_info
[2.271s] removing '/home/fizzer/ros2_ws/install/keyDrive/lib/python3.8/site-packages/keyDrive-0.0.0-py3.8.egg-info' (and everything under it)
[2.271s] Copying ../../build/keyDrive/keyDrive.egg-info to /home/fizzer/ros2_ws/install/keyDrive/lib/python3.8/site-packages/keyDrive-0.0.0-py3.8.egg-info
[2.273s] running install_scripts
[2.315s] Installing node1 script to /home/fizzer/ros2_ws/install/keyDrive/lib/keyDrive
[2.316s] Installing node2 script to /home/fizzer/ros2_ws/install/keyDrive/lib/keyDrive
[2.316s] Installing node3 script to /home/fizzer/ros2_ws/install/keyDrive/lib/keyDrive
[2.316s] writing list of installed files to '/home/fizzer/ros2_ws/build/keyDrive/install.log'
[2.370s] Invoked command in '/home/fizzer/ros2_ws/src/keyDrive' returned '0': PYTHONPATH=/home/fizzer/ros2_ws/install/keyDrive/lib/python3.8/site-packages:${PYTHONPATH} /usr/bin/python3 setup.py egg_info --egg-base ../../build/keyDrive build --build-base /home/fizzer/ros2_ws/build/keyDrive/build install --prefix /home/fizzer/ros2_ws/install/keyDrive --record /home/fizzer/ros2_ws/build/keyDrive/install.log --single-version-externally-managed
