[1.044s] Invoking command in '/home/fizzer/ros2_ws/src/my_package': PYTHONPATH=/home/fizzer/ros2_ws/install/my_package/lib/python3.8/site-packages:${PYTHONPATH} /usr/bin/python3 setup.py egg_info --egg-base ../../build/my_package build --build-base /home/fizzer/ros2_ws/build/my_package/build install --prefix /home/fizzer/ros2_ws/install/my_package --record /home/fizzer/ros2_ws/build/my_package/install.log --single-version-externally-managed
[1.565s] running egg_info
[1.565s] writing ../../build/my_package/my_package.egg-info/PKG-INFO
[1.566s] writing dependency_links to ../../build/my_package/my_package.egg-info/dependency_links.txt
[1.566s] writing entry points to ../../build/my_package/my_package.egg-info/entry_points.txt
[1.566s] writing requirements to ../../build/my_package/my_package.egg-info/requires.txt
[1.567s] writing top-level names to ../../build/my_package/my_package.egg-info/top_level.txt
[1.648s] reading manifest file '../../build/my_package/my_package.egg-info/SOURCES.txt'
[1.650s] writing manifest file '../../build/my_package/my_package.egg-info/SOURCES.txt'
[1.650s] running build
[1.650s] running build_py
[1.651s] running install
[1.658s] running install_lib
[1.658s] running install_data
[1.659s] running install_egg_info
[1.662s] removing '/home/fizzer/ros2_ws/install/my_package/lib/python3.8/site-packages/my_package-0.0.0-py3.8.egg-info' (and everything under it)
[1.663s] Copying ../../build/my_package/my_package.egg-info to /home/fizzer/ros2_ws/install/my_package/lib/python3.8/site-packages/my_package-0.0.0-py3.8.egg-info
[1.664s] running install_scripts
[1.714s] Installing listen script to /home/fizzer/ros2_ws/install/my_package/lib/my_package
[1.714s] Installing listen2 script to /home/fizzer/ros2_ws/install/my_package/lib/my_package
[1.715s] Installing my_node script to /home/fizzer/ros2_ws/install/my_package/lib/my_package
[1.715s] Installing talk script to /home/fizzer/ros2_ws/install/my_package/lib/my_package
[1.715s] Installing talk2 script to /home/fizzer/ros2_ws/install/my_package/lib/my_package
[1.715s] writing list of installed files to '/home/fizzer/ros2_ws/build/my_package/install.log'
[1.766s] Invoked command in '/home/fizzer/ros2_ws/src/my_package' returned '0': PYTHONPATH=/home/fizzer/ros2_ws/install/my_package/lib/python3.8/site-packages:${PYTHONPATH} /usr/bin/python3 setup.py egg_info --egg-base ../../build/my_package build --build-base /home/fizzer/ros2_ws/build/my_package/build install --prefix /home/fizzer/ros2_ws/install/my_package --record /home/fizzer/ros2_ws/build/my_package/install.log --single-version-externally-managed
