[0.315s] Invoking command in '/home/fizzer/ros2_ws/src/my_package': PYTHONPATH=/home/fizzer/ros2_ws/install/my_package/lib/python3.8/site-packages:${PYTHONPATH} /usr/bin/python3 setup.py egg_info --egg-base ../../build/my_package build --build-base /home/fizzer/ros2_ws/build/my_package/build install --prefix /home/fizzer/ros2_ws/install/my_package --record /home/fizzer/ros2_ws/build/my_package/install.log --single-version-externally-managed
[0.584s] running egg_info
[0.585s] writing ../../build/my_package/my_package.egg-info/PKG-INFO
[0.585s] writing dependency_links to ../../build/my_package/my_package.egg-info/dependency_links.txt
[0.586s] writing entry points to ../../build/my_package/my_package.egg-info/entry_points.txt
[0.586s] writing requirements to ../../build/my_package/my_package.egg-info/requires.txt
[0.586s] writing top-level names to ../../build/my_package/my_package.egg-info/top_level.txt
[0.626s] reading manifest file '../../build/my_package/my_package.egg-info/SOURCES.txt'
[0.627s] writing manifest file '../../build/my_package/my_package.egg-info/SOURCES.txt'
[0.627s] running build
[0.627s] running build_py
[0.628s] copying my_package/multi_pub.py -> /home/fizzer/ros2_ws/build/my_package/build/lib/my_package
[0.628s] running install
[0.630s] running install_lib
[0.631s] copying /home/fizzer/ros2_ws/build/my_package/build/lib/my_package/multi_pub.py -> /home/fizzer/ros2_ws/install/my_package/lib/python3.8/site-packages/my_package
[0.632s] byte-compiling /home/fizzer/ros2_ws/install/my_package/lib/python3.8/site-packages/my_package/multi_pub.py to multi_pub.cpython-38.pyc
[0.634s] running install_data
[0.634s] running install_egg_info
[0.636s] removing '/home/fizzer/ros2_ws/install/my_package/lib/python3.8/site-packages/my_package-0.0.0-py3.8.egg-info' (and everything under it)
[0.637s] Copying ../../build/my_package/my_package.egg-info to /home/fizzer/ros2_ws/install/my_package/lib/python3.8/site-packages/my_package-0.0.0-py3.8.egg-info
[0.638s] running install_scripts
[0.659s] Installing cli script to /home/fizzer/ros2_ws/install/my_package/lib/my_package
[0.659s] Installing listen script to /home/fizzer/ros2_ws/install/my_package/lib/my_package
[0.659s] Installing listen2 script to /home/fizzer/ros2_ws/install/my_package/lib/my_package
[0.659s] Installing my_node script to /home/fizzer/ros2_ws/install/my_package/lib/my_package
[0.660s] Installing serv script to /home/fizzer/ros2_ws/install/my_package/lib/my_package
[0.660s] Installing talk script to /home/fizzer/ros2_ws/install/my_package/lib/my_package
[0.660s] Installing talk2 script to /home/fizzer/ros2_ws/install/my_package/lib/my_package
[0.660s] writing list of installed files to '/home/fizzer/ros2_ws/build/my_package/install.log'
[0.691s] Invoked command in '/home/fizzer/ros2_ws/src/my_package' returned '0': PYTHONPATH=/home/fizzer/ros2_ws/install/my_package/lib/python3.8/site-packages:${PYTHONPATH} /usr/bin/python3 setup.py egg_info --egg-base ../../build/my_package build --build-base /home/fizzer/ros2_ws/build/my_package/build install --prefix /home/fizzer/ros2_ws/install/my_package --record /home/fizzer/ros2_ws/build/my_package/install.log --single-version-externally-managed
