[1.236s] Invoking command in '/home/fizzer/ros2_ws/src/my_package': PYTHONPATH=/home/fizzer/ros2_ws/install/my_package/lib/python3.8/site-packages:${PYTHONPATH} /usr/bin/python3 setup.py egg_info --egg-base ../../build/my_package build --build-base /home/fizzer/ros2_ws/build/my_package/build install --prefix /home/fizzer/ros2_ws/install/my_package --record /home/fizzer/ros2_ws/build/my_package/install.log --single-version-externally-managed
[1.765s] running egg_info
[1.766s] writing ../../build/my_package/my_package.egg-info/PKG-INFO
[1.767s] writing dependency_links to ../../build/my_package/my_package.egg-info/dependency_links.txt
[1.768s] writing entry points to ../../build/my_package/my_package.egg-info/entry_points.txt
[1.769s] writing requirements to ../../build/my_package/my_package.egg-info/requires.txt
[1.770s] writing top-level names to ../../build/my_package/my_package.egg-info/top_level.txt
[1.873s] reading manifest file '../../build/my_package/my_package.egg-info/SOURCES.txt'
[1.876s] writing manifest file '../../build/my_package/my_package.egg-info/SOURCES.txt'
[1.876s] running build
[1.877s] running build_py
[1.878s] running install
[1.881s] running install_lib
[1.886s] running install_data
[1.888s] running install_egg_info
[1.893s] removing '/home/fizzer/ros2_ws/install/my_package/lib/python3.8/site-packages/my_package-0.0.0-py3.8.egg-info' (and everything under it)
[1.894s] Copying ../../build/my_package/my_package.egg-info to /home/fizzer/ros2_ws/install/my_package/lib/python3.8/site-packages/my_package-0.0.0-py3.8.egg-info
[1.897s] running install_scripts
[1.944s] Installing my_node script to /home/fizzer/ros2_ws/install/my_package/lib/my_package
[1.944s] writing list of installed files to '/home/fizzer/ros2_ws/build/my_package/install.log'
[2.298s] Invoked command in '/home/fizzer/ros2_ws/src/my_package' returned '0': PYTHONPATH=/home/fizzer/ros2_ws/install/my_package/lib/python3.8/site-packages:${PYTHONPATH} /usr/bin/python3 setup.py egg_info --egg-base ../../build/my_package build --build-base /home/fizzer/ros2_ws/build/my_package/build install --prefix /home/fizzer/ros2_ws/install/my_package --record /home/fizzer/ros2_ws/build/my_package/install.log --single-version-externally-managed
