[1.251s] Invoking command in '/home/fizzer/ros2_ws/src/my_package': PYTHONPATH=/home/fizzer/ros2_ws/install/my_package/lib/python3.8/site-packages:${PYTHONPATH} /usr/bin/python3 setup.py egg_info --egg-base ../../build/my_package build --build-base /home/fizzer/ros2_ws/build/my_package/build install --prefix /home/fizzer/ros2_ws/install/my_package --record /home/fizzer/ros2_ws/build/my_package/install.log --single-version-externally-managed
[1.762s] running egg_info
[1.764s] writing ../../build/my_package/my_package.egg-info/PKG-INFO
[1.765s] writing dependency_links to ../../build/my_package/my_package.egg-info/dependency_links.txt
[1.766s] writing entry points to ../../build/my_package/my_package.egg-info/entry_points.txt
[1.766s] writing requirements to ../../build/my_package/my_package.egg-info/requires.txt
[1.767s] writing top-level names to ../../build/my_package/my_package.egg-info/top_level.txt
[1.860s] reading manifest file '../../build/my_package/my_package.egg-info/SOURCES.txt'
[1.862s] writing manifest file '../../build/my_package/my_package.egg-info/SOURCES.txt'
[1.863s] running build
[1.863s] running build_py
[1.864s] copying my_package/sub.py -> /home/fizzer/ros2_ws/build/my_package/build/lib/my_package
[1.864s] copying my_package/pub.py -> /home/fizzer/ros2_ws/build/my_package/build/lib/my_package
[1.865s] running install
[1.868s] running install_lib
[1.870s] copying /home/fizzer/ros2_ws/build/my_package/build/lib/my_package/sub.py -> /home/fizzer/ros2_ws/install/my_package/lib/python3.8/site-packages/my_package
[1.871s] copying /home/fizzer/ros2_ws/build/my_package/build/lib/my_package/pub.py -> /home/fizzer/ros2_ws/install/my_package/lib/python3.8/site-packages/my_package
[1.872s] byte-compiling /home/fizzer/ros2_ws/install/my_package/lib/python3.8/site-packages/my_package/sub.py to sub.cpython-38.pyc
[1.875s] byte-compiling /home/fizzer/ros2_ws/install/my_package/lib/python3.8/site-packages/my_package/pub.py to pub.cpython-38.pyc
[1.877s] running install_data
[1.878s] running install_egg_info
[1.884s] removing '/home/fizzer/ros2_ws/install/my_package/lib/python3.8/site-packages/my_package-0.0.0-py3.8.egg-info' (and everything under it)
[1.885s] Copying ../../build/my_package/my_package.egg-info to /home/fizzer/ros2_ws/install/my_package/lib/python3.8/site-packages/my_package-0.0.0-py3.8.egg-info
[1.887s] running install_scripts
[1.933s] Installing my_node = my_package.my_node:mainpub script to /home/fizzer/ros2_ws/install/my_package/lib/my_package
[1.934s] Installing sub script to /home/fizzer/ros2_ws/install/my_package/lib/my_package
[1.935s] writing list of installed files to '/home/fizzer/ros2_ws/build/my_package/install.log'
[2.001s] Invoked command in '/home/fizzer/ros2_ws/src/my_package' returned '0': PYTHONPATH=/home/fizzer/ros2_ws/install/my_package/lib/python3.8/site-packages:${PYTHONPATH} /usr/bin/python3 setup.py egg_info --egg-base ../../build/my_package build --build-base /home/fizzer/ros2_ws/build/my_package/build install --prefix /home/fizzer/ros2_ws/install/my_package --record /home/fizzer/ros2_ws/build/my_package/install.log --single-version-externally-managed
