[0.443s] DEBUG:colcon:Command line arguments: ['/usr/bin/colcon', 'build']
[0.443s] DEBUG:colcon:Parsed command line arguments: Namespace(ament_cmake_args=None, base_paths=['.'], build_base='build', catkin_cmake_args=None, catkin_skip_building_tests=False, cmake_args=None, cmake_clean_cache=False, cmake_clean_first=False, cmake_force_configure=False, cmake_target=None, cmake_target_skip_unavailable=False, continue_on_error=False, event_handlers=None, executor='parallel', ignore_user_meta=False, install_base='install', log_base=None, log_level=None, main=<bound method BuildVerb.main of <colcon_core.verb.build.BuildVerb object at 0x7f974f4d9ca0>>, merge_install=False, metas=['./colcon.meta'], packages_above=None, packages_above_and_dependencies=None, packages_above_depth=None, packages_end=None, packages_ignore=None, packages_ignore_regex=None, packages_select=None, packages_select_build_failed=False, packages_select_by_dep=None, packages_select_regex=None, packages_select_test_failures=False, packages_skip=None, packages_skip_build_finished=False, packages_skip_by_dep=None, packages_skip_regex=None, packages_skip_test_passed=False, packages_skip_up_to=None, packages_start=None, packages_up_to=None, packages_up_to_regex=None, parallel_workers=4, paths=None, symlink_install=False, test_result_base=None, verb_extension=<colcon_core.verb.build.BuildVerb object at 0x7f974f4d9ca0>, verb_name='build', verb_parser=<colcon_defaults.argument_parser.defaults.DefaultArgumentsDecorator object at 0x7f974f466250>)
[0.450s] Level 1:colcon.colcon_core.package_discovery:discover_packages(colcon_meta) check parameters
[0.451s] Level 1:colcon.colcon_core.package_discovery:discover_packages(recursive) check parameters
[0.451s] Level 1:colcon.colcon_core.package_discovery:discover_packages(ignore) check parameters
[0.451s] Level 1:colcon.colcon_core.package_discovery:discover_packages(path) check parameters
[0.451s] Level 1:colcon.colcon_core.package_discovery:discover_packages(colcon_meta) discover
[0.451s] Level 1:colcon.colcon_core.package_discovery:discover_packages(recursive) discover
[0.451s] INFO:colcon.colcon_core.package_discovery:Crawling recursively for packages in '/home/fizzer/ros2_ws'
[0.451s] Level 1:colcon.colcon_core.package_identification:_identify(.) by extensions ['ignore', 'ignore_ament_install']
[0.451s] Level 1:colcon.colcon_core.package_identification:_identify(.) by extension 'ignore'
[0.451s] Level 1:colcon.colcon_core.package_identification:_identify(.) by extension 'ignore_ament_install'
[0.451s] Level 1:colcon.colcon_core.package_identification:_identify(.) by extensions ['colcon_pkg']
[0.451s] Level 1:colcon.colcon_core.package_identification:_identify(.) by extension 'colcon_pkg'
[0.451s] Level 1:colcon.colcon_core.package_identification:_identify(.) by extensions ['colcon_meta']
[0.451s] Level 1:colcon.colcon_core.package_identification:_identify(.) by extension 'colcon_meta'
[0.452s] Level 1:colcon.colcon_core.package_identification:_identify(.) by extensions ['ros']
[0.452s] Level 1:colcon.colcon_core.package_identification:_identify(.) by extension 'ros'
[0.468s] Level 1:colcon.colcon_core.package_identification:_identify(.) by extensions ['cmake', 'python']
[0.468s] Level 1:colcon.colcon_core.package_identification:_identify(.) by extension 'cmake'
[0.468s] Level 1:colcon.colcon_core.package_identification:_identify(.) by extension 'python'
[0.468s] Level 1:colcon.colcon_core.package_identification:_identify(.) by extensions ['python_setup_py']
[0.468s] Level 1:colcon.colcon_core.package_identification:_identify(.) by extension 'python_setup_py'
[0.468s] Level 1:colcon.colcon_core.package_identification:_identify(build) by extensions ['ignore', 'ignore_ament_install']
[0.469s] Level 1:colcon.colcon_core.package_identification:_identify(build) by extension 'ignore'
[0.469s] Level 1:colcon.colcon_core.package_identification:_identify(build) ignored
[0.469s] Level 1:colcon.colcon_core.package_identification:_identify(install) by extensions ['ignore', 'ignore_ament_install']
[0.469s] Level 1:colcon.colcon_core.package_identification:_identify(install) by extension 'ignore'
[0.469s] Level 1:colcon.colcon_core.package_identification:_identify(install) ignored
[0.469s] Level 1:colcon.colcon_core.package_identification:_identify(log) by extensions ['ignore', 'ignore_ament_install']
[0.469s] Level 1:colcon.colcon_core.package_identification:_identify(log) by extension 'ignore'
[0.469s] Level 1:colcon.colcon_core.package_identification:_identify(log) ignored
[0.470s] Level 1:colcon.colcon_core.package_identification:_identify(src) by extensions ['ignore', 'ignore_ament_install']
[0.470s] Level 1:colcon.colcon_core.package_identification:_identify(src) by extension 'ignore'
[0.470s] Level 1:colcon.colcon_core.package_identification:_identify(src) by extension 'ignore_ament_install'
[0.470s] Level 1:colcon.colcon_core.package_identification:_identify(src) by extensions ['colcon_pkg']
[0.470s] Level 1:colcon.colcon_core.package_identification:_identify(src) by extension 'colcon_pkg'
[0.470s] Level 1:colcon.colcon_core.package_identification:_identify(src) by extensions ['colcon_meta']
[0.470s] Level 1:colcon.colcon_core.package_identification:_identify(src) by extension 'colcon_meta'
[0.470s] Level 1:colcon.colcon_core.package_identification:_identify(src) by extensions ['ros']
[0.470s] Level 1:colcon.colcon_core.package_identification:_identify(src) by extension 'ros'
[0.470s] Level 1:colcon.colcon_core.package_identification:_identify(src) by extensions ['cmake', 'python']
[0.470s] Level 1:colcon.colcon_core.package_identification:_identify(src) by extension 'cmake'
[0.470s] Level 1:colcon.colcon_core.package_identification:_identify(src) by extension 'python'
[0.470s] Level 1:colcon.colcon_core.package_identification:_identify(src) by extensions ['python_setup_py']
[0.470s] Level 1:colcon.colcon_core.package_identification:_identify(src) by extension 'python_setup_py'
[0.471s] Level 1:colcon.colcon_core.package_identification:_identify(src/build) by extensions ['ignore', 'ignore_ament_install']
[0.471s] Level 1:colcon.colcon_core.package_identification:_identify(src/build) by extension 'ignore'
[0.471s] Level 1:colcon.colcon_core.package_identification:_identify(src/build) ignored
[0.471s] Level 1:colcon.colcon_core.package_identification:_identify(src/cameraTests) by extensions ['ignore', 'ignore_ament_install']
[0.471s] Level 1:colcon.colcon_core.package_identification:_identify(src/cameraTests) by extension 'ignore'
[0.471s] Level 1:colcon.colcon_core.package_identification:_identify(src/cameraTests) by extension 'ignore_ament_install'
[0.471s] Level 1:colcon.colcon_core.package_identification:_identify(src/cameraTests) by extensions ['colcon_pkg']
[0.471s] Level 1:colcon.colcon_core.package_identification:_identify(src/cameraTests) by extension 'colcon_pkg'
[0.471s] Level 1:colcon.colcon_core.package_identification:_identify(src/cameraTests) by extensions ['colcon_meta']
[0.471s] Level 1:colcon.colcon_core.package_identification:_identify(src/cameraTests) by extension 'colcon_meta'
[0.471s] Level 1:colcon.colcon_core.package_identification:_identify(src/cameraTests) by extensions ['ros']
[0.471s] Level 1:colcon.colcon_core.package_identification:_identify(src/cameraTests) by extension 'ros'
[0.475s] DEBUG:colcon.colcon_core.package_identification:Package 'src/cameraTests' with type 'ros.ament_python' and name 'cameraTests'
[0.475s] Level 1:colcon.colcon_core.package_identification:_identify(src/install) by extensions ['ignore', 'ignore_ament_install']
[0.476s] Level 1:colcon.colcon_core.package_identification:_identify(src/install) by extension 'ignore'
[0.476s] Level 1:colcon.colcon_core.package_identification:_identify(src/install) ignored
[0.476s] Level 1:colcon.colcon_core.package_identification:_identify(src/keyDrive) by extensions ['ignore', 'ignore_ament_install']
[0.476s] Level 1:colcon.colcon_core.package_identification:_identify(src/keyDrive) by extension 'ignore'
[0.476s] Level 1:colcon.colcon_core.package_identification:_identify(src/keyDrive) by extension 'ignore_ament_install'
[0.476s] Level 1:colcon.colcon_core.package_identification:_identify(src/keyDrive) by extensions ['colcon_pkg']
[0.476s] Level 1:colcon.colcon_core.package_identification:_identify(src/keyDrive) by extension 'colcon_pkg'
[0.476s] Level 1:colcon.colcon_core.package_identification:_identify(src/keyDrive) by extensions ['colcon_meta']
[0.476s] Level 1:colcon.colcon_core.package_identification:_identify(src/keyDrive) by extension 'colcon_meta'
[0.477s] Level 1:colcon.colcon_core.package_identification:_identify(src/keyDrive) by extensions ['ros']
[0.477s] Level 1:colcon.colcon_core.package_identification:_identify(src/keyDrive) by extension 'ros'
[0.478s] DEBUG:colcon.colcon_core.package_identification:Package 'src/keyDrive' with type 'ros.ament_python' and name 'keyDrive'
[0.478s] Level 1:colcon.colcon_core.package_identification:_identify(src/log) by extensions ['ignore', 'ignore_ament_install']
[0.478s] Level 1:colcon.colcon_core.package_identification:_identify(src/log) by extension 'ignore'
[0.479s] Level 1:colcon.colcon_core.package_identification:_identify(src/log) ignored
[0.479s] Level 1:colcon.colcon_core.package_identification:_identify(src/my_package) by extensions ['ignore', 'ignore_ament_install']
[0.479s] Level 1:colcon.colcon_core.package_identification:_identify(src/my_package) by extension 'ignore'
[0.479s] Level 1:colcon.colcon_core.package_identification:_identify(src/my_package) by extension 'ignore_ament_install'
[0.479s] Level 1:colcon.colcon_core.package_identification:_identify(src/my_package) by extensions ['colcon_pkg']
[0.479s] Level 1:colcon.colcon_core.package_identification:_identify(src/my_package) by extension 'colcon_pkg'
[0.479s] Level 1:colcon.colcon_core.package_identification:_identify(src/my_package) by extensions ['colcon_meta']
[0.479s] Level 1:colcon.colcon_core.package_identification:_identify(src/my_package) by extension 'colcon_meta'
[0.479s] Level 1:colcon.colcon_core.package_identification:_identify(src/my_package) by extensions ['ros']
[0.480s] Level 1:colcon.colcon_core.package_identification:_identify(src/my_package) by extension 'ros'
[0.480s] Level 1:colcon.colcon_core.package_identification:_identify(src/my_package) by extensions ['cmake', 'python']
[0.480s] Level 1:colcon.colcon_core.package_identification:_identify(src/my_package) by extension 'cmake'
[0.480s] Level 1:colcon.colcon_core.package_identification:_identify(src/my_package) by extension 'python'
[0.480s] Level 1:colcon.colcon_core.package_identification:_identify(src/my_package) by extensions ['python_setup_py']
[0.480s] Level 1:colcon.colcon_core.package_identification:_identify(src/my_package) by extension 'python_setup_py'
[0.480s] Level 1:colcon.colcon_core.package_identification:_identify(src/my_package/launch) by extensions ['ignore', 'ignore_ament_install']
[0.480s] Level 1:colcon.colcon_core.package_identification:_identify(src/my_package/launch) by extension 'ignore'
[0.480s] Level 1:colcon.colcon_core.package_identification:_identify(src/my_package/launch) by extension 'ignore_ament_install'
[0.480s] Level 1:colcon.colcon_core.package_identification:_identify(src/my_package/launch) by extensions ['colcon_pkg']
[0.480s] Level 1:colcon.colcon_core.package_identification:_identify(src/my_package/launch) by extension 'colcon_pkg'
[0.480s] Level 1:colcon.colcon_core.package_identification:_identify(src/my_package/launch) by extensions ['colcon_meta']
[0.481s] Level 1:colcon.colcon_core.package_identification:_identify(src/my_package/launch) by extension 'colcon_meta'
[0.481s] Level 1:colcon.colcon_core.package_identification:_identify(src/my_package/launch) by extensions ['ros']
[0.481s] Level 1:colcon.colcon_core.package_identification:_identify(src/my_package/launch) by extension 'ros'
[0.482s] DEBUG:colcon.colcon_core.package_identification:Package 'src/my_package/launch' with type 'ros.ament_python' and name 'my_package'
[0.482s] Level 1:colcon.colcon_core.package_identification:_identify(src/my_package/my_package) by extensions ['ignore', 'ignore_ament_install']
[0.482s] Level 1:colcon.colcon_core.package_identification:_identify(src/my_package/my_package) by extension 'ignore'
[0.482s] Level 1:colcon.colcon_core.package_identification:_identify(src/my_package/my_package) by extension 'ignore_ament_install'
[0.482s] Level 1:colcon.colcon_core.package_identification:_identify(src/my_package/my_package) by extensions ['colcon_pkg']
[0.482s] Level 1:colcon.colcon_core.package_identification:_identify(src/my_package/my_package) by extension 'colcon_pkg'
[0.482s] Level 1:colcon.colcon_core.package_identification:_identify(src/my_package/my_package) by extensions ['colcon_meta']
[0.482s] Level 1:colcon.colcon_core.package_identification:_identify(src/my_package/my_package) by extension 'colcon_meta'
[0.482s] Level 1:colcon.colcon_core.package_identification:_identify(src/my_package/my_package) by extensions ['ros']
[0.482s] Level 1:colcon.colcon_core.package_identification:_identify(src/my_package/my_package) by extension 'ros'
[0.482s] Level 1:colcon.colcon_core.package_identification:_identify(src/my_package/my_package) by extensions ['cmake', 'python']
[0.483s] Level 1:colcon.colcon_core.package_identification:_identify(src/my_package/my_package) by extension 'cmake'
[0.483s] Level 1:colcon.colcon_core.package_identification:_identify(src/my_package/my_package) by extension 'python'
[0.483s] Level 1:colcon.colcon_core.package_identification:_identify(src/my_package/my_package) by extensions ['python_setup_py']
[0.483s] Level 1:colcon.colcon_core.package_identification:_identify(src/my_package/my_package) by extension 'python_setup_py'
[0.483s] Level 1:colcon.colcon_core.package_identification:_identify(src/my_package/resource) by extensions ['ignore', 'ignore_ament_install']
[0.483s] Level 1:colcon.colcon_core.package_identification:_identify(src/my_package/resource) by extension 'ignore'
[0.483s] Level 1:colcon.colcon_core.package_identification:_identify(src/my_package/resource) by extension 'ignore_ament_install'
[0.483s] Level 1:colcon.colcon_core.package_identification:_identify(src/my_package/resource) by extensions ['colcon_pkg']
[0.483s] Level 1:colcon.colcon_core.package_identification:_identify(src/my_package/resource) by extension 'colcon_pkg'
[0.483s] Level 1:colcon.colcon_core.package_identification:_identify(src/my_package/resource) by extensions ['colcon_meta']
[0.483s] Level 1:colcon.colcon_core.package_identification:_identify(src/my_package/resource) by extension 'colcon_meta'
[0.483s] Level 1:colcon.colcon_core.package_identification:_identify(src/my_package/resource) by extensions ['ros']
[0.483s] Level 1:colcon.colcon_core.package_identification:_identify(src/my_package/resource) by extension 'ros'
[0.484s] Level 1:colcon.colcon_core.package_identification:_identify(src/my_package/resource) by extensions ['cmake', 'python']
[0.484s] Level 1:colcon.colcon_core.package_identification:_identify(src/my_package/resource) by extension 'cmake'
[0.484s] Level 1:colcon.colcon_core.package_identification:_identify(src/my_package/resource) by extension 'python'
[0.484s] Level 1:colcon.colcon_core.package_identification:_identify(src/my_package/resource) by extensions ['python_setup_py']
[0.484s] Level 1:colcon.colcon_core.package_identification:_identify(src/my_package/resource) by extension 'python_setup_py'
[0.484s] Level 1:colcon.colcon_core.package_identification:_identify(src/my_package/test) by extensions ['ignore', 'ignore_ament_install']
[0.484s] Level 1:colcon.colcon_core.package_identification:_identify(src/my_package/test) by extension 'ignore'
[0.484s] Level 1:colcon.colcon_core.package_identification:_identify(src/my_package/test) by extension 'ignore_ament_install'
[0.484s] Level 1:colcon.colcon_core.package_identification:_identify(src/my_package/test) by extensions ['colcon_pkg']
[0.484s] Level 1:colcon.colcon_core.package_identification:_identify(src/my_package/test) by extension 'colcon_pkg'
[0.484s] Level 1:colcon.colcon_core.package_identification:_identify(src/my_package/test) by extensions ['colcon_meta']
[0.484s] Level 1:colcon.colcon_core.package_identification:_identify(src/my_package/test) by extension 'colcon_meta'
[0.484s] Level 1:colcon.colcon_core.package_identification:_identify(src/my_package/test) by extensions ['ros']
[0.485s] Level 1:colcon.colcon_core.package_identification:_identify(src/my_package/test) by extension 'ros'
[0.485s] Level 1:colcon.colcon_core.package_identification:_identify(src/my_package/test) by extensions ['cmake', 'python']
[0.485s] Level 1:colcon.colcon_core.package_identification:_identify(src/my_package/test) by extension 'cmake'
[0.485s] Level 1:colcon.colcon_core.package_identification:_identify(src/my_package/test) by extension 'python'
[0.485s] Level 1:colcon.colcon_core.package_identification:_identify(src/my_package/test) by extensions ['python_setup_py']
[0.485s] Level 1:colcon.colcon_core.package_identification:_identify(src/my_package/test) by extension 'python_setup_py'
[0.485s] Level 1:colcon.colcon_core.package_identification:_identify(src/pkg1) by extensions ['ignore', 'ignore_ament_install']
[0.485s] Level 1:colcon.colcon_core.package_identification:_identify(src/pkg1) by extension 'ignore'
[0.485s] Level 1:colcon.colcon_core.package_identification:_identify(src/pkg1) by extension 'ignore_ament_install'
[0.485s] Level 1:colcon.colcon_core.package_identification:_identify(src/pkg1) by extensions ['colcon_pkg']
[0.485s] Level 1:colcon.colcon_core.package_identification:_identify(src/pkg1) by extension 'colcon_pkg'
[0.485s] Level 1:colcon.colcon_core.package_identification:_identify(src/pkg1) by extensions ['colcon_meta']
[0.485s] Level 1:colcon.colcon_core.package_identification:_identify(src/pkg1) by extension 'colcon_meta'
[0.486s] Level 1:colcon.colcon_core.package_identification:_identify(src/pkg1) by extensions ['ros']
[0.486s] Level 1:colcon.colcon_core.package_identification:_identify(src/pkg1) by extension 'ros'
[0.486s] DEBUG:colcon.colcon_core.package_identification:Failed to parse potential ROS package manifest in'src/pkg1': Error(s) in package 'src/pkg1/package.xml':
The manifest contains invalid XML:
mismatched tag: line 21, column 2
[0.486s] Level 1:colcon.colcon_core.package_identification:_identify(src/pkg1) by extensions ['cmake', 'python']
[0.486s] Level 1:colcon.colcon_core.package_identification:_identify(src/pkg1) by extension 'cmake'
[0.487s] Level 1:colcon.colcon_core.package_identification:_identify(src/pkg1) by extension 'python'
[0.487s] DEBUG:colcon.colcon_core.package_identification:Python package in 'src/pkg1' passes arguments to the setup() function which requires a different identification extension than 'python'
[0.487s] Level 1:colcon.colcon_core.package_identification:_identify(src/pkg1) by extensions ['python_setup_py']
[0.487s] Level 1:colcon.colcon_core.package_identification:_identify(src/pkg1) by extension 'python_setup_py'
[0.806s] DEBUG:colcon.colcon_core.package_identification:Package 'src/pkg1' with type 'python' and name 'pkg1'
[0.806s] Level 1:colcon.colcon_core.package_discovery:discover_packages(recursive) using defaults
[0.807s] Level 1:colcon.colcon_core.package_discovery:discover_packages(ignore) discover
[0.807s] Level 1:colcon.colcon_core.package_discovery:discover_packages(ignore) using defaults
[0.807s] Level 1:colcon.colcon_core.package_discovery:discover_packages(path) discover
[0.807s] Level 1:colcon.colcon_core.package_discovery:discover_packages(path) using defaults
[0.839s] Level 5:colcon.colcon_core.verb:set package 'cameraTests' build argument 'cmake_args' from command line to 'None'
[0.839s] Level 5:colcon.colcon_core.verb:set package 'cameraTests' build argument 'cmake_target' from command line to 'None'
[0.839s] Level 5:colcon.colcon_core.verb:set package 'cameraTests' build argument 'cmake_target_skip_unavailable' from command line to 'False'
[0.839s] Level 5:colcon.colcon_core.verb:set package 'cameraTests' build argument 'cmake_clean_cache' from command line to 'False'
[0.839s] Level 5:colcon.colcon_core.verb:set package 'cameraTests' build argument 'cmake_clean_first' from command line to 'False'
[0.839s] Level 5:colcon.colcon_core.verb:set package 'cameraTests' build argument 'cmake_force_configure' from command line to 'False'
[0.839s] Level 5:colcon.colcon_core.verb:set package 'cameraTests' build argument 'ament_cmake_args' from command line to 'None'
[0.839s] Level 5:colcon.colcon_core.verb:set package 'cameraTests' build argument 'catkin_cmake_args' from command line to 'None'
[0.839s] Level 5:colcon.colcon_core.verb:set package 'cameraTests' build argument 'catkin_skip_building_tests' from command line to 'False'
[0.839s] DEBUG:colcon.colcon_core.verb:Building package 'cameraTests' with the following arguments: {'ament_cmake_args': None, 'build_base': '/home/fizzer/ros2_ws/build/cameraTests', 'catkin_cmake_args': None, 'catkin_skip_building_tests': False, 'cmake_args': None, 'cmake_clean_cache': False, 'cmake_clean_first': False, 'cmake_force_configure': False, 'cmake_target': None, 'cmake_target_skip_unavailable': False, 'install_base': '/home/fizzer/ros2_ws/install/cameraTests', 'merge_install': False, 'path': '/home/fizzer/ros2_ws/src/cameraTests', 'symlink_install': False, 'test_result_base': None}
[0.843s] Level 5:colcon.colcon_core.verb:set package 'keyDrive' build argument 'cmake_args' from command line to 'None'
[0.843s] Level 5:colcon.colcon_core.verb:set package 'keyDrive' build argument 'cmake_target' from command line to 'None'
[0.843s] Level 5:colcon.colcon_core.verb:set package 'keyDrive' build argument 'cmake_target_skip_unavailable' from command line to 'False'
[0.843s] Level 5:colcon.colcon_core.verb:set package 'keyDrive' build argument 'cmake_clean_cache' from command line to 'False'
[0.843s] Level 5:colcon.colcon_core.verb:set package 'keyDrive' build argument 'cmake_clean_first' from command line to 'False'
[0.843s] Level 5:colcon.colcon_core.verb:set package 'keyDrive' build argument 'cmake_force_configure' from command line to 'False'
[0.843s] Level 5:colcon.colcon_core.verb:set package 'keyDrive' build argument 'ament_cmake_args' from command line to 'None'
[0.843s] Level 5:colcon.colcon_core.verb:set package 'keyDrive' build argument 'catkin_cmake_args' from command line to 'None'
[0.843s] Level 5:colcon.colcon_core.verb:set package 'keyDrive' build argument 'catkin_skip_building_tests' from command line to 'False'
[0.843s] DEBUG:colcon.colcon_core.verb:Building package 'keyDrive' with the following arguments: {'ament_cmake_args': None, 'build_base': '/home/fizzer/ros2_ws/build/keyDrive', 'catkin_cmake_args': None, 'catkin_skip_building_tests': False, 'cmake_args': None, 'cmake_clean_cache': False, 'cmake_clean_first': False, 'cmake_force_configure': False, 'cmake_target': None, 'cmake_target_skip_unavailable': False, 'install_base': '/home/fizzer/ros2_ws/install/keyDrive', 'merge_install': False, 'path': '/home/fizzer/ros2_ws/src/keyDrive', 'symlink_install': False, 'test_result_base': None}
[0.847s] Level 5:colcon.colcon_core.verb:set package 'my_package' build argument 'cmake_args' from command line to 'None'
[0.847s] Level 5:colcon.colcon_core.verb:set package 'my_package' build argument 'cmake_target' from command line to 'None'
[0.847s] Level 5:colcon.colcon_core.verb:set package 'my_package' build argument 'cmake_target_skip_unavailable' from command line to 'False'
[0.847s] Level 5:colcon.colcon_core.verb:set package 'my_package' build argument 'cmake_clean_cache' from command line to 'False'
[0.847s] Level 5:colcon.colcon_core.verb:set package 'my_package' build argument 'cmake_clean_first' from command line to 'False'
[0.847s] Level 5:colcon.colcon_core.verb:set package 'my_package' build argument 'cmake_force_configure' from command line to 'False'
[0.847s] Level 5:colcon.colcon_core.verb:set package 'my_package' build argument 'ament_cmake_args' from command line to 'None'
[0.847s] Level 5:colcon.colcon_core.verb:set package 'my_package' build argument 'catkin_cmake_args' from command line to 'None'
[0.847s] Level 5:colcon.colcon_core.verb:set package 'my_package' build argument 'catkin_skip_building_tests' from command line to 'False'
[0.847s] DEBUG:colcon.colcon_core.verb:Building package 'my_package' with the following arguments: {'ament_cmake_args': None, 'build_base': '/home/fizzer/ros2_ws/build/my_package', 'catkin_cmake_args': None, 'catkin_skip_building_tests': False, 'cmake_args': None, 'cmake_clean_cache': False, 'cmake_clean_first': False, 'cmake_force_configure': False, 'cmake_target': None, 'cmake_target_skip_unavailable': False, 'install_base': '/home/fizzer/ros2_ws/install/my_package', 'merge_install': False, 'path': '/home/fizzer/ros2_ws/src/my_package/launch', 'symlink_install': False, 'test_result_base': None}
[0.851s] Level 5:colcon.colcon_core.verb:set package 'pkg1' build argument 'cmake_args' from command line to 'None'
[0.851s] Level 5:colcon.colcon_core.verb:set package 'pkg1' build argument 'cmake_target' from command line to 'None'
[0.851s] Level 5:colcon.colcon_core.verb:set package 'pkg1' build argument 'cmake_target_skip_unavailable' from command line to 'False'
[0.851s] Level 5:colcon.colcon_core.verb:set package 'pkg1' build argument 'cmake_clean_cache' from command line to 'False'
[0.851s] Level 5:colcon.colcon_core.verb:set package 'pkg1' build argument 'cmake_clean_first' from command line to 'False'
[0.851s] Level 5:colcon.colcon_core.verb:set package 'pkg1' build argument 'cmake_force_configure' from command line to 'False'
[0.851s] Level 5:colcon.colcon_core.verb:set package 'pkg1' build argument 'ament_cmake_args' from command line to 'None'
[0.851s] Level 5:colcon.colcon_core.verb:set package 'pkg1' build argument 'catkin_cmake_args' from command line to 'None'
[0.851s] Level 5:colcon.colcon_core.verb:set package 'pkg1' build argument 'catkin_skip_building_tests' from command line to 'False'
[0.851s] DEBUG:colcon.colcon_core.verb:Building package 'pkg1' with the following arguments: {'ament_cmake_args': None, 'build_base': '/home/fizzer/ros2_ws/build/pkg1', 'catkin_cmake_args': None, 'catkin_skip_building_tests': False, 'cmake_args': None, 'cmake_clean_cache': False, 'cmake_clean_first': False, 'cmake_force_configure': False, 'cmake_target': None, 'cmake_target_skip_unavailable': False, 'install_base': '/home/fizzer/ros2_ws/install/pkg1', 'merge_install': False, 'path': '/home/fizzer/ros2_ws/src/pkg1', 'symlink_install': False, 'test_result_base': None}
[0.852s] INFO:colcon.colcon_core.executor:Executing jobs using 'parallel' executor
[0.855s] DEBUG:colcon.colcon_parallel_executor.executor.parallel:run_until_complete
[0.855s] INFO:colcon.colcon_ros.task.ament_python.build:Building ROS package in '/home/fizzer/ros2_ws/src/cameraTests' with build type 'ament_python'
[0.856s] Level 1:colcon.colcon_core.shell:create_environment_hook('cameraTests', 'ament_prefix_path')
[0.861s] INFO:colcon.colcon_core.plugin_system:Skipping extension 'colcon_core.shell.bat': Not used on non-Windows systems
[0.862s] INFO:colcon.colcon_core.shell:Creating environment hook '/home/fizzer/ros2_ws/install/cameraTests/share/cameraTests/hook/ament_prefix_path.ps1'
[0.863s] INFO:colcon.colcon_core.shell:Creating environment descriptor '/home/fizzer/ros2_ws/install/cameraTests/share/cameraTests/hook/ament_prefix_path.dsv'
[0.863s] INFO:colcon.colcon_core.shell:Creating environment hook '/home/fizzer/ros2_ws/install/cameraTests/share/cameraTests/hook/ament_prefix_path.sh'
[0.865s] INFO:colcon.colcon_core.shell:Skip shell extension 'powershell' for command environment: Not usable outside of PowerShell
[0.865s] DEBUG:colcon.colcon_core.shell:Skip shell extension 'dsv' for command environment
[0.870s] DEBUG:colcon.colcon_core.shell:Ignoring prefix path '/opt/ros/foxy'
[0.874s] INFO:colcon.colcon_ros.task.ament_python.build:Building ROS package in '/home/fizzer/ros2_ws/src/keyDrive' with build type 'ament_python'
[0.874s] Level 1:colcon.colcon_core.shell:create_environment_hook('keyDrive', 'ament_prefix_path')
[0.876s] INFO:colcon.colcon_core.shell:Creating environment hook '/home/fizzer/ros2_ws/install/keyDrive/share/keyDrive/hook/ament_prefix_path.ps1'
[0.877s] INFO:colcon.colcon_core.shell:Creating environment descriptor '/home/fizzer/ros2_ws/install/keyDrive/share/keyDrive/hook/ament_prefix_path.dsv'
[0.877s] INFO:colcon.colcon_core.shell:Creating environment hook '/home/fizzer/ros2_ws/install/keyDrive/share/keyDrive/hook/ament_prefix_path.sh'
[0.879s] INFO:colcon.colcon_core.shell:Skip shell extension 'powershell' for command environment: Not usable outside of PowerShell
[0.879s] DEBUG:colcon.colcon_core.shell:Skip shell extension 'dsv' for command environment
[0.881s] DEBUG:colcon.colcon_core.shell:Ignoring prefix path '/opt/ros/foxy'
[0.885s] INFO:colcon.colcon_ros.task.ament_python.build:Building ROS package in '/home/fizzer/ros2_ws/src/my_package/launch' with build type 'ament_python'
[0.885s] Level 1:colcon.colcon_core.shell:create_environment_hook('my_package', 'ament_prefix_path')
[0.887s] INFO:colcon.colcon_core.shell:Creating environment hook '/home/fizzer/ros2_ws/install/my_package/share/my_package/hook/ament_prefix_path.ps1'
[0.889s] INFO:colcon.colcon_core.shell:Creating environment descriptor '/home/fizzer/ros2_ws/install/my_package/share/my_package/hook/ament_prefix_path.dsv'
[0.890s] INFO:colcon.colcon_core.shell:Creating environment hook '/home/fizzer/ros2_ws/install/my_package/share/my_package/hook/ament_prefix_path.sh'
[0.892s] INFO:colcon.colcon_core.shell:Skip shell extension 'powershell' for command environment: Not usable outside of PowerShell
[0.892s] DEBUG:colcon.colcon_core.shell:Skip shell extension 'dsv' for command environment
[0.896s] DEBUG:colcon.colcon_core.shell:Ignoring prefix path '/opt/ros/foxy'
[0.901s] INFO:colcon.colcon_core.task.python.build:Building Python package in '/home/fizzer/ros2_ws/src/pkg1'
[0.903s] INFO:colcon.colcon_core.shell:Skip shell extension 'powershell' for command environment: Not usable outside of PowerShell
[0.903s] DEBUG:colcon.colcon_core.shell:Skip shell extension 'dsv' for command environment
[0.906s] DEBUG:colcon.colcon_core.shell:Ignoring prefix path '/opt/ros/foxy'
[1.261s] INFO:colcon.colcon_core.task.python.build:Building Python package in '/home/fizzer/ros2_ws/src/cameraTests'
[1.263s] INFO:colcon.colcon_core.shell:Skip shell extension 'powershell' for command environment: Not usable outside of PowerShell
[1.263s] DEBUG:colcon.colcon_core.shell:Skip shell extension 'dsv' for command environment
[1.265s] DEBUG:colcon.colcon_core.shell:Ignoring prefix path '/opt/ros/foxy'
[1.608s] INFO:colcon.colcon_core.task.python.build:Building Python package in '/home/fizzer/ros2_ws/src/keyDrive'
[1.609s] INFO:colcon.colcon_core.shell:Skip shell extension 'powershell' for command environment: Not usable outside of PowerShell
[1.609s] DEBUG:colcon.colcon_core.shell:Skip shell extension 'dsv' for command environment
[1.612s] DEBUG:colcon.colcon_core.shell:Ignoring prefix path '/opt/ros/foxy'
[1.935s] INFO:colcon.colcon_core.task.python.build:Building Python package in '/home/fizzer/ros2_ws/src/my_package/launch'
[1.936s] INFO:colcon.colcon_core.shell:Skip shell extension 'powershell' for command environment: Not usable outside of PowerShell
[1.936s] DEBUG:colcon.colcon_core.shell:Skip shell extension 'dsv' for command environment
[1.939s] DEBUG:colcon.colcon_core.shell:Ignoring prefix path '/opt/ros/foxy'
[2.285s] DEBUG:colcon.colcon_core.event_handler.log_command:Invoking command in '/home/fizzer/ros2_ws/src/pkg1': PYTHONPATH=/home/fizzer/ros2_ws/install/pkg1/lib/python3.8/site-packages:${PYTHONPATH} /usr/bin/python3 setup.py egg_info --egg-base ../../build/pkg1 build --build-base /home/fizzer/ros2_ws/build/pkg1/build install --prefix /home/fizzer/ros2_ws/install/pkg1 --record /home/fizzer/ros2_ws/build/pkg1/install.log --single-version-externally-managed
[2.301s] DEBUG:colcon.colcon_core.event_handler.log_command:Invoking command in '/home/fizzer/ros2_ws/src/cameraTests': PYTHONPATH=/home/fizzer/ros2_ws/install/cameraTests/lib/python3.8/site-packages:${PYTHONPATH} /usr/bin/python3 setup.py egg_info --egg-base ../../build/cameraTests build --build-base /home/fizzer/ros2_ws/build/cameraTests/build install --prefix /home/fizzer/ros2_ws/install/cameraTests --record /home/fizzer/ros2_ws/build/cameraTests/install.log --single-version-externally-managed
[2.310s] DEBUG:colcon.colcon_core.event_handler.log_command:Invoking command in '/home/fizzer/ros2_ws/src/keyDrive': PYTHONPATH=/home/fizzer/ros2_ws/install/keyDrive/lib/python3.8/site-packages:${PYTHONPATH} /usr/bin/python3 setup.py egg_info --egg-base ../../build/keyDrive build --build-base /home/fizzer/ros2_ws/build/keyDrive/build install --prefix /home/fizzer/ros2_ws/install/keyDrive --record /home/fizzer/ros2_ws/build/keyDrive/install.log --single-version-externally-managed
[2.333s] DEBUG:colcon.colcon_core.event_handler.log_command:Invoking command in '/home/fizzer/ros2_ws/src/my_package/launch': PYTHONPATH=/home/fizzer/ros2_ws/install/my_package/lib/python3.8/site-packages:${PYTHONPATH} /usr/bin/python3 setup.py egg_info --egg-base ../../../build/my_package build --build-base /home/fizzer/ros2_ws/build/my_package/build install --prefix /home/fizzer/ros2_ws/install/my_package --record /home/fizzer/ros2_ws/build/my_package/install.log --single-version-externally-managed
[3.031s] DEBUG:colcon.colcon_core.event_handler.log_command:Invoked command in '/home/fizzer/ros2_ws/src/cameraTests' returned '0': PYTHONPATH=/home/fizzer/ros2_ws/install/cameraTests/lib/python3.8/site-packages:${PYTHONPATH} /usr/bin/python3 setup.py egg_info --egg-base ../../build/cameraTests build --build-base /home/fizzer/ros2_ws/build/cameraTests/build install --prefix /home/fizzer/ros2_ws/install/cameraTests --record /home/fizzer/ros2_ws/build/cameraTests/install.log --single-version-externally-managed
[3.032s] Level 1:colcon.colcon_core.environment:checking '/home/fizzer/ros2_ws/install/cameraTests' for CMake module files
[3.033s] Level 1:colcon.colcon_core.environment:checking '/home/fizzer/ros2_ws/install/cameraTests' for CMake config files
[3.035s] Level 1:colcon.colcon_core.environment:checking '/home/fizzer/ros2_ws/install/cameraTests/lib'
[3.035s] Level 1:colcon.colcon_core.environment:checking '/home/fizzer/ros2_ws/install/cameraTests/bin'
[3.035s] Level 1:colcon.colcon_core.environment:checking '/home/fizzer/ros2_ws/install/cameraTests/lib/pkgconfig/cameraTests.pc'
[3.036s] Level 1:colcon.colcon_core.environment:checking '/home/fizzer/ros2_ws/install/cameraTests/lib/python3.8/site-packages'
[3.036s] Level 1:colcon.colcon_core.shell:create_environment_hook('cameraTests', 'pythonpath')
[3.037s] INFO:colcon.colcon_core.shell:Creating environment hook '/home/fizzer/ros2_ws/install/cameraTests/share/cameraTests/hook/pythonpath.ps1'
[3.038s] INFO:colcon.colcon_core.shell:Creating environment descriptor '/home/fizzer/ros2_ws/install/cameraTests/share/cameraTests/hook/pythonpath.dsv'
[3.050s] INFO:colcon.colcon_core.shell:Creating environment hook '/home/fizzer/ros2_ws/install/cameraTests/share/cameraTests/hook/pythonpath.sh'
[3.052s] Level 1:colcon.colcon_core.environment:create_environment_scripts_only(cameraTests)
[3.054s] INFO:colcon.colcon_core.shell:Creating package script '/home/fizzer/ros2_ws/install/cameraTests/share/cameraTests/package.ps1'
[3.056s] INFO:colcon.colcon_core.shell:Creating package descriptor '/home/fizzer/ros2_ws/install/cameraTests/share/cameraTests/package.dsv'
[3.058s] INFO:colcon.colcon_core.shell:Creating package script '/home/fizzer/ros2_ws/install/cameraTests/share/cameraTests/package.sh'
[3.069s] INFO:colcon.colcon_core.shell:Creating package script '/home/fizzer/ros2_ws/install/cameraTests/share/cameraTests/package.bash'
[3.071s] INFO:colcon.colcon_core.shell:Creating package script '/home/fizzer/ros2_ws/install/cameraTests/share/cameraTests/package.zsh'
[3.075s] Level 1:colcon.colcon_core.environment:create_file_with_runtime_dependencies(/home/fizzer/ros2_ws/install/cameraTests/share/colcon-core/packages/cameraTests)
[3.169s] Level 1:colcon.colcon_core.environment:checking '/home/fizzer/ros2_ws/install/pkg1' for CMake module files
[3.170s] Level 1:colcon.colcon_core.environment:checking '/home/fizzer/ros2_ws/install/pkg1' for CMake config files
[3.172s] Level 1:colcon.colcon_core.environment:checking '/home/fizzer/ros2_ws/install/pkg1/lib'
[3.172s] Level 1:colcon.colcon_core.environment:checking '/home/fizzer/ros2_ws/install/pkg1/bin'
[3.172s] Level 1:colcon.colcon_core.environment:checking '/home/fizzer/ros2_ws/install/pkg1/lib/pkgconfig/pkg1.pc'
[3.172s] Level 1:colcon.colcon_core.environment:checking '/home/fizzer/ros2_ws/install/pkg1/lib/python3.8/site-packages'
[3.172s] Level 1:colcon.colcon_core.shell:create_environment_hook('pkg1', 'pythonpath')
[3.174s] INFO:colcon.colcon_core.shell:Creating environment hook '/home/fizzer/ros2_ws/install/pkg1/share/pkg1/hook/pythonpath.ps1'
[3.175s] INFO:colcon.colcon_core.shell:Creating environment descriptor '/home/fizzer/ros2_ws/install/pkg1/share/pkg1/hook/pythonpath.dsv'
[3.175s] INFO:colcon.colcon_core.shell:Creating environment hook '/home/fizzer/ros2_ws/install/pkg1/share/pkg1/hook/pythonpath.sh'
[3.176s] Level 1:colcon.colcon_core.environment:create_environment_scripts_only(pkg1)
[3.178s] INFO:colcon.colcon_core.shell:Creating package script '/home/fizzer/ros2_ws/install/pkg1/share/pkg1/package.ps1'
[3.179s] DEBUG:colcon.colcon_core.event_handler.log_command:Invoked command in '/home/fizzer/ros2_ws/src/pkg1' returned '0': PYTHONPATH=/home/fizzer/ros2_ws/install/pkg1/lib/python3.8/site-packages:${PYTHONPATH} /usr/bin/python3 setup.py egg_info --egg-base ../../build/pkg1 build --build-base /home/fizzer/ros2_ws/build/pkg1/build install --prefix /home/fizzer/ros2_ws/install/pkg1 --record /home/fizzer/ros2_ws/build/pkg1/install.log --single-version-externally-managed
[3.180s] INFO:colcon.colcon_core.shell:Creating package descriptor '/home/fizzer/ros2_ws/install/pkg1/share/pkg1/package.dsv'
[3.181s] INFO:colcon.colcon_core.shell:Creating package script '/home/fizzer/ros2_ws/install/pkg1/share/pkg1/package.sh'
[3.182s] INFO:colcon.colcon_core.shell:Creating package script '/home/fizzer/ros2_ws/install/pkg1/share/pkg1/package.bash'
[3.183s] INFO:colcon.colcon_core.shell:Creating package script '/home/fizzer/ros2_ws/install/pkg1/share/pkg1/package.zsh'
[3.184s] Level 1:colcon.colcon_core.environment:create_file_with_runtime_dependencies(/home/fizzer/ros2_ws/install/pkg1/share/colcon-core/packages/pkg1)
[3.244s] Level 1:colcon.colcon_core.environment:checking '/home/fizzer/ros2_ws/install/keyDrive' for CMake module files
[3.245s] DEBUG:colcon.colcon_core.event_handler.log_command:Invoked command in '/home/fizzer/ros2_ws/src/keyDrive' returned '0': PYTHONPATH=/home/fizzer/ros2_ws/install/keyDrive/lib/python3.8/site-packages:${PYTHONPATH} /usr/bin/python3 setup.py egg_info --egg-base ../../build/keyDrive build --build-base /home/fizzer/ros2_ws/build/keyDrive/build install --prefix /home/fizzer/ros2_ws/install/keyDrive --record /home/fizzer/ros2_ws/build/keyDrive/install.log --single-version-externally-managed
[3.246s] Level 1:colcon.colcon_core.environment:checking '/home/fizzer/ros2_ws/install/keyDrive' for CMake config files
[3.247s] Level 1:colcon.colcon_core.environment:checking '/home/fizzer/ros2_ws/install/keyDrive/lib'
[3.247s] Level 1:colcon.colcon_core.environment:checking '/home/fizzer/ros2_ws/install/keyDrive/bin'
[3.247s] Level 1:colcon.colcon_core.environment:checking '/home/fizzer/ros2_ws/install/keyDrive/lib/pkgconfig/keyDrive.pc'
[3.247s] Level 1:colcon.colcon_core.environment:checking '/home/fizzer/ros2_ws/install/keyDrive/lib/python3.8/site-packages'
[3.247s] Level 1:colcon.colcon_core.shell:create_environment_hook('keyDrive', 'pythonpath')
[3.249s] INFO:colcon.colcon_core.shell:Creating environment hook '/home/fizzer/ros2_ws/install/keyDrive/share/keyDrive/hook/pythonpath.ps1'
[3.249s] INFO:colcon.colcon_core.shell:Creating environment descriptor '/home/fizzer/ros2_ws/install/keyDrive/share/keyDrive/hook/pythonpath.dsv'
[3.250s] INFO:colcon.colcon_core.shell:Creating environment hook '/home/fizzer/ros2_ws/install/keyDrive/share/keyDrive/hook/pythonpath.sh'
[3.251s] Level 1:colcon.colcon_core.environment:create_environment_scripts_only(keyDrive)
[3.253s] INFO:colcon.colcon_core.shell:Creating package script '/home/fizzer/ros2_ws/install/keyDrive/share/keyDrive/package.ps1'
[3.254s] INFO:colcon.colcon_core.shell:Creating package descriptor '/home/fizzer/ros2_ws/install/keyDrive/share/keyDrive/package.dsv'
[3.255s] INFO:colcon.colcon_core.shell:Creating package script '/home/fizzer/ros2_ws/install/keyDrive/share/keyDrive/package.sh'
[3.256s] INFO:colcon.colcon_core.shell:Creating package script '/home/fizzer/ros2_ws/install/keyDrive/share/keyDrive/package.bash'
[3.256s] INFO:colcon.colcon_core.shell:Creating package script '/home/fizzer/ros2_ws/install/keyDrive/share/keyDrive/package.zsh'
[3.257s] Level 1:colcon.colcon_core.environment:create_file_with_runtime_dependencies(/home/fizzer/ros2_ws/install/keyDrive/share/colcon-core/packages/keyDrive)
[3.312s] DEBUG:colcon.colcon_core.event_handler.log_command:Invoked command in '/home/fizzer/ros2_ws/src/my_package/launch' returned '1': PYTHONPATH=/home/fizzer/ros2_ws/install/my_package/lib/python3.8/site-packages:${PYTHONPATH} /usr/bin/python3 setup.py egg_info --egg-base ../../../build/my_package build --build-base /home/fizzer/ros2_ws/build/my_package/build install --prefix /home/fizzer/ros2_ws/install/my_package --record /home/fizzer/ros2_ws/build/my_package/install.log --single-version-externally-managed
[3.322s] DEBUG:colcon.colcon_parallel_executor.executor.parallel:closing loop
[3.322s] DEBUG:colcon.colcon_parallel_executor.executor.parallel:loop closed
[3.322s] DEBUG:colcon.colcon_parallel_executor.executor.parallel:run_until_complete finished with '1'
[3.323s] DEBUG:colcon.colcon_core.event_reactor:joining thread
[3.332s] INFO:colcon.colcon_core.plugin_system:Skipping extension 'colcon_notification.desktop_notification.notify_send': Could not find 'notify-send'
[3.332s] INFO:colcon.colcon_core.plugin_system:Skipping extension 'colcon_notification.desktop_notification.terminal_notifier': Not used on non-Darwin systems
[3.332s] INFO:colcon.colcon_core.plugin_system:Skipping extension 'colcon_notification.desktop_notification.win32': Not used on non-Windows systems
[3.332s] INFO:colcon.colcon_notification.desktop_notification:Sending desktop notification using 'notify2'
[3.357s] DEBUG:colcon.colcon_core.event_reactor:joined thread
[3.358s] INFO:colcon.colcon_core.shell:Creating prefix script '/home/fizzer/ros2_ws/install/local_setup.ps1'
[3.360s] INFO:colcon.colcon_core.shell:Creating prefix util module '/home/fizzer/ros2_ws/install/_local_setup_util_ps1.py'
[3.362s] INFO:colcon.colcon_core.shell:Creating prefix chain script '/home/fizzer/ros2_ws/install/setup.ps1'
[3.366s] INFO:colcon.colcon_core.shell:Creating prefix script '/home/fizzer/ros2_ws/install/local_setup.sh'
[3.367s] INFO:colcon.colcon_core.shell:Creating prefix util module '/home/fizzer/ros2_ws/install/_local_setup_util_sh.py'
[3.368s] INFO:colcon.colcon_core.shell:Creating prefix chain script '/home/fizzer/ros2_ws/install/setup.sh'
[3.371s] INFO:colcon.colcon_core.shell:Creating prefix script '/home/fizzer/ros2_ws/install/local_setup.bash'
[3.372s] INFO:colcon.colcon_core.shell:Creating prefix chain script '/home/fizzer/ros2_ws/install/setup.bash'
[3.375s] INFO:colcon.colcon_core.shell:Creating prefix script '/home/fizzer/ros2_ws/install/local_setup.zsh'
[3.375s] INFO:colcon.colcon_core.shell:Creating prefix chain script '/home/fizzer/ros2_ws/install/setup.zsh'
