[0.092s] Invoking command in '/home/fizzer/ros2_ws/build/tutorial_interfaces': CMAKE_PREFIX_PATH=/opt/ros/foxy /usr/bin/cmake --build /home/fizzer/ros2_ws/build/tutorial_interfaces -- -j4 -l4
[0.943s] [ 10%] Built target tutorial_interfaces__rosidl_generator_c
[0.988s] [ 12%] Built target tutorial_interfaces__cpp
[1.219s] [ 23%] Built target tutorial_interfaces__rosidl_typesupport_introspection_c
[1.227s] [ 33%] Built target tutorial_interfaces__rosidl_typesupport_c
[1.236s] [ 43%] Built target tutorial_interfaces__rosidl_typesupport_fastrtps_cpp
[1.240s] [ 53%] Built target tutorial_interfaces__rosidl_typesupport_cpp
[1.488s] [ 64%] Built target tutorial_interfaces__rosidl_typesupport_fastrtps_c
[1.600s] [ 74%] Built target tutorial_interfaces__rosidl_typesupport_introspection_cpp
[1.661s] [ 74%] Built target tutorial_interfaces
[1.739s] [ 76%] Built target tutorial_interfaces__py
[1.944s] [ 84%] Built target tutorial_interfaces__python
[2.124s] [ 94%] Built target tutorial_interfaces__rosidl_typesupport_fastrtps_c__pyext
[2.124s] [ 94%] Built target tutorial_interfaces__rosidl_typesupport_introspection_c__pyext
[2.167s] [100%] Built target tutorial_interfaces__rosidl_typesupport_c__pyext
[2.187s] Invoked command in '/home/fizzer/ros2_ws/build/tutorial_interfaces' returned '0': CMAKE_PREFIX_PATH=/opt/ros/foxy /usr/bin/cmake --build /home/fizzer/ros2_ws/build/tutorial_interfaces -- -j4 -l4
[2.274s] Invoking command in '/home/fizzer/ros2_ws/build/tutorial_interfaces': CMAKE_PREFIX_PATH=/opt/ros/foxy /usr/bin/cmake --install /home/fizzer/ros2_ws/build/tutorial_interfaces
[2.286s] -- Install configuration: ""
[2.299s] -- Up-to-date: /home/fizzer/ros2_ws/install/tutorial_interfaces/share/tutorial_interfaces/environment/pythonpath.sh
[2.300s] -- Up-to-date: /home/fizzer/ros2_ws/install/tutorial_interfaces/share/tutorial_interfaces/environment/pythonpath.dsv
[2.300s] -- Up-to-date: /home/fizzer/ros2_ws/install/tutorial_interfaces/lib/python3.8/site-packages/tutorial_interfaces
[2.300s] -- Installing: /home/fizzer/ros2_ws/install/tutorial_interfaces/lib/python3.8/site-packages/tutorial_interfaces/__init__.py
[2.301s] -- Up-to-date: /home/fizzer/ros2_ws/install/tutorial_interfaces/lib/python3.8/site-packages/tutorial_interfaces/client.py
[2.301s] -- Up-to-date: /home/fizzer/ros2_ws/install/tutorial_interfaces/lib/python3.8/site-packages/tutorial_interfaces/service.py
[2.414s] Listing '/home/fizzer/ros2_ws/install/tutorial_interfaces/lib/python3.8/site-packages/tutorial_interfaces'...
[2.415s] Compiling '/home/fizzer/ros2_ws/install/tutorial_interfaces/lib/python3.8/site-packages/tutorial_interfaces/__init__.py'...
[2.415s] Listing '/home/fizzer/ros2_ws/install/tutorial_interfaces/lib/python3.8/site-packages/tutorial_interfaces/msg'...
[2.415s] Listing '/home/fizzer/ros2_ws/install/tutorial_interfaces/lib/python3.8/site-packages/tutorial_interfaces/srv'...
[2.422s] -- Up-to-date: /home/fizzer/ros2_ws/install/tutorial_interfaces/lib/tutorial_interfaces/service.py
[2.422s] -- Up-to-date: /home/fizzer/ros2_ws/install/tutorial_interfaces/lib/tutorial_interfaces/client.py
[2.432s] -- Up-to-date: /home/fizzer/ros2_ws/install/tutorial_interfaces/share/ament_index/resource_index/rosidl_interfaces/tutorial_interfaces
[2.432s] -- Up-to-date: /home/fizzer/ros2_ws/install/tutorial_interfaces/include/tutorial_interfaces
[2.432s] -- Up-to-date: /home/fizzer/ros2_ws/install/tutorial_interfaces/include/tutorial_interfaces/srv
[2.432s] -- Up-to-date: /home/fizzer/ros2_ws/install/tutorial_interfaces/include/tutorial_interfaces/srv/detail
[2.433s] -- Up-to-date: /home/fizzer/ros2_ws/install/tutorial_interfaces/include/tutorial_interfaces/srv/detail/add_three_ints__functions.c
[2.433s] -- Up-to-date: /home/fizzer/ros2_ws/install/tutorial_interfaces/include/tutorial_interfaces/srv/detail/add_three_ints__struct.h
[2.433s] -- Up-to-date: /home/fizzer/ros2_ws/install/tutorial_interfaces/include/tutorial_interfaces/srv/detail/add_three_ints__type_support.h
[2.433s] -- Up-to-date: /home/fizzer/ros2_ws/install/tutorial_interfaces/include/tutorial_interfaces/srv/detail/add_three_ints__functions.h
[2.433s] -- Up-to-date: /home/fizzer/ros2_ws/install/tutorial_interfaces/include/tutorial_interfaces/srv/add_three_ints.h
[2.433s] -- Up-to-date: /home/fizzer/ros2_ws/install/tutorial_interfaces/include/tutorial_interfaces/msg
[2.434s] -- Up-to-date: /home/fizzer/ros2_ws/install/tutorial_interfaces/include/tutorial_interfaces/msg/detail
[2.434s] -- Up-to-date: /home/fizzer/ros2_ws/install/tutorial_interfaces/include/tutorial_interfaces/msg/detail/num__struct.h
[2.434s] -- Up-to-date: /home/fizzer/ros2_ws/install/tutorial_interfaces/include/tutorial_interfaces/msg/detail/num__type_support.h
[2.434s] -- Up-to-date: /home/fizzer/ros2_ws/install/tutorial_interfaces/include/tutorial_interfaces/msg/detail/num__functions.c
[2.434s] -- Up-to-date: /home/fizzer/ros2_ws/install/tutorial_interfaces/include/tutorial_interfaces/msg/detail/num__functions.h
[2.434s] -- Up-to-date: /home/fizzer/ros2_ws/install/tutorial_interfaces/include/tutorial_interfaces/msg/rosidl_generator_c__visibility_control.h
[2.434s] -- Up-to-date: /home/fizzer/ros2_ws/install/tutorial_interfaces/include/tutorial_interfaces/msg/num.h
[2.434s] -- Up-to-date: /home/fizzer/ros2_ws/install/tutorial_interfaces/share/tutorial_interfaces/environment/library_path.sh
[2.434s] -- Up-to-date: /home/fizzer/ros2_ws/install/tutorial_interfaces/share/tutorial_interfaces/environment/library_path.dsv
[2.441s] -- Up-to-date: /home/fizzer/ros2_ws/install/tutorial_interfaces/lib/libtutorial_interfaces__rosidl_generator_c.so
[2.442s] -- Up-to-date: /home/fizzer/ros2_ws/install/tutorial_interfaces/include/tutorial_interfaces
[2.442s] -- Up-to-date: /home/fizzer/ros2_ws/install/tutorial_interfaces/include/tutorial_interfaces/srv
[2.442s] -- Up-to-date: /home/fizzer/ros2_ws/install/tutorial_interfaces/include/tutorial_interfaces/srv/detail
[2.442s] -- Up-to-date: /home/fizzer/ros2_ws/install/tutorial_interfaces/include/tutorial_interfaces/srv/detail/add_three_ints__rosidl_typesupport_fastrtps_c.h
[2.442s] -- Up-to-date: /home/fizzer/ros2_ws/install/tutorial_interfaces/include/tutorial_interfaces/msg
[2.442s] -- Up-to-date: /home/fizzer/ros2_ws/install/tutorial_interfaces/include/tutorial_interfaces/msg/detail
[2.442s] -- Up-to-date: /home/fizzer/ros2_ws/install/tutorial_interfaces/include/tutorial_interfaces/msg/detail/num__rosidl_typesupport_fastrtps_c.h
[2.442s] -- Up-to-date: /home/fizzer/ros2_ws/install/tutorial_interfaces/include/tutorial_interfaces/msg/rosidl_typesupport_fastrtps_c__visibility_control.h
[2.454s] -- Up-to-date: /home/fizzer/ros2_ws/install/tutorial_interfaces/lib/libtutorial_interfaces__rosidl_typesupport_fastrtps_c.so
[2.454s] -- Up-to-date: /home/fizzer/ros2_ws/install/tutorial_interfaces/include/tutorial_interfaces
[2.455s] -- Up-to-date: /home/fizzer/ros2_ws/install/tutorial_interfaces/include/tutorial_interfaces/srv
[2.455s] -- Up-to-date: /home/fizzer/ros2_ws/install/tutorial_interfaces/include/tutorial_interfaces/srv/detail
[2.455s] -- Up-to-date: /home/fizzer/ros2_ws/install/tutorial_interfaces/include/tutorial_interfaces/srv/detail/dds_fastrtps
[2.455s] -- Up-to-date: /home/fizzer/ros2_ws/install/tutorial_interfaces/include/tutorial_interfaces/srv/detail/add_three_ints__rosidl_typesupport_fastrtps_cpp.hpp
[2.455s] -- Up-to-date: /home/fizzer/ros2_ws/install/tutorial_interfaces/include/tutorial_interfaces/msg
[2.455s] -- Up-to-date: /home/fizzer/ros2_ws/install/tutorial_interfaces/include/tutorial_interfaces/msg/detail
[2.455s] -- Up-to-date: /home/fizzer/ros2_ws/install/tutorial_interfaces/include/tutorial_interfaces/msg/detail/dds_fastrtps
[2.456s] -- Up-to-date: /home/fizzer/ros2_ws/install/tutorial_interfaces/include/tutorial_interfaces/msg/detail/num__rosidl_typesupport_fastrtps_cpp.hpp
[2.456s] -- Up-to-date: /home/fizzer/ros2_ws/install/tutorial_interfaces/include/tutorial_interfaces/msg/rosidl_typesupport_fastrtps_cpp__visibility_control.h
[2.456s] -- Up-to-date: /home/fizzer/ros2_ws/install/tutorial_interfaces/lib/libtutorial_interfaces__rosidl_typesupport_fastrtps_cpp.so
[2.456s] -- Up-to-date: /home/fizzer/ros2_ws/install/tutorial_interfaces/include/tutorial_interfaces
[2.456s] -- Up-to-date: /home/fizzer/ros2_ws/install/tutorial_interfaces/include/tutorial_interfaces/srv
[2.457s] -- Up-to-date: /home/fizzer/ros2_ws/install/tutorial_interfaces/include/tutorial_interfaces/srv/detail
[2.457s] -- Up-to-date: /home/fizzer/ros2_ws/install/tutorial_interfaces/include/tutorial_interfaces/srv/detail/add_three_ints__rosidl_typesupport_introspection_c.h
[2.457s] -- Up-to-date: /home/fizzer/ros2_ws/install/tutorial_interfaces/include/tutorial_interfaces/srv/detail/add_three_ints__type_support.c
[2.457s] -- Up-to-date: /home/fizzer/ros2_ws/install/tutorial_interfaces/include/tutorial_interfaces/msg
[2.457s] -- Up-to-date: /home/fizzer/ros2_ws/install/tutorial_interfaces/include/tutorial_interfaces/msg/detail
[2.457s] -- Up-to-date: /home/fizzer/ros2_ws/install/tutorial_interfaces/include/tutorial_interfaces/msg/detail/num__rosidl_typesupport_introspection_c.h
[2.457s] -- Up-to-date: /home/fizzer/ros2_ws/install/tutorial_interfaces/include/tutorial_interfaces/msg/detail/num__type_support.c
[2.457s] -- Up-to-date: /home/fizzer/ros2_ws/install/tutorial_interfaces/include/tutorial_interfaces/msg/rosidl_typesupport_introspection_c__visibility_control.h
[2.457s] -- Up-to-date: /home/fizzer/ros2_ws/install/tutorial_interfaces/lib/libtutorial_interfaces__rosidl_typesupport_introspection_c.so
[2.458s] -- Up-to-date: /home/fizzer/ros2_ws/install/tutorial_interfaces/lib/libtutorial_interfaces__rosidl_typesupport_c.so
[2.458s] -- Up-to-date: /home/fizzer/ros2_ws/install/tutorial_interfaces/include/tutorial_interfaces
[2.458s] -- Up-to-date: /home/fizzer/ros2_ws/install/tutorial_interfaces/include/tutorial_interfaces/srv
[2.459s] -- Up-to-date: /home/fizzer/ros2_ws/install/tutorial_interfaces/include/tutorial_interfaces/srv/detail
[2.459s] -- Up-to-date: /home/fizzer/ros2_ws/install/tutorial_interfaces/include/tutorial_interfaces/srv/detail/add_three_ints__traits.hpp
[2.459s] -- Up-to-date: /home/fizzer/ros2_ws/install/tutorial_interfaces/include/tutorial_interfaces/srv/detail/add_three_ints__struct.hpp
[2.459s] -- Up-to-date: /home/fizzer/ros2_ws/install/tutorial_interfaces/include/tutorial_interfaces/srv/detail/add_three_ints__builder.hpp
[2.459s] -- Up-to-date: /home/fizzer/ros2_ws/install/tutorial_interfaces/include/tutorial_interfaces/srv/add_three_ints.hpp
[2.460s] -- Up-to-date: /home/fizzer/ros2_ws/install/tutorial_interfaces/include/tutorial_interfaces/msg
[2.460s] -- Up-to-date: /home/fizzer/ros2_ws/install/tutorial_interfaces/include/tutorial_interfaces/msg/detail
[2.461s] -- Up-to-date: /home/fizzer/ros2_ws/install/tutorial_interfaces/include/tutorial_interfaces/msg/detail/num__builder.hpp
[2.461s] -- Up-to-date: /home/fizzer/ros2_ws/install/tutorial_interfaces/include/tutorial_interfaces/msg/detail/num__struct.hpp
[2.461s] -- Up-to-date: /home/fizzer/ros2_ws/install/tutorial_interfaces/include/tutorial_interfaces/msg/detail/num__traits.hpp
[2.461s] -- Up-to-date: /home/fizzer/ros2_ws/install/tutorial_interfaces/include/tutorial_interfaces/msg/num.hpp
[2.461s] -- Up-to-date: /home/fizzer/ros2_ws/install/tutorial_interfaces/include/tutorial_interfaces
[2.461s] -- Up-to-date: /home/fizzer/ros2_ws/install/tutorial_interfaces/include/tutorial_interfaces/srv
[2.461s] -- Up-to-date: /home/fizzer/ros2_ws/install/tutorial_interfaces/include/tutorial_interfaces/srv/detail
[2.461s] -- Up-to-date: /home/fizzer/ros2_ws/install/tutorial_interfaces/include/tutorial_interfaces/srv/detail/add_three_ints__rosidl_typesupport_introspection_cpp.hpp
[2.462s] -- Up-to-date: /home/fizzer/ros2_ws/install/tutorial_interfaces/include/tutorial_interfaces/srv/detail/add_three_ints__type_support.cpp
[2.462s] -- Up-to-date: /home/fizzer/ros2_ws/install/tutorial_interfaces/include/tutorial_interfaces/msg
[2.462s] -- Up-to-date: /home/fizzer/ros2_ws/install/tutorial_interfaces/include/tutorial_interfaces/msg/detail
[2.462s] -- Up-to-date: /home/fizzer/ros2_ws/install/tutorial_interfaces/include/tutorial_interfaces/msg/detail/num__rosidl_typesupport_introspection_cpp.hpp
[2.462s] -- Up-to-date: /home/fizzer/ros2_ws/install/tutorial_interfaces/include/tutorial_interfaces/msg/detail/num__type_support.cpp
[2.462s] -- Up-to-date: /home/fizzer/ros2_ws/install/tutorial_interfaces/lib/libtutorial_interfaces__rosidl_typesupport_introspection_cpp.so
[2.462s] -- Up-to-date: /home/fizzer/ros2_ws/install/tutorial_interfaces/lib/libtutorial_interfaces__rosidl_typesupport_cpp.so
[2.462s] -- Installing: /home/fizzer/ros2_ws/install/tutorial_interfaces/lib/python3.8/site-packages/tutorial_interfaces/__init__.py
[2.500s] Compiling '/home/fizzer/ros2_ws/install/tutorial_interfaces/lib/python3.8/site-packages/tutorial_interfaces/__init__.py'...
[2.506s] -- Up-to-date: /home/fizzer/ros2_ws/install/tutorial_interfaces/lib/python3.8/site-packages/tutorial_interfaces/msg
[2.506s] -- Up-to-date: /home/fizzer/ros2_ws/install/tutorial_interfaces/lib/python3.8/site-packages/tutorial_interfaces/msg/__init__.py
[2.506s] -- Up-to-date: /home/fizzer/ros2_ws/install/tutorial_interfaces/lib/python3.8/site-packages/tutorial_interfaces/msg/_num.py
[2.506s] -- Up-to-date: /home/fizzer/ros2_ws/install/tutorial_interfaces/lib/python3.8/site-packages/tutorial_interfaces/msg/_num_s.c
[2.506s] -- Up-to-date: /home/fizzer/ros2_ws/install/tutorial_interfaces/lib/python3.8/site-packages/tutorial_interfaces/srv
[2.506s] -- Up-to-date: /home/fizzer/ros2_ws/install/tutorial_interfaces/lib/python3.8/site-packages/tutorial_interfaces/srv/_add_three_ints.py
[2.506s] -- Up-to-date: /home/fizzer/ros2_ws/install/tutorial_interfaces/lib/python3.8/site-packages/tutorial_interfaces/srv/__init__.py
[2.507s] -- Up-to-date: /home/fizzer/ros2_ws/install/tutorial_interfaces/lib/python3.8/site-packages/tutorial_interfaces/srv/_add_three_ints_s.c
[2.541s] -- Up-to-date: /home/fizzer/ros2_ws/install/tutorial_interfaces/lib/python3.8/site-packages/tutorial_interfaces/tutorial_interfaces_s__rosidl_typesupport_fastrtps_c.cpython-38-x86_64-linux-gnu.so
[2.552s] -- Up-to-date: /home/fizzer/ros2_ws/install/tutorial_interfaces/lib/python3.8/site-packages/tutorial_interfaces/tutorial_interfaces_s__rosidl_typesupport_introspection_c.cpython-38-x86_64-linux-gnu.so
[2.554s] -- Up-to-date: /home/fizzer/ros2_ws/install/tutorial_interfaces/lib/python3.8/site-packages/tutorial_interfaces/tutorial_interfaces_s__rosidl_typesupport_c.cpython-38-x86_64-linux-gnu.so
[2.555s] -- Up-to-date: /home/fizzer/ros2_ws/install/tutorial_interfaces/lib/libtutorial_interfaces__python.so
[2.555s] -- Up-to-date: /home/fizzer/ros2_ws/install/tutorial_interfaces/share/tutorial_interfaces/msg/Num.idl
[2.555s] -- Up-to-date: /home/fizzer/ros2_ws/install/tutorial_interfaces/share/tutorial_interfaces/srv/AddThreeInts.idl
[2.556s] -- Up-to-date: /home/fizzer/ros2_ws/install/tutorial_interfaces/share/tutorial_interfaces/msg/Num.msg
[2.556s] -- Up-to-date: /home/fizzer/ros2_ws/install/tutorial_interfaces/share/tutorial_interfaces/srv/AddThreeInts.srv
[2.556s] -- Up-to-date: /home/fizzer/ros2_ws/install/tutorial_interfaces/share/tutorial_interfaces/srv/AddThreeInts_Request.msg
[2.556s] -- Up-to-date: /home/fizzer/ros2_ws/install/tutorial_interfaces/share/tutorial_interfaces/srv/AddThreeInts_Response.msg
[2.556s] -- Up-to-date: /home/fizzer/ros2_ws/install/tutorial_interfaces/share/ament_index/resource_index/package_run_dependencies/tutorial_interfaces
[2.556s] -- Up-to-date: /home/fizzer/ros2_ws/install/tutorial_interfaces/share/ament_index/resource_index/parent_prefix_path/tutorial_interfaces
[2.557s] -- Up-to-date: /home/fizzer/ros2_ws/install/tutorial_interfaces/share/tutorial_interfaces/environment/ament_prefix_path.sh
[2.557s] -- Up-to-date: /home/fizzer/ros2_ws/install/tutorial_interfaces/share/tutorial_interfaces/environment/ament_prefix_path.dsv
[2.557s] -- Up-to-date: /home/fizzer/ros2_ws/install/tutorial_interfaces/share/tutorial_interfaces/environment/path.sh
[2.557s] -- Up-to-date: /home/fizzer/ros2_ws/install/tutorial_interfaces/share/tutorial_interfaces/environment/path.dsv
[2.557s] -- Up-to-date: /home/fizzer/ros2_ws/install/tutorial_interfaces/share/tutorial_interfaces/local_setup.bash
[2.557s] -- Up-to-date: /home/fizzer/ros2_ws/install/tutorial_interfaces/share/tutorial_interfaces/local_setup.sh
[2.557s] -- Up-to-date: /home/fizzer/ros2_ws/install/tutorial_interfaces/share/tutorial_interfaces/local_setup.zsh
[2.557s] -- Up-to-date: /home/fizzer/ros2_ws/install/tutorial_interfaces/share/tutorial_interfaces/local_setup.dsv
[2.557s] -- Installing: /home/fizzer/ros2_ws/install/tutorial_interfaces/share/tutorial_interfaces/package.dsv
[2.610s] -- Up-to-date: /home/fizzer/ros2_ws/install/tutorial_interfaces/share/ament_index/resource_index/packages/tutorial_interfaces
[2.681s] -- Up-to-date: /home/fizzer/ros2_ws/install/tutorial_interfaces/share/tutorial_interfaces/cmake/tutorial_interfaces__rosidl_generator_cExport.cmake
[2.681s] -- Up-to-date: /home/fizzer/ros2_ws/install/tutorial_interfaces/share/tutorial_interfaces/cmake/tutorial_interfaces__rosidl_generator_cExport-noconfig.cmake
[2.729s] -- Up-to-date: /home/fizzer/ros2_ws/install/tutorial_interfaces/share/tutorial_interfaces/cmake/tutorial_interfaces__rosidl_typesupport_introspection_cExport.cmake
[2.729s] -- Up-to-date: /home/fizzer/ros2_ws/install/tutorial_interfaces/share/tutorial_interfaces/cmake/tutorial_interfaces__rosidl_typesupport_introspection_cExport-noconfig.cmake
[2.741s] -- Up-to-date: /home/fizzer/ros2_ws/install/tutorial_interfaces/share/tutorial_interfaces/cmake/tutorial_interfaces__rosidl_typesupport_cExport.cmake
[2.741s] -- Up-to-date: /home/fizzer/ros2_ws/install/tutorial_interfaces/share/tutorial_interfaces/cmake/tutorial_interfaces__rosidl_typesupport_cExport-noconfig.cmake
[2.741s] -- Up-to-date: /home/fizzer/ros2_ws/install/tutorial_interfaces/share/tutorial_interfaces/cmake/tutorial_interfaces__rosidl_generator_cppExport.cmake
[2.742s] -- Up-to-date: /home/fizzer/ros2_ws/install/tutorial_interfaces/share/tutorial_interfaces/cmake/tutorial_interfaces__rosidl_typesupport_introspection_cppExport.cmake
[2.743s] -- Up-to-date: /home/fizzer/ros2_ws/install/tutorial_interfaces/share/tutorial_interfaces/cmake/tutorial_interfaces__rosidl_typesupport_introspection_cppExport-noconfig.cmake
[2.754s] -- Up-to-date: /home/fizzer/ros2_ws/install/tutorial_interfaces/share/tutorial_interfaces/cmake/tutorial_interfaces__rosidl_typesupport_cppExport.cmake
[2.754s] -- Up-to-date: /home/fizzer/ros2_ws/install/tutorial_interfaces/share/tutorial_interfaces/cmake/tutorial_interfaces__rosidl_typesupport_cppExport-noconfig.cmake
[2.754s] -- Up-to-date: /home/fizzer/ros2_ws/install/tutorial_interfaces/share/tutorial_interfaces/cmake/rosidl_cmake-extras.cmake
[2.755s] -- Up-to-date: /home/fizzer/ros2_ws/install/tutorial_interfaces/share/tutorial_interfaces/cmake/ament_cmake_export_dependencies-extras.cmake
[2.755s] -- Up-to-date: /home/fizzer/ros2_ws/install/tutorial_interfaces/share/tutorial_interfaces/cmake/ament_cmake_export_libraries-extras.cmake
[2.755s] -- Up-to-date: /home/fizzer/ros2_ws/install/tutorial_interfaces/share/tutorial_interfaces/cmake/ament_cmake_export_targets-extras.cmake
[2.755s] -- Up-to-date: /home/fizzer/ros2_ws/install/tutorial_interfaces/share/tutorial_interfaces/cmake/ament_cmake_export_include_directories-extras.cmake
[2.755s] -- Up-to-date: /home/fizzer/ros2_ws/install/tutorial_interfaces/share/tutorial_interfaces/cmake/rosidl_cmake_export_typesupport_libraries-extras.cmake
[2.756s] -- Up-to-date: /home/fizzer/ros2_ws/install/tutorial_interfaces/share/tutorial_interfaces/cmake/rosidl_cmake_export_typesupport_targets-extras.cmake
[2.756s] -- Up-to-date: /home/fizzer/ros2_ws/install/tutorial_interfaces/share/tutorial_interfaces/cmake/tutorial_interfacesConfig.cmake
[2.756s] -- Up-to-date: /home/fizzer/ros2_ws/install/tutorial_interfaces/share/tutorial_interfaces/cmake/tutorial_interfacesConfig-version.cmake
[2.756s] -- Up-to-date: /home/fizzer/ros2_ws/install/tutorial_interfaces/share/tutorial_interfaces/package.xml
[2.760s] Invoked command in '/home/fizzer/ros2_ws/build/tutorial_interfaces' returned '0': CMAKE_PREFIX_PATH=/opt/ros/foxy /usr/bin/cmake --install /home/fizzer/ros2_ws/build/tutorial_interfaces
