[1.171s] Invoking command in '/home/fizzer/ros2_ws/src/my_package': PYTHONPATH=/home/fizzer/ros2_ws/install/my_package/lib/python3.8/site-packages:${PYTHONPATH} /usr/bin/python3 setup.py egg_info --egg-base ../../build/my_package build --build-base /home/fizzer/ros2_ws/build/my_package/build install --prefix /home/fizzer/ros2_ws/install/my_package --record /home/fizzer/ros2_ws/build/my_package/install.log --single-version-externally-managed
[1.636s] running egg_info
[1.638s] creating ../../build/my_package/my_package.egg-info
[1.638s] writing ../../build/my_package/my_package.egg-info/PKG-INFO
[1.639s] writing dependency_links to ../../build/my_package/my_package.egg-info/dependency_links.txt
[1.639s] writing entry points to ../../build/my_package/my_package.egg-info/entry_points.txt
[1.639s] writing requirements to ../../build/my_package/my_package.egg-info/requires.txt
[1.640s] writing top-level names to ../../build/my_package/my_package.egg-info/top_level.txt
[1.642s] writing manifest file '../../build/my_package/my_package.egg-info/SOURCES.txt'
[1.722s] reading manifest file '../../build/my_package/my_package.egg-info/SOURCES.txt'
[1.726s] writing manifest file '../../build/my_package/my_package.egg-info/SOURCES.txt'
[1.727s] running build
[1.727s] running build_py
[1.728s] creating /home/fizzer/ros2_ws/build/my_package/build
[1.729s] creating /home/fizzer/ros2_ws/build/my_package/build/lib
[1.730s] creating /home/fizzer/ros2_ws/build/my_package/build/lib/my_package
[1.731s] copying my_package/my_node.py -> /home/fizzer/ros2_ws/build/my_package/build/lib/my_package
[1.732s] copying my_package/__init__.py -> /home/fizzer/ros2_ws/build/my_package/build/lib/my_package
[1.732s] running install
[1.736s] running install_lib
[1.738s] creating /home/fizzer/ros2_ws/install/my_package/lib/python3.8/site-packages/my_package
[1.739s] copying /home/fizzer/ros2_ws/build/my_package/build/lib/my_package/my_node.py -> /home/fizzer/ros2_ws/install/my_package/lib/python3.8/site-packages/my_package
[1.740s] copying /home/fizzer/ros2_ws/build/my_package/build/lib/my_package/__init__.py -> /home/fizzer/ros2_ws/install/my_package/lib/python3.8/site-packages/my_package
[1.741s] byte-compiling /home/fizzer/ros2_ws/install/my_package/lib/python3.8/site-packages/my_package/my_node.py to my_node.cpython-38.pyc
[1.744s] byte-compiling /home/fizzer/ros2_ws/install/my_package/lib/python3.8/site-packages/my_package/__init__.py to __init__.cpython-38.pyc
[1.745s] running install_data
[1.746s] creating /home/fizzer/ros2_ws/install/my_package/share/ament_index
[1.747s] creating /home/fizzer/ros2_ws/install/my_package/share/ament_index/resource_index
[1.747s] creating /home/fizzer/ros2_ws/install/my_package/share/ament_index/resource_index/packages
[1.748s] copying resource/my_package -> /home/fizzer/ros2_ws/install/my_package/share/ament_index/resource_index/packages
[1.748s] copying package.xml -> /home/fizzer/ros2_ws/install/my_package/share/my_package
[1.749s] running install_egg_info
[1.753s] Copying ../../build/my_package/my_package.egg-info to /home/fizzer/ros2_ws/install/my_package/lib/python3.8/site-packages/my_package-0.0.0-py3.8.egg-info
[1.755s] running install_scripts
[1.812s] Installing my_node script to /home/fizzer/ros2_ws/install/my_package/lib/my_package
[1.814s] writing list of installed files to '/home/fizzer/ros2_ws/build/my_package/install.log'
[1.906s] Invoked command in '/home/fizzer/ros2_ws/src/my_package' returned '0': PYTHONPATH=/home/fizzer/ros2_ws/install/my_package/lib/python3.8/site-packages:${PYTHONPATH} /usr/bin/python3 setup.py egg_info --egg-base ../../build/my_package build --build-base /home/fizzer/ros2_ws/build/my_package/build install --prefix /home/fizzer/ros2_ws/install/my_package --record /home/fizzer/ros2_ws/build/my_package/install.log --single-version-externally-managed
