[0.019s] Invoking command in '/home/fizzer/ros2_ws/build/tutorial_interfaces': CMAKE_PREFIX_PATH=${CMAKE_PREFIX_PATH}:/home/fizzer/ros2_ws/install/test_pkg:/home/fizzer/ros2_ws/install/my_package:/home/fizzer/ros2_ws/install/keyDrive:/home/fizzer/ros2_ws/install/cameraTests:/opt/ros/foxy /usr/bin/cmake --build /home/fizzer/ros2_ws/build/tutorial_interfaces -- -j4 -l4
[0.055s] -- Found ament_cmake: 0.9.8 (/opt/ros/foxy/share/ament_cmake/cmake)
[0.090s] -- Found PythonInterp: /usr/bin/python3 (found suitable version "3.8.5", minimum required is "3") 
[0.090s] -- Using PYTHON_EXECUTABLE: /usr/bin/python3
[0.336s] -- Found ament_lint_auto: 0.9.6 (/opt/ros/foxy/share/ament_lint_auto/cmake)
[0.423s] -- Found rclpy: 1.0.5 (/opt/ros/foxy/share/rclpy/cmake)
[0.423s] -- Found std_msgs: 2.0.4 (/opt/ros/foxy/share/std_msgs/cmake)
[0.453s] -- Using all available rosidl_typesupport_c: rosidl_typesupport_fastrtps_c;rosidl_typesupport_introspection_c
[0.457s] -- Found rosidl_adapter: 1.2.1 (/opt/ros/foxy/share/rosidl_adapter/cmake)
[0.604s] -- Using all available rosidl_typesupport_cpp: rosidl_typesupport_fastrtps_cpp;rosidl_typesupport_introspection_cpp
[0.663s] -- Found rosidl_default_generators: 1.0.1 (/opt/ros/foxy/share/rosidl_default_generators/cmake)
[0.708s] -- Found PythonInterp: /usr/bin/python3 (found version "3.8.5") 
[0.809s] -- Found ament_cmake_ros: 0.9.1 (/opt/ros/foxy/share/ament_cmake_ros/cmake)
[0.926s] -- Using all available rosidl_typesupport_c: rosidl_typesupport_fastrtps_c;rosidl_typesupport_introspection_c
[0.935s] -- Using all available rosidl_typesupport_cpp: rosidl_typesupport_fastrtps_cpp;rosidl_typesupport_introspection_cpp
[0.968s] -- Found PythonInterp: /usr/bin/python3 (found suitable version "3.8.5", minimum required is "3.5") 
[0.968s] -- Found python_cmake_module: 0.8.1 (/opt/ros/foxy/share/python_cmake_module/cmake)
[1.000s] -- Using PYTHON_EXECUTABLE: /usr/bin/python3
[1.000s] -- Using PYTHON_INCLUDE_DIRS: /usr/include/python3.8
[1.000s] -- Using PYTHON_LIBRARIES: /usr/lib/x86_64-linux-gnu/libpython3.8.so
[1.026s] -- Added test 'copyright' to check source files copyright and LICENSE
[1.028s] -- Added test 'flake8' to check Python code syntax and style conventions
[1.029s] -- Added test 'lint_cmake' to check CMake code style
[1.029s] -- Added test 'pep257' to check Python code against some of the style conventions in PEP 257
[1.031s] -- Added test 'xmllint' to check XML markup files
[1.037s] -- Configuring done
[1.078s] -- Generating done
[1.082s] -- Build files have been written to: /home/fizzer/ros2_ws/build/tutorial_interfaces
[1.134s] [  2%] Built target tutorial_interfaces__cpp
[1.134s] [ 12%] Built target tutorial_interfaces__rosidl_generator_c
[1.175s] [ 33%] Built target tutorial_interfaces__rosidl_typesupport_cpp
[1.175s] [ 43%] Built target tutorial_interfaces__rosidl_typesupport_introspection_c
[1.176s] [ 43%] Built target tutorial_interfaces__rosidl_typesupport_c
[1.183s] [ 53%] Built target tutorial_interfaces__rosidl_typesupport_fastrtps_cpp
[1.205s] [ 64%] Built target tutorial_interfaces__rosidl_typesupport_introspection_cpp
[1.217s] [ 74%] Built target tutorial_interfaces__rosidl_typesupport_fastrtps_c
[1.246s] [ 74%] Built target tutorial_interfaces
[1.274s] [ 76%] Built target tutorial_interfaces__py
[1.309s] [ 84%] Built target tutorial_interfaces__python
[1.345s] [ 89%] Built target tutorial_interfaces__rosidl_typesupport_fastrtps_c__pyext
[1.354s] [ 94%] Built target tutorial_interfaces__rosidl_typesupport_introspection_c__pyext
[1.354s] [100%] Built target tutorial_interfaces__rosidl_typesupport_c__pyext
[1.368s] Invoked command in '/home/fizzer/ros2_ws/build/tutorial_interfaces' returned '0': CMAKE_PREFIX_PATH=${CMAKE_PREFIX_PATH}:/home/fizzer/ros2_ws/install/test_pkg:/home/fizzer/ros2_ws/install/my_package:/home/fizzer/ros2_ws/install/keyDrive:/home/fizzer/ros2_ws/install/cameraTests:/opt/ros/foxy /usr/bin/cmake --build /home/fizzer/ros2_ws/build/tutorial_interfaces -- -j4 -l4
[1.478s] Invoking command in '/home/fizzer/ros2_ws/build/tutorial_interfaces': CMAKE_PREFIX_PATH=${CMAKE_PREFIX_PATH}:/home/fizzer/ros2_ws/install/test_pkg:/home/fizzer/ros2_ws/install/my_package:/home/fizzer/ros2_ws/install/keyDrive:/home/fizzer/ros2_ws/install/cameraTests:/opt/ros/foxy /usr/bin/cmake --install /home/fizzer/ros2_ws/build/tutorial_interfaces
[1.492s] -- Install configuration: ""
[1.493s] -- Up-to-date: /home/fizzer/ros2_ws/install/tutorial_interfaces/share/tutorial_interfaces/environment/pythonpath.sh
[1.493s] -- Installing: /home/fizzer/ros2_ws/install/tutorial_interfaces/share/tutorial_interfaces/environment/pythonpath.dsv
[1.493s] -- Up-to-date: /home/fizzer/ros2_ws/install/tutorial_interfaces/lib/python3.8/site-packages/tutorial_interfaces
[1.493s] -- Installing: /home/fizzer/ros2_ws/install/tutorial_interfaces/lib/python3.8/site-packages/tutorial_interfaces/__init__.py
[1.493s] -- Up-to-date: /home/fizzer/ros2_ws/install/tutorial_interfaces/lib/python3.8/site-packages/tutorial_interfaces/client.py
[1.493s] -- Up-to-date: /home/fizzer/ros2_ws/install/tutorial_interfaces/lib/python3.8/site-packages/tutorial_interfaces/service.py
[1.539s] Listing '/home/fizzer/ros2_ws/install/tutorial_interfaces/lib/python3.8/site-packages/tutorial_interfaces'...
[1.540s] Compiling '/home/fizzer/ros2_ws/install/tutorial_interfaces/lib/python3.8/site-packages/tutorial_interfaces/__init__.py'...
[1.540s] Listing '/home/fizzer/ros2_ws/install/tutorial_interfaces/lib/python3.8/site-packages/tutorial_interfaces/msg'...
[1.540s] Listing '/home/fizzer/ros2_ws/install/tutorial_interfaces/lib/python3.8/site-packages/tutorial_interfaces/srv'...
[1.545s] -- Up-to-date: /home/fizzer/ros2_ws/install/tutorial_interfaces/lib/tutorial_interfaces/service.py
[1.546s] -- Up-to-date: /home/fizzer/ros2_ws/install/tutorial_interfaces/lib/tutorial_interfaces/client.py
[1.546s] -- Up-to-date: /home/fizzer/ros2_ws/install/tutorial_interfaces/share/ament_index/resource_index/rosidl_interfaces/tutorial_interfaces
[1.546s] -- Up-to-date: /home/fizzer/ros2_ws/install/tutorial_interfaces/include/tutorial_interfaces
[1.546s] -- Up-to-date: /home/fizzer/ros2_ws/install/tutorial_interfaces/include/tutorial_interfaces/srv
[1.546s] -- Up-to-date: /home/fizzer/ros2_ws/install/tutorial_interfaces/include/tutorial_interfaces/srv/detail
[1.547s] -- Up-to-date: /home/fizzer/ros2_ws/install/tutorial_interfaces/include/tutorial_interfaces/srv/detail/add_three_ints__functions.c
[1.547s] -- Up-to-date: /home/fizzer/ros2_ws/install/tutorial_interfaces/include/tutorial_interfaces/srv/detail/add_three_ints__struct.h
[1.547s] -- Up-to-date: /home/fizzer/ros2_ws/install/tutorial_interfaces/include/tutorial_interfaces/srv/detail/add_three_ints__type_support.h
[1.547s] -- Up-to-date: /home/fizzer/ros2_ws/install/tutorial_interfaces/include/tutorial_interfaces/srv/detail/add_three_ints__functions.h
[1.548s] -- Up-to-date: /home/fizzer/ros2_ws/install/tutorial_interfaces/include/tutorial_interfaces/srv/add_three_ints.h
[1.548s] -- Up-to-date: /home/fizzer/ros2_ws/install/tutorial_interfaces/include/tutorial_interfaces/msg
[1.548s] -- Up-to-date: /home/fizzer/ros2_ws/install/tutorial_interfaces/include/tutorial_interfaces/msg/detail
[1.548s] -- Up-to-date: /home/fizzer/ros2_ws/install/tutorial_interfaces/include/tutorial_interfaces/msg/detail/num__struct.h
[1.548s] -- Up-to-date: /home/fizzer/ros2_ws/install/tutorial_interfaces/include/tutorial_interfaces/msg/detail/num__type_support.h
[1.549s] -- Up-to-date: /home/fizzer/ros2_ws/install/tutorial_interfaces/include/tutorial_interfaces/msg/detail/num__functions.c
[1.549s] -- Up-to-date: /home/fizzer/ros2_ws/install/tutorial_interfaces/include/tutorial_interfaces/msg/detail/num__functions.h
[1.549s] -- Up-to-date: /home/fizzer/ros2_ws/install/tutorial_interfaces/include/tutorial_interfaces/msg/rosidl_generator_c__visibility_control.h
[1.549s] -- Up-to-date: /home/fizzer/ros2_ws/install/tutorial_interfaces/include/tutorial_interfaces/msg/num.h
[1.550s] -- Up-to-date: /home/fizzer/ros2_ws/install/tutorial_interfaces/share/tutorial_interfaces/environment/library_path.sh
[1.550s] -- Installing: /home/fizzer/ros2_ws/install/tutorial_interfaces/share/tutorial_interfaces/environment/library_path.dsv
[1.550s] -- Up-to-date: /home/fizzer/ros2_ws/install/tutorial_interfaces/lib/libtutorial_interfaces__rosidl_generator_c.so
[1.550s] -- Up-to-date: /home/fizzer/ros2_ws/install/tutorial_interfaces/include/tutorial_interfaces
[1.550s] -- Up-to-date: /home/fizzer/ros2_ws/install/tutorial_interfaces/include/tutorial_interfaces/srv
[1.551s] -- Up-to-date: /home/fizzer/ros2_ws/install/tutorial_interfaces/include/tutorial_interfaces/srv/detail
[1.551s] -- Up-to-date: /home/fizzer/ros2_ws/install/tutorial_interfaces/include/tutorial_interfaces/srv/detail/add_three_ints__rosidl_typesupport_fastrtps_c.h
[1.551s] -- Up-to-date: /home/fizzer/ros2_ws/install/tutorial_interfaces/include/tutorial_interfaces/msg
[1.551s] -- Up-to-date: /home/fizzer/ros2_ws/install/tutorial_interfaces/include/tutorial_interfaces/msg/detail
[1.551s] -- Up-to-date: /home/fizzer/ros2_ws/install/tutorial_interfaces/include/tutorial_interfaces/msg/detail/num__rosidl_typesupport_fastrtps_c.h
[1.552s] -- Up-to-date: /home/fizzer/ros2_ws/install/tutorial_interfaces/include/tutorial_interfaces/msg/rosidl_typesupport_fastrtps_c__visibility_control.h
[1.552s] -- Up-to-date: /home/fizzer/ros2_ws/install/tutorial_interfaces/lib/libtutorial_interfaces__rosidl_typesupport_fastrtps_c.so
[1.552s] -- Up-to-date: /home/fizzer/ros2_ws/install/tutorial_interfaces/include/tutorial_interfaces
[1.552s] -- Up-to-date: /home/fizzer/ros2_ws/install/tutorial_interfaces/include/tutorial_interfaces/srv
[1.552s] -- Up-to-date: /home/fizzer/ros2_ws/install/tutorial_interfaces/include/tutorial_interfaces/srv/detail
[1.553s] -- Up-to-date: /home/fizzer/ros2_ws/install/tutorial_interfaces/include/tutorial_interfaces/srv/detail/dds_fastrtps
[1.553s] -- Up-to-date: /home/fizzer/ros2_ws/install/tutorial_interfaces/include/tutorial_interfaces/srv/detail/add_three_ints__rosidl_typesupport_fastrtps_cpp.hpp
[1.553s] -- Up-to-date: /home/fizzer/ros2_ws/install/tutorial_interfaces/include/tutorial_interfaces/msg
[1.553s] -- Up-to-date: /home/fizzer/ros2_ws/install/tutorial_interfaces/include/tutorial_interfaces/msg/detail
[1.554s] -- Up-to-date: /home/fizzer/ros2_ws/install/tutorial_interfaces/include/tutorial_interfaces/msg/detail/dds_fastrtps
[1.554s] -- Up-to-date: /home/fizzer/ros2_ws/install/tutorial_interfaces/include/tutorial_interfaces/msg/detail/num__rosidl_typesupport_fastrtps_cpp.hpp
[1.554s] -- Up-to-date: /home/fizzer/ros2_ws/install/tutorial_interfaces/include/tutorial_interfaces/msg/rosidl_typesupport_fastrtps_cpp__visibility_control.h
[1.554s] -- Up-to-date: /home/fizzer/ros2_ws/install/tutorial_interfaces/lib/libtutorial_interfaces__rosidl_typesupport_fastrtps_cpp.so
[1.554s] -- Up-to-date: /home/fizzer/ros2_ws/install/tutorial_interfaces/include/tutorial_interfaces
[1.555s] -- Up-to-date: /home/fizzer/ros2_ws/install/tutorial_interfaces/include/tutorial_interfaces/srv
[1.555s] -- Up-to-date: /home/fizzer/ros2_ws/install/tutorial_interfaces/include/tutorial_interfaces/srv/detail
[1.555s] -- Up-to-date: /home/fizzer/ros2_ws/install/tutorial_interfaces/include/tutorial_interfaces/srv/detail/add_three_ints__rosidl_typesupport_introspection_c.h
[1.555s] -- Up-to-date: /home/fizzer/ros2_ws/install/tutorial_interfaces/include/tutorial_interfaces/srv/detail/add_three_ints__type_support.c
[1.555s] -- Up-to-date: /home/fizzer/ros2_ws/install/tutorial_interfaces/include/tutorial_interfaces/msg
[1.556s] -- Up-to-date: /home/fizzer/ros2_ws/install/tutorial_interfaces/include/tutorial_interfaces/msg/detail
[1.556s] -- Up-to-date: /home/fizzer/ros2_ws/install/tutorial_interfaces/include/tutorial_interfaces/msg/detail/num__rosidl_typesupport_introspection_c.h
[1.556s] -- Up-to-date: /home/fizzer/ros2_ws/install/tutorial_interfaces/include/tutorial_interfaces/msg/detail/num__type_support.c
[1.556s] -- Up-to-date: /home/fizzer/ros2_ws/install/tutorial_interfaces/include/tutorial_interfaces/msg/rosidl_typesupport_introspection_c__visibility_control.h
[1.556s] -- Up-to-date: /home/fizzer/ros2_ws/install/tutorial_interfaces/lib/libtutorial_interfaces__rosidl_typesupport_introspection_c.so
[1.556s] -- Up-to-date: /home/fizzer/ros2_ws/install/tutorial_interfaces/lib/libtutorial_interfaces__rosidl_typesupport_c.so
[1.556s] -- Up-to-date: /home/fizzer/ros2_ws/install/tutorial_interfaces/include/tutorial_interfaces
[1.557s] -- Up-to-date: /home/fizzer/ros2_ws/install/tutorial_interfaces/include/tutorial_interfaces/srv
[1.557s] -- Up-to-date: /home/fizzer/ros2_ws/install/tutorial_interfaces/include/tutorial_interfaces/srv/detail
[1.557s] -- Up-to-date: /home/fizzer/ros2_ws/install/tutorial_interfaces/include/tutorial_interfaces/srv/detail/add_three_ints__traits.hpp
[1.557s] -- Up-to-date: /home/fizzer/ros2_ws/install/tutorial_interfaces/include/tutorial_interfaces/srv/detail/add_three_ints__struct.hpp
[1.557s] -- Up-to-date: /home/fizzer/ros2_ws/install/tutorial_interfaces/include/tutorial_interfaces/srv/detail/add_three_ints__builder.hpp
[1.557s] -- Up-to-date: /home/fizzer/ros2_ws/install/tutorial_interfaces/include/tutorial_interfaces/srv/add_three_ints.hpp
[1.557s] -- Up-to-date: /home/fizzer/ros2_ws/install/tutorial_interfaces/include/tutorial_interfaces/msg
[1.557s] -- Up-to-date: /home/fizzer/ros2_ws/install/tutorial_interfaces/include/tutorial_interfaces/msg/detail
[1.557s] -- Up-to-date: /home/fizzer/ros2_ws/install/tutorial_interfaces/include/tutorial_interfaces/msg/detail/num__builder.hpp
[1.557s] -- Up-to-date: /home/fizzer/ros2_ws/install/tutorial_interfaces/include/tutorial_interfaces/msg/detail/num__struct.hpp
[1.558s] -- Up-to-date: /home/fizzer/ros2_ws/install/tutorial_interfaces/include/tutorial_interfaces/msg/detail/num__traits.hpp
[1.558s] -- Up-to-date: /home/fizzer/ros2_ws/install/tutorial_interfaces/include/tutorial_interfaces/msg/num.hpp
[1.558s] -- Up-to-date: /home/fizzer/ros2_ws/install/tutorial_interfaces/include/tutorial_interfaces
[1.558s] -- Up-to-date: /home/fizzer/ros2_ws/install/tutorial_interfaces/include/tutorial_interfaces/srv
[1.558s] -- Up-to-date: /home/fizzer/ros2_ws/install/tutorial_interfaces/include/tutorial_interfaces/srv/detail
[1.558s] -- Up-to-date: /home/fizzer/ros2_ws/install/tutorial_interfaces/include/tutorial_interfaces/srv/detail/add_three_ints__rosidl_typesupport_introspection_cpp.hpp
[1.558s] -- Up-to-date: /home/fizzer/ros2_ws/install/tutorial_interfaces/include/tutorial_interfaces/srv/detail/add_three_ints__type_support.cpp
[1.558s] -- Up-to-date: /home/fizzer/ros2_ws/install/tutorial_interfaces/include/tutorial_interfaces/msg
[1.558s] -- Up-to-date: /home/fizzer/ros2_ws/install/tutorial_interfaces/include/tutorial_interfaces/msg/detail
[1.558s] -- Up-to-date: /home/fizzer/ros2_ws/install/tutorial_interfaces/include/tutorial_interfaces/msg/detail/num__rosidl_typesupport_introspection_cpp.hpp
[1.558s] -- Up-to-date: /home/fizzer/ros2_ws/install/tutorial_interfaces/include/tutorial_interfaces/msg/detail/num__type_support.cpp
[1.559s] -- Up-to-date: /home/fizzer/ros2_ws/install/tutorial_interfaces/lib/libtutorial_interfaces__rosidl_typesupport_introspection_cpp.so
[1.559s] -- Up-to-date: /home/fizzer/ros2_ws/install/tutorial_interfaces/lib/libtutorial_interfaces__rosidl_typesupport_cpp.so
[1.559s] -- Installing: /home/fizzer/ros2_ws/install/tutorial_interfaces/lib/python3.8/site-packages/tutorial_interfaces/__init__.py
[1.602s] Compiling '/home/fizzer/ros2_ws/install/tutorial_interfaces/lib/python3.8/site-packages/tutorial_interfaces/__init__.py'...
[1.608s] -- Up-to-date: /home/fizzer/ros2_ws/install/tutorial_interfaces/lib/python3.8/site-packages/tutorial_interfaces/msg
[1.608s] -- Up-to-date: /home/fizzer/ros2_ws/install/tutorial_interfaces/lib/python3.8/site-packages/tutorial_interfaces/msg/__init__.py
[1.608s] -- Up-to-date: /home/fizzer/ros2_ws/install/tutorial_interfaces/lib/python3.8/site-packages/tutorial_interfaces/msg/_num.py
[1.608s] -- Up-to-date: /home/fizzer/ros2_ws/install/tutorial_interfaces/lib/python3.8/site-packages/tutorial_interfaces/msg/_num_s.c
[1.608s] -- Up-to-date: /home/fizzer/ros2_ws/install/tutorial_interfaces/lib/python3.8/site-packages/tutorial_interfaces/srv
[1.609s] -- Up-to-date: /home/fizzer/ros2_ws/install/tutorial_interfaces/lib/python3.8/site-packages/tutorial_interfaces/srv/_add_three_ints.py
[1.609s] -- Up-to-date: /home/fizzer/ros2_ws/install/tutorial_interfaces/lib/python3.8/site-packages/tutorial_interfaces/srv/__init__.py
[1.609s] -- Up-to-date: /home/fizzer/ros2_ws/install/tutorial_interfaces/lib/python3.8/site-packages/tutorial_interfaces/srv/_add_three_ints_s.c
[1.609s] -- Up-to-date: /home/fizzer/ros2_ws/install/tutorial_interfaces/lib/python3.8/site-packages/tutorial_interfaces/tutorial_interfaces_s__rosidl_typesupport_fastrtps_c.cpython-38-x86_64-linux-gnu.so
[1.610s] -- Up-to-date: /home/fizzer/ros2_ws/install/tutorial_interfaces/lib/python3.8/site-packages/tutorial_interfaces/tutorial_interfaces_s__rosidl_typesupport_introspection_c.cpython-38-x86_64-linux-gnu.so
[1.610s] -- Up-to-date: /home/fizzer/ros2_ws/install/tutorial_interfaces/lib/python3.8/site-packages/tutorial_interfaces/tutorial_interfaces_s__rosidl_typesupport_c.cpython-38-x86_64-linux-gnu.so
[1.611s] -- Up-to-date: /home/fizzer/ros2_ws/install/tutorial_interfaces/lib/libtutorial_interfaces__python.so
[1.612s] -- Up-to-date: /home/fizzer/ros2_ws/install/tutorial_interfaces/share/tutorial_interfaces/msg/Num.idl
[1.612s] -- Up-to-date: /home/fizzer/ros2_ws/install/tutorial_interfaces/share/tutorial_interfaces/srv/AddThreeInts.idl
[1.612s] -- Up-to-date: /home/fizzer/ros2_ws/install/tutorial_interfaces/share/tutorial_interfaces/msg/Num.msg
[1.612s] -- Up-to-date: /home/fizzer/ros2_ws/install/tutorial_interfaces/share/tutorial_interfaces/srv/AddThreeInts.srv
[1.613s] -- Up-to-date: /home/fizzer/ros2_ws/install/tutorial_interfaces/share/tutorial_interfaces/srv/AddThreeInts_Request.msg
[1.613s] -- Up-to-date: /home/fizzer/ros2_ws/install/tutorial_interfaces/share/tutorial_interfaces/srv/AddThreeInts_Response.msg
[1.613s] -- Installing: /home/fizzer/ros2_ws/install/tutorial_interfaces/share/ament_index/resource_index/package_run_dependencies/tutorial_interfaces
[1.613s] -- Up-to-date: /home/fizzer/ros2_ws/install/tutorial_interfaces/share/ament_index/resource_index/parent_prefix_path/tutorial_interfaces
[1.613s] -- Up-to-date: /home/fizzer/ros2_ws/install/tutorial_interfaces/share/tutorial_interfaces/environment/ament_prefix_path.sh
[1.613s] -- Installing: /home/fizzer/ros2_ws/install/tutorial_interfaces/share/tutorial_interfaces/environment/ament_prefix_path.dsv
[1.614s] -- Up-to-date: /home/fizzer/ros2_ws/install/tutorial_interfaces/share/tutorial_interfaces/environment/path.sh
[1.614s] -- Installing: /home/fizzer/ros2_ws/install/tutorial_interfaces/share/tutorial_interfaces/environment/path.dsv
[1.614s] -- Up-to-date: /home/fizzer/ros2_ws/install/tutorial_interfaces/share/tutorial_interfaces/local_setup.bash
[1.614s] -- Up-to-date: /home/fizzer/ros2_ws/install/tutorial_interfaces/share/tutorial_interfaces/local_setup.sh
[1.614s] -- Up-to-date: /home/fizzer/ros2_ws/install/tutorial_interfaces/share/tutorial_interfaces/local_setup.zsh
[1.614s] -- Installing: /home/fizzer/ros2_ws/install/tutorial_interfaces/share/tutorial_interfaces/local_setup.dsv
[1.615s] -- Installing: /home/fizzer/ros2_ws/install/tutorial_interfaces/share/tutorial_interfaces/package.dsv
[1.615s] -- Up-to-date: /home/fizzer/ros2_ws/install/tutorial_interfaces/share/ament_index/resource_index/packages/tutorial_interfaces
[1.615s] -- Up-to-date: /home/fizzer/ros2_ws/install/tutorial_interfaces/share/tutorial_interfaces/cmake/tutorial_interfaces__rosidl_generator_cExport.cmake
[1.615s] -- Installing: /home/fizzer/ros2_ws/install/tutorial_interfaces/share/tutorial_interfaces/cmake/tutorial_interfaces__rosidl_generator_cExport-noconfig.cmake
[1.615s] -- Up-to-date: /home/fizzer/ros2_ws/install/tutorial_interfaces/share/tutorial_interfaces/cmake/tutorial_interfaces__rosidl_typesupport_introspection_cExport.cmake
[1.615s] -- Installing: /home/fizzer/ros2_ws/install/tutorial_interfaces/share/tutorial_interfaces/cmake/tutorial_interfaces__rosidl_typesupport_introspection_cExport-noconfig.cmake
[1.616s] -- Up-to-date: /home/fizzer/ros2_ws/install/tutorial_interfaces/share/tutorial_interfaces/cmake/tutorial_interfaces__rosidl_typesupport_cExport.cmake
[1.616s] -- Installing: /home/fizzer/ros2_ws/install/tutorial_interfaces/share/tutorial_interfaces/cmake/tutorial_interfaces__rosidl_typesupport_cExport-noconfig.cmake
[1.616s] -- Up-to-date: /home/fizzer/ros2_ws/install/tutorial_interfaces/share/tutorial_interfaces/cmake/tutorial_interfaces__rosidl_generator_cppExport.cmake
[1.617s] -- Up-to-date: /home/fizzer/ros2_ws/install/tutorial_interfaces/share/tutorial_interfaces/cmake/tutorial_interfaces__rosidl_typesupport_introspection_cppExport.cmake
[1.617s] -- Installing: /home/fizzer/ros2_ws/install/tutorial_interfaces/share/tutorial_interfaces/cmake/tutorial_interfaces__rosidl_typesupport_introspection_cppExport-noconfig.cmake
[1.617s] -- Up-to-date: /home/fizzer/ros2_ws/install/tutorial_interfaces/share/tutorial_interfaces/cmake/tutorial_interfaces__rosidl_typesupport_cppExport.cmake
[1.617s] -- Installing: /home/fizzer/ros2_ws/install/tutorial_interfaces/share/tutorial_interfaces/cmake/tutorial_interfaces__rosidl_typesupport_cppExport-noconfig.cmake
[1.618s] -- Up-to-date: /home/fizzer/ros2_ws/install/tutorial_interfaces/share/tutorial_interfaces/cmake/rosidl_cmake-extras.cmake
[1.618s] -- Up-to-date: /home/fizzer/ros2_ws/install/tutorial_interfaces/share/tutorial_interfaces/cmake/ament_cmake_export_dependencies-extras.cmake
[1.618s] -- Up-to-date: /home/fizzer/ros2_ws/install/tutorial_interfaces/share/tutorial_interfaces/cmake/ament_cmake_export_libraries-extras.cmake
[1.618s] -- Up-to-date: /home/fizzer/ros2_ws/install/tutorial_interfaces/share/tutorial_interfaces/cmake/ament_cmake_export_targets-extras.cmake
[1.619s] -- Up-to-date: /home/fizzer/ros2_ws/install/tutorial_interfaces/share/tutorial_interfaces/cmake/ament_cmake_export_include_directories-extras.cmake
[1.619s] -- Up-to-date: /home/fizzer/ros2_ws/install/tutorial_interfaces/share/tutorial_interfaces/cmake/rosidl_cmake_export_typesupport_libraries-extras.cmake
[1.619s] -- Up-to-date: /home/fizzer/ros2_ws/install/tutorial_interfaces/share/tutorial_interfaces/cmake/rosidl_cmake_export_typesupport_targets-extras.cmake
[1.619s] -- Up-to-date: /home/fizzer/ros2_ws/install/tutorial_interfaces/share/tutorial_interfaces/cmake/tutorial_interfacesConfig.cmake
[1.619s] -- Up-to-date: /home/fizzer/ros2_ws/install/tutorial_interfaces/share/tutorial_interfaces/cmake/tutorial_interfacesConfig-version.cmake
[1.619s] -- Installing: /home/fizzer/ros2_ws/install/tutorial_interfaces/share/tutorial_interfaces/package.xml
[1.623s] Invoked command in '/home/fizzer/ros2_ws/build/tutorial_interfaces' returned '0': CMAKE_PREFIX_PATH=${CMAKE_PREFIX_PATH}:/home/fizzer/ros2_ws/install/test_pkg:/home/fizzer/ros2_ws/install/my_package:/home/fizzer/ros2_ws/install/keyDrive:/home/fizzer/ros2_ws/install/cameraTests:/opt/ros/foxy /usr/bin/cmake --install /home/fizzer/ros2_ws/build/tutorial_interfaces
