[1.114s] Invoking command in '/home/fizzer/ros2_ws/src/my_package': PYTHONPATH=/home/fizzer/ros2_ws/install/my_package/lib/python3.8/site-packages:${PYTHONPATH} /usr/bin/python3 setup.py egg_info --egg-base ../../build/my_package build --build-base /home/fizzer/ros2_ws/build/my_package/build install --prefix /home/fizzer/ros2_ws/install/my_package --record /home/fizzer/ros2_ws/build/my_package/install.log --single-version-externally-managed
[1.988s] running egg_info
[1.989s] writing ../../build/my_package/my_package.egg-info/PKG-INFO
[2.040s] writing dependency_links to ../../build/my_package/my_package.egg-info/dependency_links.txt
[2.041s] writing entry points to ../../build/my_package/my_package.egg-info/entry_points.txt
[2.041s] writing requirements to ../../build/my_package/my_package.egg-info/requires.txt
[2.041s] writing top-level names to ../../build/my_package/my_package.egg-info/top_level.txt
[2.982s] reading manifest file '../../build/my_package/my_package.egg-info/SOURCES.txt'
[3.002s] writing manifest file '../../build/my_package/my_package.egg-info/SOURCES.txt'
[3.002s] running build
[3.002s] running build_py
[3.094s] running install
[3.095s] running install_lib
[3.127s] running install_data
[3.159s] running install_egg_info
[3.217s] removing '/home/fizzer/ros2_ws/install/my_package/lib/python3.8/site-packages/my_package-0.0.0-py3.8.egg-info' (and everything under it)
[3.249s] Copying ../../build/my_package/my_package.egg-info to /home/fizzer/ros2_ws/install/my_package/lib/python3.8/site-packages/my_package-0.0.0-py3.8.egg-info
[3.263s] running install_scripts
[3.541s] Installing cli script to /home/fizzer/ros2_ws/install/my_package/lib/my_package
[3.541s] Installing double_pub script to /home/fizzer/ros2_ws/install/my_package/lib/my_package
[3.542s] Installing listen script to /home/fizzer/ros2_ws/install/my_package/lib/my_package
[3.542s] Installing listen2 script to /home/fizzer/ros2_ws/install/my_package/lib/my_package
[3.543s] Installing my_node script to /home/fizzer/ros2_ws/install/my_package/lib/my_package
[3.543s] Installing serv script to /home/fizzer/ros2_ws/install/my_package/lib/my_package
[3.543s] Installing talk script to /home/fizzer/ros2_ws/install/my_package/lib/my_package
[3.543s] Installing talk2 script to /home/fizzer/ros2_ws/install/my_package/lib/my_package
[3.543s] writing list of installed files to '/home/fizzer/ros2_ws/build/my_package/install.log'
[3.746s] Invoked command in '/home/fizzer/ros2_ws/src/my_package' returned '0': PYTHONPATH=/home/fizzer/ros2_ws/install/my_package/lib/python3.8/site-packages:${PYTHONPATH} /usr/bin/python3 setup.py egg_info --egg-base ../../build/my_package build --build-base /home/fizzer/ros2_ws/build/my_package/build install --prefix /home/fizzer/ros2_ws/install/my_package --record /home/fizzer/ros2_ws/build/my_package/install.log --single-version-externally-managed
