[1.242s] Invoking command in '/home/fizzer/ros2_ws/src/my_package': PYTHONPATH=/home/fizzer/ros2_ws/src/install/my_package/lib/python3.8/site-packages:${PYTHONPATH} /usr/bin/python3 setup.py egg_info --egg-base ../build/my_package build --build-base /home/fizzer/ros2_ws/src/build/my_package/build install --prefix /home/fizzer/ros2_ws/src/install/my_package --record /home/fizzer/ros2_ws/src/build/my_package/install.log --single-version-externally-managed
[1.787s] running egg_info
[1.789s] creating ../build/my_package/my_package.egg-info
[1.790s] writing ../build/my_package/my_package.egg-info/PKG-INFO
[1.791s] writing dependency_links to ../build/my_package/my_package.egg-info/dependency_links.txt
[1.792s] writing entry points to ../build/my_package/my_package.egg-info/entry_points.txt
[1.792s] writing requirements to ../build/my_package/my_package.egg-info/requires.txt
[1.793s] writing top-level names to ../build/my_package/my_package.egg-info/top_level.txt
[1.796s] writing manifest file '../build/my_package/my_package.egg-info/SOURCES.txt'
[1.853s] reading manifest file '../build/my_package/my_package.egg-info/SOURCES.txt'
[1.854s] writing manifest file '../build/my_package/my_package.egg-info/SOURCES.txt'
[1.855s] running build
[1.855s] running build_py
[1.855s] creating /home/fizzer/ros2_ws/src/build/my_package/build
[1.856s] creating /home/fizzer/ros2_ws/src/build/my_package/build/lib
[1.856s] creating /home/fizzer/ros2_ws/src/build/my_package/build/lib/my_package
[1.856s] copying my_package/my_node.py -> /home/fizzer/ros2_ws/src/build/my_package/build/lib/my_package
[1.856s] copying my_package/__init__.py -> /home/fizzer/ros2_ws/src/build/my_package/build/lib/my_package
[1.857s] running install
[1.858s] running install_lib
[1.861s] creating /home/fizzer/ros2_ws/src/install/my_package/lib/python3.8/site-packages/my_package
[1.861s] copying /home/fizzer/ros2_ws/src/build/my_package/build/lib/my_package/my_node.py -> /home/fizzer/ros2_ws/src/install/my_package/lib/python3.8/site-packages/my_package
[1.861s] copying /home/fizzer/ros2_ws/src/build/my_package/build/lib/my_package/__init__.py -> /home/fizzer/ros2_ws/src/install/my_package/lib/python3.8/site-packages/my_package
[1.862s] byte-compiling /home/fizzer/ros2_ws/src/install/my_package/lib/python3.8/site-packages/my_package/my_node.py to my_node.cpython-38.pyc
[1.864s] byte-compiling /home/fizzer/ros2_ws/src/install/my_package/lib/python3.8/site-packages/my_package/__init__.py to __init__.cpython-38.pyc
[1.865s] running install_data
[1.867s] creating /home/fizzer/ros2_ws/src/install/my_package/share/ament_index
[1.867s] creating /home/fizzer/ros2_ws/src/install/my_package/share/ament_index/resource_index
[1.867s] creating /home/fizzer/ros2_ws/src/install/my_package/share/ament_index/resource_index/packages
[1.867s] copying resource/my_package -> /home/fizzer/ros2_ws/src/install/my_package/share/ament_index/resource_index/packages
[1.867s] copying package.xml -> /home/fizzer/ros2_ws/src/install/my_package/share/my_package
[1.868s] running install_egg_info
[1.871s] Copying ../build/my_package/my_package.egg-info to /home/fizzer/ros2_ws/src/install/my_package/lib/python3.8/site-packages/my_package-0.0.0-py3.8.egg-info
[1.873s] running install_scripts
[1.916s] Installing my_node script to /home/fizzer/ros2_ws/src/install/my_package/lib/my_package
[1.917s] writing list of installed files to '/home/fizzer/ros2_ws/src/build/my_package/install.log'
[2.294s] Invoked command in '/home/fizzer/ros2_ws/src/my_package' returned '0': PYTHONPATH=/home/fizzer/ros2_ws/src/install/my_package/lib/python3.8/site-packages:${PYTHONPATH} /usr/bin/python3 setup.py egg_info --egg-base ../build/my_package build --build-base /home/fizzer/ros2_ws/src/build/my_package/build install --prefix /home/fizzer/ros2_ws/src/install/my_package --record /home/fizzer/ros2_ws/src/build/my_package/install.log --single-version-externally-managed
