[0.015s] Invoking command in '/home/fizzer/ros2_ws/build/tutorial_interfaces': CMAKE_PREFIX_PATH=/opt/ros/foxy /usr/bin/cmake /home/fizzer/ros2_ws/src/tutorial_interfaces -DCMAKE_INSTALL_PREFIX=/home/fizzer/ros2_ws/install/tutorial_interfaces
[1.106s] -- The C compiler identification is GNU 9.3.0
[2.232s] -- The CXX compiler identification is GNU 9.3.0
[2.350s] -- Check for working C compiler: /usr/bin/cc
[2.566s] -- Check for working C compiler: /usr/bin/cc -- works
[2.567s] -- Detecting C compiler ABI info
[2.689s] -- Detecting C compiler ABI info - done
[2.709s] -- Detecting C compile features
[2.727s] -- Detecting C compile features - done
[2.737s] -- Check for working CXX compiler: /usr/bin/c++
[2.842s] -- Check for working CXX compiler: /usr/bin/c++ -- works
[2.844s] -- Detecting CXX compiler ABI info
[2.953s] -- Detecting CXX compiler ABI info - done
[2.968s] -- Detecting CXX compile features
[2.969s] -- Detecting CXX compile features - done
[3.035s] -- Found ament_cmake: 0.9.8 (/opt/ros/foxy/share/ament_cmake/cmake)
[3.125s] -- Found PythonInterp: /usr/bin/python3 (found suitable version "3.8.5", minimum required is "3") 
[3.125s] -- Using PYTHON_EXECUTABLE: /usr/bin/python3
[3.544s] -- Found ament_lint_auto: 0.9.6 (/opt/ros/foxy/share/ament_lint_auto/cmake)
[3.725s] -- Added test 'copyright' to check source files copyright and LICENSE
[3.729s] -- Added test 'lint_cmake' to check CMake code style
[3.731s] -- Added test 'xmllint' to check XML markup files
[3.765s] -- Found rosidl_default_generators: 1.0.1 (/opt/ros/foxy/share/rosidl_default_generators/cmake)
[3.825s] -- Using all available rosidl_typesupport_c: rosidl_typesupport_fastrtps_c;rosidl_typesupport_introspection_c
[3.910s] -- Found rosidl_adapter: 1.2.1 (/opt/ros/foxy/share/rosidl_adapter/cmake)
[4.422s] -- Found OpenSSL: /usr/lib/x86_64-linux-gnu/libcrypto.so (found version "1.1.1f")  
[4.496s] -- Found FastRTPS: /opt/ros/foxy/include  
[4.696s] -- Using all available rosidl_typesupport_cpp: rosidl_typesupport_fastrtps_cpp;rosidl_typesupport_introspection_cpp
[4.822s] CMake Error at /opt/ros/foxy/share/rosidl_cmake/cmake/rosidl_generate_interfaces.cmake:64 (message):
[4.822s]   rosidl_generate_interfaces() must be called before ament_package()
[4.822s] Call Stack (most recent call first):
[4.823s]   CMakeLists.txt:39 (rosidl_generate_interfaces)
[4.823s] 
[4.823s] 
[4.824s] -- Configuring incomplete, errors occurred!
[4.824s] See also "/home/fizzer/ros2_ws/build/tutorial_interfaces/CMakeFiles/CMakeOutput.log".
[4.831s] Invoked command in '/home/fizzer/ros2_ws/build/tutorial_interfaces' returned '1': CMAKE_PREFIX_PATH=/opt/ros/foxy /usr/bin/cmake /home/fizzer/ros2_ws/src/tutorial_interfaces -DCMAKE_INSTALL_PREFIX=/home/fizzer/ros2_ws/install/tutorial_interfaces
