[0.188s] Invoking command in '/home/fizzer/ros2_ws/build/tutorial_interfaces': CMAKE_PREFIX_PATH=/opt/ros/foxy /usr/bin/cmake --build /home/fizzer/ros2_ws/build/tutorial_interfaces -- -j4 -l4
[1.045s] [  2%] Built target tutorial_interfaces__cpp
[1.156s] [ 12%] Built target tutorial_interfaces__rosidl_generator_c
[1.244s] [ 33%] Built target tutorial_interfaces__rosidl_typesupport_introspection_cpp
[1.245s] [ 33%] Built target tutorial_interfaces__rosidl_typesupport_cpp
[1.267s] [ 43%] Built target tutorial_interfaces__rosidl_typesupport_introspection_c
[1.384s] [ 53%] Built target tutorial_interfaces__rosidl_typesupport_c
[1.402s] [ 64%] Built target tutorial_interfaces__rosidl_typesupport_fastrtps_cpp
[1.521s] [ 74%] Built target tutorial_interfaces__rosidl_typesupport_fastrtps_c
[1.566s] [ 74%] Built target tutorial_interfaces
[1.621s] [ 76%] Built target tutorial_interfaces__py
[1.740s] [ 84%] Built target tutorial_interfaces__python
[1.860s] [ 89%] Built target tutorial_interfaces__rosidl_typesupport_introspection_c__pyext
[1.873s] [ 94%] Built target tutorial_interfaces__rosidl_typesupport_c__pyext
[1.884s] [100%] Built target tutorial_interfaces__rosidl_typesupport_fastrtps_c__pyext
[1.901s] Invoked command in '/home/fizzer/ros2_ws/build/tutorial_interfaces' returned '0': CMAKE_PREFIX_PATH=/opt/ros/foxy /usr/bin/cmake --build /home/fizzer/ros2_ws/build/tutorial_interfaces -- -j4 -l4
[2.005s] Invoking command in '/home/fizzer/ros2_ws/build/tutorial_interfaces': CMAKE_PREFIX_PATH=/opt/ros/foxy /usr/bin/cmake --install /home/fizzer/ros2_ws/build/tutorial_interfaces
[2.074s] -- Install configuration: ""
[2.089s] -- Up-to-date: /home/fizzer/ros2_ws/install/tutorial_interfaces/share/ament_index/resource_index/rosidl_interfaces/tutorial_interfaces
[2.089s] -- Up-to-date: /home/fizzer/ros2_ws/install/tutorial_interfaces/include/tutorial_interfaces
[2.089s] -- Up-to-date: /home/fizzer/ros2_ws/install/tutorial_interfaces/include/tutorial_interfaces/srv
[2.090s] -- Up-to-date: /home/fizzer/ros2_ws/install/tutorial_interfaces/include/tutorial_interfaces/srv/detail
[2.090s] -- Up-to-date: /home/fizzer/ros2_ws/install/tutorial_interfaces/include/tutorial_interfaces/srv/detail/add_three_ints__functions.c
[2.090s] -- Up-to-date: /home/fizzer/ros2_ws/install/tutorial_interfaces/include/tutorial_interfaces/srv/detail/add_three_ints__struct.h
[2.090s] -- Up-to-date: /home/fizzer/ros2_ws/install/tutorial_interfaces/include/tutorial_interfaces/srv/detail/add_three_ints__type_support.h
[2.091s] -- Up-to-date: /home/fizzer/ros2_ws/install/tutorial_interfaces/include/tutorial_interfaces/srv/detail/add_three_ints__functions.h
[2.091s] -- Up-to-date: /home/fizzer/ros2_ws/install/tutorial_interfaces/include/tutorial_interfaces/srv/add_three_ints.h
[2.091s] -- Up-to-date: /home/fizzer/ros2_ws/install/tutorial_interfaces/include/tutorial_interfaces/msg
[2.091s] -- Up-to-date: /home/fizzer/ros2_ws/install/tutorial_interfaces/include/tutorial_interfaces/msg/detail
[2.091s] -- Up-to-date: /home/fizzer/ros2_ws/install/tutorial_interfaces/include/tutorial_interfaces/msg/detail/num__struct.h
[2.091s] -- Up-to-date: /home/fizzer/ros2_ws/install/tutorial_interfaces/include/tutorial_interfaces/msg/detail/num__type_support.h
[2.091s] -- Up-to-date: /home/fizzer/ros2_ws/install/tutorial_interfaces/include/tutorial_interfaces/msg/detail/num__functions.c
[2.091s] -- Up-to-date: /home/fizzer/ros2_ws/install/tutorial_interfaces/include/tutorial_interfaces/msg/detail/num__functions.h
[2.091s] -- Up-to-date: /home/fizzer/ros2_ws/install/tutorial_interfaces/include/tutorial_interfaces/msg/rosidl_generator_c__visibility_control.h
[2.092s] -- Up-to-date: /home/fizzer/ros2_ws/install/tutorial_interfaces/include/tutorial_interfaces/msg/num.h
[2.092s] -- Up-to-date: /home/fizzer/ros2_ws/install/tutorial_interfaces/share/tutorial_interfaces/environment/library_path.sh
[2.092s] -- Up-to-date: /home/fizzer/ros2_ws/install/tutorial_interfaces/share/tutorial_interfaces/environment/library_path.dsv
[2.100s] -- Up-to-date: /home/fizzer/ros2_ws/install/tutorial_interfaces/lib/libtutorial_interfaces__rosidl_generator_c.so
[2.100s] -- Up-to-date: /home/fizzer/ros2_ws/install/tutorial_interfaces/include/tutorial_interfaces
[2.101s] -- Up-to-date: /home/fizzer/ros2_ws/install/tutorial_interfaces/include/tutorial_interfaces/srv
[2.101s] -- Up-to-date: /home/fizzer/ros2_ws/install/tutorial_interfaces/include/tutorial_interfaces/srv/detail
[2.101s] -- Up-to-date: /home/fizzer/ros2_ws/install/tutorial_interfaces/include/tutorial_interfaces/srv/detail/add_three_ints__rosidl_typesupport_fastrtps_c.h
[2.101s] -- Up-to-date: /home/fizzer/ros2_ws/install/tutorial_interfaces/include/tutorial_interfaces/msg
[2.101s] -- Up-to-date: /home/fizzer/ros2_ws/install/tutorial_interfaces/include/tutorial_interfaces/msg/detail
[2.101s] -- Up-to-date: /home/fizzer/ros2_ws/install/tutorial_interfaces/include/tutorial_interfaces/msg/detail/num__rosidl_typesupport_fastrtps_c.h
[2.101s] -- Up-to-date: /home/fizzer/ros2_ws/install/tutorial_interfaces/include/tutorial_interfaces/msg/rosidl_typesupport_fastrtps_c__visibility_control.h
[2.113s] -- Up-to-date: /home/fizzer/ros2_ws/install/tutorial_interfaces/lib/libtutorial_interfaces__rosidl_typesupport_fastrtps_c.so
[2.113s] -- Up-to-date: /home/fizzer/ros2_ws/install/tutorial_interfaces/include/tutorial_interfaces
[2.114s] -- Up-to-date: /home/fizzer/ros2_ws/install/tutorial_interfaces/include/tutorial_interfaces/srv
[2.114s] -- Up-to-date: /home/fizzer/ros2_ws/install/tutorial_interfaces/include/tutorial_interfaces/srv/detail
[2.114s] -- Up-to-date: /home/fizzer/ros2_ws/install/tutorial_interfaces/include/tutorial_interfaces/srv/detail/dds_fastrtps
[2.114s] -- Up-to-date: /home/fizzer/ros2_ws/install/tutorial_interfaces/include/tutorial_interfaces/srv/detail/add_three_ints__rosidl_typesupport_fastrtps_cpp.hpp
[2.114s] -- Up-to-date: /home/fizzer/ros2_ws/install/tutorial_interfaces/include/tutorial_interfaces/msg
[2.114s] -- Up-to-date: /home/fizzer/ros2_ws/install/tutorial_interfaces/include/tutorial_interfaces/msg/detail
[2.114s] -- Up-to-date: /home/fizzer/ros2_ws/install/tutorial_interfaces/include/tutorial_interfaces/msg/detail/dds_fastrtps
[2.114s] -- Up-to-date: /home/fizzer/ros2_ws/install/tutorial_interfaces/include/tutorial_interfaces/msg/detail/num__rosidl_typesupport_fastrtps_cpp.hpp
[2.114s] -- Up-to-date: /home/fizzer/ros2_ws/install/tutorial_interfaces/include/tutorial_interfaces/msg/rosidl_typesupport_fastrtps_cpp__visibility_control.h
[2.115s] -- Up-to-date: /home/fizzer/ros2_ws/install/tutorial_interfaces/lib/libtutorial_interfaces__rosidl_typesupport_fastrtps_cpp.so
[2.116s] -- Up-to-date: /home/fizzer/ros2_ws/install/tutorial_interfaces/include/tutorial_interfaces
[2.116s] -- Up-to-date: /home/fizzer/ros2_ws/install/tutorial_interfaces/include/tutorial_interfaces/srv
[2.116s] -- Up-to-date: /home/fizzer/ros2_ws/install/tutorial_interfaces/include/tutorial_interfaces/srv/detail
[2.116s] -- Up-to-date: /home/fizzer/ros2_ws/install/tutorial_interfaces/include/tutorial_interfaces/srv/detail/add_three_ints__rosidl_typesupport_introspection_c.h
[2.116s] -- Up-to-date: /home/fizzer/ros2_ws/install/tutorial_interfaces/include/tutorial_interfaces/srv/detail/add_three_ints__type_support.c
[2.116s] -- Up-to-date: /home/fizzer/ros2_ws/install/tutorial_interfaces/include/tutorial_interfaces/msg
[2.116s] -- Up-to-date: /home/fizzer/ros2_ws/install/tutorial_interfaces/include/tutorial_interfaces/msg/detail
[2.116s] -- Up-to-date: /home/fizzer/ros2_ws/install/tutorial_interfaces/include/tutorial_interfaces/msg/detail/num__rosidl_typesupport_introspection_c.h
[2.116s] -- Up-to-date: /home/fizzer/ros2_ws/install/tutorial_interfaces/include/tutorial_interfaces/msg/detail/num__type_support.c
[2.116s] -- Up-to-date: /home/fizzer/ros2_ws/install/tutorial_interfaces/include/tutorial_interfaces/msg/rosidl_typesupport_introspection_c__visibility_control.h
[2.117s] -- Up-to-date: /home/fizzer/ros2_ws/install/tutorial_interfaces/lib/libtutorial_interfaces__rosidl_typesupport_introspection_c.so
[2.117s] -- Up-to-date: /home/fizzer/ros2_ws/install/tutorial_interfaces/lib/libtutorial_interfaces__rosidl_typesupport_c.so
[2.118s] -- Up-to-date: /home/fizzer/ros2_ws/install/tutorial_interfaces/include/tutorial_interfaces
[2.118s] -- Up-to-date: /home/fizzer/ros2_ws/install/tutorial_interfaces/include/tutorial_interfaces/srv
[2.118s] -- Up-to-date: /home/fizzer/ros2_ws/install/tutorial_interfaces/include/tutorial_interfaces/srv/detail
[2.118s] -- Up-to-date: /home/fizzer/ros2_ws/install/tutorial_interfaces/include/tutorial_interfaces/srv/detail/add_three_ints__traits.hpp
[2.119s] -- Up-to-date: /home/fizzer/ros2_ws/install/tutorial_interfaces/include/tutorial_interfaces/srv/detail/add_three_ints__struct.hpp
[2.119s] -- Up-to-date: /home/fizzer/ros2_ws/install/tutorial_interfaces/include/tutorial_interfaces/srv/detail/add_three_ints__builder.hpp
[2.119s] -- Up-to-date: /home/fizzer/ros2_ws/install/tutorial_interfaces/include/tutorial_interfaces/srv/add_three_ints.hpp
[2.119s] -- Up-to-date: /home/fizzer/ros2_ws/install/tutorial_interfaces/include/tutorial_interfaces/msg
[2.119s] -- Up-to-date: /home/fizzer/ros2_ws/install/tutorial_interfaces/include/tutorial_interfaces/msg/detail
[2.119s] -- Up-to-date: /home/fizzer/ros2_ws/install/tutorial_interfaces/include/tutorial_interfaces/msg/detail/num__builder.hpp
[2.119s] -- Up-to-date: /home/fizzer/ros2_ws/install/tutorial_interfaces/include/tutorial_interfaces/msg/detail/num__struct.hpp
[2.119s] -- Up-to-date: /home/fizzer/ros2_ws/install/tutorial_interfaces/include/tutorial_interfaces/msg/detail/num__traits.hpp
[2.119s] -- Up-to-date: /home/fizzer/ros2_ws/install/tutorial_interfaces/include/tutorial_interfaces/msg/num.hpp
[2.119s] -- Up-to-date: /home/fizzer/ros2_ws/install/tutorial_interfaces/include/tutorial_interfaces
[2.120s] -- Up-to-date: /home/fizzer/ros2_ws/install/tutorial_interfaces/include/tutorial_interfaces/srv
[2.120s] -- Up-to-date: /home/fizzer/ros2_ws/install/tutorial_interfaces/include/tutorial_interfaces/srv/detail
[2.120s] -- Up-to-date: /home/fizzer/ros2_ws/install/tutorial_interfaces/include/tutorial_interfaces/srv/detail/add_three_ints__rosidl_typesupport_introspection_cpp.hpp
[2.120s] -- Up-to-date: /home/fizzer/ros2_ws/install/tutorial_interfaces/include/tutorial_interfaces/srv/detail/add_three_ints__type_support.cpp
[2.120s] -- Up-to-date: /home/fizzer/ros2_ws/install/tutorial_interfaces/include/tutorial_interfaces/msg
[2.120s] -- Up-to-date: /home/fizzer/ros2_ws/install/tutorial_interfaces/include/tutorial_interfaces/msg/detail
[2.120s] -- Up-to-date: /home/fizzer/ros2_ws/install/tutorial_interfaces/include/tutorial_interfaces/msg/detail/num__rosidl_typesupport_introspection_cpp.hpp
[2.120s] -- Up-to-date: /home/fizzer/ros2_ws/install/tutorial_interfaces/include/tutorial_interfaces/msg/detail/num__type_support.cpp
[2.120s] -- Up-to-date: /home/fizzer/ros2_ws/install/tutorial_interfaces/lib/libtutorial_interfaces__rosidl_typesupport_introspection_cpp.so
[2.120s] -- Up-to-date: /home/fizzer/ros2_ws/install/tutorial_interfaces/lib/libtutorial_interfaces__rosidl_typesupport_cpp.so
[2.121s] -- Up-to-date: /home/fizzer/ros2_ws/install/tutorial_interfaces/share/tutorial_interfaces/environment/pythonpath.sh
[2.121s] -- Up-to-date: /home/fizzer/ros2_ws/install/tutorial_interfaces/share/tutorial_interfaces/environment/pythonpath.dsv
[2.121s] -- Up-to-date: /home/fizzer/ros2_ws/install/tutorial_interfaces/lib/python3.8/site-packages/tutorial_interfaces/__init__.py
[2.174s] -- Up-to-date: /home/fizzer/ros2_ws/install/tutorial_interfaces/lib/python3.8/site-packages/tutorial_interfaces/msg
[2.174s] -- Up-to-date: /home/fizzer/ros2_ws/install/tutorial_interfaces/lib/python3.8/site-packages/tutorial_interfaces/msg/__init__.py
[2.174s] -- Up-to-date: /home/fizzer/ros2_ws/install/tutorial_interfaces/lib/python3.8/site-packages/tutorial_interfaces/msg/_num.py
[2.174s] -- Up-to-date: /home/fizzer/ros2_ws/install/tutorial_interfaces/lib/python3.8/site-packages/tutorial_interfaces/msg/_num_s.c
[2.174s] -- Up-to-date: /home/fizzer/ros2_ws/install/tutorial_interfaces/lib/python3.8/site-packages/tutorial_interfaces/srv
[2.174s] -- Up-to-date: /home/fizzer/ros2_ws/install/tutorial_interfaces/lib/python3.8/site-packages/tutorial_interfaces/srv/_add_three_ints.py
[2.174s] -- Up-to-date: /home/fizzer/ros2_ws/install/tutorial_interfaces/lib/python3.8/site-packages/tutorial_interfaces/srv/__init__.py
[2.175s] -- Up-to-date: /home/fizzer/ros2_ws/install/tutorial_interfaces/lib/python3.8/site-packages/tutorial_interfaces/srv/_add_three_ints_s.c
[2.177s] -- Up-to-date: /home/fizzer/ros2_ws/install/tutorial_interfaces/lib/python3.8/site-packages/tutorial_interfaces/tutorial_interfaces_s__rosidl_typesupport_fastrtps_c.cpython-38-x86_64-linux-gnu.so
[2.179s] -- Up-to-date: /home/fizzer/ros2_ws/install/tutorial_interfaces/lib/python3.8/site-packages/tutorial_interfaces/tutorial_interfaces_s__rosidl_typesupport_introspection_c.cpython-38-x86_64-linux-gnu.so
[2.180s] -- Up-to-date: /home/fizzer/ros2_ws/install/tutorial_interfaces/lib/python3.8/site-packages/tutorial_interfaces/tutorial_interfaces_s__rosidl_typesupport_c.cpython-38-x86_64-linux-gnu.so
[2.181s] -- Up-to-date: /home/fizzer/ros2_ws/install/tutorial_interfaces/lib/libtutorial_interfaces__python.so
[2.182s] -- Up-to-date: /home/fizzer/ros2_ws/install/tutorial_interfaces/share/tutorial_interfaces/msg/Num.idl
[2.182s] -- Up-to-date: /home/fizzer/ros2_ws/install/tutorial_interfaces/share/tutorial_interfaces/srv/AddThreeInts.idl
[2.182s] -- Up-to-date: /home/fizzer/ros2_ws/install/tutorial_interfaces/share/tutorial_interfaces/msg/Num.msg
[2.183s] -- Up-to-date: /home/fizzer/ros2_ws/install/tutorial_interfaces/share/tutorial_interfaces/srv/AddThreeInts.srv
[2.183s] -- Up-to-date: /home/fizzer/ros2_ws/install/tutorial_interfaces/share/tutorial_interfaces/srv/AddThreeInts_Request.msg
[2.183s] -- Up-to-date: /home/fizzer/ros2_ws/install/tutorial_interfaces/share/tutorial_interfaces/srv/AddThreeInts_Response.msg
[2.190s] -- Up-to-date: /home/fizzer/ros2_ws/install/tutorial_interfaces/share/ament_index/resource_index/package_run_dependencies/tutorial_interfaces
[2.190s] -- Up-to-date: /home/fizzer/ros2_ws/install/tutorial_interfaces/share/ament_index/resource_index/parent_prefix_path/tutorial_interfaces
[2.191s] -- Up-to-date: /home/fizzer/ros2_ws/install/tutorial_interfaces/share/tutorial_interfaces/environment/ament_prefix_path.sh
[2.191s] -- Up-to-date: /home/fizzer/ros2_ws/install/tutorial_interfaces/share/tutorial_interfaces/environment/ament_prefix_path.dsv
[2.191s] -- Up-to-date: /home/fizzer/ros2_ws/install/tutorial_interfaces/share/tutorial_interfaces/environment/path.sh
[2.191s] -- Up-to-date: /home/fizzer/ros2_ws/install/tutorial_interfaces/share/tutorial_interfaces/environment/path.dsv
[2.192s] -- Up-to-date: /home/fizzer/ros2_ws/install/tutorial_interfaces/share/tutorial_interfaces/local_setup.bash
[2.192s] -- Up-to-date: /home/fizzer/ros2_ws/install/tutorial_interfaces/share/tutorial_interfaces/local_setup.sh
[2.192s] -- Up-to-date: /home/fizzer/ros2_ws/install/tutorial_interfaces/share/tutorial_interfaces/local_setup.zsh
[2.192s] -- Up-to-date: /home/fizzer/ros2_ws/install/tutorial_interfaces/share/tutorial_interfaces/local_setup.dsv
[2.192s] -- Up-to-date: /home/fizzer/ros2_ws/install/tutorial_interfaces/share/tutorial_interfaces/package.dsv
[2.192s] -- Up-to-date: /home/fizzer/ros2_ws/install/tutorial_interfaces/share/ament_index/resource_index/packages/tutorial_interfaces
[2.218s] -- Up-to-date: /home/fizzer/ros2_ws/install/tutorial_interfaces/share/tutorial_interfaces/cmake/tutorial_interfaces__rosidl_generator_cExport.cmake
[2.218s] -- Up-to-date: /home/fizzer/ros2_ws/install/tutorial_interfaces/share/tutorial_interfaces/cmake/tutorial_interfaces__rosidl_generator_cExport-noconfig.cmake
[2.233s] -- Up-to-date: /home/fizzer/ros2_ws/install/tutorial_interfaces/share/tutorial_interfaces/cmake/tutorial_interfaces__rosidl_typesupport_introspection_cExport.cmake
[2.233s] -- Up-to-date: /home/fizzer/ros2_ws/install/tutorial_interfaces/share/tutorial_interfaces/cmake/tutorial_interfaces__rosidl_typesupport_introspection_cExport-noconfig.cmake
[2.234s] -- Up-to-date: /home/fizzer/ros2_ws/install/tutorial_interfaces/share/tutorial_interfaces/cmake/tutorial_interfaces__rosidl_typesupport_cExport.cmake
[2.234s] -- Up-to-date: /home/fizzer/ros2_ws/install/tutorial_interfaces/share/tutorial_interfaces/cmake/tutorial_interfaces__rosidl_typesupport_cExport-noconfig.cmake
[2.234s] -- Up-to-date: /home/fizzer/ros2_ws/install/tutorial_interfaces/share/tutorial_interfaces/cmake/tutorial_interfaces__rosidl_generator_cppExport.cmake
[2.235s] -- Up-to-date: /home/fizzer/ros2_ws/install/tutorial_interfaces/share/tutorial_interfaces/cmake/tutorial_interfaces__rosidl_typesupport_introspection_cppExport.cmake
[2.235s] -- Up-to-date: /home/fizzer/ros2_ws/install/tutorial_interfaces/share/tutorial_interfaces/cmake/tutorial_interfaces__rosidl_typesupport_introspection_cppExport-noconfig.cmake
[2.247s] -- Up-to-date: /home/fizzer/ros2_ws/install/tutorial_interfaces/share/tutorial_interfaces/cmake/tutorial_interfaces__rosidl_typesupport_cppExport.cmake
[2.247s] -- Up-to-date: /home/fizzer/ros2_ws/install/tutorial_interfaces/share/tutorial_interfaces/cmake/tutorial_interfaces__rosidl_typesupport_cppExport-noconfig.cmake
[2.248s] -- Up-to-date: /home/fizzer/ros2_ws/install/tutorial_interfaces/share/tutorial_interfaces/cmake/rosidl_cmake-extras.cmake
[2.248s] -- Up-to-date: /home/fizzer/ros2_ws/install/tutorial_interfaces/share/tutorial_interfaces/cmake/ament_cmake_export_dependencies-extras.cmake
[2.248s] -- Up-to-date: /home/fizzer/ros2_ws/install/tutorial_interfaces/share/tutorial_interfaces/cmake/ament_cmake_export_libraries-extras.cmake
[2.248s] -- Up-to-date: /home/fizzer/ros2_ws/install/tutorial_interfaces/share/tutorial_interfaces/cmake/ament_cmake_export_targets-extras.cmake
[2.249s] -- Up-to-date: /home/fizzer/ros2_ws/install/tutorial_interfaces/share/tutorial_interfaces/cmake/ament_cmake_export_include_directories-extras.cmake
[2.249s] -- Up-to-date: /home/fizzer/ros2_ws/install/tutorial_interfaces/share/tutorial_interfaces/cmake/rosidl_cmake_export_typesupport_libraries-extras.cmake
[2.249s] -- Up-to-date: /home/fizzer/ros2_ws/install/tutorial_interfaces/share/tutorial_interfaces/cmake/rosidl_cmake_export_typesupport_targets-extras.cmake
[2.249s] -- Up-to-date: /home/fizzer/ros2_ws/install/tutorial_interfaces/share/tutorial_interfaces/cmake/tutorial_interfacesConfig.cmake
[2.249s] -- Up-to-date: /home/fizzer/ros2_ws/install/tutorial_interfaces/share/tutorial_interfaces/cmake/tutorial_interfacesConfig-version.cmake
[2.249s] -- Up-to-date: /home/fizzer/ros2_ws/install/tutorial_interfaces/share/tutorial_interfaces/package.xml
[2.253s] Invoked command in '/home/fizzer/ros2_ws/build/tutorial_interfaces' returned '0': CMAKE_PREFIX_PATH=/opt/ros/foxy /usr/bin/cmake --install /home/fizzer/ros2_ws/build/tutorial_interfaces
