[0.318s] Invoking command in '/home/fizzer/ros2_ws/src/my_package': PYTHONPATH=/home/fizzer/ros2_ws/install/my_package/lib/python3.8/site-packages:${PYTHONPATH} /usr/bin/python3 setup.py egg_info --egg-base ../../build/my_package build --build-base /home/fizzer/ros2_ws/build/my_package/build install --prefix /home/fizzer/ros2_ws/install/my_package --record /home/fizzer/ros2_ws/build/my_package/install.log --single-version-externally-managed
[0.593s] running egg_info
[0.594s] writing ../../build/my_package/my_package.egg-info/PKG-INFO
[0.594s] writing dependency_links to ../../build/my_package/my_package.egg-info/dependency_links.txt
[0.595s] writing entry points to ../../build/my_package/my_package.egg-info/entry_points.txt
[0.595s] writing requirements to ../../build/my_package/my_package.egg-info/requires.txt
[0.595s] writing top-level names to ../../build/my_package/my_package.egg-info/top_level.txt
[0.636s] reading manifest file '../../build/my_package/my_package.egg-info/SOURCES.txt'
[0.637s] writing manifest file '../../build/my_package/my_package.egg-info/SOURCES.txt'
[0.637s] running build
[0.637s] running build_py
[0.638s] copying my_package/client.py -> /home/fizzer/ros2_ws/build/my_package/build/lib/my_package
[0.638s] running install
[0.639s] running install_lib
[0.641s] copying /home/fizzer/ros2_ws/build/my_package/build/lib/my_package/client.py -> /home/fizzer/ros2_ws/install/my_package/lib/python3.8/site-packages/my_package
[0.641s] byte-compiling /home/fizzer/ros2_ws/install/my_package/lib/python3.8/site-packages/my_package/client.py to client.cpython-38.pyc
[0.643s] running install_data
[0.644s] running install_egg_info
[0.646s] removing '/home/fizzer/ros2_ws/install/my_package/lib/python3.8/site-packages/my_package-0.0.0-py3.8.egg-info' (and everything under it)
[0.646s] Copying ../../build/my_package/my_package.egg-info to /home/fizzer/ros2_ws/install/my_package/lib/python3.8/site-packages/my_package-0.0.0-py3.8.egg-info
[0.647s] running install_scripts
[0.669s] Installing cli script to /home/fizzer/ros2_ws/install/my_package/lib/my_package
[0.669s] Installing listen script to /home/fizzer/ros2_ws/install/my_package/lib/my_package
[0.669s] Installing listen2 script to /home/fizzer/ros2_ws/install/my_package/lib/my_package
[0.669s] Installing my_node script to /home/fizzer/ros2_ws/install/my_package/lib/my_package
[0.669s] Installing serv script to /home/fizzer/ros2_ws/install/my_package/lib/my_package
[0.670s] Installing talk script to /home/fizzer/ros2_ws/install/my_package/lib/my_package
[0.670s] Installing talk2 script to /home/fizzer/ros2_ws/install/my_package/lib/my_package
[0.670s] writing list of installed files to '/home/fizzer/ros2_ws/build/my_package/install.log'
[0.699s] Invoked command in '/home/fizzer/ros2_ws/src/my_package' returned '0': PYTHONPATH=/home/fizzer/ros2_ws/install/my_package/lib/python3.8/site-packages:${PYTHONPATH} /usr/bin/python3 setup.py egg_info --egg-base ../../build/my_package build --build-base /home/fizzer/ros2_ws/build/my_package/build install --prefix /home/fizzer/ros2_ws/install/my_package --record /home/fizzer/ros2_ws/build/my_package/install.log --single-version-externally-managed
