[8.585s] DEBUG:colcon:Command line arguments: ['/usr/bin/colcon', 'build', '--packages-select', 'keyDrive']
[8.585s] DEBUG:colcon:Parsed command line arguments: Namespace(ament_cmake_args=None, base_paths=['.'], build_base='build', catkin_cmake_args=None, catkin_skip_building_tests=False, cmake_args=None, cmake_clean_cache=False, cmake_clean_first=False, cmake_force_configure=False, cmake_target=None, cmake_target_skip_unavailable=False, continue_on_error=False, event_handlers=None, executor='parallel', ignore_user_meta=False, install_base='install', log_base=None, log_level=None, main=<bound method BuildVerb.main of <colcon_core.verb.build.BuildVerb object at 0x7f7e752ff250>>, merge_install=False, metas=['./colcon.meta'], packages_above=None, packages_above_and_dependencies=None, packages_above_depth=None, packages_end=None, packages_ignore=None, packages_ignore_regex=None, packages_select=['keyDrive'], packages_select_build_failed=False, packages_select_by_dep=None, packages_select_regex=None, packages_select_test_failures=False, packages_skip=None, packages_skip_build_finished=False, packages_skip_by_dep=None, packages_skip_regex=None, packages_skip_test_passed=False, packages_skip_up_to=None, packages_start=None, packages_up_to=None, packages_up_to_regex=None, parallel_workers=4, paths=None, symlink_install=False, test_result_base=None, verb_extension=<colcon_core.verb.build.BuildVerb object at 0x7f7e752ff250>, verb_name='build', verb_parser=<colcon_defaults.argument_parser.defaults.DefaultArgumentsDecorator object at 0x7f7e752ff790>)
[8.727s] Level 1:colcon.colcon_core.package_discovery:discover_packages(colcon_meta) check parameters
[8.727s] Level 1:colcon.colcon_core.package_discovery:discover_packages(recursive) check parameters
[8.727s] Level 1:colcon.colcon_core.package_discovery:discover_packages(ignore) check parameters
[8.727s] Level 1:colcon.colcon_core.package_discovery:discover_packages(path) check parameters
[8.727s] Level 1:colcon.colcon_core.package_discovery:discover_packages(colcon_meta) discover
[8.727s] Level 1:colcon.colcon_core.package_discovery:discover_packages(recursive) discover
[8.727s] INFO:colcon.colcon_core.package_discovery:Crawling recursively for packages in '/home/fizzer/ros2_ws'
[8.728s] Level 1:colcon.colcon_core.package_identification:_identify(.) by extensions ['ignore', 'ignore_ament_install']
[8.728s] Level 1:colcon.colcon_core.package_identification:_identify(.) by extension 'ignore'
[8.728s] Level 1:colcon.colcon_core.package_identification:_identify(.) by extension 'ignore_ament_install'
[8.728s] Level 1:colcon.colcon_core.package_identification:_identify(.) by extensions ['colcon_pkg']
[8.728s] Level 1:colcon.colcon_core.package_identification:_identify(.) by extension 'colcon_pkg'
[8.728s] Level 1:colcon.colcon_core.package_identification:_identify(.) by extensions ['colcon_meta']
[8.728s] Level 1:colcon.colcon_core.package_identification:_identify(.) by extension 'colcon_meta'
[8.728s] Level 1:colcon.colcon_core.package_identification:_identify(.) by extensions ['ros']
[8.728s] Level 1:colcon.colcon_core.package_identification:_identify(.) by extension 'ros'
[8.811s] Level 1:colcon.colcon_core.package_identification:_identify(.) by extensions ['cmake', 'python']
[8.811s] Level 1:colcon.colcon_core.package_identification:_identify(.) by extension 'cmake'
[8.811s] Level 1:colcon.colcon_core.package_identification:_identify(.) by extension 'python'
[8.811s] Level 1:colcon.colcon_core.package_identification:_identify(.) by extensions ['python_setup_py']
[8.811s] Level 1:colcon.colcon_core.package_identification:_identify(.) by extension 'python_setup_py'
[8.812s] Level 1:colcon.colcon_core.package_identification:_identify(build) by extensions ['ignore', 'ignore_ament_install']
[8.812s] Level 1:colcon.colcon_core.package_identification:_identify(build) by extension 'ignore'
[8.812s] Level 1:colcon.colcon_core.package_identification:_identify(build) ignored
[8.812s] Level 1:colcon.colcon_core.package_identification:_identify(install) by extensions ['ignore', 'ignore_ament_install']
[8.812s] Level 1:colcon.colcon_core.package_identification:_identify(install) by extension 'ignore'
[8.812s] Level 1:colcon.colcon_core.package_identification:_identify(install) ignored
[8.812s] Level 1:colcon.colcon_core.package_identification:_identify(log) by extensions ['ignore', 'ignore_ament_install']
[8.812s] Level 1:colcon.colcon_core.package_identification:_identify(log) by extension 'ignore'
[8.812s] Level 1:colcon.colcon_core.package_identification:_identify(log) ignored
[8.839s] Level 1:colcon.colcon_core.package_identification:_identify(src) by extensions ['ignore', 'ignore_ament_install']
[8.839s] Level 1:colcon.colcon_core.package_identification:_identify(src) by extension 'ignore'
[8.839s] Level 1:colcon.colcon_core.package_identification:_identify(src) by extension 'ignore_ament_install'
[8.839s] Level 1:colcon.colcon_core.package_identification:_identify(src) by extensions ['colcon_pkg']
[8.839s] Level 1:colcon.colcon_core.package_identification:_identify(src) by extension 'colcon_pkg'
[8.839s] Level 1:colcon.colcon_core.package_identification:_identify(src) by extensions ['colcon_meta']
[8.839s] Level 1:colcon.colcon_core.package_identification:_identify(src) by extension 'colcon_meta'
[8.839s] Level 1:colcon.colcon_core.package_identification:_identify(src) by extensions ['ros']
[8.839s] Level 1:colcon.colcon_core.package_identification:_identify(src) by extension 'ros'
[8.840s] Level 1:colcon.colcon_core.package_identification:_identify(src) by extensions ['cmake', 'python']
[8.840s] Level 1:colcon.colcon_core.package_identification:_identify(src) by extension 'cmake'
[8.840s] Level 1:colcon.colcon_core.package_identification:_identify(src) by extension 'python'
[8.840s] Level 1:colcon.colcon_core.package_identification:_identify(src) by extensions ['python_setup_py']
[8.840s] Level 1:colcon.colcon_core.package_identification:_identify(src) by extension 'python_setup_py'
[8.840s] Level 1:colcon.colcon_core.package_identification:_identify(src/keyDrive) by extensions ['ignore', 'ignore_ament_install']
[8.841s] Level 1:colcon.colcon_core.package_identification:_identify(src/keyDrive) by extension 'ignore'
[8.841s] Level 1:colcon.colcon_core.package_identification:_identify(src/keyDrive) by extension 'ignore_ament_install'
[8.841s] Level 1:colcon.colcon_core.package_identification:_identify(src/keyDrive) by extensions ['colcon_pkg']
[8.842s] Level 1:colcon.colcon_core.package_identification:_identify(src/keyDrive) by extension 'colcon_pkg'
[8.842s] Level 1:colcon.colcon_core.package_identification:_identify(src/keyDrive) by extensions ['colcon_meta']
[8.842s] Level 1:colcon.colcon_core.package_identification:_identify(src/keyDrive) by extension 'colcon_meta'
[8.842s] Level 1:colcon.colcon_core.package_identification:_identify(src/keyDrive) by extensions ['ros']
[8.842s] Level 1:colcon.colcon_core.package_identification:_identify(src/keyDrive) by extension 'ros'
[8.884s] DEBUG:colcon.colcon_core.package_identification:Package 'src/keyDrive' with type 'ros.ament_python' and name 'keyDrive'
[8.884s] Level 1:colcon.colcon_core.package_discovery:discover_packages(recursive) using defaults
[8.884s] Level 1:colcon.colcon_core.package_discovery:discover_packages(ignore) discover
[8.884s] Level 1:colcon.colcon_core.package_discovery:discover_packages(ignore) using defaults
[8.884s] Level 1:colcon.colcon_core.package_discovery:discover_packages(path) discover
[8.884s] Level 1:colcon.colcon_core.package_discovery:discover_packages(path) using defaults
[9.100s] Level 5:colcon.colcon_core.verb:set package 'keyDrive' build argument 'cmake_args' from command line to 'None'
[9.101s] Level 5:colcon.colcon_core.verb:set package 'keyDrive' build argument 'cmake_target' from command line to 'None'
[9.101s] Level 5:colcon.colcon_core.verb:set package 'keyDrive' build argument 'cmake_target_skip_unavailable' from command line to 'False'
[9.101s] Level 5:colcon.colcon_core.verb:set package 'keyDrive' build argument 'cmake_clean_cache' from command line to 'False'
[9.101s] Level 5:colcon.colcon_core.verb:set package 'keyDrive' build argument 'cmake_clean_first' from command line to 'False'
[9.101s] Level 5:colcon.colcon_core.verb:set package 'keyDrive' build argument 'cmake_force_configure' from command line to 'False'
[9.101s] Level 5:colcon.colcon_core.verb:set package 'keyDrive' build argument 'ament_cmake_args' from command line to 'None'
[9.101s] Level 5:colcon.colcon_core.verb:set package 'keyDrive' build argument 'catkin_cmake_args' from command line to 'None'
[9.101s] Level 5:colcon.colcon_core.verb:set package 'keyDrive' build argument 'catkin_skip_building_tests' from command line to 'False'
[9.101s] DEBUG:colcon.colcon_core.verb:Building package 'keyDrive' with the following arguments: {'ament_cmake_args': None, 'build_base': '/home/fizzer/ros2_ws/build/keyDrive', 'catkin_cmake_args': None, 'catkin_skip_building_tests': False, 'cmake_args': None, 'cmake_clean_cache': False, 'cmake_clean_first': False, 'cmake_force_configure': False, 'cmake_target': None, 'cmake_target_skip_unavailable': False, 'install_base': '/home/fizzer/ros2_ws/install/keyDrive', 'merge_install': False, 'path': '/home/fizzer/ros2_ws/src/keyDrive', 'symlink_install': False, 'test_result_base': None}
[9.101s] INFO:colcon.colcon_core.executor:Executing jobs using 'parallel' executor
[9.104s] DEBUG:colcon.colcon_parallel_executor.executor.parallel:run_until_complete
[9.104s] INFO:colcon.colcon_ros.task.ament_python.build:Building ROS package in '/home/fizzer/ros2_ws/src/keyDrive' with build type 'ament_python'
[9.104s] Level 1:colcon.colcon_core.shell:create_environment_hook('keyDrive', 'ament_prefix_path')
[9.195s] INFO:colcon.colcon_core.plugin_system:Skipping extension 'colcon_core.shell.bat': Not used on non-Windows systems
[9.195s] INFO:colcon.colcon_core.shell:Creating environment hook '/home/fizzer/ros2_ws/install/keyDrive/share/keyDrive/hook/ament_prefix_path.ps1'
[9.239s] INFO:colcon.colcon_core.shell:Creating environment descriptor '/home/fizzer/ros2_ws/install/keyDrive/share/keyDrive/hook/ament_prefix_path.dsv'
[9.267s] INFO:colcon.colcon_core.shell:Creating environment hook '/home/fizzer/ros2_ws/install/keyDrive/share/keyDrive/hook/ament_prefix_path.sh'
[9.269s] INFO:colcon.colcon_core.shell:Skip shell extension 'powershell' for command environment: Not usable outside of PowerShell
[9.269s] DEBUG:colcon.colcon_core.shell:Skip shell extension 'dsv' for command environment
[9.310s] DEBUG:colcon.colcon_core.shell:Ignoring prefix path '/opt/ros/foxy'
[9.643s] INFO:colcon.colcon_core.task.python.build:Building Python package in '/home/fizzer/ros2_ws/src/keyDrive'
[9.644s] INFO:colcon.colcon_core.shell:Skip shell extension 'powershell' for command environment: Not usable outside of PowerShell
[9.644s] DEBUG:colcon.colcon_core.shell:Skip shell extension 'dsv' for command environment
[9.647s] DEBUG:colcon.colcon_core.shell:Ignoring prefix path '/opt/ros/foxy'
[9.655s] DEBUG:colcon.colcon_core.event_handler.log_command:Invoking command in '/home/fizzer/ros2_ws/src/keyDrive': PYTHONPATH=/home/fizzer/ros2_ws/install/keyDrive/lib/python3.8/site-packages:${PYTHONPATH} /usr/bin/python3 setup.py egg_info --egg-base ../../build/keyDrive build --build-base /home/fizzer/ros2_ws/build/keyDrive/build install --prefix /home/fizzer/ros2_ws/install/keyDrive --record /home/fizzer/ros2_ws/build/keyDrive/install.log --single-version-externally-managed
[10.454s] DEBUG:colcon.colcon_core.event_handler.log_command:Invoked command in '/home/fizzer/ros2_ws/src/keyDrive' returned '0': PYTHONPATH=/home/fizzer/ros2_ws/install/keyDrive/lib/python3.8/site-packages:${PYTHONPATH} /usr/bin/python3 setup.py egg_info --egg-base ../../build/keyDrive build --build-base /home/fizzer/ros2_ws/build/keyDrive/build install --prefix /home/fizzer/ros2_ws/install/keyDrive --record /home/fizzer/ros2_ws/build/keyDrive/install.log --single-version-externally-managed
[10.550s] Level 1:colcon.colcon_core.environment:checking '/home/fizzer/ros2_ws/install/keyDrive' for CMake module files
[10.551s] Level 1:colcon.colcon_core.environment:checking '/home/fizzer/ros2_ws/install/keyDrive' for CMake config files
[10.552s] Level 1:colcon.colcon_core.environment:checking '/home/fizzer/ros2_ws/install/keyDrive/lib'
[10.552s] Level 1:colcon.colcon_core.environment:checking '/home/fizzer/ros2_ws/install/keyDrive/bin'
[10.552s] Level 1:colcon.colcon_core.environment:checking '/home/fizzer/ros2_ws/install/keyDrive/lib/pkgconfig/keyDrive.pc'
[10.552s] Level 1:colcon.colcon_core.environment:checking '/home/fizzer/ros2_ws/install/keyDrive/lib/python3.8/site-packages'
[10.552s] Level 1:colcon.colcon_core.shell:create_environment_hook('keyDrive', 'pythonpath')
[10.553s] INFO:colcon.colcon_core.shell:Creating environment hook '/home/fizzer/ros2_ws/install/keyDrive/share/keyDrive/hook/pythonpath.ps1'
[10.554s] INFO:colcon.colcon_core.shell:Creating environment descriptor '/home/fizzer/ros2_ws/install/keyDrive/share/keyDrive/hook/pythonpath.dsv'
[10.554s] INFO:colcon.colcon_core.shell:Creating environment hook '/home/fizzer/ros2_ws/install/keyDrive/share/keyDrive/hook/pythonpath.sh'
[10.555s] Level 1:colcon.colcon_core.environment:create_environment_scripts_only(keyDrive)
[10.555s] INFO:colcon.colcon_core.shell:Creating package script '/home/fizzer/ros2_ws/install/keyDrive/share/keyDrive/package.ps1'
[10.571s] INFO:colcon.colcon_core.shell:Creating package descriptor '/home/fizzer/ros2_ws/install/keyDrive/share/keyDrive/package.dsv'
[10.596s] INFO:colcon.colcon_core.shell:Creating package script '/home/fizzer/ros2_ws/install/keyDrive/share/keyDrive/package.sh'
[10.597s] INFO:colcon.colcon_core.shell:Creating package script '/home/fizzer/ros2_ws/install/keyDrive/share/keyDrive/package.bash'
[10.635s] INFO:colcon.colcon_core.shell:Creating package script '/home/fizzer/ros2_ws/install/keyDrive/share/keyDrive/package.zsh'
[10.652s] Level 1:colcon.colcon_core.environment:create_file_with_runtime_dependencies(/home/fizzer/ros2_ws/install/keyDrive/share/colcon-core/packages/keyDrive)
[10.652s] DEBUG:colcon.colcon_parallel_executor.executor.parallel:closing loop
[10.653s] DEBUG:colcon.colcon_parallel_executor.executor.parallel:loop closed
[10.653s] DEBUG:colcon.colcon_parallel_executor.executor.parallel:run_until_complete finished with '0'
[10.653s] DEBUG:colcon.colcon_core.event_reactor:joining thread
[10.696s] INFO:colcon.colcon_core.plugin_system:Skipping extension 'colcon_notification.desktop_notification.notify_send': Could not find 'notify-send'
[10.696s] INFO:colcon.colcon_core.plugin_system:Skipping extension 'colcon_notification.desktop_notification.terminal_notifier': Not used on non-Darwin systems
[10.696s] INFO:colcon.colcon_core.plugin_system:Skipping extension 'colcon_notification.desktop_notification.win32': Not used on non-Windows systems
[10.697s] INFO:colcon.colcon_notification.desktop_notification:Sending desktop notification using 'notify2'
[10.744s] DEBUG:colcon.colcon_core.event_reactor:joined thread
[10.745s] INFO:colcon.colcon_core.shell:Creating prefix script '/home/fizzer/ros2_ws/install/local_setup.ps1'
[10.748s] INFO:colcon.colcon_core.shell:Creating prefix util module '/home/fizzer/ros2_ws/install/_local_setup_util_ps1.py'
[10.751s] INFO:colcon.colcon_core.shell:Creating prefix chain script '/home/fizzer/ros2_ws/install/setup.ps1'
[10.755s] INFO:colcon.colcon_core.shell:Creating prefix script '/home/fizzer/ros2_ws/install/local_setup.sh'
[10.755s] INFO:colcon.colcon_core.shell:Creating prefix util module '/home/fizzer/ros2_ws/install/_local_setup_util_sh.py'
[10.756s] INFO:colcon.colcon_core.shell:Creating prefix chain script '/home/fizzer/ros2_ws/install/setup.sh'
[10.759s] INFO:colcon.colcon_core.shell:Creating prefix script '/home/fizzer/ros2_ws/install/local_setup.bash'
[10.760s] INFO:colcon.colcon_core.shell:Creating prefix chain script '/home/fizzer/ros2_ws/install/setup.bash'
[10.764s] INFO:colcon.colcon_core.shell:Creating prefix script '/home/fizzer/ros2_ws/install/local_setup.zsh'
[10.764s] INFO:colcon.colcon_core.shell:Creating prefix chain script '/home/fizzer/ros2_ws/install/setup.zsh'
