[1.295s] Invoking command in '/home/fizzer/ros2_ws/src/my_package': PYTHONPATH=/home/fizzer/ros2_ws/install/my_package/lib/python3.8/site-packages:${PYTHONPATH} /usr/bin/python3 setup.py egg_info --egg-base ../../build/my_package build --build-base /home/fizzer/ros2_ws/build/my_package/build install --prefix /home/fizzer/ros2_ws/install/my_package --record /home/fizzer/ros2_ws/build/my_package/install.log --single-version-externally-managed
[1.797s] running egg_info
[1.799s] writing ../../build/my_package/my_package.egg-info/PKG-INFO
[1.800s] writing dependency_links to ../../build/my_package/my_package.egg-info/dependency_links.txt
[1.800s] writing entry points to ../../build/my_package/my_package.egg-info/entry_points.txt
[1.800s] writing requirements to ../../build/my_package/my_package.egg-info/requires.txt
[1.801s] writing top-level names to ../../build/my_package/my_package.egg-info/top_level.txt
[1.865s] reading manifest file '../../build/my_package/my_package.egg-info/SOURCES.txt'
[1.910s] writing manifest file '../../build/my_package/my_package.egg-info/SOURCES.txt'
[1.911s] running build
[1.912s] running build_py
[1.913s] running install
[1.914s] running install_lib
[1.916s] running install_data
[1.916s] running install_egg_info
[1.919s] removing '/home/fizzer/ros2_ws/install/my_package/lib/python3.8/site-packages/my_package-0.0.0-py3.8.egg-info' (and everything under it)
[1.920s] Copying ../../build/my_package/my_package.egg-info to /home/fizzer/ros2_ws/install/my_package/lib/python3.8/site-packages/my_package-0.0.0-py3.8.egg-info
[1.943s] running install_scripts
[1.967s] Installing my_node script to /home/fizzer/ros2_ws/install/my_package/lib/my_package
[1.967s] writing list of installed files to '/home/fizzer/ros2_ws/build/my_package/install.log'
[2.013s] Invoked command in '/home/fizzer/ros2_ws/src/my_package' returned '0': PYTHONPATH=/home/fizzer/ros2_ws/install/my_package/lib/python3.8/site-packages:${PYTHONPATH} /usr/bin/python3 setup.py egg_info --egg-base ../../build/my_package build --build-base /home/fizzer/ros2_ws/build/my_package/build install --prefix /home/fizzer/ros2_ws/install/my_package --record /home/fizzer/ros2_ws/build/my_package/install.log --single-version-externally-managed
