/home/fizzer/ros2_ws/install/my_package/lib/python3.8/site-packages/my_package/my_node.py
/home/fizzer/ros2_ws/install/my_package/lib/python3.8/site-packages/my_package/serv.py
/home/fizzer/ros2_ws/install/my_package/lib/python3.8/site-packages/my_package/__init__.py
/home/fizzer/ros2_ws/install/my_package/lib/python3.8/site-packages/my_package/sub.py
/home/fizzer/ros2_ws/install/my_package/lib/python3.8/site-packages/my_package/sub2.py
/home/fizzer/ros2_ws/install/my_package/lib/python3.8/site-packages/my_package/client.py
/home/fizzer/ros2_ws/install/my_package/lib/python3.8/site-packages/my_package/multi_pub.py
/home/fizzer/ros2_ws/install/my_package/lib/python3.8/site-packages/my_package/pub2.py
/home/fizzer/ros2_ws/install/my_package/lib/python3.8/site-packages/my_package/pub.py
/home/fizzer/ros2_ws/install/my_package/lib/python3.8/site-packages/my_package/__pycache__/my_node.cpython-38.pyc
/home/fizzer/ros2_ws/install/my_package/lib/python3.8/site-packages/my_package/__pycache__/serv.cpython-38.pyc
/home/fizzer/ros2_ws/install/my_package/lib/python3.8/site-packages/my_package/__pycache__/__init__.cpython-38.pyc
/home/fizzer/ros2_ws/install/my_package/lib/python3.8/site-packages/my_package/__pycache__/sub.cpython-38.pyc
/home/fizzer/ros2_ws/install/my_package/lib/python3.8/site-packages/my_package/__pycache__/sub2.cpython-38.pyc
/home/fizzer/ros2_ws/install/my_package/lib/python3.8/site-packages/my_package/__pycache__/client.cpython-38.pyc
/home/fizzer/ros2_ws/install/my_package/lib/python3.8/site-packages/my_package/__pycache__/multi_pub.cpython-38.pyc
/home/fizzer/ros2_ws/install/my_package/lib/python3.8/site-packages/my_package/__pycache__/pub2.cpython-38.pyc
/home/fizzer/ros2_ws/install/my_package/lib/python3.8/site-packages/my_package/__pycache__/pub.cpython-38.pyc
/home/fizzer/ros2_ws/install/my_package/share/ament_index/resource_index/packages/my_package
/home/fizzer/ros2_ws/install/my_package/share/my_package/package.xml
/home/fizzer/ros2_ws/install/my_package/lib/python3.8/site-packages/my_package-0.0.0-py3.8.egg-info/entry_points.txt
/home/fizzer/ros2_ws/install/my_package/lib/python3.8/site-packages/my_package-0.0.0-py3.8.egg-info/PKG-INFO
/home/fizzer/ros2_ws/install/my_package/lib/python3.8/site-packages/my_package-0.0.0-py3.8.egg-info/dependency_links.txt
/home/fizzer/ros2_ws/install/my_package/lib/python3.8/site-packages/my_package-0.0.0-py3.8.egg-info/zip-safe
/home/fizzer/ros2_ws/install/my_package/lib/python3.8/site-packages/my_package-0.0.0-py3.8.egg-info/top_level.txt
/home/fizzer/ros2_ws/install/my_package/lib/python3.8/site-packages/my_package-0.0.0-py3.8.egg-info/SOURCES.txt
/home/fizzer/ros2_ws/install/my_package/lib/python3.8/site-packages/my_package-0.0.0-py3.8.egg-info/requires.txt
/home/fizzer/ros2_ws/install/my_package/lib/my_package/cli
/home/fizzer/ros2_ws/install/my_package/lib/my_package/double_pub
/home/fizzer/ros2_ws/install/my_package/lib/my_package/listen
/home/fizzer/ros2_ws/install/my_package/lib/my_package/listen2
/home/fizzer/ros2_ws/install/my_package/lib/my_package/my_node
/home/fizzer/ros2_ws/install/my_package/lib/my_package/serv
/home/fizzer/ros2_ws/install/my_package/lib/my_package/talk
/home/fizzer/ros2_ws/install/my_package/lib/my_package/talk2
