[0.019s] Invoking command in '/home/fizzer/ros2_ws/build/tutorial_interfaces': CMAKE_PREFIX_PATH=${CMAKE_PREFIX_PATH}:/home/fizzer/ros2_ws/install/test_pkg:/home/fizzer/ros2_ws/install/my_package:/home/fizzer/ros2_ws/install/keyDrive:/home/fizzer/ros2_ws/install/cameraTests:/opt/ros/foxy /usr/bin/cmake --build /home/fizzer/ros2_ws/build/tutorial_interfaces -- -j4 -l4
[0.059s] -- Found ament_cmake: 0.9.8 (/opt/ros/foxy/share/ament_cmake/cmake)
[0.093s] -- Using PYTHON_EXECUTABLE: /usr/bin/python3
[0.341s] -- Found ament_lint_auto: 0.9.6 (/opt/ros/foxy/share/ament_lint_auto/cmake)
[0.428s] -- Found rclpy: 1.0.5 (/opt/ros/foxy/share/rclpy/cmake)
[0.429s] -- Found std_msgs: 2.0.4 (/opt/ros/foxy/share/std_msgs/cmake)
[0.457s] -- Using all available rosidl_typesupport_c: rosidl_typesupport_fastrtps_c;rosidl_typesupport_introspection_c
[0.461s] -- Found rosidl_adapter: 1.2.1 (/opt/ros/foxy/share/rosidl_adapter/cmake)
[0.614s] -- Using all available rosidl_typesupport_cpp: rosidl_typesupport_fastrtps_cpp;rosidl_typesupport_introspection_cpp
[0.671s] -- Found rosidl_default_generators: 1.0.1 (/opt/ros/foxy/share/rosidl_default_generators/cmake)
[0.718s] -- Found PythonInterp: /usr/bin/python3 (found version "3.8.5") 
[0.814s] -- Found ament_cmake_ros: 0.9.1 (/opt/ros/foxy/share/ament_cmake_ros/cmake)
[0.934s] -- Using all available rosidl_typesupport_c: rosidl_typesupport_fastrtps_c;rosidl_typesupport_introspection_c
[0.943s] -- Using all available rosidl_typesupport_cpp: rosidl_typesupport_fastrtps_cpp;rosidl_typesupport_introspection_cpp
[0.977s] -- Found PythonInterp: /usr/bin/python3 (found suitable version "3.8.5", minimum required is "3.5") 
[0.978s] -- Found python_cmake_module: 0.8.1 (/opt/ros/foxy/share/python_cmake_module/cmake)
[1.016s] -- Using PYTHON_EXECUTABLE: /usr/bin/python3
[1.016s] -- Using PYTHON_INCLUDE_DIRS: /usr/include/python3.8
[1.016s] -- Using PYTHON_LIBRARIES: /usr/lib/x86_64-linux-gnu/libpython3.8.so
[1.039s] -- Added test 'copyright' to check source files copyright and LICENSE
[1.042s] -- Added test 'flake8' to check Python code syntax and style conventions
[1.043s] -- Added test 'lint_cmake' to check CMake code style
[1.043s] -- Added test 'pep257' to check Python code against some of the style conventions in PEP 257
[1.045s] -- Added test 'xmllint' to check XML markup files
[1.051s] -- Configuring done
[1.092s] -- Generating done
[1.096s] -- Build files have been written to: /home/fizzer/ros2_ws/build/tutorial_interfaces
[1.141s] [  2%] Built target tutorial_interfaces__cpp
[1.141s] [ 12%] Built target tutorial_interfaces__rosidl_generator_c
[1.181s] [ 41%] Built target tutorial_interfaces__rosidl_typesupport_cpp
[1.181s] [ 43%] Built target tutorial_interfaces__rosidl_typesupport_introspection_c
[1.181s] [ 43%] Built target tutorial_interfaces__rosidl_typesupport_c
[1.188s] [ 53%] Built target tutorial_interfaces__rosidl_typesupport_fastrtps_cpp
[1.211s] [ 64%] Built target tutorial_interfaces__rosidl_typesupport_introspection_cpp
[1.221s] [ 74%] Built target tutorial_interfaces__rosidl_typesupport_fastrtps_c
[1.249s] [ 74%] Built target tutorial_interfaces
[1.273s] [ 76%] Built target tutorial_interfaces__py
[1.310s] [ 84%] Built target tutorial_interfaces__python
[1.345s] [ 89%] Built target tutorial_interfaces__rosidl_typesupport_c__pyext
[1.360s] [100%] Built target tutorial_interfaces__rosidl_typesupport_fastrtps_c__pyext
[1.360s] [100%] Built target tutorial_interfaces__rosidl_typesupport_introspection_c__pyext
[1.373s] Invoked command in '/home/fizzer/ros2_ws/build/tutorial_interfaces' returned '0': CMAKE_PREFIX_PATH=${CMAKE_PREFIX_PATH}:/home/fizzer/ros2_ws/install/test_pkg:/home/fizzer/ros2_ws/install/my_package:/home/fizzer/ros2_ws/install/keyDrive:/home/fizzer/ros2_ws/install/cameraTests:/opt/ros/foxy /usr/bin/cmake --build /home/fizzer/ros2_ws/build/tutorial_interfaces -- -j4 -l4
[1.476s] Invoking command in '/home/fizzer/ros2_ws/build/tutorial_interfaces': CMAKE_PREFIX_PATH=${CMAKE_PREFIX_PATH}:/home/fizzer/ros2_ws/install/test_pkg:/home/fizzer/ros2_ws/install/my_package:/home/fizzer/ros2_ws/install/keyDrive:/home/fizzer/ros2_ws/install/cameraTests:/opt/ros/foxy /usr/bin/cmake --install /home/fizzer/ros2_ws/build/tutorial_interfaces
[1.488s] -- Install configuration: ""
[1.489s] -- Up-to-date: /home/fizzer/ros2_ws/install/tutorial_interfaces/share/tutorial_interfaces/environment/pythonpath.sh
[1.489s] -- Installing: /home/fizzer/ros2_ws/install/tutorial_interfaces/share/tutorial_interfaces/environment/pythonpath.dsv
[1.489s] -- Up-to-date: /home/fizzer/ros2_ws/install/tutorial_interfaces/lib/python3.8/site-packages/tutorial_interfaces
[1.489s] -- Installing: /home/fizzer/ros2_ws/install/tutorial_interfaces/lib/python3.8/site-packages/tutorial_interfaces/__init__.py
[1.583s] Listing '/home/fizzer/ros2_ws/install/tutorial_interfaces/lib/python3.8/site-packages/tutorial_interfaces'...
[1.583s] Compiling '/home/fizzer/ros2_ws/install/tutorial_interfaces/lib/python3.8/site-packages/tutorial_interfaces/__init__.py'...
[1.584s] Listing '/home/fizzer/ros2_ws/install/tutorial_interfaces/lib/python3.8/site-packages/tutorial_interfaces/msg'...
[1.584s] Compiling '/home/fizzer/ros2_ws/install/tutorial_interfaces/lib/python3.8/site-packages/tutorial_interfaces/msg/__init__.py'...
[1.584s] Compiling '/home/fizzer/ros2_ws/install/tutorial_interfaces/lib/python3.8/site-packages/tutorial_interfaces/msg/_num.py'...
[1.584s] Listing '/home/fizzer/ros2_ws/install/tutorial_interfaces/lib/python3.8/site-packages/tutorial_interfaces/srv'...
[1.584s] Compiling '/home/fizzer/ros2_ws/install/tutorial_interfaces/lib/python3.8/site-packages/tutorial_interfaces/srv/__init__.py'...
[1.584s] Compiling '/home/fizzer/ros2_ws/install/tutorial_interfaces/lib/python3.8/site-packages/tutorial_interfaces/srv/_add_three_ints.py'...
[1.589s] -- Installing: /home/fizzer/ros2_ws/install/tutorial_interfaces/lib/tutorial_interfaces/service.py
[1.589s] -- Installing: /home/fizzer/ros2_ws/install/tutorial_interfaces/lib/tutorial_interfaces/client.py
[1.590s] -- Up-to-date: /home/fizzer/ros2_ws/install/tutorial_interfaces/share/ament_index/resource_index/rosidl_interfaces/tutorial_interfaces
[1.590s] -- Up-to-date: /home/fizzer/ros2_ws/install/tutorial_interfaces/include/tutorial_interfaces
[1.590s] -- Up-to-date: /home/fizzer/ros2_ws/install/tutorial_interfaces/include/tutorial_interfaces/srv
[1.591s] -- Up-to-date: /home/fizzer/ros2_ws/install/tutorial_interfaces/include/tutorial_interfaces/srv/detail
[1.591s] -- Up-to-date: /home/fizzer/ros2_ws/install/tutorial_interfaces/include/tutorial_interfaces/srv/detail/add_three_ints__functions.c
[1.591s] -- Up-to-date: /home/fizzer/ros2_ws/install/tutorial_interfaces/include/tutorial_interfaces/srv/detail/add_three_ints__struct.h
[1.591s] -- Up-to-date: /home/fizzer/ros2_ws/install/tutorial_interfaces/include/tutorial_interfaces/srv/detail/add_three_ints__type_support.h
[1.591s] -- Up-to-date: /home/fizzer/ros2_ws/install/tutorial_interfaces/include/tutorial_interfaces/srv/detail/add_three_ints__functions.h
[1.591s] -- Up-to-date: /home/fizzer/ros2_ws/install/tutorial_interfaces/include/tutorial_interfaces/srv/add_three_ints.h
[1.591s] -- Up-to-date: /home/fizzer/ros2_ws/install/tutorial_interfaces/include/tutorial_interfaces/msg
[1.591s] -- Up-to-date: /home/fizzer/ros2_ws/install/tutorial_interfaces/include/tutorial_interfaces/msg/detail
[1.592s] -- Up-to-date: /home/fizzer/ros2_ws/install/tutorial_interfaces/include/tutorial_interfaces/msg/detail/num__struct.h
[1.592s] -- Up-to-date: /home/fizzer/ros2_ws/install/tutorial_interfaces/include/tutorial_interfaces/msg/detail/num__type_support.h
[1.592s] -- Up-to-date: /home/fizzer/ros2_ws/install/tutorial_interfaces/include/tutorial_interfaces/msg/detail/num__functions.c
[1.592s] -- Up-to-date: /home/fizzer/ros2_ws/install/tutorial_interfaces/include/tutorial_interfaces/msg/detail/num__functions.h
[1.592s] -- Up-to-date: /home/fizzer/ros2_ws/install/tutorial_interfaces/include/tutorial_interfaces/msg/rosidl_generator_c__visibility_control.h
[1.592s] -- Up-to-date: /home/fizzer/ros2_ws/install/tutorial_interfaces/include/tutorial_interfaces/msg/num.h
[1.592s] -- Up-to-date: /home/fizzer/ros2_ws/install/tutorial_interfaces/share/tutorial_interfaces/environment/library_path.sh
[1.592s] -- Installing: /home/fizzer/ros2_ws/install/tutorial_interfaces/share/tutorial_interfaces/environment/library_path.dsv
[1.593s] -- Up-to-date: /home/fizzer/ros2_ws/install/tutorial_interfaces/lib/libtutorial_interfaces__rosidl_generator_c.so
[1.593s] -- Up-to-date: /home/fizzer/ros2_ws/install/tutorial_interfaces/include/tutorial_interfaces
[1.593s] -- Up-to-date: /home/fizzer/ros2_ws/install/tutorial_interfaces/include/tutorial_interfaces/srv
[1.593s] -- Up-to-date: /home/fizzer/ros2_ws/install/tutorial_interfaces/include/tutorial_interfaces/srv/detail
[1.593s] -- Up-to-date: /home/fizzer/ros2_ws/install/tutorial_interfaces/include/tutorial_interfaces/srv/detail/add_three_ints__rosidl_typesupport_fastrtps_c.h
[1.593s] -- Up-to-date: /home/fizzer/ros2_ws/install/tutorial_interfaces/include/tutorial_interfaces/msg
[1.593s] -- Up-to-date: /home/fizzer/ros2_ws/install/tutorial_interfaces/include/tutorial_interfaces/msg/detail
[1.594s] -- Up-to-date: /home/fizzer/ros2_ws/install/tutorial_interfaces/include/tutorial_interfaces/msg/detail/num__rosidl_typesupport_fastrtps_c.h
[1.594s] -- Up-to-date: /home/fizzer/ros2_ws/install/tutorial_interfaces/include/tutorial_interfaces/msg/rosidl_typesupport_fastrtps_c__visibility_control.h
[1.594s] -- Up-to-date: /home/fizzer/ros2_ws/install/tutorial_interfaces/lib/libtutorial_interfaces__rosidl_typesupport_fastrtps_c.so
[1.594s] -- Up-to-date: /home/fizzer/ros2_ws/install/tutorial_interfaces/include/tutorial_interfaces
[1.594s] -- Up-to-date: /home/fizzer/ros2_ws/install/tutorial_interfaces/include/tutorial_interfaces/srv
[1.594s] -- Up-to-date: /home/fizzer/ros2_ws/install/tutorial_interfaces/include/tutorial_interfaces/srv/detail
[1.594s] -- Up-to-date: /home/fizzer/ros2_ws/install/tutorial_interfaces/include/tutorial_interfaces/srv/detail/dds_fastrtps
[1.595s] -- Up-to-date: /home/fizzer/ros2_ws/install/tutorial_interfaces/include/tutorial_interfaces/srv/detail/add_three_ints__rosidl_typesupport_fastrtps_cpp.hpp
[1.595s] -- Up-to-date: /home/fizzer/ros2_ws/install/tutorial_interfaces/include/tutorial_interfaces/msg
[1.595s] -- Up-to-date: /home/fizzer/ros2_ws/install/tutorial_interfaces/include/tutorial_interfaces/msg/detail
[1.595s] -- Up-to-date: /home/fizzer/ros2_ws/install/tutorial_interfaces/include/tutorial_interfaces/msg/detail/dds_fastrtps
[1.595s] -- Up-to-date: /home/fizzer/ros2_ws/install/tutorial_interfaces/include/tutorial_interfaces/msg/detail/num__rosidl_typesupport_fastrtps_cpp.hpp
[1.595s] -- Up-to-date: /home/fizzer/ros2_ws/install/tutorial_interfaces/include/tutorial_interfaces/msg/rosidl_typesupport_fastrtps_cpp__visibility_control.h
[1.595s] -- Up-to-date: /home/fizzer/ros2_ws/install/tutorial_interfaces/lib/libtutorial_interfaces__rosidl_typesupport_fastrtps_cpp.so
[1.595s] -- Up-to-date: /home/fizzer/ros2_ws/install/tutorial_interfaces/include/tutorial_interfaces
[1.595s] -- Up-to-date: /home/fizzer/ros2_ws/install/tutorial_interfaces/include/tutorial_interfaces/srv
[1.596s] -- Up-to-date: /home/fizzer/ros2_ws/install/tutorial_interfaces/include/tutorial_interfaces/srv/detail
[1.596s] -- Up-to-date: /home/fizzer/ros2_ws/install/tutorial_interfaces/include/tutorial_interfaces/srv/detail/add_three_ints__rosidl_typesupport_introspection_c.h
[1.596s] -- Up-to-date: /home/fizzer/ros2_ws/install/tutorial_interfaces/include/tutorial_interfaces/srv/detail/add_three_ints__type_support.c
[1.596s] -- Up-to-date: /home/fizzer/ros2_ws/install/tutorial_interfaces/include/tutorial_interfaces/msg
[1.596s] -- Up-to-date: /home/fizzer/ros2_ws/install/tutorial_interfaces/include/tutorial_interfaces/msg/detail
[1.596s] -- Up-to-date: /home/fizzer/ros2_ws/install/tutorial_interfaces/include/tutorial_interfaces/msg/detail/num__rosidl_typesupport_introspection_c.h
[1.597s] -- Up-to-date: /home/fizzer/ros2_ws/install/tutorial_interfaces/include/tutorial_interfaces/msg/detail/num__type_support.c
[1.597s] -- Up-to-date: /home/fizzer/ros2_ws/install/tutorial_interfaces/include/tutorial_interfaces/msg/rosidl_typesupport_introspection_c__visibility_control.h
[1.597s] -- Up-to-date: /home/fizzer/ros2_ws/install/tutorial_interfaces/lib/libtutorial_interfaces__rosidl_typesupport_introspection_c.so
[1.597s] -- Up-to-date: /home/fizzer/ros2_ws/install/tutorial_interfaces/lib/libtutorial_interfaces__rosidl_typesupport_c.so
[1.597s] -- Up-to-date: /home/fizzer/ros2_ws/install/tutorial_interfaces/include/tutorial_interfaces
[1.597s] -- Up-to-date: /home/fizzer/ros2_ws/install/tutorial_interfaces/include/tutorial_interfaces/srv
[1.597s] -- Up-to-date: /home/fizzer/ros2_ws/install/tutorial_interfaces/include/tutorial_interfaces/srv/detail
[1.597s] -- Up-to-date: /home/fizzer/ros2_ws/install/tutorial_interfaces/include/tutorial_interfaces/srv/detail/add_three_ints__traits.hpp
[1.597s] -- Up-to-date: /home/fizzer/ros2_ws/install/tutorial_interfaces/include/tutorial_interfaces/srv/detail/add_three_ints__struct.hpp
[1.597s] -- Up-to-date: /home/fizzer/ros2_ws/install/tutorial_interfaces/include/tutorial_interfaces/srv/detail/add_three_ints__builder.hpp
[1.598s] -- Up-to-date: /home/fizzer/ros2_ws/install/tutorial_interfaces/include/tutorial_interfaces/srv/add_three_ints.hpp
[1.598s] -- Up-to-date: /home/fizzer/ros2_ws/install/tutorial_interfaces/include/tutorial_interfaces/msg
[1.598s] -- Up-to-date: /home/fizzer/ros2_ws/install/tutorial_interfaces/include/tutorial_interfaces/msg/detail
[1.598s] -- Up-to-date: /home/fizzer/ros2_ws/install/tutorial_interfaces/include/tutorial_interfaces/msg/detail/num__builder.hpp
[1.598s] -- Up-to-date: /home/fizzer/ros2_ws/install/tutorial_interfaces/include/tutorial_interfaces/msg/detail/num__struct.hpp
[1.598s] -- Up-to-date: /home/fizzer/ros2_ws/install/tutorial_interfaces/include/tutorial_interfaces/msg/detail/num__traits.hpp
[1.598s] -- Up-to-date: /home/fizzer/ros2_ws/install/tutorial_interfaces/include/tutorial_interfaces/msg/num.hpp
[1.598s] -- Up-to-date: /home/fizzer/ros2_ws/install/tutorial_interfaces/include/tutorial_interfaces
[1.598s] -- Up-to-date: /home/fizzer/ros2_ws/install/tutorial_interfaces/include/tutorial_interfaces/srv
[1.598s] -- Up-to-date: /home/fizzer/ros2_ws/install/tutorial_interfaces/include/tutorial_interfaces/srv/detail
[1.598s] -- Up-to-date: /home/fizzer/ros2_ws/install/tutorial_interfaces/include/tutorial_interfaces/srv/detail/add_three_ints__rosidl_typesupport_introspection_cpp.hpp
[1.599s] -- Up-to-date: /home/fizzer/ros2_ws/install/tutorial_interfaces/include/tutorial_interfaces/srv/detail/add_three_ints__type_support.cpp
[1.599s] -- Up-to-date: /home/fizzer/ros2_ws/install/tutorial_interfaces/include/tutorial_interfaces/msg
[1.599s] -- Up-to-date: /home/fizzer/ros2_ws/install/tutorial_interfaces/include/tutorial_interfaces/msg/detail
[1.599s] -- Up-to-date: /home/fizzer/ros2_ws/install/tutorial_interfaces/include/tutorial_interfaces/msg/detail/num__rosidl_typesupport_introspection_cpp.hpp
[1.599s] -- Up-to-date: /home/fizzer/ros2_ws/install/tutorial_interfaces/include/tutorial_interfaces/msg/detail/num__type_support.cpp
[1.599s] -- Up-to-date: /home/fizzer/ros2_ws/install/tutorial_interfaces/lib/libtutorial_interfaces__rosidl_typesupport_introspection_cpp.so
[1.599s] -- Up-to-date: /home/fizzer/ros2_ws/install/tutorial_interfaces/lib/libtutorial_interfaces__rosidl_typesupport_cpp.so
[1.599s] -- Installing: /home/fizzer/ros2_ws/install/tutorial_interfaces/lib/python3.8/site-packages/tutorial_interfaces/__init__.py
[1.642s] Compiling '/home/fizzer/ros2_ws/install/tutorial_interfaces/lib/python3.8/site-packages/tutorial_interfaces/__init__.py'...
[1.647s] -- Up-to-date: /home/fizzer/ros2_ws/install/tutorial_interfaces/lib/python3.8/site-packages/tutorial_interfaces/msg
[1.647s] -- Up-to-date: /home/fizzer/ros2_ws/install/tutorial_interfaces/lib/python3.8/site-packages/tutorial_interfaces/msg/__init__.py
[1.647s] -- Up-to-date: /home/fizzer/ros2_ws/install/tutorial_interfaces/lib/python3.8/site-packages/tutorial_interfaces/msg/_num.py
[1.647s] -- Up-to-date: /home/fizzer/ros2_ws/install/tutorial_interfaces/lib/python3.8/site-packages/tutorial_interfaces/msg/_num_s.c
[1.648s] -- Up-to-date: /home/fizzer/ros2_ws/install/tutorial_interfaces/lib/python3.8/site-packages/tutorial_interfaces/srv
[1.648s] -- Up-to-date: /home/fizzer/ros2_ws/install/tutorial_interfaces/lib/python3.8/site-packages/tutorial_interfaces/srv/_add_three_ints.py
[1.648s] -- Up-to-date: /home/fizzer/ros2_ws/install/tutorial_interfaces/lib/python3.8/site-packages/tutorial_interfaces/srv/__init__.py
[1.648s] -- Up-to-date: /home/fizzer/ros2_ws/install/tutorial_interfaces/lib/python3.8/site-packages/tutorial_interfaces/srv/_add_three_ints_s.c
[1.648s] -- Up-to-date: /home/fizzer/ros2_ws/install/tutorial_interfaces/lib/python3.8/site-packages/tutorial_interfaces/tutorial_interfaces_s__rosidl_typesupport_fastrtps_c.cpython-38-x86_64-linux-gnu.so
[1.649s] -- Up-to-date: /home/fizzer/ros2_ws/install/tutorial_interfaces/lib/python3.8/site-packages/tutorial_interfaces/tutorial_interfaces_s__rosidl_typesupport_introspection_c.cpython-38-x86_64-linux-gnu.so
[1.650s] -- Up-to-date: /home/fizzer/ros2_ws/install/tutorial_interfaces/lib/python3.8/site-packages/tutorial_interfaces/tutorial_interfaces_s__rosidl_typesupport_c.cpython-38-x86_64-linux-gnu.so
[1.650s] -- Up-to-date: /home/fizzer/ros2_ws/install/tutorial_interfaces/lib/libtutorial_interfaces__python.so
[1.651s] -- Up-to-date: /home/fizzer/ros2_ws/install/tutorial_interfaces/share/tutorial_interfaces/msg/Num.idl
[1.651s] -- Up-to-date: /home/fizzer/ros2_ws/install/tutorial_interfaces/share/tutorial_interfaces/srv/AddThreeInts.idl
[1.651s] -- Up-to-date: /home/fizzer/ros2_ws/install/tutorial_interfaces/share/tutorial_interfaces/msg/Num.msg
[1.651s] -- Up-to-date: /home/fizzer/ros2_ws/install/tutorial_interfaces/share/tutorial_interfaces/srv/AddThreeInts.srv
[1.651s] -- Up-to-date: /home/fizzer/ros2_ws/install/tutorial_interfaces/share/tutorial_interfaces/srv/AddThreeInts_Request.msg
[1.652s] -- Up-to-date: /home/fizzer/ros2_ws/install/tutorial_interfaces/share/tutorial_interfaces/srv/AddThreeInts_Response.msg
[1.652s] -- Up-to-date: /home/fizzer/ros2_ws/install/tutorial_interfaces/share/ament_index/resource_index/package_run_dependencies/tutorial_interfaces
[1.652s] -- Up-to-date: /home/fizzer/ros2_ws/install/tutorial_interfaces/share/ament_index/resource_index/parent_prefix_path/tutorial_interfaces
[1.652s] -- Up-to-date: /home/fizzer/ros2_ws/install/tutorial_interfaces/share/tutorial_interfaces/environment/ament_prefix_path.sh
[1.652s] -- Installing: /home/fizzer/ros2_ws/install/tutorial_interfaces/share/tutorial_interfaces/environment/ament_prefix_path.dsv
[1.652s] -- Up-to-date: /home/fizzer/ros2_ws/install/tutorial_interfaces/share/tutorial_interfaces/environment/path.sh
[1.652s] -- Installing: /home/fizzer/ros2_ws/install/tutorial_interfaces/share/tutorial_interfaces/environment/path.dsv
[1.653s] -- Up-to-date: /home/fizzer/ros2_ws/install/tutorial_interfaces/share/tutorial_interfaces/local_setup.bash
[1.653s] -- Up-to-date: /home/fizzer/ros2_ws/install/tutorial_interfaces/share/tutorial_interfaces/local_setup.sh
[1.653s] -- Up-to-date: /home/fizzer/ros2_ws/install/tutorial_interfaces/share/tutorial_interfaces/local_setup.zsh
[1.653s] -- Installing: /home/fizzer/ros2_ws/install/tutorial_interfaces/share/tutorial_interfaces/local_setup.dsv
[1.653s] -- Installing: /home/fizzer/ros2_ws/install/tutorial_interfaces/share/tutorial_interfaces/package.dsv
[1.653s] -- Up-to-date: /home/fizzer/ros2_ws/install/tutorial_interfaces/share/ament_index/resource_index/packages/tutorial_interfaces
[1.653s] -- Up-to-date: /home/fizzer/ros2_ws/install/tutorial_interfaces/share/tutorial_interfaces/cmake/tutorial_interfaces__rosidl_generator_cExport.cmake
[1.653s] -- Installing: /home/fizzer/ros2_ws/install/tutorial_interfaces/share/tutorial_interfaces/cmake/tutorial_interfaces__rosidl_generator_cExport-noconfig.cmake
[1.654s] -- Up-to-date: /home/fizzer/ros2_ws/install/tutorial_interfaces/share/tutorial_interfaces/cmake/tutorial_interfaces__rosidl_typesupport_introspection_cExport.cmake
[1.654s] -- Installing: /home/fizzer/ros2_ws/install/tutorial_interfaces/share/tutorial_interfaces/cmake/tutorial_interfaces__rosidl_typesupport_introspection_cExport-noconfig.cmake
[1.654s] -- Up-to-date: /home/fizzer/ros2_ws/install/tutorial_interfaces/share/tutorial_interfaces/cmake/tutorial_interfaces__rosidl_typesupport_cExport.cmake
[1.654s] -- Installing: /home/fizzer/ros2_ws/install/tutorial_interfaces/share/tutorial_interfaces/cmake/tutorial_interfaces__rosidl_typesupport_cExport-noconfig.cmake
[1.655s] -- Up-to-date: /home/fizzer/ros2_ws/install/tutorial_interfaces/share/tutorial_interfaces/cmake/tutorial_interfaces__rosidl_generator_cppExport.cmake
[1.655s] -- Up-to-date: /home/fizzer/ros2_ws/install/tutorial_interfaces/share/tutorial_interfaces/cmake/tutorial_interfaces__rosidl_typesupport_introspection_cppExport.cmake
[1.655s] -- Installing: /home/fizzer/ros2_ws/install/tutorial_interfaces/share/tutorial_interfaces/cmake/tutorial_interfaces__rosidl_typesupport_introspection_cppExport-noconfig.cmake
[1.656s] -- Up-to-date: /home/fizzer/ros2_ws/install/tutorial_interfaces/share/tutorial_interfaces/cmake/tutorial_interfaces__rosidl_typesupport_cppExport.cmake
[1.656s] -- Installing: /home/fizzer/ros2_ws/install/tutorial_interfaces/share/tutorial_interfaces/cmake/tutorial_interfaces__rosidl_typesupport_cppExport-noconfig.cmake
[1.656s] -- Up-to-date: /home/fizzer/ros2_ws/install/tutorial_interfaces/share/tutorial_interfaces/cmake/rosidl_cmake-extras.cmake
[1.656s] -- Up-to-date: /home/fizzer/ros2_ws/install/tutorial_interfaces/share/tutorial_interfaces/cmake/ament_cmake_export_dependencies-extras.cmake
[1.657s] -- Up-to-date: /home/fizzer/ros2_ws/install/tutorial_interfaces/share/tutorial_interfaces/cmake/ament_cmake_export_libraries-extras.cmake
[1.657s] -- Up-to-date: /home/fizzer/ros2_ws/install/tutorial_interfaces/share/tutorial_interfaces/cmake/ament_cmake_export_targets-extras.cmake
[1.657s] -- Up-to-date: /home/fizzer/ros2_ws/install/tutorial_interfaces/share/tutorial_interfaces/cmake/ament_cmake_export_include_directories-extras.cmake
[1.657s] -- Up-to-date: /home/fizzer/ros2_ws/install/tutorial_interfaces/share/tutorial_interfaces/cmake/rosidl_cmake_export_typesupport_libraries-extras.cmake
[1.657s] -- Up-to-date: /home/fizzer/ros2_ws/install/tutorial_interfaces/share/tutorial_interfaces/cmake/rosidl_cmake_export_typesupport_targets-extras.cmake
[1.657s] -- Up-to-date: /home/fizzer/ros2_ws/install/tutorial_interfaces/share/tutorial_interfaces/cmake/tutorial_interfacesConfig.cmake
[1.658s] -- Up-to-date: /home/fizzer/ros2_ws/install/tutorial_interfaces/share/tutorial_interfaces/cmake/tutorial_interfacesConfig-version.cmake
[1.658s] -- Up-to-date: /home/fizzer/ros2_ws/install/tutorial_interfaces/share/tutorial_interfaces/package.xml
[1.661s] Invoked command in '/home/fizzer/ros2_ws/build/tutorial_interfaces' returned '0': CMAKE_PREFIX_PATH=${CMAKE_PREFIX_PATH}:/home/fizzer/ros2_ws/install/test_pkg:/home/fizzer/ros2_ws/install/my_package:/home/fizzer/ros2_ws/install/keyDrive:/home/fizzer/ros2_ws/install/cameraTests:/opt/ros/foxy /usr/bin/cmake --install /home/fizzer/ros2_ws/build/tutorial_interfaces
