[0.104s] Invoking command in '/home/fizzer/ros2_ws/build/vector': CMAKE_PREFIX_PATH=/opt/ros/foxy /usr/bin/cmake --build /home/fizzer/ros2_ws/build/vector -- -j4 -l4
[0.933s] [ 10%] Built target vector__rosidl_generator_c
[0.977s] [ 12%] Built target vector__cpp
[1.208s] [ 23%] Built target vector__rosidl_typesupport_c
[1.224s] [ 33%] Built target vector__rosidl_typesupport_cpp
[1.239s] [ 43%] Built target vector__rosidl_typesupport_introspection_c
[1.291s] [ 53%] Built target vector__rosidl_typesupport_fastrtps_cpp
[1.592s] [ 64%] Built target vector__rosidl_typesupport_introspection_cpp
[1.606s] [ 74%] Built target vector__rosidl_typesupport_fastrtps_c
[1.672s] [ 74%] Built target vector
[1.834s] [ 76%] Built target vector__py
[2.058s] [ 84%] Built target vector__python
[2.199s] [ 89%] Built target vector__rosidl_typesupport_c__pyext
[2.215s] [ 94%] Built target vector__rosidl_typesupport_fastrtps_c__pyext
[2.223s] [100%] Built target vector__rosidl_typesupport_introspection_c__pyext
[2.239s] Invoked command in '/home/fizzer/ros2_ws/build/vector' returned '0': CMAKE_PREFIX_PATH=/opt/ros/foxy /usr/bin/cmake --build /home/fizzer/ros2_ws/build/vector -- -j4 -l4
[2.322s] Invoking command in '/home/fizzer/ros2_ws/build/vector': CMAKE_PREFIX_PATH=/opt/ros/foxy /usr/bin/cmake --install /home/fizzer/ros2_ws/build/vector
[2.377s] -- Install configuration: ""
[2.395s] -- Up-to-date: /home/fizzer/ros2_ws/install/vector/share/vector/environment/pythonpath.sh
[2.395s] -- Up-to-date: /home/fizzer/ros2_ws/install/vector/share/vector/environment/pythonpath.dsv
[2.395s] -- Up-to-date: /home/fizzer/ros2_ws/install/vector/lib/python3.8/site-packages/vector
[2.395s] -- Installing: /home/fizzer/ros2_ws/install/vector/lib/python3.8/site-packages/vector/__init__.py
[2.396s] -- Installing: /home/fizzer/ros2_ws/install/vector/lib/python3.8/site-packages/vector/cube_find.py
[2.396s] -- Up-to-date: /home/fizzer/ros2_ws/install/vector/lib/python3.8/site-packages/vector/line_follow.py
[2.396s] -- Up-to-date: /home/fizzer/ros2_ws/install/vector/lib/python3.8/site-packages/vector/client_bombard.py
[2.396s] -- Installing: /home/fizzer/ros2_ws/install/vector/lib/python3.8/site-packages/vector/laser_mapping.py
[2.396s] -- Up-to-date: /home/fizzer/ros2_ws/install/vector/lib/python3.8/site-packages/vector/client_connect.py
[2.396s] -- Up-to-date: /home/fizzer/ros2_ws/install/vector/lib/python3.8/site-packages/vector/vector_interface.py
[2.396s] -- Up-to-date: /home/fizzer/ros2_ws/install/vector/lib/python3.8/site-packages/vector/client_test.py
[2.397s] -- Up-to-date: /home/fizzer/ros2_ws/install/vector/lib/python3.8/site-packages/vector/client_wheel_pub.py
[2.707s] Listing '/home/fizzer/ros2_ws/install/vector/lib/python3.8/site-packages/vector'...
[2.707s] Compiling '/home/fizzer/ros2_ws/install/vector/lib/python3.8/site-packages/vector/__init__.py'...
[2.707s] Compiling '/home/fizzer/ros2_ws/install/vector/lib/python3.8/site-packages/vector/cube_find.py'...
[2.707s] Compiling '/home/fizzer/ros2_ws/install/vector/lib/python3.8/site-packages/vector/laser_mapping.py'...
[2.707s] Listing '/home/fizzer/ros2_ws/install/vector/lib/python3.8/site-packages/vector/srv'...
[2.713s] -- Up-to-date: /home/fizzer/ros2_ws/install/vector/lib/vector/vector_interface.py
[2.713s] -- Up-to-date: /home/fizzer/ros2_ws/install/vector/lib/vector/client_test.py
[2.713s] -- Up-to-date: /home/fizzer/ros2_ws/install/vector/lib/vector/client_connect.py
[2.713s] -- Up-to-date: /home/fizzer/ros2_ws/install/vector/lib/vector/client_wheel_pub.py
[2.713s] -- Up-to-date: /home/fizzer/ros2_ws/install/vector/lib/vector/client_bombard.py
[2.713s] -- Up-to-date: /home/fizzer/ros2_ws/install/vector/lib/vector/line_follow.py
[2.714s] -- Installing: /home/fizzer/ros2_ws/install/vector/lib/vector/cube_find.py
[2.714s] -- Installing: /home/fizzer/ros2_ws/install/vector/lib/vector/laser_mapping.py
[2.714s] -- Up-to-date: /home/fizzer/ros2_ws/install/vector/share/ament_index/resource_index/rosidl_interfaces/vector
[2.714s] -- Up-to-date: /home/fizzer/ros2_ws/install/vector/include/vector
[2.714s] -- Up-to-date: /home/fizzer/ros2_ws/install/vector/include/vector/srv
[2.714s] -- Up-to-date: /home/fizzer/ros2_ws/install/vector/include/vector/srv/detail
[2.715s] -- Up-to-date: /home/fizzer/ros2_ws/install/vector/include/vector/srv/detail/vector_speak__functions.h
[2.715s] -- Up-to-date: /home/fizzer/ros2_ws/install/vector/include/vector/srv/detail/vector_speak__type_support.h
[2.715s] -- Up-to-date: /home/fizzer/ros2_ws/install/vector/include/vector/srv/detail/vector_connect__functions.h
[2.715s] -- Up-to-date: /home/fizzer/ros2_ws/install/vector/include/vector/srv/detail/vector_connect__struct.h
[2.715s] -- Up-to-date: /home/fizzer/ros2_ws/install/vector/include/vector/srv/detail/vector_connect__functions.c
[2.715s] -- Up-to-date: /home/fizzer/ros2_ws/install/vector/include/vector/srv/detail/vector_speak__struct.h
[2.715s] -- Up-to-date: /home/fizzer/ros2_ws/install/vector/include/vector/srv/detail/vector_speak__functions.c
[2.715s] -- Up-to-date: /home/fizzer/ros2_ws/install/vector/include/vector/srv/detail/vector_connect__type_support.h
[2.715s] -- Up-to-date: /home/fizzer/ros2_ws/install/vector/include/vector/srv/vector_speak.h
[2.715s] -- Up-to-date: /home/fizzer/ros2_ws/install/vector/include/vector/srv/vector_connect.h
[2.716s] -- Up-to-date: /home/fizzer/ros2_ws/install/vector/include/vector/msg
[2.716s] -- Up-to-date: /home/fizzer/ros2_ws/install/vector/include/vector/msg/rosidl_generator_c__visibility_control.h
[2.716s] -- Up-to-date: /home/fizzer/ros2_ws/install/vector/share/vector/environment/library_path.sh
[2.716s] -- Up-to-date: /home/fizzer/ros2_ws/install/vector/share/vector/environment/library_path.dsv
[2.738s] -- Up-to-date: /home/fizzer/ros2_ws/install/vector/lib/libvector__rosidl_generator_c.so
[2.738s] -- Up-to-date: /home/fizzer/ros2_ws/install/vector/include/vector
[2.738s] -- Up-to-date: /home/fizzer/ros2_ws/install/vector/include/vector/srv
[2.738s] -- Up-to-date: /home/fizzer/ros2_ws/install/vector/include/vector/srv/detail
[2.738s] -- Up-to-date: /home/fizzer/ros2_ws/install/vector/include/vector/srv/detail/vector_speak__rosidl_typesupport_fastrtps_c.h
[2.739s] -- Up-to-date: /home/fizzer/ros2_ws/install/vector/include/vector/srv/detail/vector_connect__rosidl_typesupport_fastrtps_c.h
[2.739s] -- Up-to-date: /home/fizzer/ros2_ws/install/vector/include/vector/msg
[2.739s] -- Up-to-date: /home/fizzer/ros2_ws/install/vector/include/vector/msg/rosidl_typesupport_fastrtps_c__visibility_control.h
[2.754s] -- Up-to-date: /home/fizzer/ros2_ws/install/vector/lib/libvector__rosidl_typesupport_fastrtps_c.so
[2.754s] -- Up-to-date: /home/fizzer/ros2_ws/install/vector/include/vector
[2.754s] -- Up-to-date: /home/fizzer/ros2_ws/install/vector/include/vector/srv
[2.755s] -- Up-to-date: /home/fizzer/ros2_ws/install/vector/include/vector/srv/detail
[2.755s] -- Up-to-date: /home/fizzer/ros2_ws/install/vector/include/vector/srv/detail/dds_fastrtps
[2.755s] -- Up-to-date: /home/fizzer/ros2_ws/install/vector/include/vector/srv/detail/vector_connect__rosidl_typesupport_fastrtps_cpp.hpp
[2.755s] -- Up-to-date: /home/fizzer/ros2_ws/install/vector/include/vector/srv/detail/vector_speak__rosidl_typesupport_fastrtps_cpp.hpp
[2.755s] -- Up-to-date: /home/fizzer/ros2_ws/install/vector/include/vector/msg
[2.755s] -- Up-to-date: /home/fizzer/ros2_ws/install/vector/include/vector/msg/rosidl_typesupport_fastrtps_cpp__visibility_control.h
[2.759s] -- Up-to-date: /home/fizzer/ros2_ws/install/vector/lib/libvector__rosidl_typesupport_fastrtps_cpp.so
[2.759s] -- Up-to-date: /home/fizzer/ros2_ws/install/vector/include/vector
[2.760s] -- Up-to-date: /home/fizzer/ros2_ws/install/vector/include/vector/srv
[2.760s] -- Up-to-date: /home/fizzer/ros2_ws/install/vector/include/vector/srv/detail
[2.760s] -- Up-to-date: /home/fizzer/ros2_ws/install/vector/include/vector/srv/detail/vector_speak__type_support.c
[2.760s] -- Up-to-date: /home/fizzer/ros2_ws/install/vector/include/vector/srv/detail/vector_connect__type_support.c
[2.761s] -- Up-to-date: /home/fizzer/ros2_ws/install/vector/include/vector/srv/detail/vector_speak__rosidl_typesupport_introspection_c.h
[2.761s] -- Up-to-date: /home/fizzer/ros2_ws/install/vector/include/vector/srv/detail/vector_connect__rosidl_typesupport_introspection_c.h
[2.761s] -- Up-to-date: /home/fizzer/ros2_ws/install/vector/include/vector/msg
[2.761s] -- Up-to-date: /home/fizzer/ros2_ws/install/vector/include/vector/msg/rosidl_typesupport_introspection_c__visibility_control.h
[2.761s] -- Up-to-date: /home/fizzer/ros2_ws/install/vector/lib/libvector__rosidl_typesupport_introspection_c.so
[2.808s] -- Up-to-date: /home/fizzer/ros2_ws/install/vector/lib/libvector__rosidl_typesupport_c.so
[2.809s] -- Up-to-date: /home/fizzer/ros2_ws/install/vector/include/vector
[2.809s] -- Up-to-date: /home/fizzer/ros2_ws/install/vector/include/vector/srv
[2.809s] -- Up-to-date: /home/fizzer/ros2_ws/install/vector/include/vector/srv/detail
[2.810s] -- Up-to-date: /home/fizzer/ros2_ws/install/vector/include/vector/srv/detail/vector_connect__traits.hpp
[2.810s] -- Up-to-date: /home/fizzer/ros2_ws/install/vector/include/vector/srv/detail/vector_speak__traits.hpp
[2.810s] -- Up-to-date: /home/fizzer/ros2_ws/install/vector/include/vector/srv/detail/vector_connect__builder.hpp
[2.810s] -- Up-to-date: /home/fizzer/ros2_ws/install/vector/include/vector/srv/detail/vector_speak__builder.hpp
[2.810s] -- Up-to-date: /home/fizzer/ros2_ws/install/vector/include/vector/srv/detail/vector_speak__struct.hpp
[2.810s] -- Up-to-date: /home/fizzer/ros2_ws/install/vector/include/vector/srv/detail/vector_connect__struct.hpp
[2.811s] -- Up-to-date: /home/fizzer/ros2_ws/install/vector/include/vector/srv/vector_connect.hpp
[2.811s] -- Up-to-date: /home/fizzer/ros2_ws/install/vector/include/vector/srv/vector_speak.hpp
[2.811s] -- Up-to-date: /home/fizzer/ros2_ws/install/vector/include/vector
[2.811s] -- Up-to-date: /home/fizzer/ros2_ws/install/vector/include/vector/srv
[2.811s] -- Up-to-date: /home/fizzer/ros2_ws/install/vector/include/vector/srv/detail
[2.811s] -- Up-to-date: /home/fizzer/ros2_ws/install/vector/include/vector/srv/detail/vector_connect__rosidl_typesupport_introspection_cpp.hpp
[2.811s] -- Up-to-date: /home/fizzer/ros2_ws/install/vector/include/vector/srv/detail/vector_connect__type_support.cpp
[2.811s] -- Up-to-date: /home/fizzer/ros2_ws/install/vector/include/vector/srv/detail/vector_speak__rosidl_typesupport_introspection_cpp.hpp
[2.812s] -- Up-to-date: /home/fizzer/ros2_ws/install/vector/include/vector/srv/detail/vector_speak__type_support.cpp
[2.812s] -- Up-to-date: /home/fizzer/ros2_ws/install/vector/lib/libvector__rosidl_typesupport_introspection_cpp.so
[2.840s] -- Up-to-date: /home/fizzer/ros2_ws/install/vector/lib/libvector__rosidl_typesupport_cpp.so
[2.841s] -- Installing: /home/fizzer/ros2_ws/install/vector/lib/python3.8/site-packages/vector/__init__.py
[2.894s] Compiling '/home/fizzer/ros2_ws/install/vector/lib/python3.8/site-packages/vector/__init__.py'...
[2.902s] -- Up-to-date: /home/fizzer/ros2_ws/install/vector/lib/python3.8/site-packages/vector/srv
[2.903s] -- Up-to-date: /home/fizzer/ros2_ws/install/vector/lib/python3.8/site-packages/vector/srv/_vector_connect_s.c
[2.903s] -- Up-to-date: /home/fizzer/ros2_ws/install/vector/lib/python3.8/site-packages/vector/srv/_vector_connect.py
[2.903s] -- Up-to-date: /home/fizzer/ros2_ws/install/vector/lib/python3.8/site-packages/vector/srv/_vector_speak.py
[2.903s] -- Up-to-date: /home/fizzer/ros2_ws/install/vector/lib/python3.8/site-packages/vector/srv/__init__.py
[2.903s] -- Up-to-date: /home/fizzer/ros2_ws/install/vector/lib/python3.8/site-packages/vector/srv/_vector_speak_s.c
[2.998s] -- Up-to-date: /home/fizzer/ros2_ws/install/vector/lib/python3.8/site-packages/vector/vector_s__rosidl_typesupport_fastrtps_c.cpython-38-x86_64-linux-gnu.so
[2.999s] -- Up-to-date: /home/fizzer/ros2_ws/install/vector/lib/python3.8/site-packages/vector/vector_s__rosidl_typesupport_introspection_c.cpython-38-x86_64-linux-gnu.so
[3.001s] -- Up-to-date: /home/fizzer/ros2_ws/install/vector/lib/python3.8/site-packages/vector/vector_s__rosidl_typesupport_c.cpython-38-x86_64-linux-gnu.so
[3.001s] -- Up-to-date: /home/fizzer/ros2_ws/install/vector/lib/libvector__python.so
[3.025s] -- Up-to-date: /home/fizzer/ros2_ws/install/vector/share/vector/srv/VectorConnect.idl
[3.026s] -- Up-to-date: /home/fizzer/ros2_ws/install/vector/share/vector/srv/VectorSpeak.idl
[3.026s] -- Up-to-date: /home/fizzer/ros2_ws/install/vector/share/vector/srv/VectorConnect.srv
[3.026s] -- Up-to-date: /home/fizzer/ros2_ws/install/vector/share/vector/srv/VectorConnect_Request.msg
[3.026s] -- Up-to-date: /home/fizzer/ros2_ws/install/vector/share/vector/srv/VectorConnect_Response.msg
[3.026s] -- Up-to-date: /home/fizzer/ros2_ws/install/vector/share/vector/srv/VectorSpeak.srv
[3.026s] -- Up-to-date: /home/fizzer/ros2_ws/install/vector/share/vector/srv/VectorSpeak_Request.msg
[3.027s] -- Up-to-date: /home/fizzer/ros2_ws/install/vector/share/vector/srv/VectorSpeak_Response.msg
[3.027s] -- Up-to-date: /home/fizzer/ros2_ws/install/vector/share/ament_index/resource_index/package_run_dependencies/vector
[3.027s] -- Up-to-date: /home/fizzer/ros2_ws/install/vector/share/ament_index/resource_index/parent_prefix_path/vector
[3.027s] -- Up-to-date: /home/fizzer/ros2_ws/install/vector/share/vector/environment/ament_prefix_path.sh
[3.027s] -- Up-to-date: /home/fizzer/ros2_ws/install/vector/share/vector/environment/ament_prefix_path.dsv
[3.027s] -- Up-to-date: /home/fizzer/ros2_ws/install/vector/share/vector/environment/path.sh
[3.027s] -- Up-to-date: /home/fizzer/ros2_ws/install/vector/share/vector/environment/path.dsv
[3.027s] -- Up-to-date: /home/fizzer/ros2_ws/install/vector/share/vector/local_setup.bash
[3.027s] -- Up-to-date: /home/fizzer/ros2_ws/install/vector/share/vector/local_setup.sh
[3.028s] -- Up-to-date: /home/fizzer/ros2_ws/install/vector/share/vector/local_setup.zsh
[3.028s] -- Up-to-date: /home/fizzer/ros2_ws/install/vector/share/vector/local_setup.dsv
[3.028s] -- Installing: /home/fizzer/ros2_ws/install/vector/share/vector/package.dsv
[3.032s] -- Up-to-date: /home/fizzer/ros2_ws/install/vector/share/ament_index/resource_index/packages/vector
[3.047s] -- Up-to-date: /home/fizzer/ros2_ws/install/vector/share/vector/cmake/vector__rosidl_generator_cExport.cmake
[3.047s] -- Up-to-date: /home/fizzer/ros2_ws/install/vector/share/vector/cmake/vector__rosidl_generator_cExport-noconfig.cmake
[3.059s] -- Up-to-date: /home/fizzer/ros2_ws/install/vector/share/vector/cmake/vector__rosidl_typesupport_introspection_cExport.cmake
[3.059s] -- Up-to-date: /home/fizzer/ros2_ws/install/vector/share/vector/cmake/vector__rosidl_typesupport_introspection_cExport-noconfig.cmake
[3.069s] -- Up-to-date: /home/fizzer/ros2_ws/install/vector/share/vector/cmake/vector__rosidl_typesupport_cExport.cmake
[3.069s] -- Up-to-date: /home/fizzer/ros2_ws/install/vector/share/vector/cmake/vector__rosidl_typesupport_cExport-noconfig.cmake
[3.070s] -- Up-to-date: /home/fizzer/ros2_ws/install/vector/share/vector/cmake/vector__rosidl_generator_cppExport.cmake
[3.070s] -- Up-to-date: /home/fizzer/ros2_ws/install/vector/share/vector/cmake/vector__rosidl_typesupport_introspection_cppExport.cmake
[3.070s] -- Up-to-date: /home/fizzer/ros2_ws/install/vector/share/vector/cmake/vector__rosidl_typesupport_introspection_cppExport-noconfig.cmake
[3.071s] -- Up-to-date: /home/fizzer/ros2_ws/install/vector/share/vector/cmake/vector__rosidl_typesupport_cppExport.cmake
[3.071s] -- Up-to-date: /home/fizzer/ros2_ws/install/vector/share/vector/cmake/vector__rosidl_typesupport_cppExport-noconfig.cmake
[3.071s] -- Up-to-date: /home/fizzer/ros2_ws/install/vector/share/vector/cmake/rosidl_cmake-extras.cmake
[3.072s] -- Up-to-date: /home/fizzer/ros2_ws/install/vector/share/vector/cmake/ament_cmake_export_dependencies-extras.cmake
[3.072s] -- Up-to-date: /home/fizzer/ros2_ws/install/vector/share/vector/cmake/ament_cmake_export_libraries-extras.cmake
[3.072s] -- Up-to-date: /home/fizzer/ros2_ws/install/vector/share/vector/cmake/ament_cmake_export_targets-extras.cmake
[3.072s] -- Up-to-date: /home/fizzer/ros2_ws/install/vector/share/vector/cmake/ament_cmake_export_include_directories-extras.cmake
[3.072s] -- Up-to-date: /home/fizzer/ros2_ws/install/vector/share/vector/cmake/rosidl_cmake_export_typesupport_libraries-extras.cmake
[3.072s] -- Up-to-date: /home/fizzer/ros2_ws/install/vector/share/vector/cmake/rosidl_cmake_export_typesupport_targets-extras.cmake
[3.072s] -- Up-to-date: /home/fizzer/ros2_ws/install/vector/share/vector/cmake/vectorConfig.cmake
[3.072s] -- Up-to-date: /home/fizzer/ros2_ws/install/vector/share/vector/cmake/vectorConfig-version.cmake
[3.072s] -- Up-to-date: /home/fizzer/ros2_ws/install/vector/share/vector/package.xml
[3.084s] Invoked command in '/home/fizzer/ros2_ws/build/vector' returned '0': CMAKE_PREFIX_PATH=/opt/ros/foxy /usr/bin/cmake --install /home/fizzer/ros2_ws/build/vector
